CRITICAL - 2020-12-17 17:23:51 --> Undefined variable: allMySkills
#0 C:\xampp\htdocs\warhammer\app\Views\gui.php(2): CodeIgniter\Debug\Exceptions->errorHandler(8, 'Undefined varia...', 'C:\\xampp\\htdocs...', 2, Array)
#1 C:\xampp\htdocs\warhammer\vendor\codeigniter4\framework\system\View\View.php(246): include('C:\\xampp\\htdocs...')
#2 C:\xampp\htdocs\warhammer\vendor\codeigniter4\framework\system\Common.php(1119): CodeIgniter\View\View->render('gui', Array, true)
#3 C:\xampp\htdocs\warhammer\app\Controllers\Gui.php(25): view('gui', Array)
#4 C:\xampp\htdocs\warhammer\app\Controllers\Gui.php(15): App\Controllers\Gui->umzd()
#5 C:\xampp\htdocs\warhammer\vendor\codeigniter4\framework\system\CodeIgniter.php(918): App\Controllers\Gui->index()
#6 C:\xampp\htdocs\warhammer\vendor\codeigniter4\framework\system\CodeIgniter.php(404): CodeIgniter\CodeIgniter->runController(Object(App\Controllers\Gui))
#7 C:\xampp\htdocs\warhammer\vendor\codeigniter4\framework\system\CodeIgniter.php(312): CodeIgniter\CodeIgniter->handleRequest(NULL, Object(Config\Cache), false)
#8 C:\xampp\htdocs\warhammer\public\index.php(45): CodeIgniter\CodeIgniter->run()
#9 {main}
CRITICAL - 2020-12-17 17:25:07 --> Undefined index: $allMyTalents
#0 C:\xampp\htdocs\warhammer\app\Controllers\Gui.php(24): CodeIgniter\Debug\Exceptions->errorHandler(8, 'Undefined index...', 'C:\\xampp\\htdocs...', 24, Array)
#1 C:\xampp\htdocs\warhammer\app\Controllers\Gui.php(15): App\Controllers\Gui->umzd()
#2 C:\xampp\htdocs\warhammer\vendor\codeigniter4\framework\system\CodeIgniter.php(918): App\Controllers\Gui->index()
#3 C:\xampp\htdocs\warhammer\vendor\codeigniter4\framework\system\CodeIgniter.php(404): CodeIgniter\CodeIgniter->runController(Object(App\Controllers\Gui))
#4 C:\xampp\htdocs\warhammer\vendor\codeigniter4\framework\system\CodeIgniter.php(312): CodeIgniter\CodeIgniter->handleRequest(NULL, Object(Config\Cache), false)
#5 C:\xampp\htdocs\warhammer\public\index.php(45): CodeIgniter\CodeIgniter->run()
#6 {main}
CRITICAL - 2020-12-17 17:25:16 --> Undefined index: $allMyTalents
#0 C:\xampp\htdocs\warhammer\app\Controllers\Gui.php(24): CodeIgniter\Debug\Exceptions->errorHandler(8, 'Undefined index...', 'C:\\xampp\\htdocs...', 24, Array)
#1 C:\xampp\htdocs\warhammer\app\Controllers\Gui.php(15): App\Controllers\Gui->umzd()
#2 C:\xampp\htdocs\warhammer\vendor\codeigniter4\framework\system\CodeIgniter.php(918): App\Controllers\Gui->index()
#3 C:\xampp\htdocs\warhammer\vendor\codeigniter4\framework\system\CodeIgniter.php(404): CodeIgniter\CodeIgniter->runController(Object(App\Controllers\Gui))
#4 C:\xampp\htdocs\warhammer\vendor\codeigniter4\framework\system\CodeIgniter.php(312): CodeIgniter\CodeIgniter->handleRequest(NULL, Object(Config\Cache), false)
#5 C:\xampp\htdocs\warhammer\public\index.php(45): CodeIgniter\CodeIgniter->run()
#6 {main}
CRITICAL - 2020-12-17 18:05:01 --> Undefined variable: b
#0 C:\xampp\htdocs\warhammer\app\Controllers\Chat.php(301): CodeIgniter\Debug\Exceptions->errorHandler(8, 'Undefined varia...', 'C:\\xampp\\htdocs...', 301, Array)
#1 C:\xampp\htdocs\warhammer\app\Controllers\Chat.php(278): App\Controllers\Chat->awansLoop(Array, Array, 'um', 1)
#2 C:\xampp\htdocs\warhammer\vendor\codeigniter4\framework\system\CodeIgniter.php(918): App\Controllers\Chat->ransom_pd()
#3 C:\xampp\htdocs\warhammer\vendor\codeigniter4\framework\system\CodeIgniter.php(404): CodeIgniter\CodeIgniter->runController(Object(App\Controllers\Chat))
#4 C:\xampp\htdocs\warhammer\vendor\codeigniter4\framework\system\CodeIgniter.php(312): CodeIgniter\CodeIgniter->handleRequest(NULL, Object(Config\Cache), false)
#5 C:\xampp\htdocs\warhammer\public\index.php(45): CodeIgniter\CodeIgniter->run()
#6 {main}
CRITICAL - 2020-12-17 18:05:38 --> Undefined variable: b
#0 C:\xampp\htdocs\warhammer\app\Controllers\Chat.php(301): CodeIgniter\Debug\Exceptions->errorHandler(8, 'Undefined varia...', 'C:\\xampp\\htdocs...', 301, Array)
#1 C:\xampp\htdocs\warhammer\app\Controllers\Chat.php(278): App\Controllers\Chat->awansLoop(Array, Array, 'um', 1)
#2 C:\xampp\htdocs\warhammer\vendor\codeigniter4\framework\system\CodeIgniter.php(918): App\Controllers\Chat->ransom_pd()
#3 C:\xampp\htdocs\warhammer\vendor\codeigniter4\framework\system\CodeIgniter.php(404): CodeIgniter\CodeIgniter->runController(Object(App\Controllers\Chat))
#4 C:\xampp\htdocs\warhammer\vendor\codeigniter4\framework\system\CodeIgniter.php(312): CodeIgniter\CodeIgniter->handleRequest(NULL, Object(Config\Cache), false)
#5 C:\xampp\htdocs\warhammer\public\index.php(45): CodeIgniter\CodeIgniter->run()
#6 {main}
CRITICAL - 2020-12-17 20:18:55 --> Undefined variable: outputTbl
#0 C:\xampp\htdocs\warhammer\app\Models\ChatsModel.php(379): CodeIgniter\Debug\Exceptions->errorHandler(8, 'Undefined varia...', 'C:\\xampp\\htdocs...', 379, Array)
#1 C:\xampp\htdocs\warhammer\app\Controllers\Chat.php(368): App\Models\ChatsModel->getInvBG()
#2 C:\xampp\htdocs\warhammer\vendor\codeigniter4\framework\system\CodeIgniter.php(918): App\Controllers\Chat->inventory()
#3 C:\xampp\htdocs\warhammer\vendor\codeigniter4\framework\system\CodeIgniter.php(404): CodeIgniter\CodeIgniter->runController(Object(App\Controllers\Chat))
#4 C:\xampp\htdocs\warhammer\vendor\codeigniter4\framework\system\CodeIgniter.php(312): CodeIgniter\CodeIgniter->handleRequest(NULL, Object(Config\Cache), false)
#5 C:\xampp\htdocs\warhammer\public\index.php(45): CodeIgniter\CodeIgniter->run()
#6 {main}
CRITICAL - 2020-12-17 20:18:55 --> Undefined variable: outputTbl
#0 C:\xampp\htdocs\warhammer\app\Models\ChatsModel.php(379): CodeIgniter\Debug\Exceptions->errorHandler(8, 'Undefined varia...', 'C:\\xampp\\htdocs...', 379, Array)
#1 C:\xampp\htdocs\warhammer\app\Controllers\Chat.php(368): App\Models\ChatsModel->getInvBG()
#2 C:\xampp\htdocs\warhammer\vendor\codeigniter4\framework\system\CodeIgniter.php(918): App\Controllers\Chat->inventory()
#3 C:\xampp\htdocs\warhammer\vendor\codeigniter4\framework\system\CodeIgniter.php(404): CodeIgniter\CodeIgniter->runController(Object(App\Controllers\Chat))
#4 C:\xampp\htdocs\warhammer\vendor\codeigniter4\framework\system\CodeIgniter.php(312): CodeIgniter\CodeIgniter->handleRequest(NULL, Object(Config\Cache), false)
#5 C:\xampp\htdocs\warhammer\public\index.php(45): CodeIgniter\CodeIgniter->run()
#6 {main}
CRITICAL - 2020-12-17 20:18:55 --> Undefined variable: outputTbl
#0 C:\xampp\htdocs\warhammer\app\Models\ChatsModel.php(379): CodeIgniter\Debug\Exceptions->errorHandler(8, 'Undefined varia...', 'C:\\xampp\\htdocs...', 379, Array)
#1 C:\xampp\htdocs\warhammer\app\Controllers\Chat.php(368): App\Models\ChatsModel->getInvBG()
#2 C:\xampp\htdocs\warhammer\vendor\codeigniter4\framework\system\CodeIgniter.php(918): App\Controllers\Chat->inventory()
#3 C:\xampp\htdocs\warhammer\vendor\codeigniter4\framework\system\CodeIgniter.php(404): CodeIgniter\CodeIgniter->runController(Object(App\Controllers\Chat))
#4 C:\xampp\htdocs\warhammer\vendor\codeigniter4\framework\system\CodeIgniter.php(312): CodeIgniter\CodeIgniter->handleRequest(NULL, Object(Config\Cache), false)
#5 C:\xampp\htdocs\warhammer\public\index.php(45): CodeIgniter\CodeIgniter->run()
#6 {main}
CRITICAL - 2020-12-17 20:18:55 --> Undefined variable: outputTbl
#0 C:\xampp\htdocs\warhammer\app\Models\ChatsModel.php(379): CodeIgniter\Debug\Exceptions->errorHandler(8, 'Undefined varia...', 'C:\\xampp\\htdocs...', 379, Array)
#1 C:\xampp\htdocs\warhammer\app\Controllers\Chat.php(368): App\Models\ChatsModel->getInvBG()
#2 C:\xampp\htdocs\warhammer\vendor\codeigniter4\framework\system\CodeIgniter.php(918): App\Controllers\Chat->inventory()
#3 C:\xampp\htdocs\warhammer\vendor\codeigniter4\framework\system\CodeIgniter.php(404): CodeIgniter\CodeIgniter->runController(Object(App\Controllers\Chat))
#4 C:\xampp\htdocs\warhammer\vendor\codeigniter4\framework\system\CodeIgniter.php(312): CodeIgniter\CodeIgniter->handleRequest(NULL, Object(Config\Cache), false)
#5 C:\xampp\htdocs\warhammer\public\index.php(45): CodeIgniter\CodeIgniter->run()
#6 {main}
CRITICAL - 2020-12-17 20:18:55 --> Undefined variable: outputTbl
#0 C:\xampp\htdocs\warhammer\app\Models\ChatsModel.php(379): CodeIgniter\Debug\Exceptions->errorHandler(8, 'Undefined varia...', 'C:\\xampp\\htdocs...', 379, Array)
#1 C:\xampp\htdocs\warhammer\app\Controllers\Chat.php(368): App\Models\ChatsModel->getInvBG()
#2 C:\xampp\htdocs\warhammer\vendor\codeigniter4\framework\system\CodeIgniter.php(918): App\Controllers\Chat->inventory()
#3 C:\xampp\htdocs\warhammer\vendor\codeigniter4\framework\system\CodeIgniter.php(404): CodeIgniter\CodeIgniter->runController(Object(App\Controllers\Chat))
#4 C:\xampp\htdocs\warhammer\vendor\codeigniter4\framework\system\CodeIgniter.php(312): CodeIgniter\CodeIgniter->handleRequest(NULL, Object(Config\Cache), false)
#5 C:\xampp\htdocs\warhammer\public\index.php(45): CodeIgniter\CodeIgniter->run()
#6 {main}
CRITICAL - 2020-12-17 20:18:55 --> Undefined variable: outputTbl
#0 C:\xampp\htdocs\warhammer\app\Models\ChatsModel.php(379): CodeIgniter\Debug\Exceptions->errorHandler(8, 'Undefined varia...', 'C:\\xampp\\htdocs...', 379, Array)
#1 C:\xampp\htdocs\warhammer\app\Controllers\Chat.php(368): App\Models\ChatsModel->getInvBG()
#2 C:\xampp\htdocs\warhammer\vendor\codeigniter4\framework\system\CodeIgniter.php(918): App\Controllers\Chat->inventory()
#3 C:\xampp\htdocs\warhammer\vendor\codeigniter4\framework\system\CodeIgniter.php(404): CodeIgniter\CodeIgniter->runController(Object(App\Controllers\Chat))
#4 C:\xampp\htdocs\warhammer\vendor\codeigniter4\framework\system\CodeIgniter.php(312): CodeIgniter\CodeIgniter->handleRequest(NULL, Object(Config\Cache), false)
#5 C:\xampp\htdocs\warhammer\public\index.php(45): CodeIgniter\CodeIgniter->run()
#6 {main}
CRITICAL - 2020-12-17 20:18:55 --> Undefined variable: outputTbl
#0 C:\xampp\htdocs\warhammer\app\Models\ChatsModel.php(379): CodeIgniter\Debug\Exceptions->errorHandler(8, 'Undefined varia...', 'C:\\xampp\\htdocs...', 379, Array)
#1 C:\xampp\htdocs\warhammer\app\Controllers\Chat.php(368): App\Models\ChatsModel->getInvBG()
#2 C:\xampp\htdocs\warhammer\vendor\codeigniter4\framework\system\CodeIgniter.php(918): App\Controllers\Chat->inventory()
#3 C:\xampp\htdocs\warhammer\vendor\codeigniter4\framework\system\CodeIgniter.php(404): CodeIgniter\CodeIgniter->runController(Object(App\Controllers\Chat))
#4 C:\xampp\htdocs\warhammer\vendor\codeigniter4\framework\system\CodeIgniter.php(312): CodeIgniter\CodeIgniter->handleRequest(NULL, Object(Config\Cache), false)
#5 C:\xampp\htdocs\warhammer\public\index.php(45): CodeIgniter\CodeIgniter->run()
#6 {main}
CRITICAL - 2020-12-17 20:18:55 --> Undefined variable: outputTbl
#0 C:\xampp\htdocs\warhammer\app\Models\ChatsModel.php(379): CodeIgniter\Debug\Exceptions->errorHandler(8, 'Undefined varia...', 'C:\\xampp\\htdocs...', 379, Array)
#1 C:\xampp\htdocs\warhammer\app\Controllers\Chat.php(368): App\Models\ChatsModel->getInvBG()
#2 C:\xampp\htdocs\warhammer\vendor\codeigniter4\framework\system\CodeIgniter.php(918): App\Controllers\Chat->inventory()
#3 C:\xampp\htdocs\warhammer\vendor\codeigniter4\framework\system\CodeIgniter.php(404): CodeIgniter\CodeIgniter->runController(Object(App\Controllers\Chat))
#4 C:\xampp\htdocs\warhammer\vendor\codeigniter4\framework\system\CodeIgniter.php(312): CodeIgniter\CodeIgniter->handleRequest(NULL, Object(Config\Cache), false)
#5 C:\xampp\htdocs\warhammer\public\index.php(45): CodeIgniter\CodeIgniter->run()
#6 {main}
CRITICAL - 2020-12-17 20:18:55 --> Undefined variable: outputTbl
#0 C:\xampp\htdocs\warhammer\app\Models\ChatsModel.php(379): CodeIgniter\Debug\Exceptions->errorHandler(8, 'Undefined varia...', 'C:\\xampp\\htdocs...', 379, Array)
#1 C:\xampp\htdocs\warhammer\app\Controllers\Chat.php(368): App\Models\ChatsModel->getInvBG()
#2 C:\xampp\htdocs\warhammer\vendor\codeigniter4\framework\system\CodeIgniter.php(918): App\Controllers\Chat->inventory()
#3 C:\xampp\htdocs\warhammer\vendor\codeigniter4\framework\system\CodeIgniter.php(404): CodeIgniter\CodeIgniter->runController(Object(App\Controllers\Chat))
#4 C:\xampp\htdocs\warhammer\vendor\codeigniter4\framework\system\CodeIgniter.php(312): CodeIgniter\CodeIgniter->handleRequest(NULL, Object(Config\Cache), false)
#5 C:\xampp\htdocs\warhammer\public\index.php(45): CodeIgniter\CodeIgniter->run()
#6 {main}
CRITICAL - 2020-12-17 20:18:55 --> Undefined variable: outputTbl
#0 C:\xampp\htdocs\warhammer\app\Models\ChatsModel.php(379): CodeIgniter\Debug\Exceptions->errorHandler(8, 'Undefined varia...', 'C:\\xampp\\htdocs...', 379, Array)
#1 C:\xampp\htdocs\warhammer\app\Controllers\Chat.php(368): App\Models\ChatsModel->getInvBG()
#2 C:\xampp\htdocs\warhammer\vendor\codeigniter4\framework\system\CodeIgniter.php(918): App\Controllers\Chat->inventory()
#3 C:\xampp\htdocs\warhammer\vendor\codeigniter4\framework\system\CodeIgniter.php(404): CodeIgniter\CodeIgniter->runController(Object(App\Controllers\Chat))
#4 C:\xampp\htdocs\warhammer\vendor\codeigniter4\framework\system\CodeIgniter.php(312): CodeIgniter\CodeIgniter->handleRequest(NULL, Object(Config\Cache), false)
#5 C:\xampp\htdocs\warhammer\public\index.php(45): CodeIgniter\CodeIgniter->run()
#6 {main}
CRITICAL - 2020-12-17 20:18:55 --> Undefined variable: outputTbl
#0 C:\xampp\htdocs\warhammer\app\Models\ChatsModel.php(379): CodeIgniter\Debug\Exceptions->errorHandler(8, 'Undefined varia...', 'C:\\xampp\\htdocs...', 379, Array)
#1 C:\xampp\htdocs\warhammer\app\Controllers\Chat.php(368): App\Models\ChatsModel->getInvBG()
#2 C:\xampp\htdocs\warhammer\vendor\codeigniter4\framework\system\CodeIgniter.php(918): App\Controllers\Chat->inventory()
#3 C:\xampp\htdocs\warhammer\vendor\codeigniter4\framework\system\CodeIgniter.php(404): CodeIgniter\CodeIgniter->runController(Object(App\Controllers\Chat))
#4 C:\xampp\htdocs\warhammer\vendor\codeigniter4\framework\system\CodeIgniter.php(312): CodeIgniter\CodeIgniter->handleRequest(NULL, Object(Config\Cache), false)
#5 C:\xampp\htdocs\warhammer\public\index.php(45): CodeIgniter\CodeIgniter->run()
#6 {main}
CRITICAL - 2020-12-17 20:18:55 --> Undefined variable: outputTbl
#0 C:\xampp\htdocs\warhammer\app\Models\ChatsModel.php(379): CodeIgniter\Debug\Exceptions->errorHandler(8, 'Undefined varia...', 'C:\\xampp\\htdocs...', 379, Array)
#1 C:\xampp\htdocs\warhammer\app\Controllers\Chat.php(368): App\Models\ChatsModel->getInvBG()
#2 C:\xampp\htdocs\warhammer\vendor\codeigniter4\framework\system\CodeIgniter.php(918): App\Controllers\Chat->inventory()
#3 C:\xampp\htdocs\warhammer\vendor\codeigniter4\framework\system\CodeIgniter.php(404): CodeIgniter\CodeIgniter->runController(Object(App\Controllers\Chat))
#4 C:\xampp\htdocs\warhammer\vendor\codeigniter4\framework\system\CodeIgniter.php(312): CodeIgniter\CodeIgniter->handleRequest(NULL, Object(Config\Cache), false)
#5 C:\xampp\htdocs\warhammer\public\index.php(45): CodeIgniter\CodeIgniter->run()
#6 {main}
CRITICAL - 2020-12-17 20:29:00 --> Undefined variable: outputTbl
#0 C:\xampp\htdocs\warhammer\app\Models\ChatsModel.php(379): CodeIgniter\Debug\Exceptions->errorHandler(8, 'Undefined varia...', 'C:\\xampp\\htdocs...', 379, Array)
#1 C:\xampp\htdocs\warhammer\app\Controllers\Chat.php(368): App\Models\ChatsModel->getInvBG()
#2 C:\xampp\htdocs\warhammer\vendor\codeigniter4\framework\system\CodeIgniter.php(918): App\Controllers\Chat->inventory()
#3 C:\xampp\htdocs\warhammer\vendor\codeigniter4\framework\system\CodeIgniter.php(404): CodeIgniter\CodeIgniter->runController(Object(App\Controllers\Chat))
#4 C:\xampp\htdocs\warhammer\vendor\codeigniter4\framework\system\CodeIgniter.php(312): CodeIgniter\CodeIgniter->handleRequest(NULL, Object(Config\Cache), false)
#5 C:\xampp\htdocs\warhammer\public\index.php(45): CodeIgniter\CodeIgniter->run()
#6 {main}
CRITICAL - 2020-12-17 20:29:00 --> Undefined variable: outputTbl
#0 C:\xampp\htdocs\warhammer\app\Models\ChatsModel.php(379): CodeIgniter\Debug\Exceptions->errorHandler(8, 'Undefined varia...', 'C:\\xampp\\htdocs...', 379, Array)
#1 C:\xampp\htdocs\warhammer\app\Controllers\Chat.php(368): App\Models\ChatsModel->getInvBG()
#2 C:\xampp\htdocs\warhammer\vendor\codeigniter4\framework\system\CodeIgniter.php(918): App\Controllers\Chat->inventory()
#3 C:\xampp\htdocs\warhammer\vendor\codeigniter4\framework\system\CodeIgniter.php(404): CodeIgniter\CodeIgniter->runController(Object(App\Controllers\Chat))
#4 C:\xampp\htdocs\warhammer\vendor\codeigniter4\framework\system\CodeIgniter.php(312): CodeIgniter\CodeIgniter->handleRequest(NULL, Object(Config\Cache), false)
#5 C:\xampp\htdocs\warhammer\public\index.php(45): CodeIgniter\CodeIgniter->run()
#6 {main}
CRITICAL - 2020-12-17 20:29:00 --> Undefined variable: outputTbl
#0 C:\xampp\htdocs\warhammer\app\Models\ChatsModel.php(379): CodeIgniter\Debug\Exceptions->errorHandler(8, 'Undefined varia...', 'C:\\xampp\\htdocs...', 379, Array)
#1 C:\xampp\htdocs\warhammer\app\Controllers\Chat.php(368): App\Models\ChatsModel->getInvBG()
#2 C:\xampp\htdocs\warhammer\vendor\codeigniter4\framework\system\CodeIgniter.php(918): App\Controllers\Chat->inventory()
#3 C:\xampp\htdocs\warhammer\vendor\codeigniter4\framework\system\CodeIgniter.php(404): CodeIgniter\CodeIgniter->runController(Object(App\Controllers\Chat))
#4 C:\xampp\htdocs\warhammer\vendor\codeigniter4\framework\system\CodeIgniter.php(312): CodeIgniter\CodeIgniter->handleRequest(NULL, Object(Config\Cache), false)
#5 C:\xampp\htdocs\warhammer\public\index.php(45): CodeIgniter\CodeIgniter->run()
#6 {main}
CRITICAL - 2020-12-17 20:29:00 --> Undefined variable: outputTbl
#0 C:\xampp\htdocs\warhammer\app\Models\ChatsModel.php(379): CodeIgniter\Debug\Exceptions->errorHandler(8, 'Undefined varia...', 'C:\\xampp\\htdocs...', 379, Array)
#1 C:\xampp\htdocs\warhammer\app\Controllers\Chat.php(368): App\Models\ChatsModel->getInvBG()
#2 C:\xampp\htdocs\warhammer\vendor\codeigniter4\framework\system\CodeIgniter.php(918): App\Controllers\Chat->inventory()
#3 C:\xampp\htdocs\warhammer\vendor\codeigniter4\framework\system\CodeIgniter.php(404): CodeIgniter\CodeIgniter->runController(Object(App\Controllers\Chat))
#4 C:\xampp\htdocs\warhammer\vendor\codeigniter4\framework\system\CodeIgniter.php(312): CodeIgniter\CodeIgniter->handleRequest(NULL, Object(Config\Cache), false)
#5 C:\xampp\htdocs\warhammer\public\index.php(45): CodeIgniter\CodeIgniter->run()
#6 {main}
CRITICAL - 2020-12-17 20:29:00 --> Undefined variable: outputTbl
#0 C:\xampp\htdocs\warhammer\app\Models\ChatsModel.php(379): CodeIgniter\Debug\Exceptions->errorHandler(8, 'Undefined varia...', 'C:\\xampp\\htdocs...', 379, Array)
#1 C:\xampp\htdocs\warhammer\app\Controllers\Chat.php(368): App\Models\ChatsModel->getInvBG()
#2 C:\xampp\htdocs\warhammer\vendor\codeigniter4\framework\system\CodeIgniter.php(918): App\Controllers\Chat->inventory()
#3 C:\xampp\htdocs\warhammer\vendor\codeigniter4\framework\system\CodeIgniter.php(404): CodeIgniter\CodeIgniter->runController(Object(App\Controllers\Chat))
#4 C:\xampp\htdocs\warhammer\vendor\codeigniter4\framework\system\CodeIgniter.php(312): CodeIgniter\CodeIgniter->handleRequest(NULL, Object(Config\Cache), false)
#5 C:\xampp\htdocs\warhammer\public\index.php(45): CodeIgniter\CodeIgniter->run()
#6 {main}
CRITICAL - 2020-12-17 20:29:00 --> Undefined variable: outputTbl
#0 C:\xampp\htdocs\warhammer\app\Models\ChatsModel.php(379): CodeIgniter\Debug\Exceptions->errorHandler(8, 'Undefined varia...', 'C:\\xampp\\htdocs...', 379, Array)
#1 C:\xampp\htdocs\warhammer\app\Controllers\Chat.php(368): App\Models\ChatsModel->getInvBG()
#2 C:\xampp\htdocs\warhammer\vendor\codeigniter4\framework\system\CodeIgniter.php(918): App\Controllers\Chat->inventory()
#3 C:\xampp\htdocs\warhammer\vendor\codeigniter4\framework\system\CodeIgniter.php(404): CodeIgniter\CodeIgniter->runController(Object(App\Controllers\Chat))
#4 C:\xampp\htdocs\warhammer\vendor\codeigniter4\framework\system\CodeIgniter.php(312): CodeIgniter\CodeIgniter->handleRequest(NULL, Object(Config\Cache), false)
#5 C:\xampp\htdocs\warhammer\public\index.php(45): CodeIgniter\CodeIgniter->run()
#6 {main}
CRITICAL - 2020-12-17 20:29:01 --> Undefined variable: outputTbl
#0 C:\xampp\htdocs\warhammer\app\Models\ChatsModel.php(379): CodeIgniter\Debug\Exceptions->errorHandler(8, 'Undefined varia...', 'C:\\xampp\\htdocs...', 379, Array)
#1 C:\xampp\htdocs\warhammer\app\Controllers\Chat.php(368): App\Models\ChatsModel->getInvBG()
#2 C:\xampp\htdocs\warhammer\vendor\codeigniter4\framework\system\CodeIgniter.php(918): App\Controllers\Chat->inventory()
#3 C:\xampp\htdocs\warhammer\vendor\codeigniter4\framework\system\CodeIgniter.php(404): CodeIgniter\CodeIgniter->runController(Object(App\Controllers\Chat))
#4 C:\xampp\htdocs\warhammer\vendor\codeigniter4\framework\system\CodeIgniter.php(312): CodeIgniter\CodeIgniter->handleRequest(NULL, Object(Config\Cache), false)
#5 C:\xampp\htdocs\warhammer\public\index.php(45): CodeIgniter\CodeIgniter->run()
#6 {main}
CRITICAL - 2020-12-17 20:29:01 --> Undefined variable: outputTbl
#0 C:\xampp\htdocs\warhammer\app\Models\ChatsModel.php(379): CodeIgniter\Debug\Exceptions->errorHandler(8, 'Undefined varia...', 'C:\\xampp\\htdocs...', 379, Array)
#1 C:\xampp\htdocs\warhammer\app\Controllers\Chat.php(368): App\Models\ChatsModel->getInvBG()
#2 C:\xampp\htdocs\warhammer\vendor\codeigniter4\framework\system\CodeIgniter.php(918): App\Controllers\Chat->inventory()
#3 C:\xampp\htdocs\warhammer\vendor\codeigniter4\framework\system\CodeIgniter.php(404): CodeIgniter\CodeIgniter->runController(Object(App\Controllers\Chat))
#4 C:\xampp\htdocs\warhammer\vendor\codeigniter4\framework\system\CodeIgniter.php(312): CodeIgniter\CodeIgniter->handleRequest(NULL, Object(Config\Cache), false)
#5 C:\xampp\htdocs\warhammer\public\index.php(45): CodeIgniter\CodeIgniter->run()
#6 {main}
CRITICAL - 2020-12-17 20:29:01 --> Undefined variable: outputTbl
#0 C:\xampp\htdocs\warhammer\app\Models\ChatsModel.php(379): CodeIgniter\Debug\Exceptions->errorHandler(8, 'Undefined varia...', 'C:\\xampp\\htdocs...', 379, Array)
#1 C:\xampp\htdocs\warhammer\app\Controllers\Chat.php(368): App\Models\ChatsModel->getInvBG()
#2 C:\xampp\htdocs\warhammer\vendor\codeigniter4\framework\system\CodeIgniter.php(918): App\Controllers\Chat->inventory()
#3 C:\xampp\htdocs\warhammer\vendor\codeigniter4\framework\system\CodeIgniter.php(404): CodeIgniter\CodeIgniter->runController(Object(App\Controllers\Chat))
#4 C:\xampp\htdocs\warhammer\vendor\codeigniter4\framework\system\CodeIgniter.php(312): CodeIgniter\CodeIgniter->handleRequest(NULL, Object(Config\Cache), false)
#5 C:\xampp\htdocs\warhammer\public\index.php(45): CodeIgniter\CodeIgniter->run()
#6 {main}
CRITICAL - 2020-12-17 20:29:01 --> Undefined variable: outputTbl
#0 C:\xampp\htdocs\warhammer\app\Models\ChatsModel.php(379): CodeIgniter\Debug\Exceptions->errorHandler(8, 'Undefined varia...', 'C:\\xampp\\htdocs...', 379, Array)
#1 C:\xampp\htdocs\warhammer\app\Controllers\Chat.php(368): App\Models\ChatsModel->getInvBG()
#2 C:\xampp\htdocs\warhammer\vendor\codeigniter4\framework\system\CodeIgniter.php(918): App\Controllers\Chat->inventory()
#3 C:\xampp\htdocs\warhammer\vendor\codeigniter4\framework\system\CodeIgniter.php(404): CodeIgniter\CodeIgniter->runController(Object(App\Controllers\Chat))
#4 C:\xampp\htdocs\warhammer\vendor\codeigniter4\framework\system\CodeIgniter.php(312): CodeIgniter\CodeIgniter->handleRequest(NULL, Object(Config\Cache), false)
#5 C:\xampp\htdocs\warhammer\public\index.php(45): CodeIgniter\CodeIgniter->run()
#6 {main}
CRITICAL - 2020-12-17 20:29:01 --> Undefined variable: outputTbl
#0 C:\xampp\htdocs\warhammer\app\Models\ChatsModel.php(379): CodeIgniter\Debug\Exceptions->errorHandler(8, 'Undefined varia...', 'C:\\xampp\\htdocs...', 379, Array)
#1 C:\xampp\htdocs\warhammer\app\Controllers\Chat.php(368): App\Models\ChatsModel->getInvBG()
#2 C:\xampp\htdocs\warhammer\vendor\codeigniter4\framework\system\CodeIgniter.php(918): App\Controllers\Chat->inventory()
#3 C:\xampp\htdocs\warhammer\vendor\codeigniter4\framework\system\CodeIgniter.php(404): CodeIgniter\CodeIgniter->runController(Object(App\Controllers\Chat))
#4 C:\xampp\htdocs\warhammer\vendor\codeigniter4\framework\system\CodeIgniter.php(312): CodeIgniter\CodeIgniter->handleRequest(NULL, Object(Config\Cache), false)
#5 C:\xampp\htdocs\warhammer\public\index.php(45): CodeIgniter\CodeIgniter->run()
#6 {main}
CRITICAL - 2020-12-17 20:29:01 --> Undefined variable: outputTbl
#0 C:\xampp\htdocs\warhammer\app\Models\ChatsModel.php(379): CodeIgniter\Debug\Exceptions->errorHandler(8, 'Undefined varia...', 'C:\\xampp\\htdocs...', 379, Array)
#1 C:\xampp\htdocs\warhammer\app\Controllers\Chat.php(368): App\Models\ChatsModel->getInvBG()
#2 C:\xampp\htdocs\warhammer\vendor\codeigniter4\framework\system\CodeIgniter.php(918): App\Controllers\Chat->inventory()
#3 C:\xampp\htdocs\warhammer\vendor\codeigniter4\framework\system\CodeIgniter.php(404): CodeIgniter\CodeIgniter->runController(Object(App\Controllers\Chat))
#4 C:\xampp\htdocs\warhammer\vendor\codeigniter4\framework\system\CodeIgniter.php(312): CodeIgniter\CodeIgniter->handleRequest(NULL, Object(Config\Cache), false)
#5 C:\xampp\htdocs\warhammer\public\index.php(45): CodeIgniter\CodeIgniter->run()
#6 {main}
CRITICAL - 2020-12-17 20:29:04 --> Undefined variable: outputTbl
#0 C:\xampp\htdocs\warhammer\app\Models\ChatsModel.php(379): CodeIgniter\Debug\Exceptions->errorHandler(8, 'Undefined varia...', 'C:\\xampp\\htdocs...', 379, Array)
#1 C:\xampp\htdocs\warhammer\app\Controllers\Chat.php(368): App\Models\ChatsModel->getInvBG()
#2 C:\xampp\htdocs\warhammer\vendor\codeigniter4\framework\system\CodeIgniter.php(918): App\Controllers\Chat->inventory()
#3 C:\xampp\htdocs\warhammer\vendor\codeigniter4\framework\system\CodeIgniter.php(404): CodeIgniter\CodeIgniter->runController(Object(App\Controllers\Chat))
#4 C:\xampp\htdocs\warhammer\vendor\codeigniter4\framework\system\CodeIgniter.php(312): CodeIgniter\CodeIgniter->handleRequest(NULL, Object(Config\Cache), false)
#5 C:\xampp\htdocs\warhammer\public\index.php(45): CodeIgniter\CodeIgniter->run()
#6 {main}
CRITICAL - 2020-12-17 20:29:04 --> Undefined variable: outputTbl
#0 C:\xampp\htdocs\warhammer\app\Models\ChatsModel.php(379): CodeIgniter\Debug\Exceptions->errorHandler(8, 'Undefined varia...', 'C:\\xampp\\htdocs...', 379, Array)
#1 C:\xampp\htdocs\warhammer\app\Controllers\Chat.php(368): App\Models\ChatsModel->getInvBG()
#2 C:\xampp\htdocs\warhammer\vendor\codeigniter4\framework\system\CodeIgniter.php(918): App\Controllers\Chat->inventory()
#3 C:\xampp\htdocs\warhammer\vendor\codeigniter4\framework\system\CodeIgniter.php(404): CodeIgniter\CodeIgniter->runController(Object(App\Controllers\Chat))
#4 C:\xampp\htdocs\warhammer\vendor\codeigniter4\framework\system\CodeIgniter.php(312): CodeIgniter\CodeIgniter->handleRequest(NULL, Object(Config\Cache), false)
#5 C:\xampp\htdocs\warhammer\public\index.php(45): CodeIgniter\CodeIgniter->run()
#6 {main}
CRITICAL - 2020-12-17 20:29:04 --> Undefined variable: outputTbl
#0 C:\xampp\htdocs\warhammer\app\Models\ChatsModel.php(379): CodeIgniter\Debug\Exceptions->errorHandler(8, 'Undefined varia...', 'C:\\xampp\\htdocs...', 379, Array)
#1 C:\xampp\htdocs\warhammer\app\Controllers\Chat.php(368): App\Models\ChatsModel->getInvBG()
#2 C:\xampp\htdocs\warhammer\vendor\codeigniter4\framework\system\CodeIgniter.php(918): App\Controllers\Chat->inventory()
#3 C:\xampp\htdocs\warhammer\vendor\codeigniter4\framework\system\CodeIgniter.php(404): CodeIgniter\CodeIgniter->runController(Object(App\Controllers\Chat))
#4 C:\xampp\htdocs\warhammer\vendor\codeigniter4\framework\system\CodeIgniter.php(312): CodeIgniter\CodeIgniter->handleRequest(NULL, Object(Config\Cache), false)
#5 C:\xampp\htdocs\warhammer\public\index.php(45): CodeIgniter\CodeIgniter->run()
#6 {main}
CRITICAL - 2020-12-17 20:29:04 --> Undefined variable: outputTbl
#0 C:\xampp\htdocs\warhammer\app\Models\ChatsModel.php(379): CodeIgniter\Debug\Exceptions->errorHandler(8, 'Undefined varia...', 'C:\\xampp\\htdocs...', 379, Array)
#1 C:\xampp\htdocs\warhammer\app\Controllers\Chat.php(368): App\Models\ChatsModel->getInvBG()
#2 C:\xampp\htdocs\warhammer\vendor\codeigniter4\framework\system\CodeIgniter.php(918): App\Controllers\Chat->inventory()
#3 C:\xampp\htdocs\warhammer\vendor\codeigniter4\framework\system\CodeIgniter.php(404): CodeIgniter\CodeIgniter->runController(Object(App\Controllers\Chat))
#4 C:\xampp\htdocs\warhammer\vendor\codeigniter4\framework\system\CodeIgniter.php(312): CodeIgniter\CodeIgniter->handleRequest(NULL, Object(Config\Cache), false)
#5 C:\xampp\htdocs\warhammer\public\index.php(45): CodeIgniter\CodeIgniter->run()
#6 {main}
CRITICAL - 2020-12-17 20:29:04 --> Undefined variable: outputTbl
#0 C:\xampp\htdocs\warhammer\app\Models\ChatsModel.php(379): CodeIgniter\Debug\Exceptions->errorHandler(8, 'Undefined varia...', 'C:\\xampp\\htdocs...', 379, Array)
#1 C:\xampp\htdocs\warhammer\app\Controllers\Chat.php(368): App\Models\ChatsModel->getInvBG()
#2 C:\xampp\htdocs\warhammer\vendor\codeigniter4\framework\system\CodeIgniter.php(918): App\Controllers\Chat->inventory()
#3 C:\xampp\htdocs\warhammer\vendor\codeigniter4\framework\system\CodeIgniter.php(404): CodeIgniter\CodeIgniter->runController(Object(App\Controllers\Chat))
#4 C:\xampp\htdocs\warhammer\vendor\codeigniter4\framework\system\CodeIgniter.php(312): CodeIgniter\CodeIgniter->handleRequest(NULL, Object(Config\Cache), false)
#5 C:\xampp\htdocs\warhammer\public\index.php(45): CodeIgniter\CodeIgniter->run()
#6 {main}
CRITICAL - 2020-12-17 20:29:04 --> Undefined variable: outputTbl
#0 C:\xampp\htdocs\warhammer\app\Models\ChatsModel.php(379): CodeIgniter\Debug\Exceptions->errorHandler(8, 'Undefined varia...', 'C:\\xampp\\htdocs...', 379, Array)
#1 C:\xampp\htdocs\warhammer\app\Controllers\Chat.php(368): App\Models\ChatsModel->getInvBG()
#2 C:\xampp\htdocs\warhammer\vendor\codeigniter4\framework\system\CodeIgniter.php(918): App\Controllers\Chat->inventory()
#3 C:\xampp\htdocs\warhammer\vendor\codeigniter4\framework\system\CodeIgniter.php(404): CodeIgniter\CodeIgniter->runController(Object(App\Controllers\Chat))
#4 C:\xampp\htdocs\warhammer\vendor\codeigniter4\framework\system\CodeIgniter.php(312): CodeIgniter\CodeIgniter->handleRequest(NULL, Object(Config\Cache), false)
#5 C:\xampp\htdocs\warhammer\public\index.php(45): CodeIgniter\CodeIgniter->run()
#6 {main}
CRITICAL - 2020-12-17 20:29:07 --> Undefined variable: outputTbl
#0 C:\xampp\htdocs\warhammer\app\Models\ChatsModel.php(379): CodeIgniter\Debug\Exceptions->errorHandler(8, 'Undefined varia...', 'C:\\xampp\\htdocs...', 379, Array)
#1 C:\xampp\htdocs\warhammer\app\Controllers\Chat.php(368): App\Models\ChatsModel->getInvBG()
#2 C:\xampp\htdocs\warhammer\vendor\codeigniter4\framework\system\CodeIgniter.php(918): App\Controllers\Chat->inventory()
#3 C:\xampp\htdocs\warhammer\vendor\codeigniter4\framework\system\CodeIgniter.php(404): CodeIgniter\CodeIgniter->runController(Object(App\Controllers\Chat))
#4 C:\xampp\htdocs\warhammer\vendor\codeigniter4\framework\system\CodeIgniter.php(312): CodeIgniter\CodeIgniter->handleRequest(NULL, Object(Config\Cache), false)
#5 C:\xampp\htdocs\warhammer\public\index.php(45): CodeIgniter\CodeIgniter->run()
#6 {main}
CRITICAL - 2020-12-17 20:29:07 --> Undefined variable: outputTbl
#0 C:\xampp\htdocs\warhammer\app\Models\ChatsModel.php(379): CodeIgniter\Debug\Exceptions->errorHandler(8, 'Undefined varia...', 'C:\\xampp\\htdocs...', 379, Array)
#1 C:\xampp\htdocs\warhammer\app\Controllers\Chat.php(368): App\Models\ChatsModel->getInvBG()
#2 C:\xampp\htdocs\warhammer\vendor\codeigniter4\framework\system\CodeIgniter.php(918): App\Controllers\Chat->inventory()
#3 C:\xampp\htdocs\warhammer\vendor\codeigniter4\framework\system\CodeIgniter.php(404): CodeIgniter\CodeIgniter->runController(Object(App\Controllers\Chat))
#4 C:\xampp\htdocs\warhammer\vendor\codeigniter4\framework\system\CodeIgniter.php(312): CodeIgniter\CodeIgniter->handleRequest(NULL, Object(Config\Cache), false)
#5 C:\xampp\htdocs\warhammer\public\index.php(45): CodeIgniter\CodeIgniter->run()
#6 {main}
CRITICAL - 2020-12-17 20:29:07 --> Undefined variable: outputTbl
#0 C:\xampp\htdocs\warhammer\app\Models\ChatsModel.php(379): CodeIgniter\Debug\Exceptions->errorHandler(8, 'Undefined varia...', 'C:\\xampp\\htdocs...', 379, Array)
#1 C:\xampp\htdocs\warhammer\app\Controllers\Chat.php(368): App\Models\ChatsModel->getInvBG()
#2 C:\xampp\htdocs\warhammer\vendor\codeigniter4\framework\system\CodeIgniter.php(918): App\Controllers\Chat->inventory()
#3 C:\xampp\htdocs\warhammer\vendor\codeigniter4\framework\system\CodeIgniter.php(404): CodeIgniter\CodeIgniter->runController(Object(App\Controllers\Chat))
#4 C:\xampp\htdocs\warhammer\vendor\codeigniter4\framework\system\CodeIgniter.php(312): CodeIgniter\CodeIgniter->handleRequest(NULL, Object(Config\Cache), false)
#5 C:\xampp\htdocs\warhammer\public\index.php(45): CodeIgniter\CodeIgniter->run()
#6 {main}
CRITICAL - 2020-12-17 20:29:07 --> Undefined variable: outputTbl
#0 C:\xampp\htdocs\warhammer\app\Models\ChatsModel.php(379): CodeIgniter\Debug\Exceptions->errorHandler(8, 'Undefined varia...', 'C:\\xampp\\htdocs...', 379, Array)
#1 C:\xampp\htdocs\warhammer\app\Controllers\Chat.php(368): App\Models\ChatsModel->getInvBG()
#2 C:\xampp\htdocs\warhammer\vendor\codeigniter4\framework\system\CodeIgniter.php(918): App\Controllers\Chat->inventory()
#3 C:\xampp\htdocs\warhammer\vendor\codeigniter4\framework\system\CodeIgniter.php(404): CodeIgniter\CodeIgniter->runController(Object(App\Controllers\Chat))
#4 C:\xampp\htdocs\warhammer\vendor\codeigniter4\framework\system\CodeIgniter.php(312): CodeIgniter\CodeIgniter->handleRequest(NULL, Object(Config\Cache), false)
#5 C:\xampp\htdocs\warhammer\public\index.php(45): CodeIgniter\CodeIgniter->run()
#6 {main}
CRITICAL - 2020-12-17 20:29:07 --> Undefined variable: outputTbl
#0 C:\xampp\htdocs\warhammer\app\Models\ChatsModel.php(379): CodeIgniter\Debug\Exceptions->errorHandler(8, 'Undefined varia...', 'C:\\xampp\\htdocs...', 379, Array)
#1 C:\xampp\htdocs\warhammer\app\Controllers\Chat.php(368): App\Models\ChatsModel->getInvBG()
#2 C:\xampp\htdocs\warhammer\vendor\codeigniter4\framework\system\CodeIgniter.php(918): App\Controllers\Chat->inventory()
#3 C:\xampp\htdocs\warhammer\vendor\codeigniter4\framework\system\CodeIgniter.php(404): CodeIgniter\CodeIgniter->runController(Object(App\Controllers\Chat))
#4 C:\xampp\htdocs\warhammer\vendor\codeigniter4\framework\system\CodeIgniter.php(312): CodeIgniter\CodeIgniter->handleRequest(NULL, Object(Config\Cache), false)
#5 C:\xampp\htdocs\warhammer\public\index.php(45): CodeIgniter\CodeIgniter->run()
#6 {main}
CRITICAL - 2020-12-17 20:29:07 --> Undefined variable: outputTbl
#0 C:\xampp\htdocs\warhammer\app\Models\ChatsModel.php(379): CodeIgniter\Debug\Exceptions->errorHandler(8, 'Undefined varia...', 'C:\\xampp\\htdocs...', 379, Array)
#1 C:\xampp\htdocs\warhammer\app\Controllers\Chat.php(368): App\Models\ChatsModel->getInvBG()
#2 C:\xampp\htdocs\warhammer\vendor\codeigniter4\framework\system\CodeIgniter.php(918): App\Controllers\Chat->inventory()
#3 C:\xampp\htdocs\warhammer\vendor\codeigniter4\framework\system\CodeIgniter.php(404): CodeIgniter\CodeIgniter->runController(Object(App\Controllers\Chat))
#4 C:\xampp\htdocs\warhammer\vendor\codeigniter4\framework\system\CodeIgniter.php(312): CodeIgniter\CodeIgniter->handleRequest(NULL, Object(Config\Cache), false)
#5 C:\xampp\htdocs\warhammer\public\index.php(45): CodeIgniter\CodeIgniter->run()
#6 {main}
CRITICAL - 2020-12-17 20:29:07 --> Undefined variable: outputTbl
#0 C:\xampp\htdocs\warhammer\app\Models\ChatsModel.php(379): CodeIgniter\Debug\Exceptions->errorHandler(8, 'Undefined varia...', 'C:\\xampp\\htdocs...', 379, Array)
#1 C:\xampp\htdocs\warhammer\app\Controllers\Chat.php(368): App\Models\ChatsModel->getInvBG()
#2 C:\xampp\htdocs\warhammer\vendor\codeigniter4\framework\system\CodeIgniter.php(918): App\Controllers\Chat->inventory()
#3 C:\xampp\htdocs\warhammer\vendor\codeigniter4\framework\system\CodeIgniter.php(404): CodeIgniter\CodeIgniter->runController(Object(App\Controllers\Chat))
#4 C:\xampp\htdocs\warhammer\vendor\codeigniter4\framework\system\CodeIgniter.php(312): CodeIgniter\CodeIgniter->handleRequest(NULL, Object(Config\Cache), false)
#5 C:\xampp\htdocs\warhammer\public\index.php(45): CodeIgniter\CodeIgniter->run()
#6 {main}
CRITICAL - 2020-12-17 20:29:07 --> Undefined variable: outputTbl
#0 C:\xampp\htdocs\warhammer\app\Models\ChatsModel.php(379): CodeIgniter\Debug\Exceptions->errorHandler(8, 'Undefined varia...', 'C:\\xampp\\htdocs...', 379, Array)
#1 C:\xampp\htdocs\warhammer\app\Controllers\Chat.php(368): App\Models\ChatsModel->getInvBG()
#2 C:\xampp\htdocs\warhammer\vendor\codeigniter4\framework\system\CodeIgniter.php(918): App\Controllers\Chat->inventory()
#3 C:\xampp\htdocs\warhammer\vendor\codeigniter4\framework\system\CodeIgniter.php(404): CodeIgniter\CodeIgniter->runController(Object(App\Controllers\Chat))
#4 C:\xampp\htdocs\warhammer\vendor\codeigniter4\framework\system\CodeIgniter.php(312): CodeIgniter\CodeIgniter->handleRequest(NULL, Object(Config\Cache), false)
#5 C:\xampp\htdocs\warhammer\public\index.php(45): CodeIgniter\CodeIgniter->run()
#6 {main}
CRITICAL - 2020-12-17 20:29:07 --> Undefined variable: outputTbl
#0 C:\xampp\htdocs\warhammer\app\Models\ChatsModel.php(379): CodeIgniter\Debug\Exceptions->errorHandler(8, 'Undefined varia...', 'C:\\xampp\\htdocs...', 379, Array)
#1 C:\xampp\htdocs\warhammer\app\Controllers\Chat.php(368): App\Models\ChatsModel->getInvBG()
#2 C:\xampp\htdocs\warhammer\vendor\codeigniter4\framework\system\CodeIgniter.php(918): App\Controllers\Chat->inventory()
#3 C:\xampp\htdocs\warhammer\vendor\codeigniter4\framework\system\CodeIgniter.php(404): CodeIgniter\CodeIgniter->runController(Object(App\Controllers\Chat))
#4 C:\xampp\htdocs\warhammer\vendor\codeigniter4\framework\system\CodeIgniter.php(312): CodeIgniter\CodeIgniter->handleRequest(NULL, Object(Config\Cache), false)
#5 C:\xampp\htdocs\warhammer\public\index.php(45): CodeIgniter\CodeIgniter->run()
#6 {main}
CRITICAL - 2020-12-17 20:29:07 --> Undefined variable: outputTbl
#0 C:\xampp\htdocs\warhammer\app\Models\ChatsModel.php(379): CodeIgniter\Debug\Exceptions->errorHandler(8, 'Undefined varia...', 'C:\\xampp\\htdocs...', 379, Array)
#1 C:\xampp\htdocs\warhammer\app\Controllers\Chat.php(368): App\Models\ChatsModel->getInvBG()
#2 C:\xampp\htdocs\warhammer\vendor\codeigniter4\framework\system\CodeIgniter.php(918): App\Controllers\Chat->inventory()
#3 C:\xampp\htdocs\warhammer\vendor\codeigniter4\framework\system\CodeIgniter.php(404): CodeIgniter\CodeIgniter->runController(Object(App\Controllers\Chat))
#4 C:\xampp\htdocs\warhammer\vendor\codeigniter4\framework\system\CodeIgniter.php(312): CodeIgniter\CodeIgniter->handleRequest(NULL, Object(Config\Cache), false)
#5 C:\xampp\htdocs\warhammer\public\index.php(45): CodeIgniter\CodeIgniter->run()
#6 {main}
CRITICAL - 2020-12-17 20:29:07 --> Undefined variable: outputTbl
#0 C:\xampp\htdocs\warhammer\app\Models\ChatsModel.php(379): CodeIgniter\Debug\Exceptions->errorHandler(8, 'Undefined varia...', 'C:\\xampp\\htdocs...', 379, Array)
#1 C:\xampp\htdocs\warhammer\app\Controllers\Chat.php(368): App\Models\ChatsModel->getInvBG()
#2 C:\xampp\htdocs\warhammer\vendor\codeigniter4\framework\system\CodeIgniter.php(918): App\Controllers\Chat->inventory()
#3 C:\xampp\htdocs\warhammer\vendor\codeigniter4\framework\system\CodeIgniter.php(404): CodeIgniter\CodeIgniter->runController(Object(App\Controllers\Chat))
#4 C:\xampp\htdocs\warhammer\vendor\codeigniter4\framework\system\CodeIgniter.php(312): CodeIgniter\CodeIgniter->handleRequest(NULL, Object(Config\Cache), false)
#5 C:\xampp\htdocs\warhammer\public\index.php(45): CodeIgniter\CodeIgniter->run()
#6 {main}
CRITICAL - 2020-12-17 20:29:07 --> Undefined variable: outputTbl
#0 C:\xampp\htdocs\warhammer\app\Models\ChatsModel.php(379): CodeIgniter\Debug\Exceptions->errorHandler(8, 'Undefined varia...', 'C:\\xampp\\htdocs...', 379, Array)
#1 C:\xampp\htdocs\warhammer\app\Controllers\Chat.php(368): App\Models\ChatsModel->getInvBG()
#2 C:\xampp\htdocs\warhammer\vendor\codeigniter4\framework\system\CodeIgniter.php(918): App\Controllers\Chat->inventory()
#3 C:\xampp\htdocs\warhammer\vendor\codeigniter4\framework\system\CodeIgniter.php(404): CodeIgniter\CodeIgniter->runController(Object(App\Controllers\Chat))
#4 C:\xampp\htdocs\warhammer\vendor\codeigniter4\framework\system\CodeIgniter.php(312): CodeIgniter\CodeIgniter->handleRequest(NULL, Object(Config\Cache), false)
#5 C:\xampp\htdocs\warhammer\public\index.php(45): CodeIgniter\CodeIgniter->run()
#6 {main}
CRITICAL - 2020-12-17 20:29:18 --> Creating default object from empty value
#0 C:\xampp\htdocs\warhammer\app\Models\ChatsModel.php(281): CodeIgniter\Debug\Exceptions->errorHandler(2, 'Creating defaul...', 'C:\\xampp\\htdocs...', 281, Array)
#1 C:\xampp\htdocs\warhammer\app\Controllers\Chat.php(146): App\Models\ChatsModel->getHP()
#2 C:\xampp\htdocs\warhammer\vendor\codeigniter4\framework\system\CodeIgniter.php(918): App\Controllers\Chat->dialogBox()
#3 C:\xampp\htdocs\warhammer\vendor\codeigniter4\framework\system\CodeIgniter.php(404): CodeIgniter\CodeIgniter->runController(Object(App\Controllers\Chat))
#4 C:\xampp\htdocs\warhammer\vendor\codeigniter4\framework\system\CodeIgniter.php(312): CodeIgniter\CodeIgniter->handleRequest(NULL, Object(Config\Cache), false)
#5 C:\xampp\htdocs\warhammer\public\index.php(45): CodeIgniter\CodeIgniter->run()
#6 {main}
CRITICAL - 2020-12-17 20:29:19 --> Creating default object from empty value
#0 C:\xampp\htdocs\warhammer\app\Models\ChatsModel.php(281): CodeIgniter\Debug\Exceptions->errorHandler(2, 'Creating defaul...', 'C:\\xampp\\htdocs...', 281, Array)
#1 C:\xampp\htdocs\warhammer\app\Controllers\Chat.php(146): App\Models\ChatsModel->getHP()
#2 C:\xampp\htdocs\warhammer\vendor\codeigniter4\framework\system\CodeIgniter.php(918): App\Controllers\Chat->dialogBox()
#3 C:\xampp\htdocs\warhammer\vendor\codeigniter4\framework\system\CodeIgniter.php(404): CodeIgniter\CodeIgniter->runController(Object(App\Controllers\Chat))
#4 C:\xampp\htdocs\warhammer\vendor\codeigniter4\framework\system\CodeIgniter.php(312): CodeIgniter\CodeIgniter->handleRequest(NULL, Object(Config\Cache), false)
#5 C:\xampp\htdocs\warhammer\public\index.php(45): CodeIgniter\CodeIgniter->run()
#6 {main}
CRITICAL - 2020-12-17 20:29:20 --> Creating default object from empty value
#0 C:\xampp\htdocs\warhammer\app\Models\ChatsModel.php(281): CodeIgniter\Debug\Exceptions->errorHandler(2, 'Creating defaul...', 'C:\\xampp\\htdocs...', 281, Array)
#1 C:\xampp\htdocs\warhammer\app\Controllers\Chat.php(146): App\Models\ChatsModel->getHP()
#2 C:\xampp\htdocs\warhammer\vendor\codeigniter4\framework\system\CodeIgniter.php(918): App\Controllers\Chat->dialogBox()
#3 C:\xampp\htdocs\warhammer\vendor\codeigniter4\framework\system\CodeIgniter.php(404): CodeIgniter\CodeIgniter->runController(Object(App\Controllers\Chat))
#4 C:\xampp\htdocs\warhammer\vendor\codeigniter4\framework\system\CodeIgniter.php(312): CodeIgniter\CodeIgniter->handleRequest(NULL, Object(Config\Cache), false)
#5 C:\xampp\htdocs\warhammer\public\index.php(45): CodeIgniter\CodeIgniter->run()
#6 {main}
CRITICAL - 2020-12-17 23:14:11 --> Cannot use object of type stdClass as array
#0 C:\xampp\htdocs\warhammer\vendor\codeigniter4\framework\system\CodeIgniter.php(918): App\Controllers\Chat->gain_pd()
#1 C:\xampp\htdocs\warhammer\vendor\codeigniter4\framework\system\CodeIgniter.php(404): CodeIgniter\CodeIgniter->runController(Object(App\Controllers\Chat))
#2 C:\xampp\htdocs\warhammer\vendor\codeigniter4\framework\system\CodeIgniter.php(312): CodeIgniter\CodeIgniter->handleRequest(NULL, Object(Config\Cache), false)
#3 C:\xampp\htdocs\warhammer\public\index.php(45): CodeIgniter\CodeIgniter->run()
#4 {main}
CRITICAL - 2020-12-17 23:15:25 --> Cannot use object of type stdClass as array
#0 C:\xampp\htdocs\warhammer\vendor\codeigniter4\framework\system\CodeIgniter.php(918): App\Controllers\Chat->gain_pd()
#1 C:\xampp\htdocs\warhammer\vendor\codeigniter4\framework\system\CodeIgniter.php(404): CodeIgniter\CodeIgniter->runController(Object(App\Controllers\Chat))
#2 C:\xampp\htdocs\warhammer\vendor\codeigniter4\framework\system\CodeIgniter.php(312): CodeIgniter\CodeIgniter->handleRequest(NULL, Object(Config\Cache), false)
#3 C:\xampp\htdocs\warhammer\public\index.php(45): CodeIgniter\CodeIgniter->run()
#4 {main}
