CRITICAL - 2020-10-10 17:20:04 --> Object of class stdClass could not be converted to string
#0 C:\xampp\htdocs\warhammer\app\Controllers\Chat.php(105): CodeIgniter\Debug\Exceptions->errorHandler(4096, 'Object of class...', 'C:\\xampp\\htdocs...', 105, Array)
#1 C:\xampp\htdocs\warhammer\vendor\codeigniter4\framework\system\CodeIgniter.php(918): App\Controllers\Chat->update_diary()
#2 C:\xampp\htdocs\warhammer\vendor\codeigniter4\framework\system\CodeIgniter.php(404): CodeIgniter\CodeIgniter->runController(Object(App\Controllers\Chat))
#3 C:\xampp\htdocs\warhammer\vendor\codeigniter4\framework\system\CodeIgniter.php(312): CodeIgniter\CodeIgniter->handleRequest(NULL, Object(Config\Cache), false)
#4 C:\xampp\htdocs\warhammer\public\index.php(45): CodeIgniter\CodeIgniter->run()
#5 {main}
CRITICAL - 2020-10-10 17:20:07 --> Object of class stdClass could not be converted to string
#0 C:\xampp\htdocs\warhammer\app\Controllers\Chat.php(105): CodeIgniter\Debug\Exceptions->errorHandler(4096, 'Object of class...', 'C:\\xampp\\htdocs...', 105, Array)
#1 C:\xampp\htdocs\warhammer\vendor\codeigniter4\framework\system\CodeIgniter.php(918): App\Controllers\Chat->update_diary()
#2 C:\xampp\htdocs\warhammer\vendor\codeigniter4\framework\system\CodeIgniter.php(404): CodeIgniter\CodeIgniter->runController(Object(App\Controllers\Chat))
#3 C:\xampp\htdocs\warhammer\vendor\codeigniter4\framework\system\CodeIgniter.php(312): CodeIgniter\CodeIgniter->handleRequest(NULL, Object(Config\Cache), false)
#4 C:\xampp\htdocs\warhammer\public\index.php(45): CodeIgniter\CodeIgniter->run()
#5 {main}
CRITICAL - 2020-10-10 17:59:09 --> You have an error in your SQL syntax; check the manual that corresponds to your MariaDB server version for the right syntax to use near 'na L do świątyni Vereny na przeciwko dom Zygfryda
Klaus
Baron - sprawa Augusta' at line 2
#0 C:\xampp\htdocs\warhammer\vendor\codeigniter4\framework\system\Database\MySQLi\Connection.php(331): mysqli->query('UPDATE `w_dzien...')
#1 C:\xampp\htdocs\warhammer\vendor\codeigniter4\framework\system\Database\BaseConnection.php(741): CodeIgniter\Database\MySQLi\Connection->execute('UPDATE `w_dzien...')
#2 C:\xampp\htdocs\warhammer\vendor\codeigniter4\framework\system\Database\BaseConnection.php(669): CodeIgniter\Database\BaseConnection->simpleQuery('UPDATE `w_dzien...')
#3 C:\xampp\htdocs\warhammer\vendor\codeigniter4\framework\system\Database\BaseBuilder.php(2456): CodeIgniter\Database\BaseConnection->query('UPDATE `w_dzien...', Array, false)
#4 C:\xampp\htdocs\warhammer\app\Models\ChatsModel.php(366): CodeIgniter\Database\BaseBuilder->update()
#5 C:\xampp\htdocs\warhammer\app\Controllers\Chat.php(105): App\Models\ChatsModel->updateDiary('Kornelius\nna L ...')
#6 C:\xampp\htdocs\warhammer\vendor\codeigniter4\framework\system\CodeIgniter.php(918): App\Controllers\Chat->update_diary()
#7 C:\xampp\htdocs\warhammer\vendor\codeigniter4\framework\system\CodeIgniter.php(404): CodeIgniter\CodeIgniter->runController(Object(App\Controllers\Chat))
#8 C:\xampp\htdocs\warhammer\vendor\codeigniter4\framework\system\CodeIgniter.php(312): CodeIgniter\CodeIgniter->handleRequest(NULL, Object(Config\Cache), false)
#9 C:\xampp\htdocs\warhammer\public\index.php(45): CodeIgniter\CodeIgniter->run()
#10 {main}
CRITICAL - 2020-10-10 17:59:14 --> You have an error in your SQL syntax; check the manual that corresponds to your MariaDB server version for the right syntax to use near 'na L do świątyni Vereny na przeciwko dom Zygfryda
Klaus
Baron - sprawa Augusta' at line 2
#0 C:\xampp\htdocs\warhammer\vendor\codeigniter4\framework\system\Database\MySQLi\Connection.php(331): mysqli->query('UPDATE `w_dzien...')
#1 C:\xampp\htdocs\warhammer\vendor\codeigniter4\framework\system\Database\BaseConnection.php(741): CodeIgniter\Database\MySQLi\Connection->execute('UPDATE `w_dzien...')
#2 C:\xampp\htdocs\warhammer\vendor\codeigniter4\framework\system\Database\BaseConnection.php(669): CodeIgniter\Database\BaseConnection->simpleQuery('UPDATE `w_dzien...')
#3 C:\xampp\htdocs\warhammer\vendor\codeigniter4\framework\system\Database\BaseBuilder.php(2456): CodeIgniter\Database\BaseConnection->query('UPDATE `w_dzien...', Array, false)
#4 C:\xampp\htdocs\warhammer\app\Models\ChatsModel.php(366): CodeIgniter\Database\BaseBuilder->update()
#5 C:\xampp\htdocs\warhammer\app\Controllers\Chat.php(105): App\Models\ChatsModel->updateDiary('Kornelius\nna L ...')
#6 C:\xampp\htdocs\warhammer\vendor\codeigniter4\framework\system\CodeIgniter.php(918): App\Controllers\Chat->update_diary()
#7 C:\xampp\htdocs\warhammer\vendor\codeigniter4\framework\system\CodeIgniter.php(404): CodeIgniter\CodeIgniter->runController(Object(App\Controllers\Chat))
#8 C:\xampp\htdocs\warhammer\vendor\codeigniter4\framework\system\CodeIgniter.php(312): CodeIgniter\CodeIgniter->handleRequest(NULL, Object(Config\Cache), false)
#9 C:\xampp\htdocs\warhammer\public\index.php(45): CodeIgniter\CodeIgniter->run()
#10 {main}
CRITICAL - 2020-10-10 18:00:09 --> You have an error in your SQL syntax; check the manual that corresponds to your MariaDB server version for the right syntax to use near 'na L do świątyni Vereny na przeciwko dom Zygfryda
Klaus
Baron - sprawa Augusta' at line 2
#0 C:\xampp\htdocs\warhammer\vendor\codeigniter4\framework\system\Database\MySQLi\Connection.php(331): mysqli->query('UPDATE `w_dzien...')
#1 C:\xampp\htdocs\warhammer\vendor\codeigniter4\framework\system\Database\BaseConnection.php(741): CodeIgniter\Database\MySQLi\Connection->execute('UPDATE `w_dzien...')
#2 C:\xampp\htdocs\warhammer\vendor\codeigniter4\framework\system\Database\BaseConnection.php(669): CodeIgniter\Database\BaseConnection->simpleQuery('UPDATE `w_dzien...')
#3 C:\xampp\htdocs\warhammer\vendor\codeigniter4\framework\system\Database\BaseBuilder.php(2456): CodeIgniter\Database\BaseConnection->query('UPDATE `w_dzien...', Array, false)
#4 C:\xampp\htdocs\warhammer\app\Models\ChatsModel.php(366): CodeIgniter\Database\BaseBuilder->update()
#5 C:\xampp\htdocs\warhammer\app\Controllers\Chat.php(105): App\Models\ChatsModel->updateDiary('Kornelius\nna L ...')
#6 C:\xampp\htdocs\warhammer\vendor\codeigniter4\framework\system\CodeIgniter.php(918): App\Controllers\Chat->update_diary()
#7 C:\xampp\htdocs\warhammer\vendor\codeigniter4\framework\system\CodeIgniter.php(404): CodeIgniter\CodeIgniter->runController(Object(App\Controllers\Chat))
#8 C:\xampp\htdocs\warhammer\vendor\codeigniter4\framework\system\CodeIgniter.php(312): CodeIgniter\CodeIgniter->handleRequest(NULL, Object(Config\Cache), false)
#9 C:\xampp\htdocs\warhammer\public\index.php(45): CodeIgniter\CodeIgniter->run()
#10 {main}
CRITICAL - 2020-10-10 18:00:24 --> You have an error in your SQL syntax; check the manual that corresponds to your MariaDB server version for the right syntax to use near 'na L do świątyni Vereny na przeciwko dom Zygfryda
Klaus
Baron - sprawa Augusta' at line 2
#0 C:\xampp\htdocs\warhammer\vendor\codeigniter4\framework\system\Database\MySQLi\Connection.php(331): mysqli->query('UPDATE `w_dzien...')
#1 C:\xampp\htdocs\warhammer\vendor\codeigniter4\framework\system\Database\BaseConnection.php(741): CodeIgniter\Database\MySQLi\Connection->execute('UPDATE `w_dzien...')
#2 C:\xampp\htdocs\warhammer\vendor\codeigniter4\framework\system\Database\BaseConnection.php(669): CodeIgniter\Database\BaseConnection->simpleQuery('UPDATE `w_dzien...')
#3 C:\xampp\htdocs\warhammer\vendor\codeigniter4\framework\system\Database\BaseBuilder.php(2456): CodeIgniter\Database\BaseConnection->query('UPDATE `w_dzien...', Array, false)
#4 C:\xampp\htdocs\warhammer\app\Models\ChatsModel.php(366): CodeIgniter\Database\BaseBuilder->update()
#5 C:\xampp\htdocs\warhammer\app\Controllers\Chat.php(105): App\Models\ChatsModel->updateDiary('Kornelius\nna L ...')
#6 C:\xampp\htdocs\warhammer\vendor\codeigniter4\framework\system\CodeIgniter.php(918): App\Controllers\Chat->update_diary()
#7 C:\xampp\htdocs\warhammer\vendor\codeigniter4\framework\system\CodeIgniter.php(404): CodeIgniter\CodeIgniter->runController(Object(App\Controllers\Chat))
#8 C:\xampp\htdocs\warhammer\vendor\codeigniter4\framework\system\CodeIgniter.php(312): CodeIgniter\CodeIgniter->handleRequest(NULL, Object(Config\Cache), false)
#9 C:\xampp\htdocs\warhammer\public\index.php(45): CodeIgniter\CodeIgniter->run()
#10 {main}
CRITICAL - 2020-10-10 18:01:11 --> You have an error in your SQL syntax; check the manual that corresponds to your MariaDB server version for the right syntax to use near 'na L do świątyni Vereny na przeciwko dom Zygfryda
Klaus
Baron - sprawa Augusta' at line 2
#0 C:\xampp\htdocs\warhammer\vendor\codeigniter4\framework\system\Database\MySQLi\Connection.php(331): mysqli->query('UPDATE `w_dzien...')
#1 C:\xampp\htdocs\warhammer\vendor\codeigniter4\framework\system\Database\BaseConnection.php(741): CodeIgniter\Database\MySQLi\Connection->execute('UPDATE `w_dzien...')
#2 C:\xampp\htdocs\warhammer\vendor\codeigniter4\framework\system\Database\BaseConnection.php(669): CodeIgniter\Database\BaseConnection->simpleQuery('UPDATE `w_dzien...')
#3 C:\xampp\htdocs\warhammer\vendor\codeigniter4\framework\system\Database\BaseBuilder.php(2456): CodeIgniter\Database\BaseConnection->query('UPDATE `w_dzien...', Array, false)
#4 C:\xampp\htdocs\warhammer\app\Models\ChatsModel.php(366): CodeIgniter\Database\BaseBuilder->update()
#5 C:\xampp\htdocs\warhammer\app\Controllers\Chat.php(105): App\Models\ChatsModel->updateDiary('Kornelius\nna L ...')
#6 C:\xampp\htdocs\warhammer\vendor\codeigniter4\framework\system\CodeIgniter.php(918): App\Controllers\Chat->update_diary()
#7 C:\xampp\htdocs\warhammer\vendor\codeigniter4\framework\system\CodeIgniter.php(404): CodeIgniter\CodeIgniter->runController(Object(App\Controllers\Chat))
#8 C:\xampp\htdocs\warhammer\vendor\codeigniter4\framework\system\CodeIgniter.php(312): CodeIgniter\CodeIgniter->handleRequest(NULL, Object(Config\Cache), false)
#9 C:\xampp\htdocs\warhammer\public\index.php(45): CodeIgniter\CodeIgniter->run()
#10 {main}
CRITICAL - 2020-10-10 18:01:31 --> You have an error in your SQL syntax; check the manual that corresponds to your MariaDB server version for the right syntax to use near 'na L do świątyni Vereny na przeciwko dom Zygfryda
Klaus
Baron - sprawa Augusta' at line 2
#0 C:\xampp\htdocs\warhammer\vendor\codeigniter4\framework\system\Database\MySQLi\Connection.php(331): mysqli->query('UPDATE `w_dzien...')
#1 C:\xampp\htdocs\warhammer\vendor\codeigniter4\framework\system\Database\BaseConnection.php(741): CodeIgniter\Database\MySQLi\Connection->execute('UPDATE `w_dzien...')
#2 C:\xampp\htdocs\warhammer\vendor\codeigniter4\framework\system\Database\BaseConnection.php(669): CodeIgniter\Database\BaseConnection->simpleQuery('UPDATE `w_dzien...')
#3 C:\xampp\htdocs\warhammer\vendor\codeigniter4\framework\system\Database\BaseBuilder.php(2456): CodeIgniter\Database\BaseConnection->query('UPDATE `w_dzien...', Array, false)
#4 C:\xampp\htdocs\warhammer\app\Models\ChatsModel.php(366): CodeIgniter\Database\BaseBuilder->update()
#5 C:\xampp\htdocs\warhammer\app\Controllers\Chat.php(105): App\Models\ChatsModel->updateDiary('Kornelius\nna L ...')
#6 C:\xampp\htdocs\warhammer\vendor\codeigniter4\framework\system\CodeIgniter.php(918): App\Controllers\Chat->update_diary()
#7 C:\xampp\htdocs\warhammer\vendor\codeigniter4\framework\system\CodeIgniter.php(404): CodeIgniter\CodeIgniter->runController(Object(App\Controllers\Chat))
#8 C:\xampp\htdocs\warhammer\vendor\codeigniter4\framework\system\CodeIgniter.php(312): CodeIgniter\CodeIgniter->handleRequest(NULL, Object(Config\Cache), false)
#9 C:\xampp\htdocs\warhammer\public\index.php(45): CodeIgniter\CodeIgniter->run()
#10 {main}
CRITICAL - 2020-10-10 18:09:49 --> You have an error in your SQL syntax; check the manual that corresponds to your MariaDB server version for the right syntax to use near 'na L do świątyni Vereny na przeciwko dom Zygfryda
Klaus
Baron - sprawa Augusta' at line 2
#0 C:\xampp\htdocs\warhammer\vendor\codeigniter4\framework\system\Database\MySQLi\Connection.php(331): mysqli->query('UPDATE `w_dzien...')
#1 C:\xampp\htdocs\warhammer\vendor\codeigniter4\framework\system\Database\BaseConnection.php(741): CodeIgniter\Database\MySQLi\Connection->execute('UPDATE `w_dzien...')
#2 C:\xampp\htdocs\warhammer\vendor\codeigniter4\framework\system\Database\BaseConnection.php(669): CodeIgniter\Database\BaseConnection->simpleQuery('UPDATE `w_dzien...')
#3 C:\xampp\htdocs\warhammer\vendor\codeigniter4\framework\system\Database\BaseBuilder.php(2456): CodeIgniter\Database\BaseConnection->query('UPDATE `w_dzien...', Array, false)
#4 C:\xampp\htdocs\warhammer\app\Models\ChatsModel.php(366): CodeIgniter\Database\BaseBuilder->update()
#5 C:\xampp\htdocs\warhammer\app\Controllers\Chat.php(105): App\Models\ChatsModel->updateDiary('Kornelius\nna L ...')
#6 C:\xampp\htdocs\warhammer\vendor\codeigniter4\framework\system\CodeIgniter.php(918): App\Controllers\Chat->update_diary()
#7 C:\xampp\htdocs\warhammer\vendor\codeigniter4\framework\system\CodeIgniter.php(404): CodeIgniter\CodeIgniter->runController(Object(App\Controllers\Chat))
#8 C:\xampp\htdocs\warhammer\vendor\codeigniter4\framework\system\CodeIgniter.php(312): CodeIgniter\CodeIgniter->handleRequest(NULL, Object(Config\Cache), false)
#9 C:\xampp\htdocs\warhammer\public\index.php(45): CodeIgniter\CodeIgniter->run()
#10 {main}
CRITICAL - 2020-10-10 18:09:58 --> You have an error in your SQL syntax; check the manual that corresponds to your MariaDB server version for the right syntax to use near 'na L do świątyni Vereny na przeciwko dom Zygfryda
Klaus
Baron - sprawa Augusta' at line 2
#0 C:\xampp\htdocs\warhammer\vendor\codeigniter4\framework\system\Database\MySQLi\Connection.php(331): mysqli->query('UPDATE `w_dzien...')
#1 C:\xampp\htdocs\warhammer\vendor\codeigniter4\framework\system\Database\BaseConnection.php(741): CodeIgniter\Database\MySQLi\Connection->execute('UPDATE `w_dzien...')
#2 C:\xampp\htdocs\warhammer\vendor\codeigniter4\framework\system\Database\BaseConnection.php(669): CodeIgniter\Database\BaseConnection->simpleQuery('UPDATE `w_dzien...')
#3 C:\xampp\htdocs\warhammer\vendor\codeigniter4\framework\system\Database\BaseBuilder.php(2456): CodeIgniter\Database\BaseConnection->query('UPDATE `w_dzien...', Array, false)
#4 C:\xampp\htdocs\warhammer\app\Models\ChatsModel.php(366): CodeIgniter\Database\BaseBuilder->update()
#5 C:\xampp\htdocs\warhammer\app\Controllers\Chat.php(105): App\Models\ChatsModel->updateDiary('Kornelius\nna L ...')
#6 C:\xampp\htdocs\warhammer\vendor\codeigniter4\framework\system\CodeIgniter.php(918): App\Controllers\Chat->update_diary()
#7 C:\xampp\htdocs\warhammer\vendor\codeigniter4\framework\system\CodeIgniter.php(404): CodeIgniter\CodeIgniter->runController(Object(App\Controllers\Chat))
#8 C:\xampp\htdocs\warhammer\vendor\codeigniter4\framework\system\CodeIgniter.php(312): CodeIgniter\CodeIgniter->handleRequest(NULL, Object(Config\Cache), false)
#9 C:\xampp\htdocs\warhammer\public\index.php(45): CodeIgniter\CodeIgniter->run()
#10 {main}
CRITICAL - 2020-10-10 18:11:07 --> You have an error in your SQL syntax; check the manual that corresponds to your MariaDB server version for the right syntax to use near 'na L do świątyni Vereny na przeciwko dom Zygfryda
Klaus
Baron - sprawa Augusta' at line 2
#0 C:\xampp\htdocs\warhammer\vendor\codeigniter4\framework\system\Database\MySQLi\Connection.php(331): mysqli->query('UPDATE `w_dzien...')
#1 C:\xampp\htdocs\warhammer\vendor\codeigniter4\framework\system\Database\BaseConnection.php(741): CodeIgniter\Database\MySQLi\Connection->execute('UPDATE `w_dzien...')
#2 C:\xampp\htdocs\warhammer\vendor\codeigniter4\framework\system\Database\BaseConnection.php(669): CodeIgniter\Database\BaseConnection->simpleQuery('UPDATE `w_dzien...')
#3 C:\xampp\htdocs\warhammer\vendor\codeigniter4\framework\system\Database\BaseBuilder.php(2456): CodeIgniter\Database\BaseConnection->query('UPDATE `w_dzien...', Array, false)
#4 C:\xampp\htdocs\warhammer\app\Models\ChatsModel.php(366): CodeIgniter\Database\BaseBuilder->update()
#5 C:\xampp\htdocs\warhammer\app\Controllers\Chat.php(105): App\Models\ChatsModel->updateDiary('Kornelius\nna L ...')
#6 C:\xampp\htdocs\warhammer\vendor\codeigniter4\framework\system\CodeIgniter.php(918): App\Controllers\Chat->update_diary()
#7 C:\xampp\htdocs\warhammer\vendor\codeigniter4\framework\system\CodeIgniter.php(404): CodeIgniter\CodeIgniter->runController(Object(App\Controllers\Chat))
#8 C:\xampp\htdocs\warhammer\vendor\codeigniter4\framework\system\CodeIgniter.php(312): CodeIgniter\CodeIgniter->handleRequest(NULL, Object(Config\Cache), false)
#9 C:\xampp\htdocs\warhammer\public\index.php(45): CodeIgniter\CodeIgniter->run()
#10 {main}
CRITICAL - 2020-10-10 18:11:24 --> You have an error in your SQL syntax; check the manual that corresponds to your MariaDB server version for the right syntax to use near 'na L do świątyni Vereny na przeciwko dom Zygfryda
Klaus
Baron - sprawa Augusta' at line 2
#0 C:\xampp\htdocs\warhammer\vendor\codeigniter4\framework\system\Database\MySQLi\Connection.php(331): mysqli->query('UPDATE `w_dzien...')
#1 C:\xampp\htdocs\warhammer\vendor\codeigniter4\framework\system\Database\BaseConnection.php(741): CodeIgniter\Database\MySQLi\Connection->execute('UPDATE `w_dzien...')
#2 C:\xampp\htdocs\warhammer\vendor\codeigniter4\framework\system\Database\BaseConnection.php(669): CodeIgniter\Database\BaseConnection->simpleQuery('UPDATE `w_dzien...')
#3 C:\xampp\htdocs\warhammer\vendor\codeigniter4\framework\system\Database\BaseBuilder.php(2456): CodeIgniter\Database\BaseConnection->query('UPDATE `w_dzien...', Array, false)
#4 C:\xampp\htdocs\warhammer\app\Models\ChatsModel.php(366): CodeIgniter\Database\BaseBuilder->update()
#5 C:\xampp\htdocs\warhammer\app\Controllers\Chat.php(105): App\Models\ChatsModel->updateDiary('Kornelius\nna L ...')
#6 C:\xampp\htdocs\warhammer\vendor\codeigniter4\framework\system\CodeIgniter.php(918): App\Controllers\Chat->update_diary()
#7 C:\xampp\htdocs\warhammer\vendor\codeigniter4\framework\system\CodeIgniter.php(404): CodeIgniter\CodeIgniter->runController(Object(App\Controllers\Chat))
#8 C:\xampp\htdocs\warhammer\vendor\codeigniter4\framework\system\CodeIgniter.php(312): CodeIgniter\CodeIgniter->handleRequest(NULL, Object(Config\Cache), false)
#9 C:\xampp\htdocs\warhammer\public\index.php(45): CodeIgniter\CodeIgniter->run()
#10 {main}
CRITICAL - 2020-10-10 18:12:10 --> You have an error in your SQL syntax; check the manual that corresponds to your MariaDB server version for the right syntax to use near 'na L do świątyni Vereny na przeciwko dom Zygfryda
Klaus
Baron - sprawa Augusta' at line 2
#0 C:\xampp\htdocs\warhammer\vendor\codeigniter4\framework\system\Database\MySQLi\Connection.php(331): mysqli->query('UPDATE `w_dzien...')
#1 C:\xampp\htdocs\warhammer\vendor\codeigniter4\framework\system\Database\BaseConnection.php(741): CodeIgniter\Database\MySQLi\Connection->execute('UPDATE `w_dzien...')
#2 C:\xampp\htdocs\warhammer\vendor\codeigniter4\framework\system\Database\BaseConnection.php(669): CodeIgniter\Database\BaseConnection->simpleQuery('UPDATE `w_dzien...')
#3 C:\xampp\htdocs\warhammer\vendor\codeigniter4\framework\system\Database\BaseBuilder.php(2456): CodeIgniter\Database\BaseConnection->query('UPDATE `w_dzien...', Array, false)
#4 C:\xampp\htdocs\warhammer\app\Models\ChatsModel.php(366): CodeIgniter\Database\BaseBuilder->update()
#5 C:\xampp\htdocs\warhammer\app\Controllers\Chat.php(105): App\Models\ChatsModel->updateDiary('Kornelius\nna L ...')
#6 C:\xampp\htdocs\warhammer\vendor\codeigniter4\framework\system\CodeIgniter.php(918): App\Controllers\Chat->update_diary()
#7 C:\xampp\htdocs\warhammer\vendor\codeigniter4\framework\system\CodeIgniter.php(404): CodeIgniter\CodeIgniter->runController(Object(App\Controllers\Chat))
#8 C:\xampp\htdocs\warhammer\vendor\codeigniter4\framework\system\CodeIgniter.php(312): CodeIgniter\CodeIgniter->handleRequest(NULL, Object(Config\Cache), false)
#9 C:\xampp\htdocs\warhammer\public\index.php(45): CodeIgniter\CodeIgniter->run()
#10 {main}
CRITICAL - 2020-10-10 18:12:35 --> You have an error in your SQL syntax; check the manual that corresponds to your MariaDB server version for the right syntax to use near 'na L do świątyni Vereny na przeciwko dom Zygfryda
Klaus
Baron - sprawa Augusta' at line 2
#0 C:\xampp\htdocs\warhammer\vendor\codeigniter4\framework\system\Database\MySQLi\Connection.php(331): mysqli->query('UPDATE `w_dzien...')
#1 C:\xampp\htdocs\warhammer\vendor\codeigniter4\framework\system\Database\BaseConnection.php(741): CodeIgniter\Database\MySQLi\Connection->execute('UPDATE `w_dzien...')
#2 C:\xampp\htdocs\warhammer\vendor\codeigniter4\framework\system\Database\BaseConnection.php(669): CodeIgniter\Database\BaseConnection->simpleQuery('UPDATE `w_dzien...')
#3 C:\xampp\htdocs\warhammer\vendor\codeigniter4\framework\system\Database\BaseBuilder.php(2456): CodeIgniter\Database\BaseConnection->query('UPDATE `w_dzien...', Array, false)
#4 C:\xampp\htdocs\warhammer\app\Models\ChatsModel.php(366): CodeIgniter\Database\BaseBuilder->update()
#5 C:\xampp\htdocs\warhammer\app\Controllers\Chat.php(105): App\Models\ChatsModel->updateDiary('Kornelius\nna L ...')
#6 C:\xampp\htdocs\warhammer\vendor\codeigniter4\framework\system\CodeIgniter.php(918): App\Controllers\Chat->update_diary()
#7 C:\xampp\htdocs\warhammer\vendor\codeigniter4\framework\system\CodeIgniter.php(404): CodeIgniter\CodeIgniter->runController(Object(App\Controllers\Chat))
#8 C:\xampp\htdocs\warhammer\vendor\codeigniter4\framework\system\CodeIgniter.php(312): CodeIgniter\CodeIgniter->handleRequest(NULL, Object(Config\Cache), false)
#9 C:\xampp\htdocs\warhammer\public\index.php(45): CodeIgniter\CodeIgniter->run()
#10 {main}
CRITICAL - 2020-10-10 18:14:23 --> Unknown column 'popo' in 'field list'
#0 C:\xampp\htdocs\warhammer\vendor\codeigniter4\framework\system\Database\MySQLi\Connection.php(331): mysqli->query('UPDATE `w_dzien...')
#1 C:\xampp\htdocs\warhammer\vendor\codeigniter4\framework\system\Database\BaseConnection.php(741): CodeIgniter\Database\MySQLi\Connection->execute('UPDATE `w_dzien...')
#2 C:\xampp\htdocs\warhammer\vendor\codeigniter4\framework\system\Database\BaseConnection.php(669): CodeIgniter\Database\BaseConnection->simpleQuery('UPDATE `w_dzien...')
#3 C:\xampp\htdocs\warhammer\vendor\codeigniter4\framework\system\Database\BaseBuilder.php(2456): CodeIgniter\Database\BaseConnection->query('UPDATE `w_dzien...', Array, false)
#4 C:\xampp\htdocs\warhammer\app\Models\ChatsModel.php(366): CodeIgniter\Database\BaseBuilder->update()
#5 C:\xampp\htdocs\warhammer\app\Controllers\Chat.php(105): App\Models\ChatsModel->updateDiary('Kornelius\nna L ...')
#6 C:\xampp\htdocs\warhammer\vendor\codeigniter4\framework\system\CodeIgniter.php(918): App\Controllers\Chat->update_diary()
#7 C:\xampp\htdocs\warhammer\vendor\codeigniter4\framework\system\CodeIgniter.php(404): CodeIgniter\CodeIgniter->runController(Object(App\Controllers\Chat))
#8 C:\xampp\htdocs\warhammer\vendor\codeigniter4\framework\system\CodeIgniter.php(312): CodeIgniter\CodeIgniter->handleRequest(NULL, Object(Config\Cache), false)
#9 C:\xampp\htdocs\warhammer\public\index.php(45): CodeIgniter\CodeIgniter->run()
#10 {main}
CRITICAL - 2020-10-10 18:14:41 --> Unknown column 'popo' in 'field list'
#0 C:\xampp\htdocs\warhammer\vendor\codeigniter4\framework\system\Database\MySQLi\Connection.php(331): mysqli->query('UPDATE `w_dzien...')
#1 C:\xampp\htdocs\warhammer\vendor\codeigniter4\framework\system\Database\BaseConnection.php(741): CodeIgniter\Database\MySQLi\Connection->execute('UPDATE `w_dzien...')
#2 C:\xampp\htdocs\warhammer\vendor\codeigniter4\framework\system\Database\BaseConnection.php(669): CodeIgniter\Database\BaseConnection->simpleQuery('UPDATE `w_dzien...')
#3 C:\xampp\htdocs\warhammer\vendor\codeigniter4\framework\system\Database\BaseBuilder.php(2456): CodeIgniter\Database\BaseConnection->query('UPDATE `w_dzien...', Array, false)
#4 C:\xampp\htdocs\warhammer\app\Models\ChatsModel.php(366): CodeIgniter\Database\BaseBuilder->update()
#5 C:\xampp\htdocs\warhammer\app\Controllers\Chat.php(105): App\Models\ChatsModel->updateDiary('Kornelius\nna L ...')
#6 C:\xampp\htdocs\warhammer\vendor\codeigniter4\framework\system\CodeIgniter.php(918): App\Controllers\Chat->update_diary()
#7 C:\xampp\htdocs\warhammer\vendor\codeigniter4\framework\system\CodeIgniter.php(404): CodeIgniter\CodeIgniter->runController(Object(App\Controllers\Chat))
#8 C:\xampp\htdocs\warhammer\vendor\codeigniter4\framework\system\CodeIgniter.php(312): CodeIgniter\CodeIgniter->handleRequest(NULL, Object(Config\Cache), false)
#9 C:\xampp\htdocs\warhammer\public\index.php(45): CodeIgniter\CodeIgniter->run()
#10 {main}
CRITICAL - 2020-10-10 20:31:36 --> Array to string conversion
#0 C:\xampp\htdocs\warhammer\app\Models\ChatsModel.php(357): CodeIgniter\Debug\Exceptions->errorHandler(8, 'Array to string...', 'C:\\xampp\\htdocs...', 357, Array)
#1 C:\xampp\htdocs\warhammer\app\Controllers\Chat.php(305): App\Models\ChatsModel->getInvBG()
#2 C:\xampp\htdocs\warhammer\vendor\codeigniter4\framework\system\CodeIgniter.php(918): App\Controllers\Chat->inventory()
#3 C:\xampp\htdocs\warhammer\vendor\codeigniter4\framework\system\CodeIgniter.php(404): CodeIgniter\CodeIgniter->runController(Object(App\Controllers\Chat))
#4 C:\xampp\htdocs\warhammer\vendor\codeigniter4\framework\system\CodeIgniter.php(312): CodeIgniter\CodeIgniter->handleRequest(NULL, Object(Config\Cache), false)
#5 C:\xampp\htdocs\warhammer\public\index.php(45): CodeIgniter\CodeIgniter->run()
#6 {main}
CRITICAL - 2020-10-10 20:31:36 --> Array to string conversion
#0 C:\xampp\htdocs\warhammer\app\Models\ChatsModel.php(357): CodeIgniter\Debug\Exceptions->errorHandler(8, 'Array to string...', 'C:\\xampp\\htdocs...', 357, Array)
#1 C:\xampp\htdocs\warhammer\app\Controllers\Chat.php(305): App\Models\ChatsModel->getInvBG()
#2 C:\xampp\htdocs\warhammer\vendor\codeigniter4\framework\system\CodeIgniter.php(918): App\Controllers\Chat->inventory()
#3 C:\xampp\htdocs\warhammer\vendor\codeigniter4\framework\system\CodeIgniter.php(404): CodeIgniter\CodeIgniter->runController(Object(App\Controllers\Chat))
#4 C:\xampp\htdocs\warhammer\vendor\codeigniter4\framework\system\CodeIgniter.php(312): CodeIgniter\CodeIgniter->handleRequest(NULL, Object(Config\Cache), false)
#5 C:\xampp\htdocs\warhammer\public\index.php(45): CodeIgniter\CodeIgniter->run()
#6 {main}
CRITICAL - 2020-10-10 20:31:36 --> Array to string conversion
#0 C:\xampp\htdocs\warhammer\app\Models\ChatsModel.php(357): CodeIgniter\Debug\Exceptions->errorHandler(8, 'Array to string...', 'C:\\xampp\\htdocs...', 357, Array)
#1 C:\xampp\htdocs\warhammer\app\Controllers\Chat.php(305): App\Models\ChatsModel->getInvBG()
#2 C:\xampp\htdocs\warhammer\vendor\codeigniter4\framework\system\CodeIgniter.php(918): App\Controllers\Chat->inventory()
#3 C:\xampp\htdocs\warhammer\vendor\codeigniter4\framework\system\CodeIgniter.php(404): CodeIgniter\CodeIgniter->runController(Object(App\Controllers\Chat))
#4 C:\xampp\htdocs\warhammer\vendor\codeigniter4\framework\system\CodeIgniter.php(312): CodeIgniter\CodeIgniter->handleRequest(NULL, Object(Config\Cache), false)
#5 C:\xampp\htdocs\warhammer\public\index.php(45): CodeIgniter\CodeIgniter->run()
#6 {main}
CRITICAL - 2020-10-10 20:31:36 --> Array to string conversion
#0 C:\xampp\htdocs\warhammer\app\Models\ChatsModel.php(357): CodeIgniter\Debug\Exceptions->errorHandler(8, 'Array to string...', 'C:\\xampp\\htdocs...', 357, Array)
#1 C:\xampp\htdocs\warhammer\app\Controllers\Chat.php(305): App\Models\ChatsModel->getInvBG()
#2 C:\xampp\htdocs\warhammer\vendor\codeigniter4\framework\system\CodeIgniter.php(918): App\Controllers\Chat->inventory()
#3 C:\xampp\htdocs\warhammer\vendor\codeigniter4\framework\system\CodeIgniter.php(404): CodeIgniter\CodeIgniter->runController(Object(App\Controllers\Chat))
#4 C:\xampp\htdocs\warhammer\vendor\codeigniter4\framework\system\CodeIgniter.php(312): CodeIgniter\CodeIgniter->handleRequest(NULL, Object(Config\Cache), false)
#5 C:\xampp\htdocs\warhammer\public\index.php(45): CodeIgniter\CodeIgniter->run()
#6 {main}
CRITICAL - 2020-10-10 20:31:36 --> Array to string conversion
#0 C:\xampp\htdocs\warhammer\app\Models\ChatsModel.php(357): CodeIgniter\Debug\Exceptions->errorHandler(8, 'Array to string...', 'C:\\xampp\\htdocs...', 357, Array)
#1 C:\xampp\htdocs\warhammer\app\Controllers\Chat.php(305): App\Models\ChatsModel->getInvBG()
#2 C:\xampp\htdocs\warhammer\vendor\codeigniter4\framework\system\CodeIgniter.php(918): App\Controllers\Chat->inventory()
#3 C:\xampp\htdocs\warhammer\vendor\codeigniter4\framework\system\CodeIgniter.php(404): CodeIgniter\CodeIgniter->runController(Object(App\Controllers\Chat))
#4 C:\xampp\htdocs\warhammer\vendor\codeigniter4\framework\system\CodeIgniter.php(312): CodeIgniter\CodeIgniter->handleRequest(NULL, Object(Config\Cache), false)
#5 C:\xampp\htdocs\warhammer\public\index.php(45): CodeIgniter\CodeIgniter->run()
#6 {main}
CRITICAL - 2020-10-10 20:32:10 --> Array to string conversion
#0 C:\xampp\htdocs\warhammer\app\Models\ChatsModel.php(357): CodeIgniter\Debug\Exceptions->errorHandler(8, 'Array to string...', 'C:\\xampp\\htdocs...', 357, Array)
#1 C:\xampp\htdocs\warhammer\app\Controllers\Chat.php(305): App\Models\ChatsModel->getInvBG()
#2 C:\xampp\htdocs\warhammer\vendor\codeigniter4\framework\system\CodeIgniter.php(918): App\Controllers\Chat->inventory()
#3 C:\xampp\htdocs\warhammer\vendor\codeigniter4\framework\system\CodeIgniter.php(404): CodeIgniter\CodeIgniter->runController(Object(App\Controllers\Chat))
#4 C:\xampp\htdocs\warhammer\vendor\codeigniter4\framework\system\CodeIgniter.php(312): CodeIgniter\CodeIgniter->handleRequest(NULL, Object(Config\Cache), false)
#5 C:\xampp\htdocs\warhammer\public\index.php(45): CodeIgniter\CodeIgniter->run()
#6 {main}
CRITICAL - 2020-10-10 20:32:10 --> Array to string conversion
#0 C:\xampp\htdocs\warhammer\app\Models\ChatsModel.php(357): CodeIgniter\Debug\Exceptions->errorHandler(8, 'Array to string...', 'C:\\xampp\\htdocs...', 357, Array)
#1 C:\xampp\htdocs\warhammer\app\Controllers\Chat.php(305): App\Models\ChatsModel->getInvBG()
#2 C:\xampp\htdocs\warhammer\vendor\codeigniter4\framework\system\CodeIgniter.php(918): App\Controllers\Chat->inventory()
#3 C:\xampp\htdocs\warhammer\vendor\codeigniter4\framework\system\CodeIgniter.php(404): CodeIgniter\CodeIgniter->runController(Object(App\Controllers\Chat))
#4 C:\xampp\htdocs\warhammer\vendor\codeigniter4\framework\system\CodeIgniter.php(312): CodeIgniter\CodeIgniter->handleRequest(NULL, Object(Config\Cache), false)
#5 C:\xampp\htdocs\warhammer\public\index.php(45): CodeIgniter\CodeIgniter->run()
#6 {main}
CRITICAL - 2020-10-10 20:32:10 --> Array to string conversion
#0 C:\xampp\htdocs\warhammer\app\Models\ChatsModel.php(357): CodeIgniter\Debug\Exceptions->errorHandler(8, 'Array to string...', 'C:\\xampp\\htdocs...', 357, Array)
#1 C:\xampp\htdocs\warhammer\app\Controllers\Chat.php(305): App\Models\ChatsModel->getInvBG()
#2 C:\xampp\htdocs\warhammer\vendor\codeigniter4\framework\system\CodeIgniter.php(918): App\Controllers\Chat->inventory()
#3 C:\xampp\htdocs\warhammer\vendor\codeigniter4\framework\system\CodeIgniter.php(404): CodeIgniter\CodeIgniter->runController(Object(App\Controllers\Chat))
#4 C:\xampp\htdocs\warhammer\vendor\codeigniter4\framework\system\CodeIgniter.php(312): CodeIgniter\CodeIgniter->handleRequest(NULL, Object(Config\Cache), false)
#5 C:\xampp\htdocs\warhammer\public\index.php(45): CodeIgniter\CodeIgniter->run()
#6 {main}
CRITICAL - 2020-10-10 20:32:10 --> Array to string conversion
#0 C:\xampp\htdocs\warhammer\app\Models\ChatsModel.php(357): CodeIgniter\Debug\Exceptions->errorHandler(8, 'Array to string...', 'C:\\xampp\\htdocs...', 357, Array)
#1 C:\xampp\htdocs\warhammer\app\Controllers\Chat.php(305): App\Models\ChatsModel->getInvBG()
#2 C:\xampp\htdocs\warhammer\vendor\codeigniter4\framework\system\CodeIgniter.php(918): App\Controllers\Chat->inventory()
#3 C:\xampp\htdocs\warhammer\vendor\codeigniter4\framework\system\CodeIgniter.php(404): CodeIgniter\CodeIgniter->runController(Object(App\Controllers\Chat))
#4 C:\xampp\htdocs\warhammer\vendor\codeigniter4\framework\system\CodeIgniter.php(312): CodeIgniter\CodeIgniter->handleRequest(NULL, Object(Config\Cache), false)
#5 C:\xampp\htdocs\warhammer\public\index.php(45): CodeIgniter\CodeIgniter->run()
#6 {main}
CRITICAL - 2020-10-10 20:32:10 --> Array to string conversion
#0 C:\xampp\htdocs\warhammer\app\Models\ChatsModel.php(357): CodeIgniter\Debug\Exceptions->errorHandler(8, 'Array to string...', 'C:\\xampp\\htdocs...', 357, Array)
#1 C:\xampp\htdocs\warhammer\app\Controllers\Chat.php(305): App\Models\ChatsModel->getInvBG()
#2 C:\xampp\htdocs\warhammer\vendor\codeigniter4\framework\system\CodeIgniter.php(918): App\Controllers\Chat->inventory()
#3 C:\xampp\htdocs\warhammer\vendor\codeigniter4\framework\system\CodeIgniter.php(404): CodeIgniter\CodeIgniter->runController(Object(App\Controllers\Chat))
#4 C:\xampp\htdocs\warhammer\vendor\codeigniter4\framework\system\CodeIgniter.php(312): CodeIgniter\CodeIgniter->handleRequest(NULL, Object(Config\Cache), false)
#5 C:\xampp\htdocs\warhammer\public\index.php(45): CodeIgniter\CodeIgniter->run()
#6 {main}
CRITICAL - 2020-10-10 20:32:45 --> Array to string conversion
#0 C:\xampp\htdocs\warhammer\app\Models\ChatsModel.php(357): CodeIgniter\Debug\Exceptions->errorHandler(8, 'Array to string...', 'C:\\xampp\\htdocs...', 357, Array)
#1 C:\xampp\htdocs\warhammer\app\Controllers\Chat.php(305): App\Models\ChatsModel->getInvBG()
#2 C:\xampp\htdocs\warhammer\vendor\codeigniter4\framework\system\CodeIgniter.php(918): App\Controllers\Chat->inventory()
#3 C:\xampp\htdocs\warhammer\vendor\codeigniter4\framework\system\CodeIgniter.php(404): CodeIgniter\CodeIgniter->runController(Object(App\Controllers\Chat))
#4 C:\xampp\htdocs\warhammer\vendor\codeigniter4\framework\system\CodeIgniter.php(312): CodeIgniter\CodeIgniter->handleRequest(NULL, Object(Config\Cache), false)
#5 C:\xampp\htdocs\warhammer\public\index.php(45): CodeIgniter\CodeIgniter->run()
#6 {main}
CRITICAL - 2020-10-10 23:52:20 --> Array to string conversion
#0 C:\xampp\htdocs\warhammer\app\Views\dialogBox.php(81): CodeIgniter\Debug\Exceptions->errorHandler(8, 'Array to string...', 'C:\\xampp\\htdocs...', 81, Array)
#1 C:\xampp\htdocs\warhammer\vendor\codeigniter4\framework\system\View\View.php(246): include('C:\\xampp\\htdocs...')
#2 C:\xampp\htdocs\warhammer\vendor\codeigniter4\framework\system\Common.php(1119): CodeIgniter\View\View->render('dialogBox', Array, true)
#3 C:\xampp\htdocs\warhammer\app\Controllers\Chat.php(154): view('dialogBox', Array)
#4 C:\xampp\htdocs\warhammer\vendor\codeigniter4\framework\system\CodeIgniter.php(918): App\Controllers\Chat->dialogBox()
#5 C:\xampp\htdocs\warhammer\vendor\codeigniter4\framework\system\CodeIgniter.php(404): CodeIgniter\CodeIgniter->runController(Object(App\Controllers\Chat))
#6 C:\xampp\htdocs\warhammer\vendor\codeigniter4\framework\system\CodeIgniter.php(312): CodeIgniter\CodeIgniter->handleRequest(NULL, Object(Config\Cache), false)
#7 C:\xampp\htdocs\warhammer\public\index.php(45): CodeIgniter\CodeIgniter->run()
#8 {main}
CRITICAL - 2020-10-10 23:52:22 --> Array to string conversion
#0 C:\xampp\htdocs\warhammer\app\Views\dialogBox.php(81): CodeIgniter\Debug\Exceptions->errorHandler(8, 'Array to string...', 'C:\\xampp\\htdocs...', 81, Array)
#1 C:\xampp\htdocs\warhammer\vendor\codeigniter4\framework\system\View\View.php(246): include('C:\\xampp\\htdocs...')
#2 C:\xampp\htdocs\warhammer\vendor\codeigniter4\framework\system\Common.php(1119): CodeIgniter\View\View->render('dialogBox', Array, true)
#3 C:\xampp\htdocs\warhammer\app\Controllers\Chat.php(154): view('dialogBox', Array)
#4 C:\xampp\htdocs\warhammer\vendor\codeigniter4\framework\system\CodeIgniter.php(918): App\Controllers\Chat->dialogBox()
#5 C:\xampp\htdocs\warhammer\vendor\codeigniter4\framework\system\CodeIgniter.php(404): CodeIgniter\CodeIgniter->runController(Object(App\Controllers\Chat))
#6 C:\xampp\htdocs\warhammer\vendor\codeigniter4\framework\system\CodeIgniter.php(312): CodeIgniter\CodeIgniter->handleRequest(NULL, Object(Config\Cache), false)
#7 C:\xampp\htdocs\warhammer\public\index.php(45): CodeIgniter\CodeIgniter->run()
#8 {main}
CRITICAL - 2020-10-10 23:52:28 --> Array to string conversion
#0 C:\xampp\htdocs\warhammer\app\Views\dialogBox.php(81): CodeIgniter\Debug\Exceptions->errorHandler(8, 'Array to string...', 'C:\\xampp\\htdocs...', 81, Array)
#1 C:\xampp\htdocs\warhammer\vendor\codeigniter4\framework\system\View\View.php(246): include('C:\\xampp\\htdocs...')
#2 C:\xampp\htdocs\warhammer\vendor\codeigniter4\framework\system\Common.php(1119): CodeIgniter\View\View->render('dialogBox', Array, true)
#3 C:\xampp\htdocs\warhammer\app\Controllers\Chat.php(154): view('dialogBox', Array)
#4 C:\xampp\htdocs\warhammer\vendor\codeigniter4\framework\system\CodeIgniter.php(918): App\Controllers\Chat->dialogBox()
#5 C:\xampp\htdocs\warhammer\vendor\codeigniter4\framework\system\CodeIgniter.php(404): CodeIgniter\CodeIgniter->runController(Object(App\Controllers\Chat))
#6 C:\xampp\htdocs\warhammer\vendor\codeigniter4\framework\system\CodeIgniter.php(312): CodeIgniter\CodeIgniter->handleRequest(NULL, Object(Config\Cache), false)
#7 C:\xampp\htdocs\warhammer\public\index.php(45): CodeIgniter\CodeIgniter->run()
#8 {main}
CRITICAL - 2020-10-10 23:53:32 --> Undefined index: invid
#0 C:\xampp\htdocs\warhammer\app\Controllers\Chat.php(152): CodeIgniter\Debug\Exceptions->errorHandler(8, 'Undefined index...', 'C:\\xampp\\htdocs...', 152, Array)
#1 C:\xampp\htdocs\warhammer\vendor\codeigniter4\framework\system\CodeIgniter.php(918): App\Controllers\Chat->dialogBox()
#2 C:\xampp\htdocs\warhammer\vendor\codeigniter4\framework\system\CodeIgniter.php(404): CodeIgniter\CodeIgniter->runController(Object(App\Controllers\Chat))
#3 C:\xampp\htdocs\warhammer\vendor\codeigniter4\framework\system\CodeIgniter.php(312): CodeIgniter\CodeIgniter->handleRequest(NULL, Object(Config\Cache), false)
#4 C:\xampp\htdocs\warhammer\public\index.php(45): CodeIgniter\CodeIgniter->run()
#5 {main}
CRITICAL - 2020-10-10 23:57:27 --> Undefined index: DESCRIPTION
#0 C:\xampp\htdocs\warhammer\app\Views\dialogBox.php(81): CodeIgniter\Debug\Exceptions->errorHandler(8, 'Undefined index...', 'C:\\xampp\\htdocs...', 81, Array)
#1 C:\xampp\htdocs\warhammer\vendor\codeigniter4\framework\system\View\View.php(246): include('C:\\xampp\\htdocs...')
#2 C:\xampp\htdocs\warhammer\vendor\codeigniter4\framework\system\Common.php(1119): CodeIgniter\View\View->render('dialogBox', Array, true)
#3 C:\xampp\htdocs\warhammer\app\Controllers\Chat.php(156): view('dialogBox', Array)
#4 C:\xampp\htdocs\warhammer\vendor\codeigniter4\framework\system\CodeIgniter.php(918): App\Controllers\Chat->dialogBox()
#5 C:\xampp\htdocs\warhammer\vendor\codeigniter4\framework\system\CodeIgniter.php(404): CodeIgniter\CodeIgniter->runController(Object(App\Controllers\Chat))
#6 C:\xampp\htdocs\warhammer\vendor\codeigniter4\framework\system\CodeIgniter.php(312): CodeIgniter\CodeIgniter->handleRequest(NULL, Object(Config\Cache), false)
#7 C:\xampp\htdocs\warhammer\public\index.php(45): CodeIgniter\CodeIgniter->run()
#8 {main}
CRITICAL - 2020-10-10 23:57:28 --> Undefined index: DESCRIPTION
#0 C:\xampp\htdocs\warhammer\app\Views\dialogBox.php(81): CodeIgniter\Debug\Exceptions->errorHandler(8, 'Undefined index...', 'C:\\xampp\\htdocs...', 81, Array)
#1 C:\xampp\htdocs\warhammer\vendor\codeigniter4\framework\system\View\View.php(246): include('C:\\xampp\\htdocs...')
#2 C:\xampp\htdocs\warhammer\vendor\codeigniter4\framework\system\Common.php(1119): CodeIgniter\View\View->render('dialogBox', Array, true)
#3 C:\xampp\htdocs\warhammer\app\Controllers\Chat.php(156): view('dialogBox', Array)
#4 C:\xampp\htdocs\warhammer\vendor\codeigniter4\framework\system\CodeIgniter.php(918): App\Controllers\Chat->dialogBox()
#5 C:\xampp\htdocs\warhammer\vendor\codeigniter4\framework\system\CodeIgniter.php(404): CodeIgniter\CodeIgniter->runController(Object(App\Controllers\Chat))
#6 C:\xampp\htdocs\warhammer\vendor\codeigniter4\framework\system\CodeIgniter.php(312): CodeIgniter\CodeIgniter->handleRequest(NULL, Object(Config\Cache), false)
#7 C:\xampp\htdocs\warhammer\public\index.php(45): CodeIgniter\CodeIgniter->run()
#8 {main}
CRITICAL - 2020-10-10 23:58:22 --> Undefined index: DESCRIPTION
#0 C:\xampp\htdocs\warhammer\app\Views\dialogBox.php(81): CodeIgniter\Debug\Exceptions->errorHandler(8, 'Undefined index...', 'C:\\xampp\\htdocs...', 81, Array)
#1 C:\xampp\htdocs\warhammer\vendor\codeigniter4\framework\system\View\View.php(246): include('C:\\xampp\\htdocs...')
#2 C:\xampp\htdocs\warhammer\vendor\codeigniter4\framework\system\Common.php(1119): CodeIgniter\View\View->render('dialogBox', Array, true)
#3 C:\xampp\htdocs\warhammer\app\Controllers\Chat.php(156): view('dialogBox', Array)
#4 C:\xampp\htdocs\warhammer\vendor\codeigniter4\framework\system\CodeIgniter.php(918): App\Controllers\Chat->dialogBox()
#5 C:\xampp\htdocs\warhammer\vendor\codeigniter4\framework\system\CodeIgniter.php(404): CodeIgniter\CodeIgniter->runController(Object(App\Controllers\Chat))
#6 C:\xampp\htdocs\warhammer\vendor\codeigniter4\framework\system\CodeIgniter.php(312): CodeIgniter\CodeIgniter->handleRequest(NULL, Object(Config\Cache), false)
#7 C:\xampp\htdocs\warhammer\public\index.php(45): CodeIgniter\CodeIgniter->run()
#8 {main}
CRITICAL - 2020-10-10 23:58:23 --> Undefined index: DESCRIPTION
#0 C:\xampp\htdocs\warhammer\app\Views\dialogBox.php(81): CodeIgniter\Debug\Exceptions->errorHandler(8, 'Undefined index...', 'C:\\xampp\\htdocs...', 81, Array)
#1 C:\xampp\htdocs\warhammer\vendor\codeigniter4\framework\system\View\View.php(246): include('C:\\xampp\\htdocs...')
#2 C:\xampp\htdocs\warhammer\vendor\codeigniter4\framework\system\Common.php(1119): CodeIgniter\View\View->render('dialogBox', Array, true)
#3 C:\xampp\htdocs\warhammer\app\Controllers\Chat.php(156): view('dialogBox', Array)
#4 C:\xampp\htdocs\warhammer\vendor\codeigniter4\framework\system\CodeIgniter.php(918): App\Controllers\Chat->dialogBox()
#5 C:\xampp\htdocs\warhammer\vendor\codeigniter4\framework\system\CodeIgniter.php(404): CodeIgniter\CodeIgniter->runController(Object(App\Controllers\Chat))
#6 C:\xampp\htdocs\warhammer\vendor\codeigniter4\framework\system\CodeIgniter.php(312): CodeIgniter\CodeIgniter->handleRequest(NULL, Object(Config\Cache), false)
#7 C:\xampp\htdocs\warhammer\public\index.php(45): CodeIgniter\CodeIgniter->run()
#8 {main}
CRITICAL - 2020-10-10 23:58:23 --> Undefined index: DESCRIPTION
#0 C:\xampp\htdocs\warhammer\app\Views\dialogBox.php(81): CodeIgniter\Debug\Exceptions->errorHandler(8, 'Undefined index...', 'C:\\xampp\\htdocs...', 81, Array)
#1 C:\xampp\htdocs\warhammer\vendor\codeigniter4\framework\system\View\View.php(246): include('C:\\xampp\\htdocs...')
#2 C:\xampp\htdocs\warhammer\vendor\codeigniter4\framework\system\Common.php(1119): CodeIgniter\View\View->render('dialogBox', Array, true)
#3 C:\xampp\htdocs\warhammer\app\Controllers\Chat.php(156): view('dialogBox', Array)
#4 C:\xampp\htdocs\warhammer\vendor\codeigniter4\framework\system\CodeIgniter.php(918): App\Controllers\Chat->dialogBox()
#5 C:\xampp\htdocs\warhammer\vendor\codeigniter4\framework\system\CodeIgniter.php(404): CodeIgniter\CodeIgniter->runController(Object(App\Controllers\Chat))
#6 C:\xampp\htdocs\warhammer\vendor\codeigniter4\framework\system\CodeIgniter.php(312): CodeIgniter\CodeIgniter->handleRequest(NULL, Object(Config\Cache), false)
#7 C:\xampp\htdocs\warhammer\public\index.php(45): CodeIgniter\CodeIgniter->run()
#8 {main}
CRITICAL - 2020-10-10 23:58:23 --> Undefined index: DESCRIPTION
#0 C:\xampp\htdocs\warhammer\app\Views\dialogBox.php(81): CodeIgniter\Debug\Exceptions->errorHandler(8, 'Undefined index...', 'C:\\xampp\\htdocs...', 81, Array)
#1 C:\xampp\htdocs\warhammer\vendor\codeigniter4\framework\system\View\View.php(246): include('C:\\xampp\\htdocs...')
#2 C:\xampp\htdocs\warhammer\vendor\codeigniter4\framework\system\Common.php(1119): CodeIgniter\View\View->render('dialogBox', Array, true)
#3 C:\xampp\htdocs\warhammer\app\Controllers\Chat.php(156): view('dialogBox', Array)
#4 C:\xampp\htdocs\warhammer\vendor\codeigniter4\framework\system\CodeIgniter.php(918): App\Controllers\Chat->dialogBox()
#5 C:\xampp\htdocs\warhammer\vendor\codeigniter4\framework\system\CodeIgniter.php(404): CodeIgniter\CodeIgniter->runController(Object(App\Controllers\Chat))
#6 C:\xampp\htdocs\warhammer\vendor\codeigniter4\framework\system\CodeIgniter.php(312): CodeIgniter\CodeIgniter->handleRequest(NULL, Object(Config\Cache), false)
#7 C:\xampp\htdocs\warhammer\public\index.php(45): CodeIgniter\CodeIgniter->run()
#8 {main}
CRITICAL - 2020-10-10 23:58:26 --> Undefined index: DESCRIPTION
#0 C:\xampp\htdocs\warhammer\app\Views\dialogBox.php(81): CodeIgniter\Debug\Exceptions->errorHandler(8, 'Undefined index...', 'C:\\xampp\\htdocs...', 81, Array)
#1 C:\xampp\htdocs\warhammer\vendor\codeigniter4\framework\system\View\View.php(246): include('C:\\xampp\\htdocs...')
#2 C:\xampp\htdocs\warhammer\vendor\codeigniter4\framework\system\Common.php(1119): CodeIgniter\View\View->render('dialogBox', Array, true)
#3 C:\xampp\htdocs\warhammer\app\Controllers\Chat.php(156): view('dialogBox', Array)
#4 C:\xampp\htdocs\warhammer\vendor\codeigniter4\framework\system\CodeIgniter.php(918): App\Controllers\Chat->dialogBox()
#5 C:\xampp\htdocs\warhammer\vendor\codeigniter4\framework\system\CodeIgniter.php(404): CodeIgniter\CodeIgniter->runController(Object(App\Controllers\Chat))
#6 C:\xampp\htdocs\warhammer\vendor\codeigniter4\framework\system\CodeIgniter.php(312): CodeIgniter\CodeIgniter->handleRequest(NULL, Object(Config\Cache), false)
#7 C:\xampp\htdocs\warhammer\public\index.php(45): CodeIgniter\CodeIgniter->run()
#8 {main}
CRITICAL - 2020-10-10 23:58:27 --> Undefined index: DESCRIPTION
#0 C:\xampp\htdocs\warhammer\app\Views\dialogBox.php(81): CodeIgniter\Debug\Exceptions->errorHandler(8, 'Undefined index...', 'C:\\xampp\\htdocs...', 81, Array)
#1 C:\xampp\htdocs\warhammer\vendor\codeigniter4\framework\system\View\View.php(246): include('C:\\xampp\\htdocs...')
#2 C:\xampp\htdocs\warhammer\vendor\codeigniter4\framework\system\Common.php(1119): CodeIgniter\View\View->render('dialogBox', Array, true)
#3 C:\xampp\htdocs\warhammer\app\Controllers\Chat.php(156): view('dialogBox', Array)
#4 C:\xampp\htdocs\warhammer\vendor\codeigniter4\framework\system\CodeIgniter.php(918): App\Controllers\Chat->dialogBox()
#5 C:\xampp\htdocs\warhammer\vendor\codeigniter4\framework\system\CodeIgniter.php(404): CodeIgniter\CodeIgniter->runController(Object(App\Controllers\Chat))
#6 C:\xampp\htdocs\warhammer\vendor\codeigniter4\framework\system\CodeIgniter.php(312): CodeIgniter\CodeIgniter->handleRequest(NULL, Object(Config\Cache), false)
#7 C:\xampp\htdocs\warhammer\public\index.php(45): CodeIgniter\CodeIgniter->run()
#8 {main}
CRITICAL - 2020-10-10 23:59:22 --> Undefined index: DESCRIPTION
#0 C:\xampp\htdocs\warhammer\app\Views\dialogBox.php(81): CodeIgniter\Debug\Exceptions->errorHandler(8, 'Undefined index...', 'C:\\xampp\\htdocs...', 81, Array)
#1 C:\xampp\htdocs\warhammer\vendor\codeigniter4\framework\system\View\View.php(246): include('C:\\xampp\\htdocs...')
#2 C:\xampp\htdocs\warhammer\vendor\codeigniter4\framework\system\Common.php(1119): CodeIgniter\View\View->render('dialogBox', Array, true)
#3 C:\xampp\htdocs\warhammer\app\Controllers\Chat.php(156): view('dialogBox', Array)
#4 C:\xampp\htdocs\warhammer\vendor\codeigniter4\framework\system\CodeIgniter.php(918): App\Controllers\Chat->dialogBox()
#5 C:\xampp\htdocs\warhammer\vendor\codeigniter4\framework\system\CodeIgniter.php(404): CodeIgniter\CodeIgniter->runController(Object(App\Controllers\Chat))
#6 C:\xampp\htdocs\warhammer\vendor\codeigniter4\framework\system\CodeIgniter.php(312): CodeIgniter\CodeIgniter->handleRequest(NULL, Object(Config\Cache), false)
#7 C:\xampp\htdocs\warhammer\public\index.php(45): CodeIgniter\CodeIgniter->run()
#8 {main}
