CRITICAL - 2020-05-19 07:44:24 --> Undefined index: STRENGTHBONUS
#0 C:\xampp\htdocs\warhammer\app\Views\chat.php(148): CodeIgniter\Debug\Exceptions->errorHandler(8, 'Undefined index...', 'C:\\xampp\\htdocs...', 148, Array)
#1 C:\xampp\htdocs\warhammer\vendor\codeigniter4\framework\system\View\View.php(236): include('C:\\xampp\\htdocs...')
#2 C:\xampp\htdocs\warhammer\vendor\codeigniter4\framework\system\Common.php(1071): CodeIgniter\View\View->render('chat', Array, true)
#3 C:\xampp\htdocs\warhammer\app\Controllers\Chat.php(62): view('chat', Array)
#4 C:\xampp\htdocs\warhammer\vendor\codeigniter4\framework\system\CodeIgniter.php(910): App\Controllers\Chat->index()
#5 C:\xampp\htdocs\warhammer\vendor\codeigniter4\framework\system\CodeIgniter.php(398): CodeIgniter\CodeIgniter->runController(Object(App\Controllers\Chat))
#6 C:\xampp\htdocs\warhammer\vendor\codeigniter4\framework\system\CodeIgniter.php(306): CodeIgniter\CodeIgniter->handleRequest(NULL, Object(Config\Cache), false)
#7 C:\xampp\htdocs\warhammer\public\index.php(45): CodeIgniter\CodeIgniter->run()
#8 {main}
CRITICAL - 2020-05-19 07:47:34 --> Undefined index: STRENGTHBONUS
#0 C:\xampp\htdocs\warhammer\app\Views\chat.php(148): CodeIgniter\Debug\Exceptions->errorHandler(8, 'Undefined index...', 'C:\\xampp\\htdocs...', 148, Array)
#1 C:\xampp\htdocs\warhammer\vendor\codeigniter4\framework\system\View\View.php(236): include('C:\\xampp\\htdocs...')
#2 C:\xampp\htdocs\warhammer\vendor\codeigniter4\framework\system\Common.php(1071): CodeIgniter\View\View->render('chat', Array, true)
#3 C:\xampp\htdocs\warhammer\app\Controllers\Chat.php(62): view('chat', Array)
#4 C:\xampp\htdocs\warhammer\vendor\codeigniter4\framework\system\CodeIgniter.php(910): App\Controllers\Chat->index()
#5 C:\xampp\htdocs\warhammer\vendor\codeigniter4\framework\system\CodeIgniter.php(398): CodeIgniter\CodeIgniter->runController(Object(App\Controllers\Chat))
#6 C:\xampp\htdocs\warhammer\vendor\codeigniter4\framework\system\CodeIgniter.php(306): CodeIgniter\CodeIgniter->handleRequest(NULL, Object(Config\Cache), false)
#7 C:\xampp\htdocs\warhammer\public\index.php(45): CodeIgniter\CodeIgniter->run()
#8 {main}
CRITICAL - 2020-05-19 07:47:36 --> Undefined index: STRENGTHBONUS
#0 C:\xampp\htdocs\warhammer\app\Views\chat.php(148): CodeIgniter\Debug\Exceptions->errorHandler(8, 'Undefined index...', 'C:\\xampp\\htdocs...', 148, Array)
#1 C:\xampp\htdocs\warhammer\vendor\codeigniter4\framework\system\View\View.php(236): include('C:\\xampp\\htdocs...')
#2 C:\xampp\htdocs\warhammer\vendor\codeigniter4\framework\system\Common.php(1071): CodeIgniter\View\View->render('chat', Array, true)
#3 C:\xampp\htdocs\warhammer\app\Controllers\Chat.php(62): view('chat', Array)
#4 C:\xampp\htdocs\warhammer\vendor\codeigniter4\framework\system\CodeIgniter.php(910): App\Controllers\Chat->index()
#5 C:\xampp\htdocs\warhammer\vendor\codeigniter4\framework\system\CodeIgniter.php(398): CodeIgniter\CodeIgniter->runController(Object(App\Controllers\Chat))
#6 C:\xampp\htdocs\warhammer\vendor\codeigniter4\framework\system\CodeIgniter.php(306): CodeIgniter\CodeIgniter->handleRequest(NULL, Object(Config\Cache), false)
#7 C:\xampp\htdocs\warhammer\public\index.php(45): CodeIgniter\CodeIgniter->run()
#8 {main}
CRITICAL - 2020-05-19 07:47:37 --> Undefined index: STRENGTHBONUS
#0 C:\xampp\htdocs\warhammer\app\Views\chat.php(148): CodeIgniter\Debug\Exceptions->errorHandler(8, 'Undefined index...', 'C:\\xampp\\htdocs...', 148, Array)
#1 C:\xampp\htdocs\warhammer\vendor\codeigniter4\framework\system\View\View.php(236): include('C:\\xampp\\htdocs...')
#2 C:\xampp\htdocs\warhammer\vendor\codeigniter4\framework\system\Common.php(1071): CodeIgniter\View\View->render('chat', Array, true)
#3 C:\xampp\htdocs\warhammer\app\Controllers\Chat.php(62): view('chat', Array)
#4 C:\xampp\htdocs\warhammer\vendor\codeigniter4\framework\system\CodeIgniter.php(910): App\Controllers\Chat->index()
#5 C:\xampp\htdocs\warhammer\vendor\codeigniter4\framework\system\CodeIgniter.php(398): CodeIgniter\CodeIgniter->runController(Object(App\Controllers\Chat))
#6 C:\xampp\htdocs\warhammer\vendor\codeigniter4\framework\system\CodeIgniter.php(306): CodeIgniter\CodeIgniter->handleRequest(NULL, Object(Config\Cache), false)
#7 C:\xampp\htdocs\warhammer\public\index.php(45): CodeIgniter\CodeIgniter->run()
#8 {main}
CRITICAL - 2020-05-19 07:47:55 --> Undefined index: STRENGTHBONUS
#0 C:\xampp\htdocs\warhammer\app\Views\chat.php(148): CodeIgniter\Debug\Exceptions->errorHandler(8, 'Undefined index...', 'C:\\xampp\\htdocs...', 148, Array)
#1 C:\xampp\htdocs\warhammer\vendor\codeigniter4\framework\system\View\View.php(236): include('C:\\xampp\\htdocs...')
#2 C:\xampp\htdocs\warhammer\vendor\codeigniter4\framework\system\Common.php(1071): CodeIgniter\View\View->render('chat', Array, true)
#3 C:\xampp\htdocs\warhammer\app\Controllers\Chat.php(62): view('chat', Array)
#4 C:\xampp\htdocs\warhammer\vendor\codeigniter4\framework\system\CodeIgniter.php(910): App\Controllers\Chat->index()
#5 C:\xampp\htdocs\warhammer\vendor\codeigniter4\framework\system\CodeIgniter.php(398): CodeIgniter\CodeIgniter->runController(Object(App\Controllers\Chat))
#6 C:\xampp\htdocs\warhammer\vendor\codeigniter4\framework\system\CodeIgniter.php(306): CodeIgniter\CodeIgniter->handleRequest(NULL, Object(Config\Cache), false)
#7 C:\xampp\htdocs\warhammer\public\index.php(45): CodeIgniter\CodeIgniter->run()
#8 {main}
CRITICAL - 2020-05-19 07:48:09 --> Undefined index: STRENGTHBONUS
#0 C:\xampp\htdocs\warhammer\app\Views\chat.php(148): CodeIgniter\Debug\Exceptions->errorHandler(8, 'Undefined index...', 'C:\\xampp\\htdocs...', 148, Array)
#1 C:\xampp\htdocs\warhammer\vendor\codeigniter4\framework\system\View\View.php(236): include('C:\\xampp\\htdocs...')
#2 C:\xampp\htdocs\warhammer\vendor\codeigniter4\framework\system\Common.php(1071): CodeIgniter\View\View->render('chat', Array, true)
#3 C:\xampp\htdocs\warhammer\app\Controllers\Chat.php(62): view('chat', Array)
#4 C:\xampp\htdocs\warhammer\vendor\codeigniter4\framework\system\CodeIgniter.php(910): App\Controllers\Chat->index()
#5 C:\xampp\htdocs\warhammer\vendor\codeigniter4\framework\system\CodeIgniter.php(398): CodeIgniter\CodeIgniter->runController(Object(App\Controllers\Chat))
#6 C:\xampp\htdocs\warhammer\vendor\codeigniter4\framework\system\CodeIgniter.php(306): CodeIgniter\CodeIgniter->handleRequest(NULL, Object(Config\Cache), false)
#7 C:\xampp\htdocs\warhammer\public\index.php(45): CodeIgniter\CodeIgniter->run()
#8 {main}
CRITICAL - 2020-05-19 07:54:46 --> Undefined variable: sreturn
#0 C:\xampp\htdocs\warhammer\app\Models\ChatsModel.php(82): CodeIgniter\Debug\Exceptions->errorHandler(8, 'Undefined varia...', 'C:\\xampp\\htdocs...', 82, Array)
#1 C:\xampp\htdocs\warhammer\app\Controllers\Chat.php(53): App\Models\ChatsModel->getAvaibleSkills('3,9|20,10(2),12...')
#2 C:\xampp\htdocs\warhammer\vendor\codeigniter4\framework\system\CodeIgniter.php(910): App\Controllers\Chat->index()
#3 C:\xampp\htdocs\warhammer\vendor\codeigniter4\framework\system\CodeIgniter.php(398): CodeIgniter\CodeIgniter->runController(Object(App\Controllers\Chat))
#4 C:\xampp\htdocs\warhammer\vendor\codeigniter4\framework\system\CodeIgniter.php(306): CodeIgniter\CodeIgniter->handleRequest(NULL, Object(Config\Cache), false)
#5 C:\xampp\htdocs\warhammer\public\index.php(45): CodeIgniter\CodeIgniter->run()
#6 {main}
CRITICAL - 2020-05-19 07:54:47 --> Undefined variable: sreturn
#0 C:\xampp\htdocs\warhammer\app\Models\ChatsModel.php(82): CodeIgniter\Debug\Exceptions->errorHandler(8, 'Undefined varia...', 'C:\\xampp\\htdocs...', 82, Array)
#1 C:\xampp\htdocs\warhammer\app\Controllers\Chat.php(53): App\Models\ChatsModel->getAvaibleSkills('3,9|20,10(2),12...')
#2 C:\xampp\htdocs\warhammer\vendor\codeigniter4\framework\system\CodeIgniter.php(910): App\Controllers\Chat->index()
#3 C:\xampp\htdocs\warhammer\vendor\codeigniter4\framework\system\CodeIgniter.php(398): CodeIgniter\CodeIgniter->runController(Object(App\Controllers\Chat))
#4 C:\xampp\htdocs\warhammer\vendor\codeigniter4\framework\system\CodeIgniter.php(306): CodeIgniter\CodeIgniter->handleRequest(NULL, Object(Config\Cache), false)
#5 C:\xampp\htdocs\warhammer\public\index.php(45): CodeIgniter\CodeIgniter->run()
#6 {main}
CRITICAL - 2020-05-19 07:54:56 --> Undefined variable: d
#0 C:\xampp\htdocs\warhammer\app\Models\ChatsModel.php(81): CodeIgniter\Debug\Exceptions->errorHandler(8, 'Undefined varia...', 'C:\\xampp\\htdocs...', 81, Array)
#1 C:\xampp\htdocs\warhammer\app\Controllers\Chat.php(53): App\Models\ChatsModel->getAvaibleSkills('3,9|20,10(2),12...')
#2 C:\xampp\htdocs\warhammer\vendor\codeigniter4\framework\system\CodeIgniter.php(910): App\Controllers\Chat->index()
#3 C:\xampp\htdocs\warhammer\vendor\codeigniter4\framework\system\CodeIgniter.php(398): CodeIgniter\CodeIgniter->runController(Object(App\Controllers\Chat))
#4 C:\xampp\htdocs\warhammer\vendor\codeigniter4\framework\system\CodeIgniter.php(306): CodeIgniter\CodeIgniter->handleRequest(NULL, Object(Config\Cache), false)
#5 C:\xampp\htdocs\warhammer\public\index.php(45): CodeIgniter\CodeIgniter->run()
#6 {main}
CRITICAL - 2020-05-19 07:54:57 --> Undefined variable: d
#0 C:\xampp\htdocs\warhammer\app\Models\ChatsModel.php(81): CodeIgniter\Debug\Exceptions->errorHandler(8, 'Undefined varia...', 'C:\\xampp\\htdocs...', 81, Array)
#1 C:\xampp\htdocs\warhammer\app\Controllers\Chat.php(53): App\Models\ChatsModel->getAvaibleSkills('3,9|20,10(2),12...')
#2 C:\xampp\htdocs\warhammer\vendor\codeigniter4\framework\system\CodeIgniter.php(910): App\Controllers\Chat->index()
#3 C:\xampp\htdocs\warhammer\vendor\codeigniter4\framework\system\CodeIgniter.php(398): CodeIgniter\CodeIgniter->runController(Object(App\Controllers\Chat))
#4 C:\xampp\htdocs\warhammer\vendor\codeigniter4\framework\system\CodeIgniter.php(306): CodeIgniter\CodeIgniter->handleRequest(NULL, Object(Config\Cache), false)
#5 C:\xampp\htdocs\warhammer\public\index.php(45): CodeIgniter\CodeIgniter->run()
#6 {main}
CRITICAL - 2020-05-19 07:55:19 --> Undefined offset: 0
#0 C:\xampp\htdocs\warhammer\app\Models\ChatsModel.php(81): CodeIgniter\Debug\Exceptions->errorHandler(8, 'Undefined offse...', 'C:\\xampp\\htdocs...', 81, Array)
#1 C:\xampp\htdocs\warhammer\app\Controllers\Chat.php(53): App\Models\ChatsModel->getAvaibleSkills('3,9|20,10(2),12...')
#2 C:\xampp\htdocs\warhammer\vendor\codeigniter4\framework\system\CodeIgniter.php(910): App\Controllers\Chat->index()
#3 C:\xampp\htdocs\warhammer\vendor\codeigniter4\framework\system\CodeIgniter.php(398): CodeIgniter\CodeIgniter->runController(Object(App\Controllers\Chat))
#4 C:\xampp\htdocs\warhammer\vendor\codeigniter4\framework\system\CodeIgniter.php(306): CodeIgniter\CodeIgniter->handleRequest(NULL, Object(Config\Cache), false)
#5 C:\xampp\htdocs\warhammer\public\index.php(45): CodeIgniter\CodeIgniter->run()
#6 {main}
CRITICAL - 2020-05-19 07:55:50 --> Undefined index: STRENGTHBONUS
#0 C:\xampp\htdocs\warhammer\app\Views\chat.php(148): CodeIgniter\Debug\Exceptions->errorHandler(8, 'Undefined index...', 'C:\\xampp\\htdocs...', 148, Array)
#1 C:\xampp\htdocs\warhammer\vendor\codeigniter4\framework\system\View\View.php(236): include('C:\\xampp\\htdocs...')
#2 C:\xampp\htdocs\warhammer\vendor\codeigniter4\framework\system\Common.php(1071): CodeIgniter\View\View->render('chat', Array, true)
#3 C:\xampp\htdocs\warhammer\app\Controllers\Chat.php(62): view('chat', Array)
#4 C:\xampp\htdocs\warhammer\vendor\codeigniter4\framework\system\CodeIgniter.php(910): App\Controllers\Chat->index()
#5 C:\xampp\htdocs\warhammer\vendor\codeigniter4\framework\system\CodeIgniter.php(398): CodeIgniter\CodeIgniter->runController(Object(App\Controllers\Chat))
#6 C:\xampp\htdocs\warhammer\vendor\codeigniter4\framework\system\CodeIgniter.php(306): CodeIgniter\CodeIgniter->handleRequest(NULL, Object(Config\Cache), false)
#7 C:\xampp\htdocs\warhammer\public\index.php(45): CodeIgniter\CodeIgniter->run()
#8 {main}
CRITICAL - 2020-05-19 07:56:23 --> Undefined variable: S
#0 C:\xampp\htdocs\warhammer\app\Models\ChatsModel.php(99): CodeIgniter\Debug\Exceptions->errorHandler(8, 'Undefined varia...', 'C:\\xampp\\htdocs...', 99, Array)
#1 C:\xampp\htdocs\warhammer\app\Controllers\Chat.php(53): App\Models\ChatsModel->getAvaibleSkills('3,9|20,10(2),12...')
#2 C:\xampp\htdocs\warhammer\vendor\codeigniter4\framework\system\CodeIgniter.php(910): App\Controllers\Chat->index()
#3 C:\xampp\htdocs\warhammer\vendor\codeigniter4\framework\system\CodeIgniter.php(398): CodeIgniter\CodeIgniter->runController(Object(App\Controllers\Chat))
#4 C:\xampp\htdocs\warhammer\vendor\codeigniter4\framework\system\CodeIgniter.php(306): CodeIgniter\CodeIgniter->handleRequest(NULL, Object(Config\Cache), false)
#5 C:\xampp\htdocs\warhammer\public\index.php(45): CodeIgniter\CodeIgniter->run()
#6 {main}
CRITICAL - 2020-05-19 07:57:07 --> Undefined offset: 0
#0 C:\xampp\htdocs\warhammer\app\Models\ChatsModel.php(99): CodeIgniter\Debug\Exceptions->errorHandler(8, 'Undefined offse...', 'C:\\xampp\\htdocs...', 99, Array)
#1 C:\xampp\htdocs\warhammer\app\Controllers\Chat.php(53): App\Models\ChatsModel->getAvaibleSkills('3,9|20,10(2),12...')
#2 C:\xampp\htdocs\warhammer\vendor\codeigniter4\framework\system\CodeIgniter.php(910): App\Controllers\Chat->index()
#3 C:\xampp\htdocs\warhammer\vendor\codeigniter4\framework\system\CodeIgniter.php(398): CodeIgniter\CodeIgniter->runController(Object(App\Controllers\Chat))
#4 C:\xampp\htdocs\warhammer\vendor\codeigniter4\framework\system\CodeIgniter.php(306): CodeIgniter\CodeIgniter->handleRequest(NULL, Object(Config\Cache), false)
#5 C:\xampp\htdocs\warhammer\public\index.php(45): CodeIgniter\CodeIgniter->run()
#6 {main}
CRITICAL - 2020-05-19 07:57:59 --> Undefined index: STRENGTHBONUS
#0 C:\xampp\htdocs\warhammer\app\Views\chat.php(148): CodeIgniter\Debug\Exceptions->errorHandler(8, 'Undefined index...', 'C:\\xampp\\htdocs...', 148, Array)
#1 C:\xampp\htdocs\warhammer\vendor\codeigniter4\framework\system\View\View.php(236): include('C:\\xampp\\htdocs...')
#2 C:\xampp\htdocs\warhammer\vendor\codeigniter4\framework\system\Common.php(1071): CodeIgniter\View\View->render('chat', Array, true)
#3 C:\xampp\htdocs\warhammer\app\Controllers\Chat.php(62): view('chat', Array)
#4 C:\xampp\htdocs\warhammer\vendor\codeigniter4\framework\system\CodeIgniter.php(910): App\Controllers\Chat->index()
#5 C:\xampp\htdocs\warhammer\vendor\codeigniter4\framework\system\CodeIgniter.php(398): CodeIgniter\CodeIgniter->runController(Object(App\Controllers\Chat))
#6 C:\xampp\htdocs\warhammer\vendor\codeigniter4\framework\system\CodeIgniter.php(306): CodeIgniter\CodeIgniter->handleRequest(NULL, Object(Config\Cache), false)
#7 C:\xampp\htdocs\warhammer\public\index.php(45): CodeIgniter\CodeIgniter->run()
#8 {main}
CRITICAL - 2020-05-19 07:58:24 --> Undefined variable: skillBaseName
#0 C:\xampp\htdocs\warhammer\app\Models\ChatsModel.php(111): CodeIgniter\Debug\Exceptions->errorHandler(8, 'Undefined varia...', 'C:\\xampp\\htdocs...', 111, Array)
#1 C:\xampp\htdocs\warhammer\app\Controllers\Chat.php(53): App\Models\ChatsModel->getAvaibleSkills('3,9|20,10(2),12...')
#2 C:\xampp\htdocs\warhammer\vendor\codeigniter4\framework\system\CodeIgniter.php(910): App\Controllers\Chat->index()
#3 C:\xampp\htdocs\warhammer\vendor\codeigniter4\framework\system\CodeIgniter.php(398): CodeIgniter\CodeIgniter->runController(Object(App\Controllers\Chat))
#4 C:\xampp\htdocs\warhammer\vendor\codeigniter4\framework\system\CodeIgniter.php(306): CodeIgniter\CodeIgniter->handleRequest(NULL, Object(Config\Cache), false)
#5 C:\xampp\htdocs\warhammer\public\index.php(45): CodeIgniter\CodeIgniter->run()
#6 {main}
CRITICAL - 2020-05-19 07:59:03 --> Undefined index: STRENGTHBONUS
#0 C:\xampp\htdocs\warhammer\app\Views\chat.php(148): CodeIgniter\Debug\Exceptions->errorHandler(8, 'Undefined index...', 'C:\\xampp\\htdocs...', 148, Array)
#1 C:\xampp\htdocs\warhammer\vendor\codeigniter4\framework\system\View\View.php(236): include('C:\\xampp\\htdocs...')
#2 C:\xampp\htdocs\warhammer\vendor\codeigniter4\framework\system\Common.php(1071): CodeIgniter\View\View->render('chat', Array, true)
#3 C:\xampp\htdocs\warhammer\app\Controllers\Chat.php(62): view('chat', Array)
#4 C:\xampp\htdocs\warhammer\vendor\codeigniter4\framework\system\CodeIgniter.php(910): App\Controllers\Chat->index()
#5 C:\xampp\htdocs\warhammer\vendor\codeigniter4\framework\system\CodeIgniter.php(398): CodeIgniter\CodeIgniter->runController(Object(App\Controllers\Chat))
#6 C:\xampp\htdocs\warhammer\vendor\codeigniter4\framework\system\CodeIgniter.php(306): CodeIgniter\CodeIgniter->handleRequest(NULL, Object(Config\Cache), false)
#7 C:\xampp\htdocs\warhammer\public\index.php(45): CodeIgniter\CodeIgniter->run()
#8 {main}
CRITICAL - 2020-05-19 08:00:31 --> Undefined index: STRENGTHBONUS
#0 C:\xampp\htdocs\warhammer\app\Views\chat.php(148): CodeIgniter\Debug\Exceptions->errorHandler(8, 'Undefined index...', 'C:\\xampp\\htdocs...', 148, Array)
#1 C:\xampp\htdocs\warhammer\vendor\codeigniter4\framework\system\View\View.php(236): include('C:\\xampp\\htdocs...')
#2 C:\xampp\htdocs\warhammer\vendor\codeigniter4\framework\system\Common.php(1071): CodeIgniter\View\View->render('chat', Array, true)
#3 C:\xampp\htdocs\warhammer\app\Controllers\Chat.php(62): view('chat', Array)
#4 C:\xampp\htdocs\warhammer\vendor\codeigniter4\framework\system\CodeIgniter.php(910): App\Controllers\Chat->index()
#5 C:\xampp\htdocs\warhammer\vendor\codeigniter4\framework\system\CodeIgniter.php(398): CodeIgniter\CodeIgniter->runController(Object(App\Controllers\Chat))
#6 C:\xampp\htdocs\warhammer\vendor\codeigniter4\framework\system\CodeIgniter.php(306): CodeIgniter\CodeIgniter->handleRequest(NULL, Object(Config\Cache), false)
#7 C:\xampp\htdocs\warhammer\public\index.php(45): CodeIgniter\CodeIgniter->run()
#8 {main}
CRITICAL - 2020-05-19 08:01:40 --> Undefined index: STRENGTHBONUS
#0 C:\xampp\htdocs\warhammer\app\Views\chat.php(148): CodeIgniter\Debug\Exceptions->errorHandler(8, 'Undefined index...', 'C:\\xampp\\htdocs...', 148, Array)
#1 C:\xampp\htdocs\warhammer\vendor\codeigniter4\framework\system\View\View.php(236): include('C:\\xampp\\htdocs...')
#2 C:\xampp\htdocs\warhammer\vendor\codeigniter4\framework\system\Common.php(1071): CodeIgniter\View\View->render('chat', Array, true)
#3 C:\xampp\htdocs\warhammer\app\Controllers\Chat.php(62): view('chat', Array)
#4 C:\xampp\htdocs\warhammer\vendor\codeigniter4\framework\system\CodeIgniter.php(910): App\Controllers\Chat->index()
#5 C:\xampp\htdocs\warhammer\vendor\codeigniter4\framework\system\CodeIgniter.php(398): CodeIgniter\CodeIgniter->runController(Object(App\Controllers\Chat))
#6 C:\xampp\htdocs\warhammer\vendor\codeigniter4\framework\system\CodeIgniter.php(306): CodeIgniter\CodeIgniter->handleRequest(NULL, Object(Config\Cache), false)
#7 C:\xampp\htdocs\warhammer\public\index.php(45): CodeIgniter\CodeIgniter->run()
#8 {main}
CRITICAL - 2020-05-19 08:02:28 --> Undefined index: STRENGTHBONUS
#0 C:\xampp\htdocs\warhammer\app\Views\chat.php(148): CodeIgniter\Debug\Exceptions->errorHandler(8, 'Undefined index...', 'C:\\xampp\\htdocs...', 148, Array)
#1 C:\xampp\htdocs\warhammer\vendor\codeigniter4\framework\system\View\View.php(236): include('C:\\xampp\\htdocs...')
#2 C:\xampp\htdocs\warhammer\vendor\codeigniter4\framework\system\Common.php(1071): CodeIgniter\View\View->render('chat', Array, true)
#3 C:\xampp\htdocs\warhammer\app\Controllers\Chat.php(62): view('chat', Array)
#4 C:\xampp\htdocs\warhammer\vendor\codeigniter4\framework\system\CodeIgniter.php(910): App\Controllers\Chat->index()
#5 C:\xampp\htdocs\warhammer\vendor\codeigniter4\framework\system\CodeIgniter.php(398): CodeIgniter\CodeIgniter->runController(Object(App\Controllers\Chat))
#6 C:\xampp\htdocs\warhammer\vendor\codeigniter4\framework\system\CodeIgniter.php(306): CodeIgniter\CodeIgniter->handleRequest(NULL, Object(Config\Cache), false)
#7 C:\xampp\htdocs\warhammer\public\index.php(45): CodeIgniter\CodeIgniter->run()
#8 {main}
CRITICAL - 2020-05-19 08:03:59 --> preg_replace(): Compilation failed: missing closing parenthesis at offset 7
#0 [internal function]: CodeIgniter\Debug\Exceptions->errorHandler(2, 'preg_replace():...', 'C:\\xampp\\htdocs...', 100, Array)
#1 C:\xampp\htdocs\warhammer\app\Models\ChatsModel.php(100): preg_replace('#\\ (.+\\)#', '', 'J\xC4\x99zyk tajemny')
#2 C:\xampp\htdocs\warhammer\app\Controllers\Chat.php(53): App\Models\ChatsModel->getAvaibleSkills('3,9|20,10(2),12...')
#3 C:\xampp\htdocs\warhammer\vendor\codeigniter4\framework\system\CodeIgniter.php(910): App\Controllers\Chat->index()
#4 C:\xampp\htdocs\warhammer\vendor\codeigniter4\framework\system\CodeIgniter.php(398): CodeIgniter\CodeIgniter->runController(Object(App\Controllers\Chat))
#5 C:\xampp\htdocs\warhammer\vendor\codeigniter4\framework\system\CodeIgniter.php(306): CodeIgniter\CodeIgniter->handleRequest(NULL, Object(Config\Cache), false)
#6 C:\xampp\htdocs\warhammer\public\index.php(45): CodeIgniter\CodeIgniter->run()
#7 {main}
CRITICAL - 2020-05-19 08:04:08 --> Undefined index: STRENGTHBONUS
#0 C:\xampp\htdocs\warhammer\app\Views\chat.php(148): CodeIgniter\Debug\Exceptions->errorHandler(8, 'Undefined index...', 'C:\\xampp\\htdocs...', 148, Array)
#1 C:\xampp\htdocs\warhammer\vendor\codeigniter4\framework\system\View\View.php(236): include('C:\\xampp\\htdocs...')
#2 C:\xampp\htdocs\warhammer\vendor\codeigniter4\framework\system\Common.php(1071): CodeIgniter\View\View->render('chat', Array, true)
#3 C:\xampp\htdocs\warhammer\app\Controllers\Chat.php(62): view('chat', Array)
#4 C:\xampp\htdocs\warhammer\vendor\codeigniter4\framework\system\CodeIgniter.php(910): App\Controllers\Chat->index()
#5 C:\xampp\htdocs\warhammer\vendor\codeigniter4\framework\system\CodeIgniter.php(398): CodeIgniter\CodeIgniter->runController(Object(App\Controllers\Chat))
#6 C:\xampp\htdocs\warhammer\vendor\codeigniter4\framework\system\CodeIgniter.php(306): CodeIgniter\CodeIgniter->handleRequest(NULL, Object(Config\Cache), false)
#7 C:\xampp\htdocs\warhammer\public\index.php(45): CodeIgniter\CodeIgniter->run()
#8 {main}
CRITICAL - 2020-05-19 08:04:27 --> Undefined index: STRENGTHBONUS
#0 C:\xampp\htdocs\warhammer\app\Views\chat.php(148): CodeIgniter\Debug\Exceptions->errorHandler(8, 'Undefined index...', 'C:\\xampp\\htdocs...', 148, Array)
#1 C:\xampp\htdocs\warhammer\vendor\codeigniter4\framework\system\View\View.php(236): include('C:\\xampp\\htdocs...')
#2 C:\xampp\htdocs\warhammer\vendor\codeigniter4\framework\system\Common.php(1071): CodeIgniter\View\View->render('chat', Array, true)
#3 C:\xampp\htdocs\warhammer\app\Controllers\Chat.php(62): view('chat', Array)
#4 C:\xampp\htdocs\warhammer\vendor\codeigniter4\framework\system\CodeIgniter.php(910): App\Controllers\Chat->index()
#5 C:\xampp\htdocs\warhammer\vendor\codeigniter4\framework\system\CodeIgniter.php(398): CodeIgniter\CodeIgniter->runController(Object(App\Controllers\Chat))
#6 C:\xampp\htdocs\warhammer\vendor\codeigniter4\framework\system\CodeIgniter.php(306): CodeIgniter\CodeIgniter->handleRequest(NULL, Object(Config\Cache), false)
#7 C:\xampp\htdocs\warhammer\public\index.php(45): CodeIgniter\CodeIgniter->run()
#8 {main}
CRITICAL - 2020-05-19 08:05:17 --> Undefined index: STRENGTHBONUS
#0 C:\xampp\htdocs\warhammer\app\Views\chat.php(148): CodeIgniter\Debug\Exceptions->errorHandler(8, 'Undefined index...', 'C:\\xampp\\htdocs...', 148, Array)
#1 C:\xampp\htdocs\warhammer\vendor\codeigniter4\framework\system\View\View.php(236): include('C:\\xampp\\htdocs...')
#2 C:\xampp\htdocs\warhammer\vendor\codeigniter4\framework\system\Common.php(1071): CodeIgniter\View\View->render('chat', Array, true)
#3 C:\xampp\htdocs\warhammer\app\Controllers\Chat.php(62): view('chat', Array)
#4 C:\xampp\htdocs\warhammer\vendor\codeigniter4\framework\system\CodeIgniter.php(910): App\Controllers\Chat->index()
#5 C:\xampp\htdocs\warhammer\vendor\codeigniter4\framework\system\CodeIgniter.php(398): CodeIgniter\CodeIgniter->runController(Object(App\Controllers\Chat))
#6 C:\xampp\htdocs\warhammer\vendor\codeigniter4\framework\system\CodeIgniter.php(306): CodeIgniter\CodeIgniter->handleRequest(NULL, Object(Config\Cache), false)
#7 C:\xampp\htdocs\warhammer\public\index.php(45): CodeIgniter\CodeIgniter->run()
#8 {main}
CRITICAL - 2020-05-19 08:05:27 --> Undefined index: STRENGTHBONUS
#0 C:\xampp\htdocs\warhammer\app\Views\chat.php(148): CodeIgniter\Debug\Exceptions->errorHandler(8, 'Undefined index...', 'C:\\xampp\\htdocs...', 148, Array)
#1 C:\xampp\htdocs\warhammer\vendor\codeigniter4\framework\system\View\View.php(236): include('C:\\xampp\\htdocs...')
#2 C:\xampp\htdocs\warhammer\vendor\codeigniter4\framework\system\Common.php(1071): CodeIgniter\View\View->render('chat', Array, true)
#3 C:\xampp\htdocs\warhammer\app\Controllers\Chat.php(62): view('chat', Array)
#4 C:\xampp\htdocs\warhammer\vendor\codeigniter4\framework\system\CodeIgniter.php(910): App\Controllers\Chat->index()
#5 C:\xampp\htdocs\warhammer\vendor\codeigniter4\framework\system\CodeIgniter.php(398): CodeIgniter\CodeIgniter->runController(Object(App\Controllers\Chat))
#6 C:\xampp\htdocs\warhammer\vendor\codeigniter4\framework\system\CodeIgniter.php(306): CodeIgniter\CodeIgniter->handleRequest(NULL, Object(Config\Cache), false)
#7 C:\xampp\htdocs\warhammer\public\index.php(45): CodeIgniter\CodeIgniter->run()
#8 {main}
CRITICAL - 2020-05-19 08:05:54 --> Undefined index: STRENGTHBONUS
#0 C:\xampp\htdocs\warhammer\app\Views\chat.php(148): CodeIgniter\Debug\Exceptions->errorHandler(8, 'Undefined index...', 'C:\\xampp\\htdocs...', 148, Array)
#1 C:\xampp\htdocs\warhammer\vendor\codeigniter4\framework\system\View\View.php(236): include('C:\\xampp\\htdocs...')
#2 C:\xampp\htdocs\warhammer\vendor\codeigniter4\framework\system\Common.php(1071): CodeIgniter\View\View->render('chat', Array, true)
#3 C:\xampp\htdocs\warhammer\app\Controllers\Chat.php(62): view('chat', Array)
#4 C:\xampp\htdocs\warhammer\vendor\codeigniter4\framework\system\CodeIgniter.php(910): App\Controllers\Chat->index()
#5 C:\xampp\htdocs\warhammer\vendor\codeigniter4\framework\system\CodeIgniter.php(398): CodeIgniter\CodeIgniter->runController(Object(App\Controllers\Chat))
#6 C:\xampp\htdocs\warhammer\vendor\codeigniter4\framework\system\CodeIgniter.php(306): CodeIgniter\CodeIgniter->handleRequest(NULL, Object(Config\Cache), false)
#7 C:\xampp\htdocs\warhammer\public\index.php(45): CodeIgniter\CodeIgniter->run()
#8 {main}
CRITICAL - 2020-05-19 08:06:34 --> Undefined offset: -1
#0 C:\xampp\htdocs\warhammer\app\Models\ChatsModel.php(100): CodeIgniter\Debug\Exceptions->errorHandler(8, 'Undefined offse...', 'C:\\xampp\\htdocs...', 100, Array)
#1 C:\xampp\htdocs\warhammer\app\Controllers\Chat.php(53): App\Models\ChatsModel->getAvaibleSkills('3,9|20,10(2),12...')
#2 C:\xampp\htdocs\warhammer\vendor\codeigniter4\framework\system\CodeIgniter.php(910): App\Controllers\Chat->index()
#3 C:\xampp\htdocs\warhammer\vendor\codeigniter4\framework\system\CodeIgniter.php(398): CodeIgniter\CodeIgniter->runController(Object(App\Controllers\Chat))
#4 C:\xampp\htdocs\warhammer\vendor\codeigniter4\framework\system\CodeIgniter.php(306): CodeIgniter\CodeIgniter->handleRequest(NULL, Object(Config\Cache), false)
#5 C:\xampp\htdocs\warhammer\public\index.php(45): CodeIgniter\CodeIgniter->run()
#6 {main}
CRITICAL - 2020-05-19 08:06:41 --> Undefined index: STRENGTHBONUS
#0 C:\xampp\htdocs\warhammer\app\Views\chat.php(148): CodeIgniter\Debug\Exceptions->errorHandler(8, 'Undefined index...', 'C:\\xampp\\htdocs...', 148, Array)
#1 C:\xampp\htdocs\warhammer\vendor\codeigniter4\framework\system\View\View.php(236): include('C:\\xampp\\htdocs...')
#2 C:\xampp\htdocs\warhammer\vendor\codeigniter4\framework\system\Common.php(1071): CodeIgniter\View\View->render('chat', Array, true)
#3 C:\xampp\htdocs\warhammer\app\Controllers\Chat.php(62): view('chat', Array)
#4 C:\xampp\htdocs\warhammer\vendor\codeigniter4\framework\system\CodeIgniter.php(910): App\Controllers\Chat->index()
#5 C:\xampp\htdocs\warhammer\vendor\codeigniter4\framework\system\CodeIgniter.php(398): CodeIgniter\CodeIgniter->runController(Object(App\Controllers\Chat))
#6 C:\xampp\htdocs\warhammer\vendor\codeigniter4\framework\system\CodeIgniter.php(306): CodeIgniter\CodeIgniter->handleRequest(NULL, Object(Config\Cache), false)
#7 C:\xampp\htdocs\warhammer\public\index.php(45): CodeIgniter\CodeIgniter->run()
#8 {main}
CRITICAL - 2020-05-19 08:06:52 --> Undefined index: STRENGTHBONUS
#0 C:\xampp\htdocs\warhammer\app\Views\chat.php(148): CodeIgniter\Debug\Exceptions->errorHandler(8, 'Undefined index...', 'C:\\xampp\\htdocs...', 148, Array)
#1 C:\xampp\htdocs\warhammer\vendor\codeigniter4\framework\system\View\View.php(236): include('C:\\xampp\\htdocs...')
#2 C:\xampp\htdocs\warhammer\vendor\codeigniter4\framework\system\Common.php(1071): CodeIgniter\View\View->render('chat', Array, true)
#3 C:\xampp\htdocs\warhammer\app\Controllers\Chat.php(62): view('chat', Array)
#4 C:\xampp\htdocs\warhammer\vendor\codeigniter4\framework\system\CodeIgniter.php(910): App\Controllers\Chat->index()
#5 C:\xampp\htdocs\warhammer\vendor\codeigniter4\framework\system\CodeIgniter.php(398): CodeIgniter\CodeIgniter->runController(Object(App\Controllers\Chat))
#6 C:\xampp\htdocs\warhammer\vendor\codeigniter4\framework\system\CodeIgniter.php(306): CodeIgniter\CodeIgniter->handleRequest(NULL, Object(Config\Cache), false)
#7 C:\xampp\htdocs\warhammer\public\index.php(45): CodeIgniter\CodeIgniter->run()
#8 {main}
CRITICAL - 2020-05-19 08:08:22 --> Undefined index: STRENGTHBONUS
#0 C:\xampp\htdocs\warhammer\app\Views\chat.php(148): CodeIgniter\Debug\Exceptions->errorHandler(8, 'Undefined index...', 'C:\\xampp\\htdocs...', 148, Array)
#1 C:\xampp\htdocs\warhammer\vendor\codeigniter4\framework\system\View\View.php(236): include('C:\\xampp\\htdocs...')
#2 C:\xampp\htdocs\warhammer\vendor\codeigniter4\framework\system\Common.php(1071): CodeIgniter\View\View->render('chat', Array, true)
#3 C:\xampp\htdocs\warhammer\app\Controllers\Chat.php(62): view('chat', Array)
#4 C:\xampp\htdocs\warhammer\vendor\codeigniter4\framework\system\CodeIgniter.php(910): App\Controllers\Chat->index()
#5 C:\xampp\htdocs\warhammer\vendor\codeigniter4\framework\system\CodeIgniter.php(398): CodeIgniter\CodeIgniter->runController(Object(App\Controllers\Chat))
#6 C:\xampp\htdocs\warhammer\vendor\codeigniter4\framework\system\CodeIgniter.php(306): CodeIgniter\CodeIgniter->handleRequest(NULL, Object(Config\Cache), false)
#7 C:\xampp\htdocs\warhammer\public\index.php(45): CodeIgniter\CodeIgniter->run()
#8 {main}
CRITICAL - 2020-05-19 08:09:09 --> Undefined index: STRENGTHBONUS
#0 C:\xampp\htdocs\warhammer\app\Views\chat.php(148): CodeIgniter\Debug\Exceptions->errorHandler(8, 'Undefined index...', 'C:\\xampp\\htdocs...', 148, Array)
#1 C:\xampp\htdocs\warhammer\vendor\codeigniter4\framework\system\View\View.php(236): include('C:\\xampp\\htdocs...')
#2 C:\xampp\htdocs\warhammer\vendor\codeigniter4\framework\system\Common.php(1071): CodeIgniter\View\View->render('chat', Array, true)
#3 C:\xampp\htdocs\warhammer\app\Controllers\Chat.php(62): view('chat', Array)
#4 C:\xampp\htdocs\warhammer\vendor\codeigniter4\framework\system\CodeIgniter.php(910): App\Controllers\Chat->index()
#5 C:\xampp\htdocs\warhammer\vendor\codeigniter4\framework\system\CodeIgniter.php(398): CodeIgniter\CodeIgniter->runController(Object(App\Controllers\Chat))
#6 C:\xampp\htdocs\warhammer\vendor\codeigniter4\framework\system\CodeIgniter.php(306): CodeIgniter\CodeIgniter->handleRequest(NULL, Object(Config\Cache), false)
#7 C:\xampp\htdocs\warhammer\public\index.php(45): CodeIgniter\CodeIgniter->run()
#8 {main}
CRITICAL - 2020-05-19 08:09:34 --> Undefined index: STRENGTHBONUS
#0 C:\xampp\htdocs\warhammer\app\Views\chat.php(148): CodeIgniter\Debug\Exceptions->errorHandler(8, 'Undefined index...', 'C:\\xampp\\htdocs...', 148, Array)
#1 C:\xampp\htdocs\warhammer\vendor\codeigniter4\framework\system\View\View.php(236): include('C:\\xampp\\htdocs...')
#2 C:\xampp\htdocs\warhammer\vendor\codeigniter4\framework\system\Common.php(1071): CodeIgniter\View\View->render('chat', Array, true)
#3 C:\xampp\htdocs\warhammer\app\Controllers\Chat.php(62): view('chat', Array)
#4 C:\xampp\htdocs\warhammer\vendor\codeigniter4\framework\system\CodeIgniter.php(910): App\Controllers\Chat->index()
#5 C:\xampp\htdocs\warhammer\vendor\codeigniter4\framework\system\CodeIgniter.php(398): CodeIgniter\CodeIgniter->runController(Object(App\Controllers\Chat))
#6 C:\xampp\htdocs\warhammer\vendor\codeigniter4\framework\system\CodeIgniter.php(306): CodeIgniter\CodeIgniter->handleRequest(NULL, Object(Config\Cache), false)
#7 C:\xampp\htdocs\warhammer\public\index.php(45): CodeIgniter\CodeIgniter->run()
#8 {main}
CRITICAL - 2020-05-19 08:10:18 --> Undefined index: STRENGTHBONUS
#0 C:\xampp\htdocs\warhammer\app\Views\chat.php(148): CodeIgniter\Debug\Exceptions->errorHandler(8, 'Undefined index...', 'C:\\xampp\\htdocs...', 148, Array)
#1 C:\xampp\htdocs\warhammer\vendor\codeigniter4\framework\system\View\View.php(236): include('C:\\xampp\\htdocs...')
#2 C:\xampp\htdocs\warhammer\vendor\codeigniter4\framework\system\Common.php(1071): CodeIgniter\View\View->render('chat', Array, true)
#3 C:\xampp\htdocs\warhammer\app\Controllers\Chat.php(62): view('chat', Array)
#4 C:\xampp\htdocs\warhammer\vendor\codeigniter4\framework\system\CodeIgniter.php(910): App\Controllers\Chat->index()
#5 C:\xampp\htdocs\warhammer\vendor\codeigniter4\framework\system\CodeIgniter.php(398): CodeIgniter\CodeIgniter->runController(Object(App\Controllers\Chat))
#6 C:\xampp\htdocs\warhammer\vendor\codeigniter4\framework\system\CodeIgniter.php(306): CodeIgniter\CodeIgniter->handleRequest(NULL, Object(Config\Cache), false)
#7 C:\xampp\htdocs\warhammer\public\index.php(45): CodeIgniter\CodeIgniter->run()
#8 {main}
CRITICAL - 2020-05-19 08:12:24 --> Undefined index: STRENGTHBONUS
#0 C:\xampp\htdocs\warhammer\app\Views\chat.php(148): CodeIgniter\Debug\Exceptions->errorHandler(8, 'Undefined index...', 'C:\\xampp\\htdocs...', 148, Array)
#1 C:\xampp\htdocs\warhammer\vendor\codeigniter4\framework\system\View\View.php(236): include('C:\\xampp\\htdocs...')
#2 C:\xampp\htdocs\warhammer\vendor\codeigniter4\framework\system\Common.php(1071): CodeIgniter\View\View->render('chat', Array, true)
#3 C:\xampp\htdocs\warhammer\app\Controllers\Chat.php(62): view('chat', Array)
#4 C:\xampp\htdocs\warhammer\vendor\codeigniter4\framework\system\CodeIgniter.php(910): App\Controllers\Chat->index()
#5 C:\xampp\htdocs\warhammer\vendor\codeigniter4\framework\system\CodeIgniter.php(398): CodeIgniter\CodeIgniter->runController(Object(App\Controllers\Chat))
#6 C:\xampp\htdocs\warhammer\vendor\codeigniter4\framework\system\CodeIgniter.php(306): CodeIgniter\CodeIgniter->handleRequest(NULL, Object(Config\Cache), false)
#7 C:\xampp\htdocs\warhammer\public\index.php(45): CodeIgniter\CodeIgniter->run()
#8 {main}
CRITICAL - 2020-05-19 08:12:51 --> Undefined offset: 0
#0 C:\xampp\htdocs\warhammer\app\Models\ChatsModel.php(103): CodeIgniter\Debug\Exceptions->errorHandler(8, 'Undefined offse...', 'C:\\xampp\\htdocs...', 103, Array)
#1 C:\xampp\htdocs\warhammer\app\Controllers\Chat.php(53): App\Models\ChatsModel->getAvaibleSkills('3,9|20,10(2),12...')
#2 C:\xampp\htdocs\warhammer\vendor\codeigniter4\framework\system\CodeIgniter.php(910): App\Controllers\Chat->index()
#3 C:\xampp\htdocs\warhammer\vendor\codeigniter4\framework\system\CodeIgniter.php(398): CodeIgniter\CodeIgniter->runController(Object(App\Controllers\Chat))
#4 C:\xampp\htdocs\warhammer\vendor\codeigniter4\framework\system\CodeIgniter.php(306): CodeIgniter\CodeIgniter->handleRequest(NULL, Object(Config\Cache), false)
#5 C:\xampp\htdocs\warhammer\public\index.php(45): CodeIgniter\CodeIgniter->run()
#6 {main}
CRITICAL - 2020-05-19 08:13:27 --> Undefined index: STRENGTHBONUS
#0 C:\xampp\htdocs\warhammer\app\Views\chat.php(148): CodeIgniter\Debug\Exceptions->errorHandler(8, 'Undefined index...', 'C:\\xampp\\htdocs...', 148, Array)
#1 C:\xampp\htdocs\warhammer\vendor\codeigniter4\framework\system\View\View.php(236): include('C:\\xampp\\htdocs...')
#2 C:\xampp\htdocs\warhammer\vendor\codeigniter4\framework\system\Common.php(1071): CodeIgniter\View\View->render('chat', Array, true)
#3 C:\xampp\htdocs\warhammer\app\Controllers\Chat.php(62): view('chat', Array)
#4 C:\xampp\htdocs\warhammer\vendor\codeigniter4\framework\system\CodeIgniter.php(910): App\Controllers\Chat->index()
#5 C:\xampp\htdocs\warhammer\vendor\codeigniter4\framework\system\CodeIgniter.php(398): CodeIgniter\CodeIgniter->runController(Object(App\Controllers\Chat))
#6 C:\xampp\htdocs\warhammer\vendor\codeigniter4\framework\system\CodeIgniter.php(306): CodeIgniter\CodeIgniter->handleRequest(NULL, Object(Config\Cache), false)
#7 C:\xampp\htdocs\warhammer\public\index.php(45): CodeIgniter\CodeIgniter->run()
#8 {main}
CRITICAL - 2020-05-19 08:13:51 --> Undefined index: STRENGTHBONUS
#0 C:\xampp\htdocs\warhammer\app\Views\chat.php(148): CodeIgniter\Debug\Exceptions->errorHandler(8, 'Undefined index...', 'C:\\xampp\\htdocs...', 148, Array)
#1 C:\xampp\htdocs\warhammer\vendor\codeigniter4\framework\system\View\View.php(236): include('C:\\xampp\\htdocs...')
#2 C:\xampp\htdocs\warhammer\vendor\codeigniter4\framework\system\Common.php(1071): CodeIgniter\View\View->render('chat', Array, true)
#3 C:\xampp\htdocs\warhammer\app\Controllers\Chat.php(62): view('chat', Array)
#4 C:\xampp\htdocs\warhammer\vendor\codeigniter4\framework\system\CodeIgniter.php(910): App\Controllers\Chat->index()
#5 C:\xampp\htdocs\warhammer\vendor\codeigniter4\framework\system\CodeIgniter.php(398): CodeIgniter\CodeIgniter->runController(Object(App\Controllers\Chat))
#6 C:\xampp\htdocs\warhammer\vendor\codeigniter4\framework\system\CodeIgniter.php(306): CodeIgniter\CodeIgniter->handleRequest(NULL, Object(Config\Cache), false)
#7 C:\xampp\htdocs\warhammer\public\index.php(45): CodeIgniter\CodeIgniter->run()
#8 {main}
CRITICAL - 2020-05-19 08:14:18 --> Trying to get property 'NAME' of non-object
#0 C:\xampp\htdocs\warhammer\app\Models\ChatsModel.php(103): CodeIgniter\Debug\Exceptions->errorHandler(8, 'Trying to get p...', 'C:\\xampp\\htdocs...', 103, Array)
#1 C:\xampp\htdocs\warhammer\app\Controllers\Chat.php(53): App\Models\ChatsModel->getAvaibleSkills('3,9|20,10(2),12...')
#2 C:\xampp\htdocs\warhammer\vendor\codeigniter4\framework\system\CodeIgniter.php(910): App\Controllers\Chat->index()
#3 C:\xampp\htdocs\warhammer\vendor\codeigniter4\framework\system\CodeIgniter.php(398): CodeIgniter\CodeIgniter->runController(Object(App\Controllers\Chat))
#4 C:\xampp\htdocs\warhammer\vendor\codeigniter4\framework\system\CodeIgniter.php(306): CodeIgniter\CodeIgniter->handleRequest(NULL, Object(Config\Cache), false)
#5 C:\xampp\htdocs\warhammer\public\index.php(45): CodeIgniter\CodeIgniter->run()
#6 {main}
CRITICAL - 2020-05-19 08:14:30 --> Undefined offset: 0
#0 C:\xampp\htdocs\warhammer\app\Models\ChatsModel.php(103): CodeIgniter\Debug\Exceptions->errorHandler(8, 'Undefined offse...', 'C:\\xampp\\htdocs...', 103, Array)
#1 C:\xampp\htdocs\warhammer\app\Controllers\Chat.php(53): App\Models\ChatsModel->getAvaibleSkills('3,9|20,10(2),12...')
#2 C:\xampp\htdocs\warhammer\vendor\codeigniter4\framework\system\CodeIgniter.php(910): App\Controllers\Chat->index()
#3 C:\xampp\htdocs\warhammer\vendor\codeigniter4\framework\system\CodeIgniter.php(398): CodeIgniter\CodeIgniter->runController(Object(App\Controllers\Chat))
#4 C:\xampp\htdocs\warhammer\vendor\codeigniter4\framework\system\CodeIgniter.php(306): CodeIgniter\CodeIgniter->handleRequest(NULL, Object(Config\Cache), false)
#5 C:\xampp\htdocs\warhammer\public\index.php(45): CodeIgniter\CodeIgniter->run()
#6 {main}
CRITICAL - 2020-05-19 08:14:43 --> Undefined index: STRENGTHBONUS
#0 C:\xampp\htdocs\warhammer\app\Views\chat.php(148): CodeIgniter\Debug\Exceptions->errorHandler(8, 'Undefined index...', 'C:\\xampp\\htdocs...', 148, Array)
#1 C:\xampp\htdocs\warhammer\vendor\codeigniter4\framework\system\View\View.php(236): include('C:\\xampp\\htdocs...')
#2 C:\xampp\htdocs\warhammer\vendor\codeigniter4\framework\system\Common.php(1071): CodeIgniter\View\View->render('chat', Array, true)
#3 C:\xampp\htdocs\warhammer\app\Controllers\Chat.php(62): view('chat', Array)
#4 C:\xampp\htdocs\warhammer\vendor\codeigniter4\framework\system\CodeIgniter.php(910): App\Controllers\Chat->index()
#5 C:\xampp\htdocs\warhammer\vendor\codeigniter4\framework\system\CodeIgniter.php(398): CodeIgniter\CodeIgniter->runController(Object(App\Controllers\Chat))
#6 C:\xampp\htdocs\warhammer\vendor\codeigniter4\framework\system\CodeIgniter.php(306): CodeIgniter\CodeIgniter->handleRequest(NULL, Object(Config\Cache), false)
#7 C:\xampp\htdocs\warhammer\public\index.php(45): CodeIgniter\CodeIgniter->run()
#8 {main}
CRITICAL - 2020-05-19 08:14:55 --> Undefined index: STRENGTHBONUS
#0 C:\xampp\htdocs\warhammer\app\Views\chat.php(148): CodeIgniter\Debug\Exceptions->errorHandler(8, 'Undefined index...', 'C:\\xampp\\htdocs...', 148, Array)
#1 C:\xampp\htdocs\warhammer\vendor\codeigniter4\framework\system\View\View.php(236): include('C:\\xampp\\htdocs...')
#2 C:\xampp\htdocs\warhammer\vendor\codeigniter4\framework\system\Common.php(1071): CodeIgniter\View\View->render('chat', Array, true)
#3 C:\xampp\htdocs\warhammer\app\Controllers\Chat.php(62): view('chat', Array)
#4 C:\xampp\htdocs\warhammer\vendor\codeigniter4\framework\system\CodeIgniter.php(910): App\Controllers\Chat->index()
#5 C:\xampp\htdocs\warhammer\vendor\codeigniter4\framework\system\CodeIgniter.php(398): CodeIgniter\CodeIgniter->runController(Object(App\Controllers\Chat))
#6 C:\xampp\htdocs\warhammer\vendor\codeigniter4\framework\system\CodeIgniter.php(306): CodeIgniter\CodeIgniter->handleRequest(NULL, Object(Config\Cache), false)
#7 C:\xampp\htdocs\warhammer\public\index.php(45): CodeIgniter\CodeIgniter->run()
#8 {main}
CRITICAL - 2020-05-19 08:15:11 --> Undefined index: STRENGTHBONUS
#0 C:\xampp\htdocs\warhammer\app\Views\chat.php(148): CodeIgniter\Debug\Exceptions->errorHandler(8, 'Undefined index...', 'C:\\xampp\\htdocs...', 148, Array)
#1 C:\xampp\htdocs\warhammer\vendor\codeigniter4\framework\system\View\View.php(236): include('C:\\xampp\\htdocs...')
#2 C:\xampp\htdocs\warhammer\vendor\codeigniter4\framework\system\Common.php(1071): CodeIgniter\View\View->render('chat', Array, true)
#3 C:\xampp\htdocs\warhammer\app\Controllers\Chat.php(62): view('chat', Array)
#4 C:\xampp\htdocs\warhammer\vendor\codeigniter4\framework\system\CodeIgniter.php(910): App\Controllers\Chat->index()
#5 C:\xampp\htdocs\warhammer\vendor\codeigniter4\framework\system\CodeIgniter.php(398): CodeIgniter\CodeIgniter->runController(Object(App\Controllers\Chat))
#6 C:\xampp\htdocs\warhammer\vendor\codeigniter4\framework\system\CodeIgniter.php(306): CodeIgniter\CodeIgniter->handleRequest(NULL, Object(Config\Cache), false)
#7 C:\xampp\htdocs\warhammer\public\index.php(45): CodeIgniter\CodeIgniter->run()
#8 {main}
CRITICAL - 2020-05-19 08:15:43 --> Undefined index: STRENGTHBONUS
#0 C:\xampp\htdocs\warhammer\app\Views\chat.php(148): CodeIgniter\Debug\Exceptions->errorHandler(8, 'Undefined index...', 'C:\\xampp\\htdocs...', 148, Array)
#1 C:\xampp\htdocs\warhammer\vendor\codeigniter4\framework\system\View\View.php(236): include('C:\\xampp\\htdocs...')
#2 C:\xampp\htdocs\warhammer\vendor\codeigniter4\framework\system\Common.php(1071): CodeIgniter\View\View->render('chat', Array, true)
#3 C:\xampp\htdocs\warhammer\app\Controllers\Chat.php(62): view('chat', Array)
#4 C:\xampp\htdocs\warhammer\vendor\codeigniter4\framework\system\CodeIgniter.php(910): App\Controllers\Chat->index()
#5 C:\xampp\htdocs\warhammer\vendor\codeigniter4\framework\system\CodeIgniter.php(398): CodeIgniter\CodeIgniter->runController(Object(App\Controllers\Chat))
#6 C:\xampp\htdocs\warhammer\vendor\codeigniter4\framework\system\CodeIgniter.php(306): CodeIgniter\CodeIgniter->handleRequest(NULL, Object(Config\Cache), false)
#7 C:\xampp\htdocs\warhammer\public\index.php(45): CodeIgniter\CodeIgniter->run()
#8 {main}
CRITICAL - 2020-05-19 08:15:54 --> Undefined index: STRENGTHBONUS
#0 C:\xampp\htdocs\warhammer\app\Views\chat.php(148): CodeIgniter\Debug\Exceptions->errorHandler(8, 'Undefined index...', 'C:\\xampp\\htdocs...', 148, Array)
#1 C:\xampp\htdocs\warhammer\vendor\codeigniter4\framework\system\View\View.php(236): include('C:\\xampp\\htdocs...')
#2 C:\xampp\htdocs\warhammer\vendor\codeigniter4\framework\system\Common.php(1071): CodeIgniter\View\View->render('chat', Array, true)
#3 C:\xampp\htdocs\warhammer\app\Controllers\Chat.php(62): view('chat', Array)
#4 C:\xampp\htdocs\warhammer\vendor\codeigniter4\framework\system\CodeIgniter.php(910): App\Controllers\Chat->index()
#5 C:\xampp\htdocs\warhammer\vendor\codeigniter4\framework\system\CodeIgniter.php(398): CodeIgniter\CodeIgniter->runController(Object(App\Controllers\Chat))
#6 C:\xampp\htdocs\warhammer\vendor\codeigniter4\framework\system\CodeIgniter.php(306): CodeIgniter\CodeIgniter->handleRequest(NULL, Object(Config\Cache), false)
#7 C:\xampp\htdocs\warhammer\public\index.php(45): CodeIgniter\CodeIgniter->run()
#8 {main}
CRITICAL - 2020-05-19 12:06:19 --> Undefined offset: 0
#0 C:\xampp\htdocs\warhammer\app\Models\ChatsModel.php(103): CodeIgniter\Debug\Exceptions->errorHandler(8, 'Undefined offse...', 'C:\\xampp\\htdocs...', 103, Array)
#1 C:\xampp\htdocs\warhammer\app\Controllers\Chat.php(53): App\Models\ChatsModel->getAvaibleSkills('3,9|20,10(2),12...')
#2 C:\xampp\htdocs\warhammer\vendor\codeigniter4\framework\system\CodeIgniter.php(910): App\Controllers\Chat->index()
#3 C:\xampp\htdocs\warhammer\vendor\codeigniter4\framework\system\CodeIgniter.php(398): CodeIgniter\CodeIgniter->runController(Object(App\Controllers\Chat))
#4 C:\xampp\htdocs\warhammer\vendor\codeigniter4\framework\system\CodeIgniter.php(306): CodeIgniter\CodeIgniter->handleRequest(NULL, Object(Config\Cache), false)
#5 C:\xampp\htdocs\warhammer\public\index.php(45): CodeIgniter\CodeIgniter->run()
#6 {main}
CRITICAL - 2020-05-19 12:16:44 --> syntax error, unexpected 'if' (T_IF)
#0 C:\xampp\htdocs\warhammer\vendor\codeigniter4\framework\system\Autoloader\Autoloader.php(340): CodeIgniter\Autoloader\Autoloader->requireFile('C:\\xampp\\htdocs...')
#1 C:\xampp\htdocs\warhammer\vendor\codeigniter4\framework\system\Autoloader\Autoloader.php(264): CodeIgniter\Autoloader\Autoloader->loadLegacy('ChatsModel.php')
#2 [internal function]: CodeIgniter\Autoloader\Autoloader->loadClass('ChatsModel')
#3 [internal function]: spl_autoload_call('ChatsModel')
#4 C:\xampp\htdocs\warhammer\vendor\codeigniter4\framework\system\Database\ModelFactory.php(82): class_exists('ChatsModel')
#5 C:\xampp\htdocs\warhammer\vendor\codeigniter4\framework\system\Database\ModelFactory.php(48): CodeIgniter\Database\ModelFactory::createClass('ChatsModel', NULL)
#6 C:\xampp\htdocs\warhammer\vendor\codeigniter4\framework\system\Common.php(729): CodeIgniter\Database\ModelFactory::get('ChatsModel', true, NULL)
#7 C:\xampp\htdocs\warhammer\app\Controllers\Chat.php(9): model('ChatsModel')
#8 C:\xampp\htdocs\warhammer\vendor\codeigniter4\framework\system\CodeIgniter.php(882): App\Controllers\Chat->__construct()
#9 C:\xampp\htdocs\warhammer\vendor\codeigniter4\framework\system\CodeIgniter.php(393): CodeIgniter\CodeIgniter->createController()
#10 C:\xampp\htdocs\warhammer\vendor\codeigniter4\framework\system\CodeIgniter.php(306): CodeIgniter\CodeIgniter->handleRequest(NULL, Object(Config\Cache), false)
#11 C:\xampp\htdocs\warhammer\public\index.php(45): CodeIgniter\CodeIgniter->run()
#12 {main}
