CRITICAL - 2020-05-16 06:09:55 --> syntax error, unexpected 'endforeach' (T_ENDFOREACH), expecting elseif (T_ELSEIF) or else (T_ELSE) or endif (T_ENDIF)
#0 C:\xampp\htdocs\warhammer\vendor\codeigniter4\framework\system\Common.php(1071): CodeIgniter\View\View->render('chat', Array, true)
#1 C:\xampp\htdocs\warhammer\app\Controllers\Chat.php(60): view('chat', Array)
#2 C:\xampp\htdocs\warhammer\vendor\codeigniter4\framework\system\CodeIgniter.php(910): App\Controllers\Chat->index()
#3 C:\xampp\htdocs\warhammer\vendor\codeigniter4\framework\system\CodeIgniter.php(398): CodeIgniter\CodeIgniter->runController(Object(App\Controllers\Chat))
#4 C:\xampp\htdocs\warhammer\vendor\codeigniter4\framework\system\CodeIgniter.php(306): CodeIgniter\CodeIgniter->handleRequest(NULL, Object(Config\Cache), false)
#5 C:\xampp\htdocs\warhammer\public\index.php(45): CodeIgniter\CodeIgniter->run()
#6 {main}
CRITICAL - 2020-05-16 17:36:59 --> Table 'warhammer.w_um_bronspecjalna' doesn't exist
#0 C:\xampp\htdocs\warhammer\vendor\codeigniter4\framework\system\Database\MySQLi\Connection.php(330): mysqli->query('SELECT *\nFROM `...')
#1 C:\xampp\htdocs\warhammer\vendor\codeigniter4\framework\system\Database\BaseConnection.php(738): CodeIgniter\Database\MySQLi\Connection->execute('SELECT *\nFROM `...')
#2 C:\xampp\htdocs\warhammer\vendor\codeigniter4\framework\system\Database\BaseConnection.php(666): CodeIgniter\Database\BaseConnection->simpleQuery('SELECT *\nFROM `...')
#3 C:\xampp\htdocs\warhammer\vendor\codeigniter4\framework\system\Database\BaseBuilder.php(1819): CodeIgniter\Database\BaseConnection->query('SELECT *\nFROM `...', Array, false)
#4 C:\xampp\htdocs\warhammer\app\Models\ChatsModel.php(25): CodeIgniter\Database\BaseBuilder->get()
#5 C:\xampp\htdocs\warhammer\app\Controllers\Chat.php(70): App\Models\ChatsModel->getSkillsDetails('w_um_bronspecja...')
#6 C:\xampp\htdocs\warhammer\vendor\codeigniter4\framework\system\CodeIgniter.php(910): App\Controllers\Chat->rozne()
#7 C:\xampp\htdocs\warhammer\vendor\codeigniter4\framework\system\CodeIgniter.php(398): CodeIgniter\CodeIgniter->runController(Object(App\Controllers\Chat))
#8 C:\xampp\htdocs\warhammer\vendor\codeigniter4\framework\system\CodeIgniter.php(306): CodeIgniter\CodeIgniter->handleRequest(NULL, Object(Config\Cache), false)
#9 C:\xampp\htdocs\warhammer\public\index.php(45): CodeIgniter\CodeIgniter->run()
#10 {main}
CRITICAL - 2020-05-16 17:37:00 --> Table 'warhammer.w_um_bronspecjalna' doesn't exist
#0 C:\xampp\htdocs\warhammer\vendor\codeigniter4\framework\system\Database\MySQLi\Connection.php(330): mysqli->query('SELECT *\nFROM `...')
#1 C:\xampp\htdocs\warhammer\vendor\codeigniter4\framework\system\Database\BaseConnection.php(738): CodeIgniter\Database\MySQLi\Connection->execute('SELECT *\nFROM `...')
#2 C:\xampp\htdocs\warhammer\vendor\codeigniter4\framework\system\Database\BaseConnection.php(666): CodeIgniter\Database\BaseConnection->simpleQuery('SELECT *\nFROM `...')
#3 C:\xampp\htdocs\warhammer\vendor\codeigniter4\framework\system\Database\BaseBuilder.php(1819): CodeIgniter\Database\BaseConnection->query('SELECT *\nFROM `...', Array, false)
#4 C:\xampp\htdocs\warhammer\app\Models\ChatsModel.php(25): CodeIgniter\Database\BaseBuilder->get()
#5 C:\xampp\htdocs\warhammer\app\Controllers\Chat.php(70): App\Models\ChatsModel->getSkillsDetails('w_um_bronspecja...')
#6 C:\xampp\htdocs\warhammer\vendor\codeigniter4\framework\system\CodeIgniter.php(910): App\Controllers\Chat->rozne()
#7 C:\xampp\htdocs\warhammer\vendor\codeigniter4\framework\system\CodeIgniter.php(398): CodeIgniter\CodeIgniter->runController(Object(App\Controllers\Chat))
#8 C:\xampp\htdocs\warhammer\vendor\codeigniter4\framework\system\CodeIgniter.php(306): CodeIgniter\CodeIgniter->handleRequest(NULL, Object(Config\Cache), false)
#9 C:\xampp\htdocs\warhammer\public\index.php(45): CodeIgniter\CodeIgniter->run()
#10 {main}
CRITICAL - 2020-05-16 17:37:00 --> Table 'warhammer.w_um_bronspecjalna' doesn't exist
#0 C:\xampp\htdocs\warhammer\vendor\codeigniter4\framework\system\Database\MySQLi\Connection.php(330): mysqli->query('SELECT *\nFROM `...')
#1 C:\xampp\htdocs\warhammer\vendor\codeigniter4\framework\system\Database\BaseConnection.php(738): CodeIgniter\Database\MySQLi\Connection->execute('SELECT *\nFROM `...')
#2 C:\xampp\htdocs\warhammer\vendor\codeigniter4\framework\system\Database\BaseConnection.php(666): CodeIgniter\Database\BaseConnection->simpleQuery('SELECT *\nFROM `...')
#3 C:\xampp\htdocs\warhammer\vendor\codeigniter4\framework\system\Database\BaseBuilder.php(1819): CodeIgniter\Database\BaseConnection->query('SELECT *\nFROM `...', Array, false)
#4 C:\xampp\htdocs\warhammer\app\Models\ChatsModel.php(25): CodeIgniter\Database\BaseBuilder->get()
#5 C:\xampp\htdocs\warhammer\app\Controllers\Chat.php(70): App\Models\ChatsModel->getSkillsDetails('w_um_bronspecja...')
#6 C:\xampp\htdocs\warhammer\vendor\codeigniter4\framework\system\CodeIgniter.php(910): App\Controllers\Chat->rozne()
#7 C:\xampp\htdocs\warhammer\vendor\codeigniter4\framework\system\CodeIgniter.php(398): CodeIgniter\CodeIgniter->runController(Object(App\Controllers\Chat))
#8 C:\xampp\htdocs\warhammer\vendor\codeigniter4\framework\system\CodeIgniter.php(306): CodeIgniter\CodeIgniter->handleRequest(NULL, Object(Config\Cache), false)
#9 C:\xampp\htdocs\warhammer\public\index.php(45): CodeIgniter\CodeIgniter->run()
#10 {main}
CRITICAL - 2020-05-16 17:37:00 --> Table 'warhammer.w_um_bronspecjalna' doesn't exist
#0 C:\xampp\htdocs\warhammer\vendor\codeigniter4\framework\system\Database\MySQLi\Connection.php(330): mysqli->query('SELECT *\nFROM `...')
#1 C:\xampp\htdocs\warhammer\vendor\codeigniter4\framework\system\Database\BaseConnection.php(738): CodeIgniter\Database\MySQLi\Connection->execute('SELECT *\nFROM `...')
#2 C:\xampp\htdocs\warhammer\vendor\codeigniter4\framework\system\Database\BaseConnection.php(666): CodeIgniter\Database\BaseConnection->simpleQuery('SELECT *\nFROM `...')
#3 C:\xampp\htdocs\warhammer\vendor\codeigniter4\framework\system\Database\BaseBuilder.php(1819): CodeIgniter\Database\BaseConnection->query('SELECT *\nFROM `...', Array, false)
#4 C:\xampp\htdocs\warhammer\app\Models\ChatsModel.php(25): CodeIgniter\Database\BaseBuilder->get()
#5 C:\xampp\htdocs\warhammer\app\Controllers\Chat.php(70): App\Models\ChatsModel->getSkillsDetails('w_um_bronspecja...')
#6 C:\xampp\htdocs\warhammer\vendor\codeigniter4\framework\system\CodeIgniter.php(910): App\Controllers\Chat->rozne()
#7 C:\xampp\htdocs\warhammer\vendor\codeigniter4\framework\system\CodeIgniter.php(398): CodeIgniter\CodeIgniter->runController(Object(App\Controllers\Chat))
#8 C:\xampp\htdocs\warhammer\vendor\codeigniter4\framework\system\CodeIgniter.php(306): CodeIgniter\CodeIgniter->handleRequest(NULL, Object(Config\Cache), false)
#9 C:\xampp\htdocs\warhammer\public\index.php(45): CodeIgniter\CodeIgniter->run()
#10 {main}
CRITICAL - 2020-05-16 17:37:00 --> Table 'warhammer.w_um_bronspecjalna' doesn't exist
#0 C:\xampp\htdocs\warhammer\vendor\codeigniter4\framework\system\Database\MySQLi\Connection.php(330): mysqli->query('SELECT *\nFROM `...')
#1 C:\xampp\htdocs\warhammer\vendor\codeigniter4\framework\system\Database\BaseConnection.php(738): CodeIgniter\Database\MySQLi\Connection->execute('SELECT *\nFROM `...')
#2 C:\xampp\htdocs\warhammer\vendor\codeigniter4\framework\system\Database\BaseConnection.php(666): CodeIgniter\Database\BaseConnection->simpleQuery('SELECT *\nFROM `...')
#3 C:\xampp\htdocs\warhammer\vendor\codeigniter4\framework\system\Database\BaseBuilder.php(1819): CodeIgniter\Database\BaseConnection->query('SELECT *\nFROM `...', Array, false)
#4 C:\xampp\htdocs\warhammer\app\Models\ChatsModel.php(25): CodeIgniter\Database\BaseBuilder->get()
#5 C:\xampp\htdocs\warhammer\app\Controllers\Chat.php(70): App\Models\ChatsModel->getSkillsDetails('w_um_bronspecja...')
#6 C:\xampp\htdocs\warhammer\vendor\codeigniter4\framework\system\CodeIgniter.php(910): App\Controllers\Chat->rozne()
#7 C:\xampp\htdocs\warhammer\vendor\codeigniter4\framework\system\CodeIgniter.php(398): CodeIgniter\CodeIgniter->runController(Object(App\Controllers\Chat))
#8 C:\xampp\htdocs\warhammer\vendor\codeigniter4\framework\system\CodeIgniter.php(306): CodeIgniter\CodeIgniter->handleRequest(NULL, Object(Config\Cache), false)
#9 C:\xampp\htdocs\warhammer\public\index.php(45): CodeIgniter\CodeIgniter->run()
#10 {main}
CRITICAL - 2020-05-16 17:37:01 --> Table 'warhammer.w_um_bronspecjalna' doesn't exist
#0 C:\xampp\htdocs\warhammer\vendor\codeigniter4\framework\system\Database\MySQLi\Connection.php(330): mysqli->query('SELECT *\nFROM `...')
#1 C:\xampp\htdocs\warhammer\vendor\codeigniter4\framework\system\Database\BaseConnection.php(738): CodeIgniter\Database\MySQLi\Connection->execute('SELECT *\nFROM `...')
#2 C:\xampp\htdocs\warhammer\vendor\codeigniter4\framework\system\Database\BaseConnection.php(666): CodeIgniter\Database\BaseConnection->simpleQuery('SELECT *\nFROM `...')
#3 C:\xampp\htdocs\warhammer\vendor\codeigniter4\framework\system\Database\BaseBuilder.php(1819): CodeIgniter\Database\BaseConnection->query('SELECT *\nFROM `...', Array, false)
#4 C:\xampp\htdocs\warhammer\app\Models\ChatsModel.php(25): CodeIgniter\Database\BaseBuilder->get()
#5 C:\xampp\htdocs\warhammer\app\Controllers\Chat.php(70): App\Models\ChatsModel->getSkillsDetails('w_um_bronspecja...')
#6 C:\xampp\htdocs\warhammer\vendor\codeigniter4\framework\system\CodeIgniter.php(910): App\Controllers\Chat->rozne()
#7 C:\xampp\htdocs\warhammer\vendor\codeigniter4\framework\system\CodeIgniter.php(398): CodeIgniter\CodeIgniter->runController(Object(App\Controllers\Chat))
#8 C:\xampp\htdocs\warhammer\vendor\codeigniter4\framework\system\CodeIgniter.php(306): CodeIgniter\CodeIgniter->handleRequest(NULL, Object(Config\Cache), false)
#9 C:\xampp\htdocs\warhammer\public\index.php(45): CodeIgniter\CodeIgniter->run()
#10 {main}
CRITICAL - 2020-05-16 17:37:01 --> Table 'warhammer.w_um_bronspecjalna' doesn't exist
#0 C:\xampp\htdocs\warhammer\vendor\codeigniter4\framework\system\Database\MySQLi\Connection.php(330): mysqli->query('SELECT *\nFROM `...')
#1 C:\xampp\htdocs\warhammer\vendor\codeigniter4\framework\system\Database\BaseConnection.php(738): CodeIgniter\Database\MySQLi\Connection->execute('SELECT *\nFROM `...')
#2 C:\xampp\htdocs\warhammer\vendor\codeigniter4\framework\system\Database\BaseConnection.php(666): CodeIgniter\Database\BaseConnection->simpleQuery('SELECT *\nFROM `...')
#3 C:\xampp\htdocs\warhammer\vendor\codeigniter4\framework\system\Database\BaseBuilder.php(1819): CodeIgniter\Database\BaseConnection->query('SELECT *\nFROM `...', Array, false)
#4 C:\xampp\htdocs\warhammer\app\Models\ChatsModel.php(25): CodeIgniter\Database\BaseBuilder->get()
#5 C:\xampp\htdocs\warhammer\app\Controllers\Chat.php(70): App\Models\ChatsModel->getSkillsDetails('w_um_bronspecja...')
#6 C:\xampp\htdocs\warhammer\vendor\codeigniter4\framework\system\CodeIgniter.php(910): App\Controllers\Chat->rozne()
#7 C:\xampp\htdocs\warhammer\vendor\codeigniter4\framework\system\CodeIgniter.php(398): CodeIgniter\CodeIgniter->runController(Object(App\Controllers\Chat))
#8 C:\xampp\htdocs\warhammer\vendor\codeigniter4\framework\system\CodeIgniter.php(306): CodeIgniter\CodeIgniter->handleRequest(NULL, Object(Config\Cache), false)
#9 C:\xampp\htdocs\warhammer\public\index.php(45): CodeIgniter\CodeIgniter->run()
#10 {main}
CRITICAL - 2020-05-16 17:37:10 --> Table 'warhammer.w_um_bronspecjalna' doesn't exist
#0 C:\xampp\htdocs\warhammer\vendor\codeigniter4\framework\system\Database\MySQLi\Connection.php(330): mysqli->query('SELECT *\nFROM `...')
#1 C:\xampp\htdocs\warhammer\vendor\codeigniter4\framework\system\Database\BaseConnection.php(738): CodeIgniter\Database\MySQLi\Connection->execute('SELECT *\nFROM `...')
#2 C:\xampp\htdocs\warhammer\vendor\codeigniter4\framework\system\Database\BaseConnection.php(666): CodeIgniter\Database\BaseConnection->simpleQuery('SELECT *\nFROM `...')
#3 C:\xampp\htdocs\warhammer\vendor\codeigniter4\framework\system\Database\BaseBuilder.php(1819): CodeIgniter\Database\BaseConnection->query('SELECT *\nFROM `...', Array, false)
#4 C:\xampp\htdocs\warhammer\app\Models\ChatsModel.php(25): CodeIgniter\Database\BaseBuilder->get()
#5 C:\xampp\htdocs\warhammer\app\Controllers\Chat.php(70): App\Models\ChatsModel->getSkillsDetails('w_um_bronspecja...')
#6 C:\xampp\htdocs\warhammer\vendor\codeigniter4\framework\system\CodeIgniter.php(910): App\Controllers\Chat->rozne()
#7 C:\xampp\htdocs\warhammer\vendor\codeigniter4\framework\system\CodeIgniter.php(398): CodeIgniter\CodeIgniter->runController(Object(App\Controllers\Chat))
#8 C:\xampp\htdocs\warhammer\vendor\codeigniter4\framework\system\CodeIgniter.php(306): CodeIgniter\CodeIgniter->handleRequest(NULL, Object(Config\Cache), false)
#9 C:\xampp\htdocs\warhammer\public\index.php(45): CodeIgniter\CodeIgniter->run()
#10 {main}
