CRITICAL - 2020-08-14 13:18:17 --> Invalid argument supplied for foreach()
#0 C:\xampp\htdocs\warhammer\app\Controllers\Chat.php(170): CodeIgniter\Debug\Exceptions->errorHandler(2, 'Invalid argumen...', 'C:\\xampp\\htdocs...', 170, Array)
#1 C:\xampp\htdocs\warhammer\app\Controllers\Chat.php(150): App\Controllers\Chat->awansLoop(15, Array, 'zd')
#2 C:\xampp\htdocs\warhammer\vendor\codeigniter4\framework\system\CodeIgniter.php(910): App\Controllers\Chat->awans()
#3 C:\xampp\htdocs\warhammer\vendor\codeigniter4\framework\system\CodeIgniter.php(398): CodeIgniter\CodeIgniter->runController(Object(App\Controllers\Chat))
#4 C:\xampp\htdocs\warhammer\vendor\codeigniter4\framework\system\CodeIgniter.php(306): CodeIgniter\CodeIgniter->handleRequest(NULL, Object(Config\Cache), false)
#5 C:\xampp\htdocs\warhammer\public\index.php(45): CodeIgniter\CodeIgniter->run()
#6 {main}
CRITICAL - 2020-08-14 16:09:20 --> is_nan() expects parameter 1 to be float, string given
#0 [internal function]: CodeIgniter\Debug\Exceptions->errorHandler(2, 'is_nan() expect...', 'C:\\xampp\\htdocs...', 166, Array)
#1 C:\xampp\htdocs\warhammer\app\Controllers\Chat.php(166): is_nan('NaN')
#2 C:\xampp\htdocs\warhammer\vendor\codeigniter4\framework\system\CodeIgniter.php(910): App\Controllers\Chat->ransom_pd()
#3 C:\xampp\htdocs\warhammer\vendor\codeigniter4\framework\system\CodeIgniter.php(398): CodeIgniter\CodeIgniter->runController(Object(App\Controllers\Chat))
#4 C:\xampp\htdocs\warhammer\vendor\codeigniter4\framework\system\CodeIgniter.php(306): CodeIgniter\CodeIgniter->handleRequest(NULL, Object(Config\Cache), false)
#5 C:\xampp\htdocs\warhammer\public\index.php(45): CodeIgniter\CodeIgniter->run()
#6 {main}
CRITICAL - 2020-08-14 16:09:21 --> is_nan() expects parameter 1 to be float, string given
#0 [internal function]: CodeIgniter\Debug\Exceptions->errorHandler(2, 'is_nan() expect...', 'C:\\xampp\\htdocs...', 166, Array)
#1 C:\xampp\htdocs\warhammer\app\Controllers\Chat.php(166): is_nan('NaN')
#2 C:\xampp\htdocs\warhammer\vendor\codeigniter4\framework\system\CodeIgniter.php(910): App\Controllers\Chat->ransom_pd()
#3 C:\xampp\htdocs\warhammer\vendor\codeigniter4\framework\system\CodeIgniter.php(398): CodeIgniter\CodeIgniter->runController(Object(App\Controllers\Chat))
#4 C:\xampp\htdocs\warhammer\vendor\codeigniter4\framework\system\CodeIgniter.php(306): CodeIgniter\CodeIgniter->handleRequest(NULL, Object(Config\Cache), false)
#5 C:\xampp\htdocs\warhammer\public\index.php(45): CodeIgniter\CodeIgniter->run()
#6 {main}
CRITICAL - 2020-08-14 16:11:11 --> is_nan() expects parameter 1 to be float, string given
#0 [internal function]: CodeIgniter\Debug\Exceptions->errorHandler(2, 'is_nan() expect...', 'C:\\xampp\\htdocs...', 168, Array)
#1 C:\xampp\htdocs\warhammer\app\Controllers\Chat.php(168): is_nan('NaN')
#2 C:\xampp\htdocs\warhammer\vendor\codeigniter4\framework\system\CodeIgniter.php(910): App\Controllers\Chat->ransom_pd()
#3 C:\xampp\htdocs\warhammer\vendor\codeigniter4\framework\system\CodeIgniter.php(398): CodeIgniter\CodeIgniter->runController(Object(App\Controllers\Chat))
#4 C:\xampp\htdocs\warhammer\vendor\codeigniter4\framework\system\CodeIgniter.php(306): CodeIgniter\CodeIgniter->handleRequest(NULL, Object(Config\Cache), false)
#5 C:\xampp\htdocs\warhammer\public\index.php(45): CodeIgniter\CodeIgniter->run()
#6 {main}
