CRITICAL - 2020-09-20 14:33:01 --> valid_user is not a valid rule.
#0 C:\xampp\htdocs\warhammer\vendor\codeigniter4\framework\system\Validation\Validation.php(333): CodeIgniter\Validation\Exceptions\ValidationException::forRuleNotFound('valid_user')
#1 C:\xampp\htdocs\warhammer\vendor\codeigniter4\framework\system\Validation\Validation.php(189): CodeIgniter\Validation\Validation->processRules('user', 'user', 'sirWojciechVoja...', Array, Array)
#2 C:\xampp\htdocs\warhammer\vendor\codeigniter4\framework\system\Controller.php(219): CodeIgniter\Validation\Validation->run()
#3 C:\xampp\htdocs\warhammer\app\Controllers\Login.php(57): CodeIgniter\Controller->validate(Array, Array)
#4 C:\xampp\htdocs\warhammer\vendor\codeigniter4\framework\system\CodeIgniter.php(918): App\Controllers\Login->auth()
#5 C:\xampp\htdocs\warhammer\vendor\codeigniter4\framework\system\CodeIgniter.php(404): CodeIgniter\CodeIgniter->runController(Object(App\Controllers\Login))
#6 C:\xampp\htdocs\warhammer\vendor\codeigniter4\framework\system\CodeIgniter.php(312): CodeIgniter\CodeIgniter->handleRequest(NULL, Object(Config\Cache), false)
#7 C:\xampp\htdocs\warhammer\public\index.php(45): CodeIgniter\CodeIgniter->run()
#8 {main}
CRITICAL - 2020-09-20 14:33:39 --> validateUser is not a valid rule.
#0 C:\xampp\htdocs\warhammer\vendor\codeigniter4\framework\system\Validation\Validation.php(333): CodeIgniter\Validation\Exceptions\ValidationException::forRuleNotFound('validateUser')
#1 C:\xampp\htdocs\warhammer\vendor\codeigniter4\framework\system\Validation\Validation.php(189): CodeIgniter\Validation\Validation->processRules('pass', 'pass', 'tes', Array, Array)
#2 C:\xampp\htdocs\warhammer\vendor\codeigniter4\framework\system\Controller.php(219): CodeIgniter\Validation\Validation->run()
#3 C:\xampp\htdocs\warhammer\app\Controllers\Login.php(57): CodeIgniter\Controller->validate(Array, Array)
#4 C:\xampp\htdocs\warhammer\vendor\codeigniter4\framework\system\CodeIgniter.php(918): App\Controllers\Login->auth()
#5 C:\xampp\htdocs\warhammer\vendor\codeigniter4\framework\system\CodeIgniter.php(404): CodeIgniter\CodeIgniter->runController(Object(App\Controllers\Login))
#6 C:\xampp\htdocs\warhammer\vendor\codeigniter4\framework\system\CodeIgniter.php(312): CodeIgniter\CodeIgniter->handleRequest(NULL, Object(Config\Cache), false)
#7 C:\xampp\htdocs\warhammer\public\index.php(45): CodeIgniter\CodeIgniter->run()
#8 {main}
CRITICAL - 2020-09-20 14:38:17 --> Argument 1 passed to CodeIgniter\Database\BaseResult::getFirstRow() must be of the type string, null given, called in C:\xampp\htdocs\warhammer\vendor\codeigniter4\framework\system\Model.php on line 508
#0 C:\xampp\htdocs\warhammer\vendor\codeigniter4\framework\system\Model.php(508): CodeIgniter\Database\BaseResult->getFirstRow(NULL)
#1 C:\xampp\htdocs\warhammer\app\Validation\UserRules.php(11): CodeIgniter\Model->first()
#2 C:\xampp\htdocs\warhammer\vendor\codeigniter4\framework\system\Validation\Validation.php(325): App\Validation\UserRules->validateUser('tes', 'user,pass', Array, NULL)
#3 C:\xampp\htdocs\warhammer\vendor\codeigniter4\framework\system\Validation\Validation.php(189): CodeIgniter\Validation\Validation->processRules('pass', 'pass', 'tes', Array, Array)
#4 C:\xampp\htdocs\warhammer\vendor\codeigniter4\framework\system\Controller.php(219): CodeIgniter\Validation\Validation->run()
#5 C:\xampp\htdocs\warhammer\app\Controllers\Login.php(57): CodeIgniter\Controller->validate(Array, Array)
#6 C:\xampp\htdocs\warhammer\vendor\codeigniter4\framework\system\CodeIgniter.php(918): App\Controllers\Login->auth()
#7 C:\xampp\htdocs\warhammer\vendor\codeigniter4\framework\system\CodeIgniter.php(404): CodeIgniter\CodeIgniter->runController(Object(App\Controllers\Login))
#8 C:\xampp\htdocs\warhammer\vendor\codeigniter4\framework\system\CodeIgniter.php(312): CodeIgniter\CodeIgniter->handleRequest(NULL, Object(Config\Cache), false)
#9 C:\xampp\htdocs\warhammer\public\index.php(45): CodeIgniter\CodeIgniter->run()
#10 {main}
CRITICAL - 2020-09-20 14:38:48 --> Argument 1 passed to CodeIgniter\Database\BaseResult::getFirstRow() must be of the type string, null given, called in C:\xampp\htdocs\warhammer\vendor\codeigniter4\framework\system\Model.php on line 508
#0 C:\xampp\htdocs\warhammer\vendor\codeigniter4\framework\system\Model.php(508): CodeIgniter\Database\BaseResult->getFirstRow(NULL)
#1 C:\xampp\htdocs\warhammer\app\Validation\UserRules.php(11): CodeIgniter\Model->first()
#2 C:\xampp\htdocs\warhammer\vendor\codeigniter4\framework\system\Validation\Validation.php(325): App\Validation\UserRules->validateUser('tes', 'user,pass', Array, NULL)
#3 C:\xampp\htdocs\warhammer\vendor\codeigniter4\framework\system\Validation\Validation.php(189): CodeIgniter\Validation\Validation->processRules('pass', 'pass', 'tes', Array, Array)
#4 C:\xampp\htdocs\warhammer\vendor\codeigniter4\framework\system\Controller.php(219): CodeIgniter\Validation\Validation->run()
#5 C:\xampp\htdocs\warhammer\app\Controllers\Login.php(57): CodeIgniter\Controller->validate(Array, Array)
#6 C:\xampp\htdocs\warhammer\vendor\codeigniter4\framework\system\CodeIgniter.php(918): App\Controllers\Login->auth()
#7 C:\xampp\htdocs\warhammer\vendor\codeigniter4\framework\system\CodeIgniter.php(404): CodeIgniter\CodeIgniter->runController(Object(App\Controllers\Login))
#8 C:\xampp\htdocs\warhammer\vendor\codeigniter4\framework\system\CodeIgniter.php(312): CodeIgniter\CodeIgniter->handleRequest(NULL, Object(Config\Cache), false)
#9 C:\xampp\htdocs\warhammer\public\index.php(45): CodeIgniter\CodeIgniter->run()
#10 {main}
CRITICAL - 2020-09-20 14:38:57 --> Argument 1 passed to CodeIgniter\Database\BaseResult::getFirstRow() must be of the type string, null given, called in C:\xampp\htdocs\warhammer\vendor\codeigniter4\framework\system\Model.php on line 508
#0 C:\xampp\htdocs\warhammer\vendor\codeigniter4\framework\system\Model.php(508): CodeIgniter\Database\BaseResult->getFirstRow(NULL)
#1 C:\xampp\htdocs\warhammer\app\Validation\UserRules.php(11): CodeIgniter\Model->first()
#2 C:\xampp\htdocs\warhammer\vendor\codeigniter4\framework\system\Validation\Validation.php(325): App\Validation\UserRules->validateUser('tes', 'user,pass', Array, NULL)
#3 C:\xampp\htdocs\warhammer\vendor\codeigniter4\framework\system\Validation\Validation.php(189): CodeIgniter\Validation\Validation->processRules('pass', 'pass', 'tes', Array, Array)
#4 C:\xampp\htdocs\warhammer\vendor\codeigniter4\framework\system\Controller.php(219): CodeIgniter\Validation\Validation->run()
#5 C:\xampp\htdocs\warhammer\app\Controllers\Login.php(57): CodeIgniter\Controller->validate(Array, Array)
#6 C:\xampp\htdocs\warhammer\vendor\codeigniter4\framework\system\CodeIgniter.php(918): App\Controllers\Login->auth()
#7 C:\xampp\htdocs\warhammer\vendor\codeigniter4\framework\system\CodeIgniter.php(404): CodeIgniter\CodeIgniter->runController(Object(App\Controllers\Login))
#8 C:\xampp\htdocs\warhammer\vendor\codeigniter4\framework\system\CodeIgniter.php(312): CodeIgniter\CodeIgniter->handleRequest(NULL, Object(Config\Cache), false)
#9 C:\xampp\htdocs\warhammer\public\index.php(45): CodeIgniter\CodeIgniter->run()
#10 {main}
CRITICAL - 2020-09-20 14:40:15 --> Argument 1 passed to CodeIgniter\Database\BaseResult::getFirstRow() must be of the type string, null given, called in C:\xampp\htdocs\warhammer\vendor\codeigniter4\framework\system\Model.php on line 508
#0 C:\xampp\htdocs\warhammer\vendor\codeigniter4\framework\system\Model.php(508): CodeIgniter\Database\BaseResult->getFirstRow(NULL)
#1 C:\xampp\htdocs\warhammer\app\Validation\UserRules.php(11): CodeIgniter\Model->first()
#2 C:\xampp\htdocs\warhammer\vendor\codeigniter4\framework\system\Validation\Validation.php(325): App\Validation\UserRules->validateUser('tes', 'user,pass', Array, NULL)
#3 C:\xampp\htdocs\warhammer\vendor\codeigniter4\framework\system\Validation\Validation.php(189): CodeIgniter\Validation\Validation->processRules('pass', 'pass', 'tes', Array, Array)
#4 C:\xampp\htdocs\warhammer\vendor\codeigniter4\framework\system\Controller.php(219): CodeIgniter\Validation\Validation->run()
#5 C:\xampp\htdocs\warhammer\app\Controllers\Login.php(57): CodeIgniter\Controller->validate(Array, Array)
#6 C:\xampp\htdocs\warhammer\vendor\codeigniter4\framework\system\CodeIgniter.php(918): App\Controllers\Login->auth()
#7 C:\xampp\htdocs\warhammer\vendor\codeigniter4\framework\system\CodeIgniter.php(404): CodeIgniter\CodeIgniter->runController(Object(App\Controllers\Login))
#8 C:\xampp\htdocs\warhammer\vendor\codeigniter4\framework\system\CodeIgniter.php(312): CodeIgniter\CodeIgniter->handleRequest(NULL, Object(Config\Cache), false)
#9 C:\xampp\htdocs\warhammer\public\index.php(45): CodeIgniter\CodeIgniter->run()
#10 {main}
CRITICAL - 2020-09-20 14:41:05 --> Argument 1 passed to CodeIgniter\Database\BaseResult::getFirstRow() must be of the type string, null given, called in C:\xampp\htdocs\warhammer\vendor\codeigniter4\framework\system\Model.php on line 508
#0 C:\xampp\htdocs\warhammer\vendor\codeigniter4\framework\system\Model.php(508): CodeIgniter\Database\BaseResult->getFirstRow(NULL)
#1 C:\xampp\htdocs\warhammer\app\Validation\UserRules.php(11): CodeIgniter\Model->first()
#2 C:\xampp\htdocs\warhammer\vendor\codeigniter4\framework\system\Validation\Validation.php(325): App\Validation\UserRules->validateUser('kkl', 'user,pass', Array, NULL)
#3 C:\xampp\htdocs\warhammer\vendor\codeigniter4\framework\system\Validation\Validation.php(189): CodeIgniter\Validation\Validation->processRules('pass', 'pass', 'kkl', Array, Array)
#4 C:\xampp\htdocs\warhammer\vendor\codeigniter4\framework\system\Controller.php(219): CodeIgniter\Validation\Validation->run()
#5 C:\xampp\htdocs\warhammer\app\Controllers\Login.php(57): CodeIgniter\Controller->validate(Array, Array)
#6 C:\xampp\htdocs\warhammer\vendor\codeigniter4\framework\system\CodeIgniter.php(918): App\Controllers\Login->auth()
#7 C:\xampp\htdocs\warhammer\vendor\codeigniter4\framework\system\CodeIgniter.php(404): CodeIgniter\CodeIgniter->runController(Object(App\Controllers\Login))
#8 C:\xampp\htdocs\warhammer\vendor\codeigniter4\framework\system\CodeIgniter.php(312): CodeIgniter\CodeIgniter->handleRequest(NULL, Object(Config\Cache), false)
#9 C:\xampp\htdocs\warhammer\public\index.php(45): CodeIgniter\CodeIgniter->run()
#10 {main}
CRITICAL - 2020-09-20 14:42:14 --> Argument 1 passed to CodeIgniter\Database\BaseResult::getFirstRow() must be of the type string, null given, called in C:\xampp\htdocs\warhammer\vendor\codeigniter4\framework\system\Model.php on line 508
#0 C:\xampp\htdocs\warhammer\vendor\codeigniter4\framework\system\Model.php(508): CodeIgniter\Database\BaseResult->getFirstRow(NULL)
#1 C:\xampp\htdocs\warhammer\app\Validation\UserRules.php(11): CodeIgniter\Model->first()
#2 C:\xampp\htdocs\warhammer\vendor\codeigniter4\framework\system\Validation\Validation.php(325): App\Validation\UserRules->validateUser('tes', 'user,pass', Array, NULL)
#3 C:\xampp\htdocs\warhammer\vendor\codeigniter4\framework\system\Validation\Validation.php(189): CodeIgniter\Validation\Validation->processRules('pass', 'pass', 'tes', Array, Array)
#4 C:\xampp\htdocs\warhammer\vendor\codeigniter4\framework\system\Controller.php(219): CodeIgniter\Validation\Validation->run()
#5 C:\xampp\htdocs\warhammer\app\Controllers\Login.php(56): CodeIgniter\Controller->validate(Array, Array)
#6 C:\xampp\htdocs\warhammer\vendor\codeigniter4\framework\system\CodeIgniter.php(918): App\Controllers\Login->auth()
#7 C:\xampp\htdocs\warhammer\vendor\codeigniter4\framework\system\CodeIgniter.php(404): CodeIgniter\CodeIgniter->runController(Object(App\Controllers\Login))
#8 C:\xampp\htdocs\warhammer\vendor\codeigniter4\framework\system\CodeIgniter.php(312): CodeIgniter\CodeIgniter->handleRequest(NULL, Object(Config\Cache), false)
#9 C:\xampp\htdocs\warhammer\public\index.php(45): CodeIgniter\CodeIgniter->run()
#10 {main}
CRITICAL - 2020-09-20 14:44:31 --> Argument 1 passed to CodeIgniter\Database\BaseResult::getFirstRow() must be of the type string, null given, called in C:\xampp\htdocs\warhammer\vendor\codeigniter4\framework\system\Model.php on line 508
#0 C:\xampp\htdocs\warhammer\vendor\codeigniter4\framework\system\Model.php(508): CodeIgniter\Database\BaseResult->getFirstRow(NULL)
#1 C:\xampp\htdocs\warhammer\app\Validation\UserRules.php(11): CodeIgniter\Model->first()
#2 C:\xampp\htdocs\warhammer\vendor\codeigniter4\framework\system\Validation\Validation.php(325): App\Validation\UserRules->validateUser('tes', 'user,pass', Array, NULL)
#3 C:\xampp\htdocs\warhammer\vendor\codeigniter4\framework\system\Validation\Validation.php(189): CodeIgniter\Validation\Validation->processRules('pass', 'pass', 'tes', Array, Array)
#4 C:\xampp\htdocs\warhammer\vendor\codeigniter4\framework\system\Controller.php(219): CodeIgniter\Validation\Validation->run()
#5 C:\xampp\htdocs\warhammer\app\Controllers\Login.php(56): CodeIgniter\Controller->validate(Array, Array)
#6 C:\xampp\htdocs\warhammer\vendor\codeigniter4\framework\system\CodeIgniter.php(918): App\Controllers\Login->auth()
#7 C:\xampp\htdocs\warhammer\vendor\codeigniter4\framework\system\CodeIgniter.php(404): CodeIgniter\CodeIgniter->runController(Object(App\Controllers\Login))
#8 C:\xampp\htdocs\warhammer\vendor\codeigniter4\framework\system\CodeIgniter.php(312): CodeIgniter\CodeIgniter->handleRequest(NULL, Object(Config\Cache), false)
#9 C:\xampp\htdocs\warhammer\public\index.php(45): CodeIgniter\CodeIgniter->run()
#10 {main}
CRITICAL - 2020-09-20 14:47:45 --> You must set the database table to be used with your query.
#0 C:\xampp\htdocs\warhammer\vendor\codeigniter4\framework\system\Model.php(1237): CodeIgniter\Database\BaseConnection->table(NULL)
#1 C:\xampp\htdocs\warhammer\vendor\codeigniter4\framework\system\Model.php(1816): CodeIgniter\Model->builder()
#2 C:\xampp\htdocs\warhammer\app\Validation\UserRules.php(10): CodeIgniter\Model->__call('where', Array)
#3 C:\xampp\htdocs\warhammer\vendor\codeigniter4\framework\system\Validation\Validation.php(325): App\Validation\UserRules->validateUser('tes', 'user,pass', Array, NULL)
#4 C:\xampp\htdocs\warhammer\vendor\codeigniter4\framework\system\Validation\Validation.php(189): CodeIgniter\Validation\Validation->processRules('pass', 'pass', 'tes', Array, Array)
#5 C:\xampp\htdocs\warhammer\vendor\codeigniter4\framework\system\Controller.php(219): CodeIgniter\Validation\Validation->run()
#6 C:\xampp\htdocs\warhammer\app\Controllers\Login.php(56): CodeIgniter\Controller->validate(Array, Array)
#7 C:\xampp\htdocs\warhammer\vendor\codeigniter4\framework\system\CodeIgniter.php(918): App\Controllers\Login->auth()
#8 C:\xampp\htdocs\warhammer\vendor\codeigniter4\framework\system\CodeIgniter.php(404): CodeIgniter\CodeIgniter->runController(Object(App\Controllers\Login))
#9 C:\xampp\htdocs\warhammer\vendor\codeigniter4\framework\system\CodeIgniter.php(312): CodeIgniter\CodeIgniter->handleRequest(NULL, Object(Config\Cache), false)
#10 C:\xampp\htdocs\warhammer\public\index.php(45): CodeIgniter\CodeIgniter->run()
#11 {main}
CRITICAL - 2020-09-20 14:49:35 --> Unknown column 'users.deleted_at' in 'where clause'
#0 C:\xampp\htdocs\warhammer\vendor\codeigniter4\framework\system\Database\MySQLi\Connection.php(331): mysqli->query('SELECT *\nFROM `...')
#1 C:\xampp\htdocs\warhammer\vendor\codeigniter4\framework\system\Database\BaseConnection.php(741): CodeIgniter\Database\MySQLi\Connection->execute('SELECT *\nFROM `...')
#2 C:\xampp\htdocs\warhammer\vendor\codeigniter4\framework\system\Database\BaseConnection.php(669): CodeIgniter\Database\BaseConnection->simpleQuery('SELECT *\nFROM `...')
#3 C:\xampp\htdocs\warhammer\vendor\codeigniter4\framework\system\Database\BaseBuilder.php(1860): CodeIgniter\Database\BaseConnection->query('SELECT *\nFROM `...', Array, false)
#4 C:\xampp\htdocs\warhammer\vendor\codeigniter4\framework\system\Model.php(506): CodeIgniter\Database\BaseBuilder->get()
#5 C:\xampp\htdocs\warhammer\app\Validation\UserRules.php(11): CodeIgniter\Model->first()
#6 C:\xampp\htdocs\warhammer\vendor\codeigniter4\framework\system\Validation\Validation.php(325): App\Validation\UserRules->validateUser('tes', 'user,pass', Array, NULL)
#7 C:\xampp\htdocs\warhammer\vendor\codeigniter4\framework\system\Validation\Validation.php(189): CodeIgniter\Validation\Validation->processRules('pass', 'pass', 'tes', Array, Array)
#8 C:\xampp\htdocs\warhammer\vendor\codeigniter4\framework\system\Controller.php(219): CodeIgniter\Validation\Validation->run()
#9 C:\xampp\htdocs\warhammer\app\Controllers\Login.php(56): CodeIgniter\Controller->validate(Array, Array)
#10 C:\xampp\htdocs\warhammer\vendor\codeigniter4\framework\system\CodeIgniter.php(918): App\Controllers\Login->auth()
#11 C:\xampp\htdocs\warhammer\vendor\codeigniter4\framework\system\CodeIgniter.php(404): CodeIgniter\CodeIgniter->runController(Object(App\Controllers\Login))
#12 C:\xampp\htdocs\warhammer\vendor\codeigniter4\framework\system\CodeIgniter.php(312): CodeIgniter\CodeIgniter->handleRequest(NULL, Object(Config\Cache), false)
#13 C:\xampp\htdocs\warhammer\public\index.php(45): CodeIgniter\CodeIgniter->run()
#14 {main}
CRITICAL - 2020-09-20 14:51:33 --> Unknown column 'users.deleted_at' in 'where clause'
#0 C:\xampp\htdocs\warhammer\vendor\codeigniter4\framework\system\Database\MySQLi\Connection.php(331): mysqli->query('SELECT *\nFROM `...')
#1 C:\xampp\htdocs\warhammer\vendor\codeigniter4\framework\system\Database\BaseConnection.php(741): CodeIgniter\Database\MySQLi\Connection->execute('SELECT *\nFROM `...')
#2 C:\xampp\htdocs\warhammer\vendor\codeigniter4\framework\system\Database\BaseConnection.php(669): CodeIgniter\Database\BaseConnection->simpleQuery('SELECT *\nFROM `...')
#3 C:\xampp\htdocs\warhammer\vendor\codeigniter4\framework\system\Database\BaseBuilder.php(1860): CodeIgniter\Database\BaseConnection->query('SELECT *\nFROM `...', Array, false)
#4 C:\xampp\htdocs\warhammer\vendor\codeigniter4\framework\system\Model.php(506): CodeIgniter\Database\BaseBuilder->get()
#5 C:\xampp\htdocs\warhammer\app\Validation\UserRules.php(11): CodeIgniter\Model->first()
#6 C:\xampp\htdocs\warhammer\vendor\codeigniter4\framework\system\Validation\Validation.php(325): App\Validation\UserRules->validateUser('tes', 'user,pass', Array, NULL)
#7 C:\xampp\htdocs\warhammer\vendor\codeigniter4\framework\system\Validation\Validation.php(189): CodeIgniter\Validation\Validation->processRules('pass', 'pass', 'tes', Array, Array)
#8 C:\xampp\htdocs\warhammer\vendor\codeigniter4\framework\system\Controller.php(219): CodeIgniter\Validation\Validation->run()
#9 C:\xampp\htdocs\warhammer\app\Controllers\Login.php(56): CodeIgniter\Controller->validate(Array, Array)
#10 C:\xampp\htdocs\warhammer\vendor\codeigniter4\framework\system\CodeIgniter.php(918): App\Controllers\Login->auth()
#11 C:\xampp\htdocs\warhammer\vendor\codeigniter4\framework\system\CodeIgniter.php(404): CodeIgniter\CodeIgniter->runController(Object(App\Controllers\Login))
#12 C:\xampp\htdocs\warhammer\vendor\codeigniter4\framework\system\CodeIgniter.php(312): CodeIgniter\CodeIgniter->handleRequest(NULL, Object(Config\Cache), false)
#13 C:\xampp\htdocs\warhammer\public\index.php(45): CodeIgniter\CodeIgniter->run()
#14 {main}
CRITICAL - 2020-09-20 14:51:38 --> Unknown column 'users.deleted_at' in 'where clause'
#0 C:\xampp\htdocs\warhammer\vendor\codeigniter4\framework\system\Database\MySQLi\Connection.php(331): mysqli->query('SELECT *\nFROM `...')
#1 C:\xampp\htdocs\warhammer\vendor\codeigniter4\framework\system\Database\BaseConnection.php(741): CodeIgniter\Database\MySQLi\Connection->execute('SELECT *\nFROM `...')
#2 C:\xampp\htdocs\warhammer\vendor\codeigniter4\framework\system\Database\BaseConnection.php(669): CodeIgniter\Database\BaseConnection->simpleQuery('SELECT *\nFROM `...')
#3 C:\xampp\htdocs\warhammer\vendor\codeigniter4\framework\system\Database\BaseBuilder.php(1860): CodeIgniter\Database\BaseConnection->query('SELECT *\nFROM `...', Array, false)
#4 C:\xampp\htdocs\warhammer\vendor\codeigniter4\framework\system\Model.php(506): CodeIgniter\Database\BaseBuilder->get()
#5 C:\xampp\htdocs\warhammer\app\Validation\UserRules.php(11): CodeIgniter\Model->first()
#6 C:\xampp\htdocs\warhammer\vendor\codeigniter4\framework\system\Validation\Validation.php(325): App\Validation\UserRules->validateUser('tes', 'user,pass', Array, NULL)
#7 C:\xampp\htdocs\warhammer\vendor\codeigniter4\framework\system\Validation\Validation.php(189): CodeIgniter\Validation\Validation->processRules('pass', 'pass', 'tes', Array, Array)
#8 C:\xampp\htdocs\warhammer\vendor\codeigniter4\framework\system\Controller.php(219): CodeIgniter\Validation\Validation->run()
#9 C:\xampp\htdocs\warhammer\app\Controllers\Login.php(56): CodeIgniter\Controller->validate(Array, Array)
#10 C:\xampp\htdocs\warhammer\vendor\codeigniter4\framework\system\CodeIgniter.php(918): App\Controllers\Login->auth()
#11 C:\xampp\htdocs\warhammer\vendor\codeigniter4\framework\system\CodeIgniter.php(404): CodeIgniter\CodeIgniter->runController(Object(App\Controllers\Login))
#12 C:\xampp\htdocs\warhammer\vendor\codeigniter4\framework\system\CodeIgniter.php(312): CodeIgniter\CodeIgniter->handleRequest(NULL, Object(Config\Cache), false)
#13 C:\xampp\htdocs\warhammer\public\index.php(45): CodeIgniter\CodeIgniter->run()
#14 {main}
CRITICAL - 2020-09-20 15:07:57 --> Column 'role' cannot be null
#0 C:\xampp\htdocs\warhammer\vendor\codeigniter4\framework\system\Database\MySQLi\Connection.php(331): mysqli->query('INSERT INTO `us...')
#1 C:\xampp\htdocs\warhammer\vendor\codeigniter4\framework\system\Database\BaseConnection.php(741): CodeIgniter\Database\MySQLi\Connection->execute('INSERT INTO `us...')
#2 C:\xampp\htdocs\warhammer\vendor\codeigniter4\framework\system\Database\BaseConnection.php(669): CodeIgniter\Database\BaseConnection->simpleQuery('INSERT INTO `us...')
#3 C:\xampp\htdocs\warhammer\vendor\codeigniter4\framework\system\Database\BaseBuilder.php(2249): CodeIgniter\Database\BaseConnection->query('INSERT INTO `us...', Array, false)
#4 C:\xampp\htdocs\warhammer\vendor\codeigniter4\framework\system\Model.php(755): CodeIgniter\Database\BaseBuilder->insert()
#5 C:\xampp\htdocs\warhammer\vendor\codeigniter4\framework\system\Model.php(574): CodeIgniter\Model->insert(Array, false)
#6 C:\xampp\htdocs\warhammer\app\Models\RegisModel.php(44): CodeIgniter\Model->save(Array)
#7 C:\xampp\htdocs\warhammer\app\Controllers\Login.php(115): App\Models\RegisModel->daftar()
#8 C:\xampp\htdocs\warhammer\vendor\codeigniter4\framework\system\CodeIgniter.php(918): App\Controllers\Login->regis()
#9 C:\xampp\htdocs\warhammer\vendor\codeigniter4\framework\system\CodeIgniter.php(404): CodeIgniter\CodeIgniter->runController(Object(App\Controllers\Login))
#10 C:\xampp\htdocs\warhammer\vendor\codeigniter4\framework\system\CodeIgniter.php(312): CodeIgniter\CodeIgniter->handleRequest(NULL, Object(Config\Cache), false)
#11 C:\xampp\htdocs\warhammer\public\index.php(45): CodeIgniter\CodeIgniter->run()
#12 {main}
CRITICAL - 2020-09-20 15:09:04 --> Column 'role' cannot be null
#0 C:\xampp\htdocs\warhammer\vendor\codeigniter4\framework\system\Database\MySQLi\Connection.php(331): mysqli->query('INSERT INTO `us...')
#1 C:\xampp\htdocs\warhammer\vendor\codeigniter4\framework\system\Database\BaseConnection.php(741): CodeIgniter\Database\MySQLi\Connection->execute('INSERT INTO `us...')
#2 C:\xampp\htdocs\warhammer\vendor\codeigniter4\framework\system\Database\BaseConnection.php(669): CodeIgniter\Database\BaseConnection->simpleQuery('INSERT INTO `us...')
#3 C:\xampp\htdocs\warhammer\vendor\codeigniter4\framework\system\Database\BaseBuilder.php(2249): CodeIgniter\Database\BaseConnection->query('INSERT INTO `us...', Array, false)
#4 C:\xampp\htdocs\warhammer\vendor\codeigniter4\framework\system\Model.php(755): CodeIgniter\Database\BaseBuilder->insert()
#5 C:\xampp\htdocs\warhammer\vendor\codeigniter4\framework\system\Model.php(574): CodeIgniter\Model->insert(Array, false)
#6 C:\xampp\htdocs\warhammer\app\Models\RegisModel.php(44): CodeIgniter\Model->save(Array)
#7 C:\xampp\htdocs\warhammer\app\Controllers\Login.php(115): App\Models\RegisModel->daftar()
#8 C:\xampp\htdocs\warhammer\vendor\codeigniter4\framework\system\CodeIgniter.php(918): App\Controllers\Login->regis()
#9 C:\xampp\htdocs\warhammer\vendor\codeigniter4\framework\system\CodeIgniter.php(404): CodeIgniter\CodeIgniter->runController(Object(App\Controllers\Login))
#10 C:\xampp\htdocs\warhammer\vendor\codeigniter4\framework\system\CodeIgniter.php(312): CodeIgniter\CodeIgniter->handleRequest(NULL, Object(Config\Cache), false)
#11 C:\xampp\htdocs\warhammer\public\index.php(45): CodeIgniter\CodeIgniter->run()
#12 {main}
CRITICAL - 2020-09-20 15:11:32 --> Column 'pass' cannot be null
#0 C:\xampp\htdocs\warhammer\vendor\codeigniter4\framework\system\Database\MySQLi\Connection.php(331): mysqli->query('INSERT INTO `us...')
#1 C:\xampp\htdocs\warhammer\vendor\codeigniter4\framework\system\Database\BaseConnection.php(741): CodeIgniter\Database\MySQLi\Connection->execute('INSERT INTO `us...')
#2 C:\xampp\htdocs\warhammer\vendor\codeigniter4\framework\system\Database\BaseConnection.php(669): CodeIgniter\Database\BaseConnection->simpleQuery('INSERT INTO `us...')
#3 C:\xampp\htdocs\warhammer\vendor\codeigniter4\framework\system\Database\BaseBuilder.php(2249): CodeIgniter\Database\BaseConnection->query('INSERT INTO `us...', Array, false)
#4 C:\xampp\htdocs\warhammer\vendor\codeigniter4\framework\system\Model.php(755): CodeIgniter\Database\BaseBuilder->insert()
#5 C:\xampp\htdocs\warhammer\vendor\codeigniter4\framework\system\Model.php(574): CodeIgniter\Model->insert(Array, false)
#6 C:\xampp\htdocs\warhammer\app\Models\RegisModel.php(44): CodeIgniter\Model->save(Array)
#7 C:\xampp\htdocs\warhammer\app\Controllers\Login.php(115): App\Models\RegisModel->daftar()
#8 C:\xampp\htdocs\warhammer\vendor\codeigniter4\framework\system\CodeIgniter.php(918): App\Controllers\Login->regis()
#9 C:\xampp\htdocs\warhammer\vendor\codeigniter4\framework\system\CodeIgniter.php(404): CodeIgniter\CodeIgniter->runController(Object(App\Controllers\Login))
#10 C:\xampp\htdocs\warhammer\vendor\codeigniter4\framework\system\CodeIgniter.php(312): CodeIgniter\CodeIgniter->handleRequest(NULL, Object(Config\Cache), false)
#11 C:\xampp\htdocs\warhammer\public\index.php(45): CodeIgniter\CodeIgniter->run()
#12 {main}
CRITICAL - 2020-09-20 22:48:57 --> Undefined index: role
#0 C:\xampp\htdocs\warhammer\app\Validation\UserRules.php(10): CodeIgniter\Debug\Exceptions->errorHandler(8, 'Undefined index...', 'C:\\xampp\\htdocs...', 10, Array)
#1 C:\xampp\htdocs\warhammer\vendor\codeigniter4\framework\system\Validation\Validation.php(325): App\Validation\UserRules->validateUser('teraz1', 'user,role,pass', Array, NULL)
#2 C:\xampp\htdocs\warhammer\vendor\codeigniter4\framework\system\Validation\Validation.php(189): CodeIgniter\Validation\Validation->processRules('pass', 'pass', 'teraz1', Array, Array)
#3 C:\xampp\htdocs\warhammer\vendor\codeigniter4\framework\system\Controller.php(219): CodeIgniter\Validation\Validation->run()
#4 C:\xampp\htdocs\warhammer\app\Controllers\Login.php(59): CodeIgniter\Controller->validate(Array, Array)
#5 C:\xampp\htdocs\warhammer\vendor\codeigniter4\framework\system\CodeIgniter.php(918): App\Controllers\Login->auth()
#6 C:\xampp\htdocs\warhammer\vendor\codeigniter4\framework\system\CodeIgniter.php(404): CodeIgniter\CodeIgniter->runController(Object(App\Controllers\Login))
#7 C:\xampp\htdocs\warhammer\vendor\codeigniter4\framework\system\CodeIgniter.php(312): CodeIgniter\CodeIgniter->handleRequest(NULL, Object(Config\Cache), false)
#8 C:\xampp\htdocs\warhammer\public\index.php(45): CodeIgniter\CodeIgniter->run()
#9 {main}
CRITICAL - 2020-09-20 22:49:25 --> Undefined index: role
#0 C:\xampp\htdocs\warhammer\app\Validation\UserRules.php(10): CodeIgniter\Debug\Exceptions->errorHandler(8, 'Undefined index...', 'C:\\xampp\\htdocs...', 10, Array)
#1 C:\xampp\htdocs\warhammer\vendor\codeigniter4\framework\system\Validation\Validation.php(325): App\Validation\UserRules->validateUser('teraz1', 'user,role,pass', Array, NULL)
#2 C:\xampp\htdocs\warhammer\vendor\codeigniter4\framework\system\Validation\Validation.php(189): CodeIgniter\Validation\Validation->processRules('pass', 'pass', 'teraz1', Array, Array)
#3 C:\xampp\htdocs\warhammer\vendor\codeigniter4\framework\system\Controller.php(219): CodeIgniter\Validation\Validation->run()
#4 C:\xampp\htdocs\warhammer\app\Controllers\Login.php(59): CodeIgniter\Controller->validate(Array, Array)
#5 C:\xampp\htdocs\warhammer\vendor\codeigniter4\framework\system\CodeIgniter.php(918): App\Controllers\Login->auth()
#6 C:\xampp\htdocs\warhammer\vendor\codeigniter4\framework\system\CodeIgniter.php(404): CodeIgniter\CodeIgniter->runController(Object(App\Controllers\Login))
#7 C:\xampp\htdocs\warhammer\vendor\codeigniter4\framework\system\CodeIgniter.php(312): CodeIgniter\CodeIgniter->handleRequest(NULL, Object(Config\Cache), false)
#8 C:\xampp\htdocs\warhammer\public\index.php(45): CodeIgniter\CodeIgniter->run()
#9 {main}
CRITICAL - 2020-09-20 22:49:38 --> Undefined index: role
#0 C:\xampp\htdocs\warhammer\app\Validation\UserRules.php(10): CodeIgniter\Debug\Exceptions->errorHandler(8, 'Undefined index...', 'C:\\xampp\\htdocs...', 10, Array)
#1 C:\xampp\htdocs\warhammer\vendor\codeigniter4\framework\system\Validation\Validation.php(325): App\Validation\UserRules->validateUser('teraz1', 'user,role,pass', Array, NULL)
#2 C:\xampp\htdocs\warhammer\vendor\codeigniter4\framework\system\Validation\Validation.php(189): CodeIgniter\Validation\Validation->processRules('pass', 'pass', 'teraz1', Array, Array)
#3 C:\xampp\htdocs\warhammer\vendor\codeigniter4\framework\system\Controller.php(219): CodeIgniter\Validation\Validation->run()
#4 C:\xampp\htdocs\warhammer\app\Controllers\Login.php(59): CodeIgniter\Controller->validate(Array, Array)
#5 C:\xampp\htdocs\warhammer\vendor\codeigniter4\framework\system\CodeIgniter.php(918): App\Controllers\Login->auth()
#6 C:\xampp\htdocs\warhammer\vendor\codeigniter4\framework\system\CodeIgniter.php(404): CodeIgniter\CodeIgniter->runController(Object(App\Controllers\Login))
#7 C:\xampp\htdocs\warhammer\vendor\codeigniter4\framework\system\CodeIgniter.php(312): CodeIgniter\CodeIgniter->handleRequest(NULL, Object(Config\Cache), false)
#8 C:\xampp\htdocs\warhammer\public\index.php(45): CodeIgniter\CodeIgniter->run()
#9 {main}
CRITICAL - 2020-09-20 22:51:09 --> Undefined index: role
#0 C:\xampp\htdocs\warhammer\app\Validation\UserRules.php(10): CodeIgniter\Debug\Exceptions->errorHandler(8, 'Undefined index...', 'C:\\xampp\\htdocs...', 10, Array)
#1 C:\xampp\htdocs\warhammer\vendor\codeigniter4\framework\system\Validation\Validation.php(325): App\Validation\UserRules->validateUser('teraz1', 'user,pass', Array, NULL)
#2 C:\xampp\htdocs\warhammer\vendor\codeigniter4\framework\system\Validation\Validation.php(189): CodeIgniter\Validation\Validation->processRules('pass', 'pass', 'teraz1', Array, Array)
#3 C:\xampp\htdocs\warhammer\vendor\codeigniter4\framework\system\Controller.php(219): CodeIgniter\Validation\Validation->run()
#4 C:\xampp\htdocs\warhammer\app\Controllers\Login.php(59): CodeIgniter\Controller->validate(Array, Array)
#5 C:\xampp\htdocs\warhammer\vendor\codeigniter4\framework\system\CodeIgniter.php(918): App\Controllers\Login->auth()
#6 C:\xampp\htdocs\warhammer\vendor\codeigniter4\framework\system\CodeIgniter.php(404): CodeIgniter\CodeIgniter->runController(Object(App\Controllers\Login))
#7 C:\xampp\htdocs\warhammer\vendor\codeigniter4\framework\system\CodeIgniter.php(312): CodeIgniter\CodeIgniter->handleRequest(NULL, Object(Config\Cache), false)
#8 C:\xampp\htdocs\warhammer\public\index.php(45): CodeIgniter\CodeIgniter->run()
#9 {main}
CRITICAL - 2020-09-20 22:51:12 --> Undefined index: role
#0 C:\xampp\htdocs\warhammer\app\Validation\UserRules.php(10): CodeIgniter\Debug\Exceptions->errorHandler(8, 'Undefined index...', 'C:\\xampp\\htdocs...', 10, Array)
#1 C:\xampp\htdocs\warhammer\vendor\codeigniter4\framework\system\Validation\Validation.php(325): App\Validation\UserRules->validateUser('teraz1', 'user,pass', Array, NULL)
#2 C:\xampp\htdocs\warhammer\vendor\codeigniter4\framework\system\Validation\Validation.php(189): CodeIgniter\Validation\Validation->processRules('pass', 'pass', 'teraz1', Array, Array)
#3 C:\xampp\htdocs\warhammer\vendor\codeigniter4\framework\system\Controller.php(219): CodeIgniter\Validation\Validation->run()
#4 C:\xampp\htdocs\warhammer\app\Controllers\Login.php(59): CodeIgniter\Controller->validate(Array, Array)
#5 C:\xampp\htdocs\warhammer\vendor\codeigniter4\framework\system\CodeIgniter.php(918): App\Controllers\Login->auth()
#6 C:\xampp\htdocs\warhammer\vendor\codeigniter4\framework\system\CodeIgniter.php(404): CodeIgniter\CodeIgniter->runController(Object(App\Controllers\Login))
#7 C:\xampp\htdocs\warhammer\vendor\codeigniter4\framework\system\CodeIgniter.php(312): CodeIgniter\CodeIgniter->handleRequest(NULL, Object(Config\Cache), false)
#8 C:\xampp\htdocs\warhammer\public\index.php(45): CodeIgniter\CodeIgniter->run()
#9 {main}
CRITICAL - 2020-09-20 22:51:45 --> Undefined index: role
#0 C:\xampp\htdocs\warhammer\app\Validation\UserRules.php(10): CodeIgniter\Debug\Exceptions->errorHandler(8, 'Undefined index...', 'C:\\xampp\\htdocs...', 10, Array)
#1 C:\xampp\htdocs\warhammer\vendor\codeigniter4\framework\system\Validation\Validation.php(325): App\Validation\UserRules->validateUser('teraz1', 'user,pass,role', Array, NULL)
#2 C:\xampp\htdocs\warhammer\vendor\codeigniter4\framework\system\Validation\Validation.php(189): CodeIgniter\Validation\Validation->processRules('pass', 'pass', 'teraz1', Array, Array)
#3 C:\xampp\htdocs\warhammer\vendor\codeigniter4\framework\system\Controller.php(219): CodeIgniter\Validation\Validation->run()
#4 C:\xampp\htdocs\warhammer\app\Controllers\Login.php(59): CodeIgniter\Controller->validate(Array, Array)
#5 C:\xampp\htdocs\warhammer\vendor\codeigniter4\framework\system\CodeIgniter.php(918): App\Controllers\Login->auth()
#6 C:\xampp\htdocs\warhammer\vendor\codeigniter4\framework\system\CodeIgniter.php(404): CodeIgniter\CodeIgniter->runController(Object(App\Controllers\Login))
#7 C:\xampp\htdocs\warhammer\vendor\codeigniter4\framework\system\CodeIgniter.php(312): CodeIgniter\CodeIgniter->handleRequest(NULL, Object(Config\Cache), false)
#8 C:\xampp\htdocs\warhammer\public\index.php(45): CodeIgniter\CodeIgniter->run()
#9 {main}
