CRITICAL - 2021-10-03 20:22:16 --> Undefined variable: BG
#0 C:\xampp\htdocs\warhammer\app\Views\inventory.php(7): CodeIgniter\Debug\Exceptions->errorHandler(8, 'Undefined varia...', 'C:\\xampp\\htdocs...', 7, Array)
#1 C:\xampp\htdocs\warhammer\vendor\codeigniter4\framework\system\View\View.php(214): include('C:\\xampp\\htdocs...')
#2 C:\xampp\htdocs\warhammer\vendor\codeigniter4\framework\system\View\View.php(217): CodeIgniter\View\View->CodeIgniter\View\{closure}()
#3 C:\xampp\htdocs\warhammer\vendor\codeigniter4\framework\system\Common.php(1092): CodeIgniter\View\View->render('inventory', Array, true)
#4 C:\xampp\htdocs\warhammer\app\Controllers\Chat.php(408): view('inventory', Array)
#5 C:\xampp\htdocs\warhammer\vendor\codeigniter4\framework\system\CodeIgniter.php(802): App\Controllers\Chat->inventory()
#6 C:\xampp\htdocs\warhammer\vendor\codeigniter4\framework\system\CodeIgniter.php(399): CodeIgniter\CodeIgniter->runController(Object(App\Controllers\Chat))
#7 C:\xampp\htdocs\warhammer\vendor\codeigniter4\framework\system\CodeIgniter.php(317): CodeIgniter\CodeIgniter->handleRequest(NULL, Object(Config\Cache), false)
#8 C:\xampp\htdocs\warhammer\public\index.php(45): CodeIgniter\CodeIgniter->run()
#9 {main}
CRITICAL - 2021-10-03 20:22:16 --> Undefined variable: BG
#0 C:\xampp\htdocs\warhammer\app\Views\inventory.php(7): CodeIgniter\Debug\Exceptions->errorHandler(8, 'Undefined varia...', 'C:\\xampp\\htdocs...', 7, Array)
#1 C:\xampp\htdocs\warhammer\vendor\codeigniter4\framework\system\View\View.php(214): include('C:\\xampp\\htdocs...')
#2 C:\xampp\htdocs\warhammer\vendor\codeigniter4\framework\system\View\View.php(217): CodeIgniter\View\View->CodeIgniter\View\{closure}()
#3 C:\xampp\htdocs\warhammer\vendor\codeigniter4\framework\system\Common.php(1092): CodeIgniter\View\View->render('inventory', Array, true)
#4 C:\xampp\htdocs\warhammer\app\Controllers\Chat.php(408): view('inventory', Array)
#5 C:\xampp\htdocs\warhammer\vendor\codeigniter4\framework\system\CodeIgniter.php(802): App\Controllers\Chat->inventory()
#6 C:\xampp\htdocs\warhammer\vendor\codeigniter4\framework\system\CodeIgniter.php(399): CodeIgniter\CodeIgniter->runController(Object(App\Controllers\Chat))
#7 C:\xampp\htdocs\warhammer\vendor\codeigniter4\framework\system\CodeIgniter.php(317): CodeIgniter\CodeIgniter->handleRequest(NULL, Object(Config\Cache), false)
#8 C:\xampp\htdocs\warhammer\public\index.php(45): CodeIgniter\CodeIgniter->run()
#9 {main}
CRITICAL - 2021-10-03 20:22:16 --> Undefined variable: BG
#0 C:\xampp\htdocs\warhammer\app\Views\inventory.php(7): CodeIgniter\Debug\Exceptions->errorHandler(8, 'Undefined varia...', 'C:\\xampp\\htdocs...', 7, Array)
#1 C:\xampp\htdocs\warhammer\vendor\codeigniter4\framework\system\View\View.php(214): include('C:\\xampp\\htdocs...')
#2 C:\xampp\htdocs\warhammer\vendor\codeigniter4\framework\system\View\View.php(217): CodeIgniter\View\View->CodeIgniter\View\{closure}()
#3 C:\xampp\htdocs\warhammer\vendor\codeigniter4\framework\system\Common.php(1092): CodeIgniter\View\View->render('inventory', Array, true)
#4 C:\xampp\htdocs\warhammer\app\Controllers\Chat.php(408): view('inventory', Array)
#5 C:\xampp\htdocs\warhammer\vendor\codeigniter4\framework\system\CodeIgniter.php(802): App\Controllers\Chat->inventory()
#6 C:\xampp\htdocs\warhammer\vendor\codeigniter4\framework\system\CodeIgniter.php(399): CodeIgniter\CodeIgniter->runController(Object(App\Controllers\Chat))
#7 C:\xampp\htdocs\warhammer\vendor\codeigniter4\framework\system\CodeIgniter.php(317): CodeIgniter\CodeIgniter->handleRequest(NULL, Object(Config\Cache), false)
#8 C:\xampp\htdocs\warhammer\public\index.php(45): CodeIgniter\CodeIgniter->run()
#9 {main}
CRITICAL - 2021-10-03 20:22:16 --> Undefined variable: BG
#0 C:\xampp\htdocs\warhammer\app\Views\inventory.php(7): CodeIgniter\Debug\Exceptions->errorHandler(8, 'Undefined varia...', 'C:\\xampp\\htdocs...', 7, Array)
#1 C:\xampp\htdocs\warhammer\vendor\codeigniter4\framework\system\View\View.php(214): include('C:\\xampp\\htdocs...')
#2 C:\xampp\htdocs\warhammer\vendor\codeigniter4\framework\system\View\View.php(217): CodeIgniter\View\View->CodeIgniter\View\{closure}()
#3 C:\xampp\htdocs\warhammer\vendor\codeigniter4\framework\system\Common.php(1092): CodeIgniter\View\View->render('inventory', Array, true)
#4 C:\xampp\htdocs\warhammer\app\Controllers\Chat.php(408): view('inventory', Array)
#5 C:\xampp\htdocs\warhammer\vendor\codeigniter4\framework\system\CodeIgniter.php(802): App\Controllers\Chat->inventory()
#6 C:\xampp\htdocs\warhammer\vendor\codeigniter4\framework\system\CodeIgniter.php(399): CodeIgniter\CodeIgniter->runController(Object(App\Controllers\Chat))
#7 C:\xampp\htdocs\warhammer\vendor\codeigniter4\framework\system\CodeIgniter.php(317): CodeIgniter\CodeIgniter->handleRequest(NULL, Object(Config\Cache), false)
#8 C:\xampp\htdocs\warhammer\public\index.php(45): CodeIgniter\CodeIgniter->run()
#9 {main}
CRITICAL - 2021-10-03 20:22:16 --> Undefined variable: BG
#0 C:\xampp\htdocs\warhammer\app\Views\inventory.php(7): CodeIgniter\Debug\Exceptions->errorHandler(8, 'Undefined varia...', 'C:\\xampp\\htdocs...', 7, Array)
#1 C:\xampp\htdocs\warhammer\vendor\codeigniter4\framework\system\View\View.php(214): include('C:\\xampp\\htdocs...')
#2 C:\xampp\htdocs\warhammer\vendor\codeigniter4\framework\system\View\View.php(217): CodeIgniter\View\View->CodeIgniter\View\{closure}()
#3 C:\xampp\htdocs\warhammer\vendor\codeigniter4\framework\system\Common.php(1092): CodeIgniter\View\View->render('inventory', Array, true)
#4 C:\xampp\htdocs\warhammer\app\Controllers\Chat.php(408): view('inventory', Array)
#5 C:\xampp\htdocs\warhammer\vendor\codeigniter4\framework\system\CodeIgniter.php(802): App\Controllers\Chat->inventory()
#6 C:\xampp\htdocs\warhammer\vendor\codeigniter4\framework\system\CodeIgniter.php(399): CodeIgniter\CodeIgniter->runController(Object(App\Controllers\Chat))
#7 C:\xampp\htdocs\warhammer\vendor\codeigniter4\framework\system\CodeIgniter.php(317): CodeIgniter\CodeIgniter->handleRequest(NULL, Object(Config\Cache), false)
#8 C:\xampp\htdocs\warhammer\public\index.php(45): CodeIgniter\CodeIgniter->run()
#9 {main}
CRITICAL - 2021-10-03 20:22:16 --> Undefined variable: BG
#0 C:\xampp\htdocs\warhammer\app\Views\inventory.php(7): CodeIgniter\Debug\Exceptions->errorHandler(8, 'Undefined varia...', 'C:\\xampp\\htdocs...', 7, Array)
#1 C:\xampp\htdocs\warhammer\vendor\codeigniter4\framework\system\View\View.php(214): include('C:\\xampp\\htdocs...')
#2 C:\xampp\htdocs\warhammer\vendor\codeigniter4\framework\system\View\View.php(217): CodeIgniter\View\View->CodeIgniter\View\{closure}()
#3 C:\xampp\htdocs\warhammer\vendor\codeigniter4\framework\system\Common.php(1092): CodeIgniter\View\View->render('inventory', Array, true)
#4 C:\xampp\htdocs\warhammer\app\Controllers\Chat.php(408): view('inventory', Array)
#5 C:\xampp\htdocs\warhammer\vendor\codeigniter4\framework\system\CodeIgniter.php(802): App\Controllers\Chat->inventory()
#6 C:\xampp\htdocs\warhammer\vendor\codeigniter4\framework\system\CodeIgniter.php(399): CodeIgniter\CodeIgniter->runController(Object(App\Controllers\Chat))
#7 C:\xampp\htdocs\warhammer\vendor\codeigniter4\framework\system\CodeIgniter.php(317): CodeIgniter\CodeIgniter->handleRequest(NULL, Object(Config\Cache), false)
#8 C:\xampp\htdocs\warhammer\public\index.php(45): CodeIgniter\CodeIgniter->run()
#9 {main}
CRITICAL - 2021-10-03 20:22:20 --> Undefined variable: BG
#0 C:\xampp\htdocs\warhammer\app\Views\inventory.php(7): CodeIgniter\Debug\Exceptions->errorHandler(8, 'Undefined varia...', 'C:\\xampp\\htdocs...', 7, Array)
#1 C:\xampp\htdocs\warhammer\vendor\codeigniter4\framework\system\View\View.php(214): include('C:\\xampp\\htdocs...')
#2 C:\xampp\htdocs\warhammer\vendor\codeigniter4\framework\system\View\View.php(217): CodeIgniter\View\View->CodeIgniter\View\{closure}()
#3 C:\xampp\htdocs\warhammer\vendor\codeigniter4\framework\system\Common.php(1092): CodeIgniter\View\View->render('inventory', Array, true)
#4 C:\xampp\htdocs\warhammer\app\Controllers\Chat.php(408): view('inventory', Array)
#5 C:\xampp\htdocs\warhammer\vendor\codeigniter4\framework\system\CodeIgniter.php(802): App\Controllers\Chat->inventory()
#6 C:\xampp\htdocs\warhammer\vendor\codeigniter4\framework\system\CodeIgniter.php(399): CodeIgniter\CodeIgniter->runController(Object(App\Controllers\Chat))
#7 C:\xampp\htdocs\warhammer\vendor\codeigniter4\framework\system\CodeIgniter.php(317): CodeIgniter\CodeIgniter->handleRequest(NULL, Object(Config\Cache), false)
#8 C:\xampp\htdocs\warhammer\public\index.php(45): CodeIgniter\CodeIgniter->run()
#9 {main}
CRITICAL - 2021-10-03 20:22:20 --> Undefined variable: BG
#0 C:\xampp\htdocs\warhammer\app\Views\inventory.php(7): CodeIgniter\Debug\Exceptions->errorHandler(8, 'Undefined varia...', 'C:\\xampp\\htdocs...', 7, Array)
#1 C:\xampp\htdocs\warhammer\vendor\codeigniter4\framework\system\View\View.php(214): include('C:\\xampp\\htdocs...')
#2 C:\xampp\htdocs\warhammer\vendor\codeigniter4\framework\system\View\View.php(217): CodeIgniter\View\View->CodeIgniter\View\{closure}()
#3 C:\xampp\htdocs\warhammer\vendor\codeigniter4\framework\system\Common.php(1092): CodeIgniter\View\View->render('inventory', Array, true)
#4 C:\xampp\htdocs\warhammer\app\Controllers\Chat.php(408): view('inventory', Array)
#5 C:\xampp\htdocs\warhammer\vendor\codeigniter4\framework\system\CodeIgniter.php(802): App\Controllers\Chat->inventory()
#6 C:\xampp\htdocs\warhammer\vendor\codeigniter4\framework\system\CodeIgniter.php(399): CodeIgniter\CodeIgniter->runController(Object(App\Controllers\Chat))
#7 C:\xampp\htdocs\warhammer\vendor\codeigniter4\framework\system\CodeIgniter.php(317): CodeIgniter\CodeIgniter->handleRequest(NULL, Object(Config\Cache), false)
#8 C:\xampp\htdocs\warhammer\public\index.php(45): CodeIgniter\CodeIgniter->run()
#9 {main}
CRITICAL - 2021-10-03 20:22:20 --> Undefined variable: BG
#0 C:\xampp\htdocs\warhammer\app\Views\inventory.php(7): CodeIgniter\Debug\Exceptions->errorHandler(8, 'Undefined varia...', 'C:\\xampp\\htdocs...', 7, Array)
#1 C:\xampp\htdocs\warhammer\vendor\codeigniter4\framework\system\View\View.php(214): include('C:\\xampp\\htdocs...')
#2 C:\xampp\htdocs\warhammer\vendor\codeigniter4\framework\system\View\View.php(217): CodeIgniter\View\View->CodeIgniter\View\{closure}()
#3 C:\xampp\htdocs\warhammer\vendor\codeigniter4\framework\system\Common.php(1092): CodeIgniter\View\View->render('inventory', Array, true)
#4 C:\xampp\htdocs\warhammer\app\Controllers\Chat.php(408): view('inventory', Array)
#5 C:\xampp\htdocs\warhammer\vendor\codeigniter4\framework\system\CodeIgniter.php(802): App\Controllers\Chat->inventory()
#6 C:\xampp\htdocs\warhammer\vendor\codeigniter4\framework\system\CodeIgniter.php(399): CodeIgniter\CodeIgniter->runController(Object(App\Controllers\Chat))
#7 C:\xampp\htdocs\warhammer\vendor\codeigniter4\framework\system\CodeIgniter.php(317): CodeIgniter\CodeIgniter->handleRequest(NULL, Object(Config\Cache), false)
#8 C:\xampp\htdocs\warhammer\public\index.php(45): CodeIgniter\CodeIgniter->run()
#9 {main}
CRITICAL - 2021-10-03 20:22:20 --> Undefined variable: BG
#0 C:\xampp\htdocs\warhammer\app\Views\inventory.php(7): CodeIgniter\Debug\Exceptions->errorHandler(8, 'Undefined varia...', 'C:\\xampp\\htdocs...', 7, Array)
#1 C:\xampp\htdocs\warhammer\vendor\codeigniter4\framework\system\View\View.php(214): include('C:\\xampp\\htdocs...')
#2 C:\xampp\htdocs\warhammer\vendor\codeigniter4\framework\system\View\View.php(217): CodeIgniter\View\View->CodeIgniter\View\{closure}()
#3 C:\xampp\htdocs\warhammer\vendor\codeigniter4\framework\system\Common.php(1092): CodeIgniter\View\View->render('inventory', Array, true)
#4 C:\xampp\htdocs\warhammer\app\Controllers\Chat.php(408): view('inventory', Array)
#5 C:\xampp\htdocs\warhammer\vendor\codeigniter4\framework\system\CodeIgniter.php(802): App\Controllers\Chat->inventory()
#6 C:\xampp\htdocs\warhammer\vendor\codeigniter4\framework\system\CodeIgniter.php(399): CodeIgniter\CodeIgniter->runController(Object(App\Controllers\Chat))
#7 C:\xampp\htdocs\warhammer\vendor\codeigniter4\framework\system\CodeIgniter.php(317): CodeIgniter\CodeIgniter->handleRequest(NULL, Object(Config\Cache), false)
#8 C:\xampp\htdocs\warhammer\public\index.php(45): CodeIgniter\CodeIgniter->run()
#9 {main}
CRITICAL - 2021-10-03 20:22:20 --> Undefined variable: BG
#0 C:\xampp\htdocs\warhammer\app\Views\inventory.php(7): CodeIgniter\Debug\Exceptions->errorHandler(8, 'Undefined varia...', 'C:\\xampp\\htdocs...', 7, Array)
#1 C:\xampp\htdocs\warhammer\vendor\codeigniter4\framework\system\View\View.php(214): include('C:\\xampp\\htdocs...')
#2 C:\xampp\htdocs\warhammer\vendor\codeigniter4\framework\system\View\View.php(217): CodeIgniter\View\View->CodeIgniter\View\{closure}()
#3 C:\xampp\htdocs\warhammer\vendor\codeigniter4\framework\system\Common.php(1092): CodeIgniter\View\View->render('inventory', Array, true)
#4 C:\xampp\htdocs\warhammer\app\Controllers\Chat.php(408): view('inventory', Array)
#5 C:\xampp\htdocs\warhammer\vendor\codeigniter4\framework\system\CodeIgniter.php(802): App\Controllers\Chat->inventory()
#6 C:\xampp\htdocs\warhammer\vendor\codeigniter4\framework\system\CodeIgniter.php(399): CodeIgniter\CodeIgniter->runController(Object(App\Controllers\Chat))
#7 C:\xampp\htdocs\warhammer\vendor\codeigniter4\framework\system\CodeIgniter.php(317): CodeIgniter\CodeIgniter->handleRequest(NULL, Object(Config\Cache), false)
#8 C:\xampp\htdocs\warhammer\public\index.php(45): CodeIgniter\CodeIgniter->run()
#9 {main}
CRITICAL - 2021-10-03 20:22:20 --> Undefined variable: BG
#0 C:\xampp\htdocs\warhammer\app\Views\inventory.php(7): CodeIgniter\Debug\Exceptions->errorHandler(8, 'Undefined varia...', 'C:\\xampp\\htdocs...', 7, Array)
#1 C:\xampp\htdocs\warhammer\vendor\codeigniter4\framework\system\View\View.php(214): include('C:\\xampp\\htdocs...')
#2 C:\xampp\htdocs\warhammer\vendor\codeigniter4\framework\system\View\View.php(217): CodeIgniter\View\View->CodeIgniter\View\{closure}()
#3 C:\xampp\htdocs\warhammer\vendor\codeigniter4\framework\system\Common.php(1092): CodeIgniter\View\View->render('inventory', Array, true)
#4 C:\xampp\htdocs\warhammer\app\Controllers\Chat.php(408): view('inventory', Array)
#5 C:\xampp\htdocs\warhammer\vendor\codeigniter4\framework\system\CodeIgniter.php(802): App\Controllers\Chat->inventory()
#6 C:\xampp\htdocs\warhammer\vendor\codeigniter4\framework\system\CodeIgniter.php(399): CodeIgniter\CodeIgniter->runController(Object(App\Controllers\Chat))
#7 C:\xampp\htdocs\warhammer\vendor\codeigniter4\framework\system\CodeIgniter.php(317): CodeIgniter\CodeIgniter->handleRequest(NULL, Object(Config\Cache), false)
#8 C:\xampp\htdocs\warhammer\public\index.php(45): CodeIgniter\CodeIgniter->run()
#9 {main}
CRITICAL - 2021-10-03 20:25:58 --> Undefined variable: BG
#0 C:\xampp\htdocs\warhammer\app\Views\trading.php(7): CodeIgniter\Debug\Exceptions->errorHandler(8, 'Undefined varia...', 'C:\\xampp\\htdocs...', 7, Array)
#1 C:\xampp\htdocs\warhammer\vendor\codeigniter4\framework\system\View\View.php(214): include('C:\\xampp\\htdocs...')
#2 C:\xampp\htdocs\warhammer\vendor\codeigniter4\framework\system\View\View.php(217): CodeIgniter\View\View->CodeIgniter\View\{closure}()
#3 C:\xampp\htdocs\warhammer\vendor\codeigniter4\framework\system\Common.php(1092): CodeIgniter\View\View->render('trading', Array, true)
#4 C:\xampp\htdocs\warhammer\app\Controllers\Chat.php(383): view('trading', Array)
#5 C:\xampp\htdocs\warhammer\vendor\codeigniter4\framework\system\CodeIgniter.php(802): App\Controllers\Chat->trading()
#6 C:\xampp\htdocs\warhammer\vendor\codeigniter4\framework\system\CodeIgniter.php(399): CodeIgniter\CodeIgniter->runController(Object(App\Controllers\Chat))
#7 C:\xampp\htdocs\warhammer\vendor\codeigniter4\framework\system\CodeIgniter.php(317): CodeIgniter\CodeIgniter->handleRequest(NULL, Object(Config\Cache), false)
#8 C:\xampp\htdocs\warhammer\public\index.php(45): CodeIgniter\CodeIgniter->run()
#9 {main}
CRITICAL - 2021-10-03 20:26:03 --> Undefined variable: BG
#0 C:\xampp\htdocs\warhammer\app\Views\trading.php(7): CodeIgniter\Debug\Exceptions->errorHandler(8, 'Undefined varia...', 'C:\\xampp\\htdocs...', 7, Array)
#1 C:\xampp\htdocs\warhammer\vendor\codeigniter4\framework\system\View\View.php(214): include('C:\\xampp\\htdocs...')
#2 C:\xampp\htdocs\warhammer\vendor\codeigniter4\framework\system\View\View.php(217): CodeIgniter\View\View->CodeIgniter\View\{closure}()
#3 C:\xampp\htdocs\warhammer\vendor\codeigniter4\framework\system\Common.php(1092): CodeIgniter\View\View->render('trading', Array, true)
#4 C:\xampp\htdocs\warhammer\app\Controllers\Chat.php(383): view('trading', Array)
#5 C:\xampp\htdocs\warhammer\vendor\codeigniter4\framework\system\CodeIgniter.php(802): App\Controllers\Chat->trading()
#6 C:\xampp\htdocs\warhammer\vendor\codeigniter4\framework\system\CodeIgniter.php(399): CodeIgniter\CodeIgniter->runController(Object(App\Controllers\Chat))
#7 C:\xampp\htdocs\warhammer\vendor\codeigniter4\framework\system\CodeIgniter.php(317): CodeIgniter\CodeIgniter->handleRequest(NULL, Object(Config\Cache), false)
#8 C:\xampp\htdocs\warhammer\public\index.php(45): CodeIgniter\CodeIgniter->run()
#9 {main}
CRITICAL - 2021-10-03 20:26:14 --> Undefined variable: BG
#0 C:\xampp\htdocs\warhammer\app\Views\trading.php(7): CodeIgniter\Debug\Exceptions->errorHandler(8, 'Undefined varia...', 'C:\\xampp\\htdocs...', 7, Array)
#1 C:\xampp\htdocs\warhammer\vendor\codeigniter4\framework\system\View\View.php(214): include('C:\\xampp\\htdocs...')
#2 C:\xampp\htdocs\warhammer\vendor\codeigniter4\framework\system\View\View.php(217): CodeIgniter\View\View->CodeIgniter\View\{closure}()
#3 C:\xampp\htdocs\warhammer\vendor\codeigniter4\framework\system\Common.php(1092): CodeIgniter\View\View->render('trading', Array, true)
#4 C:\xampp\htdocs\warhammer\app\Controllers\Chat.php(383): view('trading', Array)
#5 C:\xampp\htdocs\warhammer\vendor\codeigniter4\framework\system\CodeIgniter.php(802): App\Controllers\Chat->trading()
#6 C:\xampp\htdocs\warhammer\vendor\codeigniter4\framework\system\CodeIgniter.php(399): CodeIgniter\CodeIgniter->runController(Object(App\Controllers\Chat))
#7 C:\xampp\htdocs\warhammer\vendor\codeigniter4\framework\system\CodeIgniter.php(317): CodeIgniter\CodeIgniter->handleRequest(NULL, Object(Config\Cache), false)
#8 C:\xampp\htdocs\warhammer\public\index.php(45): CodeIgniter\CodeIgniter->run()
#9 {main}
CRITICAL - 2021-10-03 20:26:28 --> Undefined variable: BG
#0 C:\xampp\htdocs\warhammer\app\Views\trading.php(7): CodeIgniter\Debug\Exceptions->errorHandler(8, 'Undefined varia...', 'C:\\xampp\\htdocs...', 7, Array)
#1 C:\xampp\htdocs\warhammer\vendor\codeigniter4\framework\system\View\View.php(214): include('C:\\xampp\\htdocs...')
#2 C:\xampp\htdocs\warhammer\vendor\codeigniter4\framework\system\View\View.php(217): CodeIgniter\View\View->CodeIgniter\View\{closure}()
#3 C:\xampp\htdocs\warhammer\vendor\codeigniter4\framework\system\Common.php(1092): CodeIgniter\View\View->render('trading', Array, true)
#4 C:\xampp\htdocs\warhammer\app\Controllers\Chat.php(383): view('trading', Array)
#5 C:\xampp\htdocs\warhammer\vendor\codeigniter4\framework\system\CodeIgniter.php(802): App\Controllers\Chat->trading()
#6 C:\xampp\htdocs\warhammer\vendor\codeigniter4\framework\system\CodeIgniter.php(399): CodeIgniter\CodeIgniter->runController(Object(App\Controllers\Chat))
#7 C:\xampp\htdocs\warhammer\vendor\codeigniter4\framework\system\CodeIgniter.php(317): CodeIgniter\CodeIgniter->handleRequest(NULL, Object(Config\Cache), false)
#8 C:\xampp\htdocs\warhammer\public\index.php(45): CodeIgniter\CodeIgniter->run()
#9 {main}
CRITICAL - 2021-10-03 21:32:24 --> Undefined variable: swv
#0 C:\xampp\htdocs\warhammer\app\Views\chat.php(521): CodeIgniter\Debug\Exceptions->errorHandler(8, 'Undefined varia...', 'C:\\xampp\\htdocs...', 521, Array)
#1 C:\xampp\htdocs\warhammer\vendor\codeigniter4\framework\system\View\View.php(214): include('C:\\xampp\\htdocs...')
#2 C:\xampp\htdocs\warhammer\vendor\codeigniter4\framework\system\View\View.php(217): CodeIgniter\View\View->CodeIgniter\View\{closure}()
#3 C:\xampp\htdocs\warhammer\vendor\codeigniter4\framework\system\Common.php(1092): CodeIgniter\View\View->render('chat', Array, true)
#4 C:\xampp\htdocs\warhammer\app\Controllers\Chat.php(115): view('chat', Array)
#5 C:\xampp\htdocs\warhammer\vendor\codeigniter4\framework\system\CodeIgniter.php(802): App\Controllers\Chat->index()
#6 C:\xampp\htdocs\warhammer\vendor\codeigniter4\framework\system\CodeIgniter.php(399): CodeIgniter\CodeIgniter->runController(Object(App\Controllers\Chat))
#7 C:\xampp\htdocs\warhammer\vendor\codeigniter4\framework\system\CodeIgniter.php(317): CodeIgniter\CodeIgniter->handleRequest(NULL, Object(Config\Cache), false)
#8 C:\xampp\htdocs\warhammer\public\index.php(45): CodeIgniter\CodeIgniter->run()
#9 {main}
