CRITICAL - 2020-11-18 10:27:48 --> Class 'diceRoller\DiceRoll\DiceRoll' not found
#0 C:\xampp\htdocs\warhammer\vendor\codeigniter4\framework\system\CodeIgniter.php(918): App\Controllers\Home->index()
#1 C:\xampp\htdocs\warhammer\vendor\codeigniter4\framework\system\CodeIgniter.php(404): CodeIgniter\CodeIgniter->runController(Object(App\Controllers\Home))
#2 C:\xampp\htdocs\warhammer\vendor\codeigniter4\framework\system\CodeIgniter.php(312): CodeIgniter\CodeIgniter->handleRequest(NULL, Object(Config\Cache), false)
#3 C:\xampp\htdocs\warhammer\public\index.php(45): CodeIgniter\CodeIgniter->run()
#4 {main}
CRITICAL - 2020-11-18 10:27:58 --> Cannot declare class diceRoller\DiceRoll\DiceRoll, because the name is already in use
#0 [internal function]: CodeIgniter\Debug\Exceptions->shutdownHandler()
#1 {main}
CRITICAL - 2020-11-18 10:28:26 --> Cannot declare class diceRoller\DiceRoll\DiceRoll, because the name is already in use
#0 [internal function]: CodeIgniter\Debug\Exceptions->shutdownHandler()
#1 {main}
CRITICAL - 2020-11-18 10:28:27 --> Cannot declare class diceRoller\DiceRoll\DiceRoll, because the name is already in use
#0 [internal function]: CodeIgniter\Debug\Exceptions->shutdownHandler()
#1 {main}
CRITICAL - 2020-11-18 10:28:38 --> Cannot declare class diceRoller\DiceRoll\DiceRoll, because the name is already in use
#0 [internal function]: CodeIgniter\Debug\Exceptions->shutdownHandler()
#1 {main}
CRITICAL - 2020-11-18 10:28:39 --> Cannot declare class diceRoller\DiceRoll\DiceRoll, because the name is already in use
#0 [internal function]: CodeIgniter\Debug\Exceptions->shutdownHandler()
#1 {main}
CRITICAL - 2020-11-18 10:28:49 --> Cannot declare class diceRoller\DiceRoll\DiceRoll, because the name is already in use
#0 [internal function]: CodeIgniter\Debug\Exceptions->shutdownHandler()
#1 {main}
CRITICAL - 2020-11-18 10:28:50 --> Cannot declare class diceRoller\DiceRoll\DiceRoll, because the name is already in use
#0 [internal function]: CodeIgniter\Debug\Exceptions->shutdownHandler()
#1 {main}
CRITICAL - 2020-11-18 10:29:26 --> Cannot declare class diceRoller\DiceRolls\DiceRoll, because the name is already in use
#0 [internal function]: CodeIgniter\Debug\Exceptions->shutdownHandler()
#1 {main}
CRITICAL - 2020-11-18 10:29:27 --> Cannot declare class diceRoller\DiceRolls\DiceRoll, because the name is already in use
#0 [internal function]: CodeIgniter\Debug\Exceptions->shutdownHandler()
#1 {main}
CRITICAL - 2020-11-18 10:29:56 --> Cannot declare class diceRoller\DiceRoll\DiceRoll, because the name is already in use
#0 [internal function]: CodeIgniter\Debug\Exceptions->shutdownHandler()
#1 {main}
CRITICAL - 2020-11-18 10:29:57 --> Cannot declare class diceRoller\DiceRoll\DiceRoll, because the name is already in use
#0 [internal function]: CodeIgniter\Debug\Exceptions->shutdownHandler()
#1 {main}
CRITICAL - 2020-11-18 10:31:09 --> require(home.html): failed to open stream: No such file or directory
#0 C:\xampp\htdocs\warhammer\vendor\wojciech.pastuszko\dice_roller\src\DiceRoll.php(28): CodeIgniter\Debug\Exceptions->errorHandler(2, 'require(home.ht...', 'C:\\xampp\\htdocs...', 28, Array)
#1 C:\xampp\htdocs\warhammer\vendor\wojciech.pastuszko\dice_roller\src\DiceRoll.php(28): require()
#2 C:\xampp\htdocs\warhammer\app\Controllers\Home.php(10): diceRoller\DiceRoll->showRoll('EXTRA')
#3 C:\xampp\htdocs\warhammer\vendor\codeigniter4\framework\system\CodeIgniter.php(918): App\Controllers\Home->index()
#4 C:\xampp\htdocs\warhammer\vendor\codeigniter4\framework\system\CodeIgniter.php(404): CodeIgniter\CodeIgniter->runController(Object(App\Controllers\Home))
#5 C:\xampp\htdocs\warhammer\vendor\codeigniter4\framework\system\CodeIgniter.php(312): CodeIgniter\CodeIgniter->handleRequest(NULL, Object(Config\Cache), false)
#6 C:\xampp\htdocs\warhammer\public\index.php(45): CodeIgniter\CodeIgniter->run()
#7 {main}
CRITICAL - 2020-11-18 10:31:57 --> require(home.html): failed to open stream: No such file or directory
#0 C:\xampp\htdocs\warhammer\vendor\wojciech.pastuszko\dice_roller\src\DiceRoll.php(28): CodeIgniter\Debug\Exceptions->errorHandler(2, 'require(home.ht...', 'C:\\xampp\\htdocs...', 28, Array)
#1 C:\xampp\htdocs\warhammer\vendor\wojciech.pastuszko\dice_roller\src\DiceRoll.php(28): require()
#2 C:\xampp\htdocs\warhammer\app\Controllers\Home.php(10): diceRoller\DiceRoll->showRoll('EXTRA')
#3 C:\xampp\htdocs\warhammer\vendor\codeigniter4\framework\system\CodeIgniter.php(918): App\Controllers\Home->index()
#4 C:\xampp\htdocs\warhammer\vendor\codeigniter4\framework\system\CodeIgniter.php(404): CodeIgniter\CodeIgniter->runController(Object(App\Controllers\Home))
#5 C:\xampp\htdocs\warhammer\vendor\codeigniter4\framework\system\CodeIgniter.php(312): CodeIgniter\CodeIgniter->handleRequest(NULL, Object(Config\Cache), false)
#6 C:\xampp\htdocs\warhammer\public\index.php(45): CodeIgniter\CodeIgniter->run()
#7 {main}
CRITICAL - 2020-11-18 10:31:58 --> require(home.html): failed to open stream: No such file or directory
#0 C:\xampp\htdocs\warhammer\vendor\wojciech.pastuszko\dice_roller\src\DiceRoll.php(28): CodeIgniter\Debug\Exceptions->errorHandler(2, 'require(home.ht...', 'C:\\xampp\\htdocs...', 28, Array)
#1 C:\xampp\htdocs\warhammer\vendor\wojciech.pastuszko\dice_roller\src\DiceRoll.php(28): require()
#2 C:\xampp\htdocs\warhammer\app\Controllers\Home.php(10): diceRoller\DiceRoll->showRoll('EXTRA')
#3 C:\xampp\htdocs\warhammer\vendor\codeigniter4\framework\system\CodeIgniter.php(918): App\Controllers\Home->index()
#4 C:\xampp\htdocs\warhammer\vendor\codeigniter4\framework\system\CodeIgniter.php(404): CodeIgniter\CodeIgniter->runController(Object(App\Controllers\Home))
#5 C:\xampp\htdocs\warhammer\vendor\codeigniter4\framework\system\CodeIgniter.php(312): CodeIgniter\CodeIgniter->handleRequest(NULL, Object(Config\Cache), false)
#6 C:\xampp\htdocs\warhammer\public\index.php(45): CodeIgniter\CodeIgniter->run()
#7 {main}
CRITICAL - 2020-11-18 10:33:04 --> include(home.html): failed to open stream: No such file or directory
#0 C:\xampp\htdocs\warhammer\vendor\wojciech.pastuszko\dice_roller\src\DiceRoll.php(28): CodeIgniter\Debug\Exceptions->errorHandler(2, 'include(home.ht...', 'C:\\xampp\\htdocs...', 28, Array)
#1 C:\xampp\htdocs\warhammer\vendor\wojciech.pastuszko\dice_roller\src\DiceRoll.php(28): include()
#2 C:\xampp\htdocs\warhammer\app\Controllers\Home.php(11): diceRoller\DiceRoll->showRoll('EXTRA')
#3 C:\xampp\htdocs\warhammer\vendor\codeigniter4\framework\system\CodeIgniter.php(918): App\Controllers\Home->index()
#4 C:\xampp\htdocs\warhammer\vendor\codeigniter4\framework\system\CodeIgniter.php(404): CodeIgniter\CodeIgniter->runController(Object(App\Controllers\Home))
#5 C:\xampp\htdocs\warhammer\vendor\codeigniter4\framework\system\CodeIgniter.php(312): CodeIgniter\CodeIgniter->handleRequest(NULL, Object(Config\Cache), false)
#6 C:\xampp\htdocs\warhammer\public\index.php(45): CodeIgniter\CodeIgniter->run()
#7 {main}
CRITICAL - 2020-11-18 10:36:25 --> include(../home.html): failed to open stream: No such file or directory
#0 C:\xampp\htdocs\warhammer\vendor\wojciech.pastuszko\dice_roller\src\DiceRoll.php(29): CodeIgniter\Debug\Exceptions->errorHandler(2, 'include(../home...', 'C:\\xampp\\htdocs...', 29, Array)
#1 C:\xampp\htdocs\warhammer\vendor\wojciech.pastuszko\dice_roller\src\DiceRoll.php(29): include()
#2 C:\xampp\htdocs\warhammer\app\Controllers\Home.php(10): diceRoller\DiceRoll->showRoll('EXTRA')
#3 C:\xampp\htdocs\warhammer\vendor\codeigniter4\framework\system\CodeIgniter.php(918): App\Controllers\Home->index()
#4 C:\xampp\htdocs\warhammer\vendor\codeigniter4\framework\system\CodeIgniter.php(404): CodeIgniter\CodeIgniter->runController(Object(App\Controllers\Home))
#5 C:\xampp\htdocs\warhammer\vendor\codeigniter4\framework\system\CodeIgniter.php(312): CodeIgniter\CodeIgniter->handleRequest(NULL, Object(Config\Cache), false)
#6 C:\xampp\htdocs\warhammer\public\index.php(45): CodeIgniter\CodeIgniter->run()
#7 {main}
CRITICAL - 2020-11-18 10:36:48 --> require(C:\xampp\htdocs\warhammer\vendor\wojciech.pastuszko\dice_roller\src../home.html): failed to open stream: No such file or directory
#0 C:\xampp\htdocs\warhammer\vendor\wojciech.pastuszko\dice_roller\src\DiceRoll.php(29): CodeIgniter\Debug\Exceptions->errorHandler(2, 'require(C:\\xamp...', 'C:\\xampp\\htdocs...', 29, Array)
#1 C:\xampp\htdocs\warhammer\vendor\wojciech.pastuszko\dice_roller\src\DiceRoll.php(29): require()
#2 C:\xampp\htdocs\warhammer\app\Controllers\Home.php(10): diceRoller\DiceRoll->showRoll('EXTRA')
#3 C:\xampp\htdocs\warhammer\vendor\codeigniter4\framework\system\CodeIgniter.php(918): App\Controllers\Home->index()
#4 C:\xampp\htdocs\warhammer\vendor\codeigniter4\framework\system\CodeIgniter.php(404): CodeIgniter\CodeIgniter->runController(Object(App\Controllers\Home))
#5 C:\xampp\htdocs\warhammer\vendor\codeigniter4\framework\system\CodeIgniter.php(312): CodeIgniter\CodeIgniter->handleRequest(NULL, Object(Config\Cache), false)
#6 C:\xampp\htdocs\warhammer\public\index.php(45): CodeIgniter\CodeIgniter->run()
#7 {main}
CRITICAL - 2020-11-18 10:37:06 --> require(C:\xampp\htdocs\warhammer\vendor\wojciech.pastuszko\dice_roller\src..\home.html): failed to open stream: No such file or directory
#0 C:\xampp\htdocs\warhammer\vendor\wojciech.pastuszko\dice_roller\src\DiceRoll.php(29): CodeIgniter\Debug\Exceptions->errorHandler(2, 'require(C:\\xamp...', 'C:\\xampp\\htdocs...', 29, Array)
#1 C:\xampp\htdocs\warhammer\vendor\wojciech.pastuszko\dice_roller\src\DiceRoll.php(29): require()
#2 C:\xampp\htdocs\warhammer\app\Controllers\Home.php(10): diceRoller\DiceRoll->showRoll('EXTRA')
#3 C:\xampp\htdocs\warhammer\vendor\codeigniter4\framework\system\CodeIgniter.php(918): App\Controllers\Home->index()
#4 C:\xampp\htdocs\warhammer\vendor\codeigniter4\framework\system\CodeIgniter.php(404): CodeIgniter\CodeIgniter->runController(Object(App\Controllers\Home))
#5 C:\xampp\htdocs\warhammer\vendor\codeigniter4\framework\system\CodeIgniter.php(312): CodeIgniter\CodeIgniter->handleRequest(NULL, Object(Config\Cache), false)
#6 C:\xampp\htdocs\warhammer\public\index.php(45): CodeIgniter\CodeIgniter->run()
#7 {main}
CRITICAL - 2020-11-18 10:37:22 --> require(C:\xampp\htdocs\warhammer\vendor\wojciech.pastuszko\dice_roller\src./home.html): failed to open stream: No such file or directory
#0 C:\xampp\htdocs\warhammer\vendor\wojciech.pastuszko\dice_roller\src\DiceRoll.php(29): CodeIgniter\Debug\Exceptions->errorHandler(2, 'require(C:\\xamp...', 'C:\\xampp\\htdocs...', 29, Array)
#1 C:\xampp\htdocs\warhammer\vendor\wojciech.pastuszko\dice_roller\src\DiceRoll.php(29): require()
#2 C:\xampp\htdocs\warhammer\app\Controllers\Home.php(10): diceRoller\DiceRoll->showRoll('EXTRA')
#3 C:\xampp\htdocs\warhammer\vendor\codeigniter4\framework\system\CodeIgniter.php(918): App\Controllers\Home->index()
#4 C:\xampp\htdocs\warhammer\vendor\codeigniter4\framework\system\CodeIgniter.php(404): CodeIgniter\CodeIgniter->runController(Object(App\Controllers\Home))
#5 C:\xampp\htdocs\warhammer\vendor\codeigniter4\framework\system\CodeIgniter.php(312): CodeIgniter\CodeIgniter->handleRequest(NULL, Object(Config\Cache), false)
#6 C:\xampp\htdocs\warhammer\public\index.php(45): CodeIgniter\CodeIgniter->run()
#7 {main}
CRITICAL - 2020-11-18 10:48:56 --> Use of undefined constant ABSOLUTE_PATH - assumed 'ABSOLUTE_PATH' (this will throw an Error in a future version of PHP)
#0 C:\xampp\htdocs\warhammer\vendor\wojciech.pastuszko\dice_roller\home.php(10): CodeIgniter\Debug\Exceptions->errorHandler(2, 'Use of undefine...', 'C:\\xampp\\htdocs...', 10, Array)
#1 C:\xampp\htdocs\warhammer\vendor\wojciech.pastuszko\dice_roller\src\DiceRoll.php(29): require('C:\\xampp\\htdocs...')
#2 C:\xampp\htdocs\warhammer\app\Controllers\Home.php(10): diceRoller\DiceRoll->showRoll('EXTRA')
#3 C:\xampp\htdocs\warhammer\vendor\codeigniter4\framework\system\CodeIgniter.php(918): App\Controllers\Home->index()
#4 C:\xampp\htdocs\warhammer\vendor\codeigniter4\framework\system\CodeIgniter.php(404): CodeIgniter\CodeIgniter->runController(Object(App\Controllers\Home))
#5 C:\xampp\htdocs\warhammer\vendor\codeigniter4\framework\system\CodeIgniter.php(312): CodeIgniter\CodeIgniter->handleRequest(NULL, Object(Config\Cache), false)
#6 C:\xampp\htdocs\warhammer\public\index.php(45): CodeIgniter\CodeIgniter->run()
#7 {main}
CRITICAL - 2020-11-18 11:14:20 --> chdir(): No such file or directory (errno 2)
#0 [internal function]: CodeIgniter\Debug\Exceptions->errorHandler(2, 'chdir(): No suc...', 'C:\\xampp\\htdocs...', 7, Array)
#1 C:\xampp\htdocs\warhammer\vendor\wojciech.pastuszko\dice_roller\home.php(7): chdir('ROLL_PATH')
#2 C:\xampp\htdocs\warhammer\vendor\wojciech.pastuszko\dice_roller\src\DiceRoll.php(31): require('C:\\xampp\\htdocs...')
#3 C:\xampp\htdocs\warhammer\app\Controllers\Home.php(10): diceRoller\DiceRoll->showRoll('EXTRA')
#4 C:\xampp\htdocs\warhammer\vendor\codeigniter4\framework\system\CodeIgniter.php(918): App\Controllers\Home->index()
#5 C:\xampp\htdocs\warhammer\vendor\codeigniter4\framework\system\CodeIgniter.php(404): CodeIgniter\CodeIgniter->runController(Object(App\Controllers\Home))
#6 C:\xampp\htdocs\warhammer\vendor\codeigniter4\framework\system\CodeIgniter.php(312): CodeIgniter\CodeIgniter->handleRequest(NULL, Object(Config\Cache), false)
#7 C:\xampp\htdocs\warhammer\public\index.php(45): CodeIgniter\CodeIgniter->run()
#8 {main}
CRITICAL - 2020-11-18 11:15:58 --> syntax error, unexpected end of file, expecting function (T_FUNCTION) or const (T_CONST)
#0 C:\xampp\htdocs\warhammer\vendor\codeigniter4\framework\system\Autoloader\Autoloader.php(296): CodeIgniter\Autoloader\Autoloader->requireFile('C:\\xampp\\htdocs...')
#1 C:\xampp\htdocs\warhammer\vendor\codeigniter4\framework\system\Autoloader\Autoloader.php(258): CodeIgniter\Autoloader\Autoloader->loadInNamespace('diceRoller\\Dice...')
#2 [internal function]: CodeIgniter\Autoloader\Autoloader->loadClass('diceRoller\\Dice...')
#3 C:\xampp\htdocs\warhammer\app\Controllers\Home.php(9): spl_autoload_call('diceRoller\\Dice...')
#4 C:\xampp\htdocs\warhammer\vendor\codeigniter4\framework\system\CodeIgniter.php(918): App\Controllers\Home->index()
#5 C:\xampp\htdocs\warhammer\vendor\codeigniter4\framework\system\CodeIgniter.php(404): CodeIgniter\CodeIgniter->runController(Object(App\Controllers\Home))
#6 C:\xampp\htdocs\warhammer\vendor\codeigniter4\framework\system\CodeIgniter.php(312): CodeIgniter\CodeIgniter->handleRequest(NULL, Object(Config\Cache), false)
#7 C:\xampp\htdocs\warhammer\public\index.php(45): CodeIgniter\CodeIgniter->run()
#8 {main}
CRITICAL - 2020-11-18 11:16:37 --> syntax error, unexpected end of file, expecting function (T_FUNCTION) or const (T_CONST)
#0 C:\xampp\htdocs\warhammer\vendor\codeigniter4\framework\system\Autoloader\Autoloader.php(296): CodeIgniter\Autoloader\Autoloader->requireFile('C:\\xampp\\htdocs...')
#1 C:\xampp\htdocs\warhammer\vendor\codeigniter4\framework\system\Autoloader\Autoloader.php(258): CodeIgniter\Autoloader\Autoloader->loadInNamespace('diceRoller\\Dice...')
#2 [internal function]: CodeIgniter\Autoloader\Autoloader->loadClass('diceRoller\\Dice...')
#3 C:\xampp\htdocs\warhammer\app\Controllers\Home.php(9): spl_autoload_call('diceRoller\\Dice...')
#4 C:\xampp\htdocs\warhammer\vendor\codeigniter4\framework\system\CodeIgniter.php(918): App\Controllers\Home->index()
#5 C:\xampp\htdocs\warhammer\vendor\codeigniter4\framework\system\CodeIgniter.php(404): CodeIgniter\CodeIgniter->runController(Object(App\Controllers\Home))
#6 C:\xampp\htdocs\warhammer\vendor\codeigniter4\framework\system\CodeIgniter.php(312): CodeIgniter\CodeIgniter->handleRequest(NULL, Object(Config\Cache), false)
#7 C:\xampp\htdocs\warhammer\public\index.php(45): CodeIgniter\CodeIgniter->run()
#8 {main}
CRITICAL - 2020-11-18 11:16:38 --> syntax error, unexpected end of file, expecting function (T_FUNCTION) or const (T_CONST)
#0 C:\xampp\htdocs\warhammer\vendor\codeigniter4\framework\system\Autoloader\Autoloader.php(296): CodeIgniter\Autoloader\Autoloader->requireFile('C:\\xampp\\htdocs...')
#1 C:\xampp\htdocs\warhammer\vendor\codeigniter4\framework\system\Autoloader\Autoloader.php(258): CodeIgniter\Autoloader\Autoloader->loadInNamespace('diceRoller\\Dice...')
#2 [internal function]: CodeIgniter\Autoloader\Autoloader->loadClass('diceRoller\\Dice...')
#3 C:\xampp\htdocs\warhammer\app\Controllers\Home.php(9): spl_autoload_call('diceRoller\\Dice...')
#4 C:\xampp\htdocs\warhammer\vendor\codeigniter4\framework\system\CodeIgniter.php(918): App\Controllers\Home->index()
#5 C:\xampp\htdocs\warhammer\vendor\codeigniter4\framework\system\CodeIgniter.php(404): CodeIgniter\CodeIgniter->runController(Object(App\Controllers\Home))
#6 C:\xampp\htdocs\warhammer\vendor\codeigniter4\framework\system\CodeIgniter.php(312): CodeIgniter\CodeIgniter->handleRequest(NULL, Object(Config\Cache), false)
#7 C:\xampp\htdocs\warhammer\public\index.php(45): CodeIgniter\CodeIgniter->run()
#8 {main}
CRITICAL - 2020-11-18 11:16:39 --> syntax error, unexpected end of file, expecting function (T_FUNCTION) or const (T_CONST)
#0 C:\xampp\htdocs\warhammer\vendor\codeigniter4\framework\system\Autoloader\Autoloader.php(296): CodeIgniter\Autoloader\Autoloader->requireFile('C:\\xampp\\htdocs...')
#1 C:\xampp\htdocs\warhammer\vendor\codeigniter4\framework\system\Autoloader\Autoloader.php(258): CodeIgniter\Autoloader\Autoloader->loadInNamespace('diceRoller\\Dice...')
#2 [internal function]: CodeIgniter\Autoloader\Autoloader->loadClass('diceRoller\\Dice...')
#3 C:\xampp\htdocs\warhammer\app\Controllers\Home.php(9): spl_autoload_call('diceRoller\\Dice...')
#4 C:\xampp\htdocs\warhammer\vendor\codeigniter4\framework\system\CodeIgniter.php(918): App\Controllers\Home->index()
#5 C:\xampp\htdocs\warhammer\vendor\codeigniter4\framework\system\CodeIgniter.php(404): CodeIgniter\CodeIgniter->runController(Object(App\Controllers\Home))
#6 C:\xampp\htdocs\warhammer\vendor\codeigniter4\framework\system\CodeIgniter.php(312): CodeIgniter\CodeIgniter->handleRequest(NULL, Object(Config\Cache), false)
#7 C:\xampp\htdocs\warhammer\public\index.php(45): CodeIgniter\CodeIgniter->run()
#8 {main}
CRITICAL - 2020-11-18 11:17:00 --> syntax error, unexpected end of file, expecting function (T_FUNCTION) or const (T_CONST)
#0 C:\xampp\htdocs\warhammer\vendor\codeigniter4\framework\system\Autoloader\Autoloader.php(296): CodeIgniter\Autoloader\Autoloader->requireFile('C:\\xampp\\htdocs...')
#1 C:\xampp\htdocs\warhammer\vendor\codeigniter4\framework\system\Autoloader\Autoloader.php(258): CodeIgniter\Autoloader\Autoloader->loadInNamespace('diceRoller\\Dice...')
#2 [internal function]: CodeIgniter\Autoloader\Autoloader->loadClass('diceRoller\\Dice...')
#3 C:\xampp\htdocs\warhammer\app\Controllers\Home.php(9): spl_autoload_call('diceRoller\\Dice...')
#4 C:\xampp\htdocs\warhammer\vendor\codeigniter4\framework\system\CodeIgniter.php(918): App\Controllers\Home->index()
#5 C:\xampp\htdocs\warhammer\vendor\codeigniter4\framework\system\CodeIgniter.php(404): CodeIgniter\CodeIgniter->runController(Object(App\Controllers\Home))
#6 C:\xampp\htdocs\warhammer\vendor\codeigniter4\framework\system\CodeIgniter.php(312): CodeIgniter\CodeIgniter->handleRequest(NULL, Object(Config\Cache), false)
#7 C:\xampp\htdocs\warhammer\public\index.php(45): CodeIgniter\CodeIgniter->run()
#8 {main}
CRITICAL - 2020-11-18 11:17:42 --> require(../vendor/wojciech.pastuszko/dice_roller/../home.php): failed to open stream: No such file or directory
#0 C:\xampp\htdocs\warhammer\vendor\wojciech.pastuszko\dice_roller\src\DiceRoll.php(32): CodeIgniter\Debug\Exceptions->errorHandler(2, 'require(../vend...', 'C:\\xampp\\htdocs...', 32, Array)
#1 C:\xampp\htdocs\warhammer\vendor\wojciech.pastuszko\dice_roller\src\DiceRoll.php(32): require()
#2 C:\xampp\htdocs\warhammer\app\Controllers\Home.php(10): diceRoller\DiceRoll->showRoll('EXTRA')
#3 C:\xampp\htdocs\warhammer\vendor\codeigniter4\framework\system\CodeIgniter.php(918): App\Controllers\Home->index()
#4 C:\xampp\htdocs\warhammer\vendor\codeigniter4\framework\system\CodeIgniter.php(404): CodeIgniter\CodeIgniter->runController(Object(App\Controllers\Home))
#5 C:\xampp\htdocs\warhammer\vendor\codeigniter4\framework\system\CodeIgniter.php(312): CodeIgniter\CodeIgniter->handleRequest(NULL, Object(Config\Cache), false)
#6 C:\xampp\htdocs\warhammer\public\index.php(45): CodeIgniter\CodeIgniter->run()
#7 {main}
CRITICAL - 2020-11-18 11:53:58 --> Invalid file: home.php
#0 C:\xampp\htdocs\warhammer\vendor\codeigniter4\framework\system\View\View.php(228): CodeIgniter\Exceptions\FrameworkException::forInvalidFile('home.php')
#1 C:\xampp\htdocs\warhammer\vendor\codeigniter4\framework\system\Common.php(1119): CodeIgniter\View\View->render('home', Array, true)
#2 C:\xampp\htdocs\warhammer\vendor\wojciech.pastuszko\dice_roller\src\DiceRoll.php(32): view('home')
#3 C:\xampp\htdocs\warhammer\app\Controllers\Home.php(10): diceRoller\DiceRoll->showRoll('EXTRA')
#4 C:\xampp\htdocs\warhammer\vendor\codeigniter4\framework\system\CodeIgniter.php(918): App\Controllers\Home->index()
#5 C:\xampp\htdocs\warhammer\vendor\codeigniter4\framework\system\CodeIgniter.php(404): CodeIgniter\CodeIgniter->runController(Object(App\Controllers\Home))
#6 C:\xampp\htdocs\warhammer\vendor\codeigniter4\framework\system\CodeIgniter.php(312): CodeIgniter\CodeIgniter->handleRequest(NULL, Object(Config\Cache), false)
#7 C:\xampp\htdocs\warhammer\public\index.php(45): CodeIgniter\CodeIgniter->run()
#8 {main}
CRITICAL - 2020-11-18 12:37:45 --> file_get_contents(/path/to/your/file/edit.json): failed to open stream: No such file or directory
#0 [internal function]: CodeIgniter\Debug\Exceptions->errorHandler(2, 'file_get_conten...', 'C:\\xampp\\htdocs...', 33, Array)
#1 C:\xampp\htdocs\warhammer\vendor\wojciech.pastuszko\dice_roller\src\DiceRoll.php(33): file_get_contents('/path/to/your/f...', true)
#2 C:\xampp\htdocs\warhammer\app\Controllers\Home.php(10): diceRoller\DiceRoll->showRoll('EXTRA')
#3 C:\xampp\htdocs\warhammer\vendor\codeigniter4\framework\system\CodeIgniter.php(918): App\Controllers\Home->index()
#4 C:\xampp\htdocs\warhammer\vendor\codeigniter4\framework\system\CodeIgniter.php(404): CodeIgniter\CodeIgniter->runController(Object(App\Controllers\Home))
#5 C:\xampp\htdocs\warhammer\vendor\codeigniter4\framework\system\CodeIgniter.php(312): CodeIgniter\CodeIgniter->handleRequest(NULL, Object(Config\Cache), false)
#6 C:\xampp\htdocs\warhammer\public\index.php(45): CodeIgniter\CodeIgniter->run()
#7 {main}
CRITICAL - 2020-11-18 12:38:03 --> file_get_contents(C:\xampp\htdocs\warhammer\vendor\wojciech.pastuszko\dice_roller): failed to open stream: Permission denied
#0 [internal function]: CodeIgniter\Debug\Exceptions->errorHandler(2, 'file_get_conten...', 'C:\\xampp\\htdocs...', 33, Array)
#1 C:\xampp\htdocs\warhammer\vendor\wojciech.pastuszko\dice_roller\src\DiceRoll.php(33): file_get_contents('../vendor/wojci...', true)
#2 C:\xampp\htdocs\warhammer\app\Controllers\Home.php(10): diceRoller\DiceRoll->showRoll('EXTRA')
#3 C:\xampp\htdocs\warhammer\vendor\codeigniter4\framework\system\CodeIgniter.php(918): App\Controllers\Home->index()
#4 C:\xampp\htdocs\warhammer\vendor\codeigniter4\framework\system\CodeIgniter.php(404): CodeIgniter\CodeIgniter->runController(Object(App\Controllers\Home))
#5 C:\xampp\htdocs\warhammer\vendor\codeigniter4\framework\system\CodeIgniter.php(312): CodeIgniter\CodeIgniter->handleRequest(NULL, Object(Config\Cache), false)
#6 C:\xampp\htdocs\warhammer\public\index.php(45): CodeIgniter\CodeIgniter->run()
#7 {main}
CRITICAL - 2020-11-18 12:54:20 --> syntax error, unexpected '__DIR__' (T_DIR)
#0 C:\xampp\htdocs\warhammer\vendor\codeigniter4\framework\system\Autoloader\Autoloader.php(296): CodeIgniter\Autoloader\Autoloader->requireFile('C:\\xampp\\htdocs...')
#1 C:\xampp\htdocs\warhammer\vendor\codeigniter4\framework\system\Autoloader\Autoloader.php(258): CodeIgniter\Autoloader\Autoloader->loadInNamespace('diceRoller\\Dice...')
#2 [internal function]: CodeIgniter\Autoloader\Autoloader->loadClass('diceRoller\\Dice...')
#3 C:\xampp\htdocs\warhammer\app\Controllers\Home.php(9): spl_autoload_call('diceRoller\\Dice...')
#4 C:\xampp\htdocs\warhammer\vendor\codeigniter4\framework\system\CodeIgniter.php(918): App\Controllers\Home->index()
#5 C:\xampp\htdocs\warhammer\vendor\codeigniter4\framework\system\CodeIgniter.php(404): CodeIgniter\CodeIgniter->runController(Object(App\Controllers\Home))
#6 C:\xampp\htdocs\warhammer\vendor\codeigniter4\framework\system\CodeIgniter.php(312): CodeIgniter\CodeIgniter->handleRequest(NULL, Object(Config\Cache), false)
#7 C:\xampp\htdocs\warhammer\public\index.php(45): CodeIgniter\CodeIgniter->run()
#8 {main}
CRITICAL - 2020-11-18 13:02:51 --> Array to string conversion
#0 C:\xampp\htdocs\warhammer\vendor\wojciech.pastuszko\dice_roller\src\DiceRoll.php(34): CodeIgniter\Debug\Exceptions->errorHandler(8, 'Array to string...', 'C:\\xampp\\htdocs...', 34, Array)
#1 C:\xampp\htdocs\warhammer\app\Controllers\Home.php(10): diceRoller\DiceRoll->showRoll('EXTRA')
#2 C:\xampp\htdocs\warhammer\vendor\codeigniter4\framework\system\CodeIgniter.php(918): App\Controllers\Home->index()
#3 C:\xampp\htdocs\warhammer\vendor\codeigniter4\framework\system\CodeIgniter.php(404): CodeIgniter\CodeIgniter->runController(Object(App\Controllers\Home))
#4 C:\xampp\htdocs\warhammer\vendor\codeigniter4\framework\system\CodeIgniter.php(312): CodeIgniter\CodeIgniter->handleRequest(NULL, Object(Config\Cache), false)
#5 C:\xampp\htdocs\warhammer\public\index.php(45): CodeIgniter\CodeIgniter->run()
#6 {main}
CRITICAL - 2020-11-18 13:03:14 --> Array to string conversion
#0 C:\xampp\htdocs\warhammer\vendor\wojciech.pastuszko\dice_roller\src\DiceRoll.php(34): CodeIgniter\Debug\Exceptions->errorHandler(8, 'Array to string...', 'C:\\xampp\\htdocs...', 34, Array)
#1 C:\xampp\htdocs\warhammer\app\Controllers\Home.php(10): diceRoller\DiceRoll->showRoll('EXTRA')
#2 C:\xampp\htdocs\warhammer\vendor\codeigniter4\framework\system\CodeIgniter.php(918): App\Controllers\Home->index()
#3 C:\xampp\htdocs\warhammer\vendor\codeigniter4\framework\system\CodeIgniter.php(404): CodeIgniter\CodeIgniter->runController(Object(App\Controllers\Home))
#4 C:\xampp\htdocs\warhammer\vendor\codeigniter4\framework\system\CodeIgniter.php(312): CodeIgniter\CodeIgniter->handleRequest(NULL, Object(Config\Cache), false)
#5 C:\xampp\htdocs\warhammer\public\index.php(45): CodeIgniter\CodeIgniter->run()
#6 {main}
CRITICAL - 2020-11-18 13:06:41 --> Call to undefined function diceRoller\chroot()
#0 C:\xampp\htdocs\warhammer\app\Controllers\Home.php(10): diceRoller\DiceRoll->showRoll('EXTRA')
#1 C:\xampp\htdocs\warhammer\vendor\codeigniter4\framework\system\CodeIgniter.php(918): App\Controllers\Home->index()
#2 C:\xampp\htdocs\warhammer\vendor\codeigniter4\framework\system\CodeIgniter.php(404): CodeIgniter\CodeIgniter->runController(Object(App\Controllers\Home))
#3 C:\xampp\htdocs\warhammer\vendor\codeigniter4\framework\system\CodeIgniter.php(312): CodeIgniter\CodeIgniter->handleRequest(NULL, Object(Config\Cache), false)
#4 C:\xampp\htdocs\warhammer\public\index.php(45): CodeIgniter\CodeIgniter->run()
#5 {main}
CRITICAL - 2020-11-18 13:06:43 --> Call to undefined function diceRoller\chroot()
#0 C:\xampp\htdocs\warhammer\app\Controllers\Home.php(10): diceRoller\DiceRoll->showRoll('EXTRA')
#1 C:\xampp\htdocs\warhammer\vendor\codeigniter4\framework\system\CodeIgniter.php(918): App\Controllers\Home->index()
#2 C:\xampp\htdocs\warhammer\vendor\codeigniter4\framework\system\CodeIgniter.php(404): CodeIgniter\CodeIgniter->runController(Object(App\Controllers\Home))
#3 C:\xampp\htdocs\warhammer\vendor\codeigniter4\framework\system\CodeIgniter.php(312): CodeIgniter\CodeIgniter->handleRequest(NULL, Object(Config\Cache), false)
#4 C:\xampp\htdocs\warhammer\public\index.php(45): CodeIgniter\CodeIgniter->run()
#5 {main}
CRITICAL - 2020-11-18 13:06:50 --> Call to undefined function diceRoller\chroot()
#0 C:\xampp\htdocs\warhammer\app\Controllers\Home.php(10): diceRoller\DiceRoll->showRoll('EXTRA')
#1 C:\xampp\htdocs\warhammer\vendor\codeigniter4\framework\system\CodeIgniter.php(918): App\Controllers\Home->index()
#2 C:\xampp\htdocs\warhammer\vendor\codeigniter4\framework\system\CodeIgniter.php(404): CodeIgniter\CodeIgniter->runController(Object(App\Controllers\Home))
#3 C:\xampp\htdocs\warhammer\vendor\codeigniter4\framework\system\CodeIgniter.php(312): CodeIgniter\CodeIgniter->handleRequest(NULL, Object(Config\Cache), false)
#4 C:\xampp\htdocs\warhammer\public\index.php(45): CodeIgniter\CodeIgniter->run()
#5 {main}
CRITICAL - 2020-11-18 13:07:39 --> Call to undefined function diceRoller\chroot()
#0 C:\xampp\htdocs\warhammer\app\Controllers\Home.php(10): diceRoller\DiceRoll->showRoll('EXTRA')
#1 C:\xampp\htdocs\warhammer\vendor\codeigniter4\framework\system\CodeIgniter.php(918): App\Controllers\Home->index()
#2 C:\xampp\htdocs\warhammer\vendor\codeigniter4\framework\system\CodeIgniter.php(404): CodeIgniter\CodeIgniter->runController(Object(App\Controllers\Home))
#3 C:\xampp\htdocs\warhammer\vendor\codeigniter4\framework\system\CodeIgniter.php(312): CodeIgniter\CodeIgniter->handleRequest(NULL, Object(Config\Cache), false)
#4 C:\xampp\htdocs\warhammer\public\index.php(45): CodeIgniter\CodeIgniter->run()
#5 {main}
CRITICAL - 2020-11-18 13:07:40 --> Call to undefined function diceRoller\chroot()
#0 C:\xampp\htdocs\warhammer\app\Controllers\Home.php(10): diceRoller\DiceRoll->showRoll('EXTRA')
#1 C:\xampp\htdocs\warhammer\vendor\codeigniter4\framework\system\CodeIgniter.php(918): App\Controllers\Home->index()
#2 C:\xampp\htdocs\warhammer\vendor\codeigniter4\framework\system\CodeIgniter.php(404): CodeIgniter\CodeIgniter->runController(Object(App\Controllers\Home))
#3 C:\xampp\htdocs\warhammer\vendor\codeigniter4\framework\system\CodeIgniter.php(312): CodeIgniter\CodeIgniter->handleRequest(NULL, Object(Config\Cache), false)
#4 C:\xampp\htdocs\warhammer\public\index.php(45): CodeIgniter\CodeIgniter->run()
#5 {main}
CRITICAL - 2020-11-18 13:07:41 --> Call to undefined function diceRoller\chroot()
#0 C:\xampp\htdocs\warhammer\app\Controllers\Home.php(10): diceRoller\DiceRoll->showRoll('EXTRA')
#1 C:\xampp\htdocs\warhammer\vendor\codeigniter4\framework\system\CodeIgniter.php(918): App\Controllers\Home->index()
#2 C:\xampp\htdocs\warhammer\vendor\codeigniter4\framework\system\CodeIgniter.php(404): CodeIgniter\CodeIgniter->runController(Object(App\Controllers\Home))
#3 C:\xampp\htdocs\warhammer\vendor\codeigniter4\framework\system\CodeIgniter.php(312): CodeIgniter\CodeIgniter->handleRequest(NULL, Object(Config\Cache), false)
#4 C:\xampp\htdocs\warhammer\public\index.php(45): CodeIgniter\CodeIgniter->run()
#5 {main}
CRITICAL - 2020-11-18 13:07:50 --> Use of undefined constant ROLL_PATH - assumed 'ROLL_PATH' (this will throw an Error in a future version of PHP)
#0 C:\xampp\htdocs\warhammer\vendor\wojciech.pastuszko\dice_roller\home.php(7): CodeIgniter\Debug\Exceptions->errorHandler(2, 'Use of undefine...', 'C:\\xampp\\htdocs...', 7, Array)
#1 C:\xampp\htdocs\warhammer\vendor\wojciech.pastuszko\dice_roller\src\DiceRoll.php(35): require('C:\\xampp\\htdocs...')
#2 C:\xampp\htdocs\warhammer\app\Controllers\Home.php(10): diceRoller\DiceRoll->showRoll('EXTRA')
#3 C:\xampp\htdocs\warhammer\vendor\codeigniter4\framework\system\CodeIgniter.php(918): App\Controllers\Home->index()
#4 C:\xampp\htdocs\warhammer\vendor\codeigniter4\framework\system\CodeIgniter.php(404): CodeIgniter\CodeIgniter->runController(Object(App\Controllers\Home))
#5 C:\xampp\htdocs\warhammer\vendor\codeigniter4\framework\system\CodeIgniter.php(312): CodeIgniter\CodeIgniter->handleRequest(NULL, Object(Config\Cache), false)
#6 C:\xampp\htdocs\warhammer\public\index.php(45): CodeIgniter\CodeIgniter->run()
#7 {main}
CRITICAL - 2020-11-18 13:08:08 --> Call to undefined function diceRoller\chroot()
#0 C:\xampp\htdocs\warhammer\app\Controllers\Home.php(10): diceRoller\DiceRoll->showRoll('EXTRA')
#1 C:\xampp\htdocs\warhammer\vendor\codeigniter4\framework\system\CodeIgniter.php(918): App\Controllers\Home->index()
#2 C:\xampp\htdocs\warhammer\vendor\codeigniter4\framework\system\CodeIgniter.php(404): CodeIgniter\CodeIgniter->runController(Object(App\Controllers\Home))
#3 C:\xampp\htdocs\warhammer\vendor\codeigniter4\framework\system\CodeIgniter.php(312): CodeIgniter\CodeIgniter->handleRequest(NULL, Object(Config\Cache), false)
#4 C:\xampp\htdocs\warhammer\public\index.php(45): CodeIgniter\CodeIgniter->run()
#5 {main}
CRITICAL - 2020-11-18 13:08:16 --> Call to undefined function diceRoller\chroot()
#0 C:\xampp\htdocs\warhammer\app\Controllers\Home.php(10): diceRoller\DiceRoll->showRoll('EXTRA')
#1 C:\xampp\htdocs\warhammer\vendor\codeigniter4\framework\system\CodeIgniter.php(918): App\Controllers\Home->index()
#2 C:\xampp\htdocs\warhammer\vendor\codeigniter4\framework\system\CodeIgniter.php(404): CodeIgniter\CodeIgniter->runController(Object(App\Controllers\Home))
#3 C:\xampp\htdocs\warhammer\vendor\codeigniter4\framework\system\CodeIgniter.php(312): CodeIgniter\CodeIgniter->handleRequest(NULL, Object(Config\Cache), false)
#4 C:\xampp\htdocs\warhammer\public\index.php(45): CodeIgniter\CodeIgniter->run()
#5 {main}
CRITICAL - 2020-11-18 13:18:19 --> Call to undefined function diceRoller\chroot()
#0 C:\xampp\htdocs\warhammer\app\Controllers\Home.php(10): diceRoller\DiceRoll->showRoll('EXTRA')
#1 C:\xampp\htdocs\warhammer\vendor\codeigniter4\framework\system\CodeIgniter.php(918): App\Controllers\Home->index()
#2 C:\xampp\htdocs\warhammer\vendor\codeigniter4\framework\system\CodeIgniter.php(404): CodeIgniter\CodeIgniter->runController(Object(App\Controllers\Home))
#3 C:\xampp\htdocs\warhammer\vendor\codeigniter4\framework\system\CodeIgniter.php(312): CodeIgniter\CodeIgniter->handleRequest(NULL, Object(Config\Cache), false)
#4 C:\xampp\htdocs\warhammer\public\index.php(45): CodeIgniter\CodeIgniter->run()
#5 {main}
