CRITICAL - 2020-07-17 12:22:44 --> Cannot use object of type stdClass as array
#0 C:\xampp\htdocs\warhammer\app\Controllers\Chat.php(69): App\Models\ChatsModel->getPD()
#1 C:\xampp\htdocs\warhammer\vendor\codeigniter4\framework\system\CodeIgniter.php(910): App\Controllers\Chat->index()
#2 C:\xampp\htdocs\warhammer\vendor\codeigniter4\framework\system\CodeIgniter.php(398): CodeIgniter\CodeIgniter->runController(Object(App\Controllers\Chat))
#3 C:\xampp\htdocs\warhammer\vendor\codeigniter4\framework\system\CodeIgniter.php(306): CodeIgniter\CodeIgniter->handleRequest(NULL, Object(Config\Cache), false)
#4 C:\xampp\htdocs\warhammer\public\index.php(45): CodeIgniter\CodeIgniter->run()
#5 {main}
CRITICAL - 2020-07-17 12:22:46 --> Cannot use object of type stdClass as array
#0 C:\xampp\htdocs\warhammer\app\Controllers\Chat.php(69): App\Models\ChatsModel->getPD()
#1 C:\xampp\htdocs\warhammer\vendor\codeigniter4\framework\system\CodeIgniter.php(910): App\Controllers\Chat->index()
#2 C:\xampp\htdocs\warhammer\vendor\codeigniter4\framework\system\CodeIgniter.php(398): CodeIgniter\CodeIgniter->runController(Object(App\Controllers\Chat))
#3 C:\xampp\htdocs\warhammer\vendor\codeigniter4\framework\system\CodeIgniter.php(306): CodeIgniter\CodeIgniter->handleRequest(NULL, Object(Config\Cache), false)
#4 C:\xampp\htdocs\warhammer\public\index.php(45): CodeIgniter\CodeIgniter->run()
#5 {main}
CRITICAL - 2020-07-17 12:23:36 --> Cannot use object of type stdClass as array
#0 C:\xampp\htdocs\warhammer\app\Controllers\Chat.php(69): App\Models\ChatsModel->getPD()
#1 C:\xampp\htdocs\warhammer\vendor\codeigniter4\framework\system\CodeIgniter.php(910): App\Controllers\Chat->index()
#2 C:\xampp\htdocs\warhammer\vendor\codeigniter4\framework\system\CodeIgniter.php(398): CodeIgniter\CodeIgniter->runController(Object(App\Controllers\Chat))
#3 C:\xampp\htdocs\warhammer\vendor\codeigniter4\framework\system\CodeIgniter.php(306): CodeIgniter\CodeIgniter->handleRequest(NULL, Object(Config\Cache), false)
#4 C:\xampp\htdocs\warhammer\public\index.php(45): CodeIgniter\CodeIgniter->run()
#5 {main}
CRITICAL - 2020-07-17 19:45:39 --> Unknown column 'USEDNAME_ID' in 'where clause'
#0 C:\xampp\htdocs\warhammer\vendor\codeigniter4\framework\system\Database\MySQLi\Connection.php(330): mysqli->query('SELECT SUM(WEAP...')
#1 C:\xampp\htdocs\warhammer\vendor\codeigniter4\framework\system\Database\BaseConnection.php(738): CodeIgniter\Database\MySQLi\Connection->execute('SELECT SUM(WEAP...')
#2 C:\xampp\htdocs\warhammer\vendor\codeigniter4\framework\system\Database\BaseConnection.php(666): CodeIgniter\Database\BaseConnection->simpleQuery('SELECT SUM(WEAP...')
#3 C:\xampp\htdocs\warhammer\vendor\codeigniter4\framework\system\Database\BaseBuilder.php(1978): CodeIgniter\Database\BaseConnection->query('SELECT SUM(WEAP...', Array, false)
#4 C:\xampp\htdocs\warhammer\app\Models\ChatsModel.php(232): CodeIgniter\Database\BaseBuilder->getWhere(Array)
#5 C:\xampp\htdocs\warhammer\app\Controllers\Chat.php(69): App\Models\ChatsModel->getPD(1)
#6 C:\xampp\htdocs\warhammer\vendor\codeigniter4\framework\system\CodeIgniter.php(910): App\Controllers\Chat->index()
#7 C:\xampp\htdocs\warhammer\vendor\codeigniter4\framework\system\CodeIgniter.php(398): CodeIgniter\CodeIgniter->runController(Object(App\Controllers\Chat))
#8 C:\xampp\htdocs\warhammer\vendor\codeigniter4\framework\system\CodeIgniter.php(306): CodeIgniter\CodeIgniter->handleRequest(NULL, Object(Config\Cache), false)
#9 C:\xampp\htdocs\warhammer\public\index.php(45): CodeIgniter\CodeIgniter->run()
#10 {main}
CRITICAL - 2020-07-17 20:10:22 --> Undefined property: stdClass::$LEVEL
#0 C:\xampp\htdocs\warhammer\app\Models\ChatsModel.php(228): CodeIgniter\Debug\Exceptions->errorHandler(8, 'Undefined prope...', 'C:\\xampp\\htdocs...', 228, Array)
#1 C:\xampp\htdocs\warhammer\app\Controllers\Chat.php(69): App\Models\ChatsModel->getPD(1)
#2 C:\xampp\htdocs\warhammer\vendor\codeigniter4\framework\system\CodeIgniter.php(910): App\Controllers\Chat->index()
#3 C:\xampp\htdocs\warhammer\vendor\codeigniter4\framework\system\CodeIgniter.php(398): CodeIgniter\CodeIgniter->runController(Object(App\Controllers\Chat))
#4 C:\xampp\htdocs\warhammer\vendor\codeigniter4\framework\system\CodeIgniter.php(306): CodeIgniter\CodeIgniter->handleRequest(NULL, Object(Config\Cache), false)
#5 C:\xampp\htdocs\warhammer\public\index.php(45): CodeIgniter\CodeIgniter->run()
#6 {main}
CRITICAL - 2020-07-17 20:10:24 --> Undefined property: stdClass::$LEVEL
#0 C:\xampp\htdocs\warhammer\app\Models\ChatsModel.php(228): CodeIgniter\Debug\Exceptions->errorHandler(8, 'Undefined prope...', 'C:\\xampp\\htdocs...', 228, Array)
#1 C:\xampp\htdocs\warhammer\app\Controllers\Chat.php(69): App\Models\ChatsModel->getPD(1)
#2 C:\xampp\htdocs\warhammer\vendor\codeigniter4\framework\system\CodeIgniter.php(910): App\Controllers\Chat->index()
#3 C:\xampp\htdocs\warhammer\vendor\codeigniter4\framework\system\CodeIgniter.php(398): CodeIgniter\CodeIgniter->runController(Object(App\Controllers\Chat))
#4 C:\xampp\htdocs\warhammer\vendor\codeigniter4\framework\system\CodeIgniter.php(306): CodeIgniter\CodeIgniter->handleRequest(NULL, Object(Config\Cache), false)
#5 C:\xampp\htdocs\warhammer\public\index.php(45): CodeIgniter\CodeIgniter->run()
#6 {main}
CRITICAL - 2020-07-17 20:12:15 --> Unknown column 'LVL_INPROF' in 'field list'
#0 C:\xampp\htdocs\warhammer\vendor\codeigniter4\framework\system\Database\MySQLi\Connection.php(330): mysqli->query('SELECT SUM(`LVL...')
#1 C:\xampp\htdocs\warhammer\vendor\codeigniter4\framework\system\Database\BaseConnection.php(738): CodeIgniter\Database\MySQLi\Connection->execute('SELECT SUM(`LVL...')
#2 C:\xampp\htdocs\warhammer\vendor\codeigniter4\framework\system\Database\BaseConnection.php(666): CodeIgniter\Database\BaseConnection->simpleQuery('SELECT SUM(`LVL...')
#3 C:\xampp\htdocs\warhammer\vendor\codeigniter4\framework\system\Database\BaseBuilder.php(1819): CodeIgniter\Database\BaseConnection->query('SELECT SUM(`LVL...', Array, false)
#4 C:\xampp\htdocs\warhammer\app\Models\ChatsModel.php(232): CodeIgniter\Database\BaseBuilder->get()
#5 C:\xampp\htdocs\warhammer\app\Controllers\Chat.php(69): App\Models\ChatsModel->getPD(1)
#6 C:\xampp\htdocs\warhammer\vendor\codeigniter4\framework\system\CodeIgniter.php(910): App\Controllers\Chat->index()
#7 C:\xampp\htdocs\warhammer\vendor\codeigniter4\framework\system\CodeIgniter.php(398): CodeIgniter\CodeIgniter->runController(Object(App\Controllers\Chat))
#8 C:\xampp\htdocs\warhammer\vendor\codeigniter4\framework\system\CodeIgniter.php(306): CodeIgniter\CodeIgniter->handleRequest(NULL, Object(Config\Cache), false)
#9 C:\xampp\htdocs\warhammer\public\index.php(45): CodeIgniter\CodeIgniter->run()
#10 {main}
