CRITICAL - 2020-05-31 09:26:53 --> Undefined property: stdClass::$nama
#0 C:\xampp\htdocs\warhammer\app\Views\pending.php(34): CodeIgniter\Debug\Exceptions->errorHandler(8, 'Undefined prope...', 'C:\\xampp\\htdocs...', 34, Array)
#1 C:\xampp\htdocs\warhammer\vendor\codeigniter4\framework\system\View\View.php(236): include('C:\\xampp\\htdocs...')
#2 C:\xampp\htdocs\warhammer\vendor\codeigniter4\framework\system\Common.php(1071): CodeIgniter\View\View->render('pending', Array, true)
#3 C:\xampp\htdocs\warhammer\app\Controllers\Chat.php(206): view('pending', Array)
#4 C:\xampp\htdocs\warhammer\vendor\codeigniter4\framework\system\CodeIgniter.php(910): App\Controllers\Chat->pending()
#5 C:\xampp\htdocs\warhammer\vendor\codeigniter4\framework\system\CodeIgniter.php(398): CodeIgniter\CodeIgniter->runController(Object(App\Controllers\Chat))
#6 C:\xampp\htdocs\warhammer\vendor\codeigniter4\framework\system\CodeIgniter.php(306): CodeIgniter\CodeIgniter->handleRequest(NULL, Object(Config\Cache), false)
#7 C:\xampp\htdocs\warhammer\public\index.php(45): CodeIgniter\CodeIgniter->run()
#8 {main}
CRITICAL - 2020-05-31 09:48:23 --> syntax error, unexpected '.'
#0 C:\xampp\htdocs\warhammer\vendor\codeigniter4\framework\system\Common.php(1071): CodeIgniter\View\View->render('chat', Array, true)
#1 C:\xampp\htdocs\warhammer\app\Controllers\Chat.php(72): view('chat', Array)
#2 C:\xampp\htdocs\warhammer\vendor\codeigniter4\framework\system\CodeIgniter.php(910): App\Controllers\Chat->index()
#3 C:\xampp\htdocs\warhammer\vendor\codeigniter4\framework\system\CodeIgniter.php(398): CodeIgniter\CodeIgniter->runController(Object(App\Controllers\Chat))
#4 C:\xampp\htdocs\warhammer\vendor\codeigniter4\framework\system\CodeIgniter.php(306): CodeIgniter\CodeIgniter->handleRequest(NULL, Object(Config\Cache), false)
#5 C:\xampp\htdocs\warhammer\public\index.php(45): CodeIgniter\CodeIgniter->run()
#6 {main}
CRITICAL - 2020-05-31 14:52:21 --> syntax error, unexpected '=>' (T_DOUBLE_ARROW)
#0 C:\xampp\htdocs\warhammer\vendor\codeigniter4\framework\system\Router\Router.php(192): CodeIgniter\Router\Router->autoRoute('chat')
#1 C:\xampp\htdocs\warhammer\vendor\codeigniter4\framework\system\CodeIgniter.php(785): CodeIgniter\Router\Router->handle('chat')
#2 C:\xampp\htdocs\warhammer\vendor\codeigniter4\framework\system\CodeIgniter.php(358): CodeIgniter\CodeIgniter->tryToRouteIt(Object(CodeIgniter\Router\RouteCollection))
#3 C:\xampp\htdocs\warhammer\vendor\codeigniter4\framework\system\CodeIgniter.php(306): CodeIgniter\CodeIgniter->handleRequest(NULL, Object(Config\Cache), false)
#4 C:\xampp\htdocs\warhammer\public\index.php(45): CodeIgniter\CodeIgniter->run()
#5 {main}
CRITICAL - 2020-05-31 17:34:37 --> Undefined index: SKILLNAME
#0 C:\xampp\htdocs\warhammer\app\Controllers\Chat.php(56): CodeIgniter\Debug\Exceptions->errorHandler(8, 'Undefined index...', 'C:\\xampp\\htdocs...', 56, Array)
#1 C:\xampp\htdocs\warhammer\vendor\codeigniter4\framework\system\CodeIgniter.php(910): App\Controllers\Chat->index()
#2 C:\xampp\htdocs\warhammer\vendor\codeigniter4\framework\system\CodeIgniter.php(398): CodeIgniter\CodeIgniter->runController(Object(App\Controllers\Chat))
#3 C:\xampp\htdocs\warhammer\vendor\codeigniter4\framework\system\CodeIgniter.php(306): CodeIgniter\CodeIgniter->handleRequest(NULL, Object(Config\Cache), false)
#4 C:\xampp\htdocs\warhammer\public\index.php(45): CodeIgniter\CodeIgniter->run()
#5 {main}
CRITICAL - 2020-05-31 17:35:10 --> You must set the database table to be used with your query.
#0 C:\xampp\htdocs\warhammer\vendor\codeigniter4\framework\system\Model.php(1190): CodeIgniter\Database\BaseConnection->table(NULL)
#1 C:\xampp\htdocs\warhammer\vendor\codeigniter4\framework\system\Model.php(1700): CodeIgniter\Model->builder()
#2 C:\xampp\htdocs\warhammer\app\Controllers\Chat.php(114): CodeIgniter\Model->__call('getTalentsCurre...', Array)
#3 C:\xampp\htdocs\warhammer\vendor\codeigniter4\framework\system\CodeIgniter.php(910): App\Controllers\Chat->awans()
#4 C:\xampp\htdocs\warhammer\vendor\codeigniter4\framework\system\CodeIgniter.php(398): CodeIgniter\CodeIgniter->runController(Object(App\Controllers\Chat))
#5 C:\xampp\htdocs\warhammer\vendor\codeigniter4\framework\system\CodeIgniter.php(306): CodeIgniter\CodeIgniter->handleRequest(NULL, Object(Config\Cache), false)
#6 C:\xampp\htdocs\warhammer\public\index.php(45): CodeIgniter\CodeIgniter->run()
#7 {main}
CRITICAL - 2020-05-31 17:35:17 --> You must set the database table to be used with your query.
#0 C:\xampp\htdocs\warhammer\vendor\codeigniter4\framework\system\Model.php(1190): CodeIgniter\Database\BaseConnection->table(NULL)
#1 C:\xampp\htdocs\warhammer\vendor\codeigniter4\framework\system\Model.php(1700): CodeIgniter\Model->builder()
#2 C:\xampp\htdocs\warhammer\app\Controllers\Chat.php(114): CodeIgniter\Model->__call('getTalentsCurre...', Array)
#3 C:\xampp\htdocs\warhammer\vendor\codeigniter4\framework\system\CodeIgniter.php(910): App\Controllers\Chat->awans()
#4 C:\xampp\htdocs\warhammer\vendor\codeigniter4\framework\system\CodeIgniter.php(398): CodeIgniter\CodeIgniter->runController(Object(App\Controllers\Chat))
#5 C:\xampp\htdocs\warhammer\vendor\codeigniter4\framework\system\CodeIgniter.php(306): CodeIgniter\CodeIgniter->handleRequest(NULL, Object(Config\Cache), false)
#6 C:\xampp\htdocs\warhammer\public\index.php(45): CodeIgniter\CodeIgniter->run()
#7 {main}
CRITICAL - 2020-05-31 17:35:26 --> You must set the database table to be used with your query.
#0 C:\xampp\htdocs\warhammer\vendor\codeigniter4\framework\system\Model.php(1190): CodeIgniter\Database\BaseConnection->table(NULL)
#1 C:\xampp\htdocs\warhammer\vendor\codeigniter4\framework\system\Model.php(1700): CodeIgniter\Model->builder()
#2 C:\xampp\htdocs\warhammer\app\Controllers\Chat.php(114): CodeIgniter\Model->__call('getTalentsCurre...', Array)
#3 C:\xampp\htdocs\warhammer\vendor\codeigniter4\framework\system\CodeIgniter.php(910): App\Controllers\Chat->awans()
#4 C:\xampp\htdocs\warhammer\vendor\codeigniter4\framework\system\CodeIgniter.php(398): CodeIgniter\CodeIgniter->runController(Object(App\Controllers\Chat))
#5 C:\xampp\htdocs\warhammer\vendor\codeigniter4\framework\system\CodeIgniter.php(306): CodeIgniter\CodeIgniter->handleRequest(NULL, Object(Config\Cache), false)
#6 C:\xampp\htdocs\warhammer\public\index.php(45): CodeIgniter\CodeIgniter->run()
#7 {main}
CRITICAL - 2020-05-31 17:35:27 --> You must set the database table to be used with your query.
#0 C:\xampp\htdocs\warhammer\vendor\codeigniter4\framework\system\Model.php(1190): CodeIgniter\Database\BaseConnection->table(NULL)
#1 C:\xampp\htdocs\warhammer\vendor\codeigniter4\framework\system\Model.php(1700): CodeIgniter\Model->builder()
#2 C:\xampp\htdocs\warhammer\app\Controllers\Chat.php(114): CodeIgniter\Model->__call('getTalentsCurre...', Array)
#3 C:\xampp\htdocs\warhammer\vendor\codeigniter4\framework\system\CodeIgniter.php(910): App\Controllers\Chat->awans()
#4 C:\xampp\htdocs\warhammer\vendor\codeigniter4\framework\system\CodeIgniter.php(398): CodeIgniter\CodeIgniter->runController(Object(App\Controllers\Chat))
#5 C:\xampp\htdocs\warhammer\vendor\codeigniter4\framework\system\CodeIgniter.php(306): CodeIgniter\CodeIgniter->handleRequest(NULL, Object(Config\Cache), false)
#6 C:\xampp\htdocs\warhammer\public\index.php(45): CodeIgniter\CodeIgniter->run()
#7 {main}
CRITICAL - 2020-05-31 17:35:28 --> You must set the database table to be used with your query.
#0 C:\xampp\htdocs\warhammer\vendor\codeigniter4\framework\system\Model.php(1190): CodeIgniter\Database\BaseConnection->table(NULL)
#1 C:\xampp\htdocs\warhammer\vendor\codeigniter4\framework\system\Model.php(1700): CodeIgniter\Model->builder()
#2 C:\xampp\htdocs\warhammer\app\Controllers\Chat.php(114): CodeIgniter\Model->__call('getTalentsCurre...', Array)
#3 C:\xampp\htdocs\warhammer\vendor\codeigniter4\framework\system\CodeIgniter.php(910): App\Controllers\Chat->awans()
#4 C:\xampp\htdocs\warhammer\vendor\codeigniter4\framework\system\CodeIgniter.php(398): CodeIgniter\CodeIgniter->runController(Object(App\Controllers\Chat))
#5 C:\xampp\htdocs\warhammer\vendor\codeigniter4\framework\system\CodeIgniter.php(306): CodeIgniter\CodeIgniter->handleRequest(NULL, Object(Config\Cache), false)
#6 C:\xampp\htdocs\warhammer\public\index.php(45): CodeIgniter\CodeIgniter->run()
#7 {main}
CRITICAL - 2020-05-31 17:35:28 --> You must set the database table to be used with your query.
#0 C:\xampp\htdocs\warhammer\vendor\codeigniter4\framework\system\Model.php(1190): CodeIgniter\Database\BaseConnection->table(NULL)
#1 C:\xampp\htdocs\warhammer\vendor\codeigniter4\framework\system\Model.php(1700): CodeIgniter\Model->builder()
#2 C:\xampp\htdocs\warhammer\app\Controllers\Chat.php(114): CodeIgniter\Model->__call('getTalentsCurre...', Array)
#3 C:\xampp\htdocs\warhammer\vendor\codeigniter4\framework\system\CodeIgniter.php(910): App\Controllers\Chat->awans()
#4 C:\xampp\htdocs\warhammer\vendor\codeigniter4\framework\system\CodeIgniter.php(398): CodeIgniter\CodeIgniter->runController(Object(App\Controllers\Chat))
#5 C:\xampp\htdocs\warhammer\vendor\codeigniter4\framework\system\CodeIgniter.php(306): CodeIgniter\CodeIgniter->handleRequest(NULL, Object(Config\Cache), false)
#6 C:\xampp\htdocs\warhammer\public\index.php(45): CodeIgniter\CodeIgniter->run()
#7 {main}
CRITICAL - 2020-05-31 17:35:30 --> You must set the database table to be used with your query.
#0 C:\xampp\htdocs\warhammer\vendor\codeigniter4\framework\system\Model.php(1190): CodeIgniter\Database\BaseConnection->table(NULL)
#1 C:\xampp\htdocs\warhammer\vendor\codeigniter4\framework\system\Model.php(1700): CodeIgniter\Model->builder()
#2 C:\xampp\htdocs\warhammer\app\Controllers\Chat.php(114): CodeIgniter\Model->__call('getTalentsCurre...', Array)
#3 C:\xampp\htdocs\warhammer\vendor\codeigniter4\framework\system\CodeIgniter.php(910): App\Controllers\Chat->awans()
#4 C:\xampp\htdocs\warhammer\vendor\codeigniter4\framework\system\CodeIgniter.php(398): CodeIgniter\CodeIgniter->runController(Object(App\Controllers\Chat))
#5 C:\xampp\htdocs\warhammer\vendor\codeigniter4\framework\system\CodeIgniter.php(306): CodeIgniter\CodeIgniter->handleRequest(NULL, Object(Config\Cache), false)
#6 C:\xampp\htdocs\warhammer\public\index.php(45): CodeIgniter\CodeIgniter->run()
#7 {main}
CRITICAL - 2020-05-31 17:35:41 --> You must set the database table to be used with your query.
#0 C:\xampp\htdocs\warhammer\vendor\codeigniter4\framework\system\Model.php(1190): CodeIgniter\Database\BaseConnection->table(NULL)
#1 C:\xampp\htdocs\warhammer\vendor\codeigniter4\framework\system\Model.php(1700): CodeIgniter\Model->builder()
#2 C:\xampp\htdocs\warhammer\app\Controllers\Chat.php(114): CodeIgniter\Model->__call('getTalentsCurre...', Array)
#3 C:\xampp\htdocs\warhammer\vendor\codeigniter4\framework\system\CodeIgniter.php(910): App\Controllers\Chat->awans()
#4 C:\xampp\htdocs\warhammer\vendor\codeigniter4\framework\system\CodeIgniter.php(398): CodeIgniter\CodeIgniter->runController(Object(App\Controllers\Chat))
#5 C:\xampp\htdocs\warhammer\vendor\codeigniter4\framework\system\CodeIgniter.php(306): CodeIgniter\CodeIgniter->handleRequest(NULL, Object(Config\Cache), false)
#6 C:\xampp\htdocs\warhammer\public\index.php(45): CodeIgniter\CodeIgniter->run()
#7 {main}
CRITICAL - 2020-05-31 17:36:45 --> You must set the database table to be used with your query.
#0 C:\xampp\htdocs\warhammer\vendor\codeigniter4\framework\system\Model.php(1190): CodeIgniter\Database\BaseConnection->table(NULL)
#1 C:\xampp\htdocs\warhammer\vendor\codeigniter4\framework\system\Model.php(1700): CodeIgniter\Model->builder()
#2 C:\xampp\htdocs\warhammer\app\Controllers\Chat.php(114): CodeIgniter\Model->__call('getTalentsCurre...', Array)
#3 C:\xampp\htdocs\warhammer\vendor\codeigniter4\framework\system\CodeIgniter.php(910): App\Controllers\Chat->awans()
#4 C:\xampp\htdocs\warhammer\vendor\codeigniter4\framework\system\CodeIgniter.php(398): CodeIgniter\CodeIgniter->runController(Object(App\Controllers\Chat))
#5 C:\xampp\htdocs\warhammer\vendor\codeigniter4\framework\system\CodeIgniter.php(306): CodeIgniter\CodeIgniter->handleRequest(NULL, Object(Config\Cache), false)
#6 C:\xampp\htdocs\warhammer\public\index.php(45): CodeIgniter\CodeIgniter->run()
#7 {main}
CRITICAL - 2020-05-31 17:36:46 --> You must set the database table to be used with your query.
#0 C:\xampp\htdocs\warhammer\vendor\codeigniter4\framework\system\Model.php(1190): CodeIgniter\Database\BaseConnection->table(NULL)
#1 C:\xampp\htdocs\warhammer\vendor\codeigniter4\framework\system\Model.php(1700): CodeIgniter\Model->builder()
#2 C:\xampp\htdocs\warhammer\app\Controllers\Chat.php(114): CodeIgniter\Model->__call('getTalentsCurre...', Array)
#3 C:\xampp\htdocs\warhammer\vendor\codeigniter4\framework\system\CodeIgniter.php(910): App\Controllers\Chat->awans()
#4 C:\xampp\htdocs\warhammer\vendor\codeigniter4\framework\system\CodeIgniter.php(398): CodeIgniter\CodeIgniter->runController(Object(App\Controllers\Chat))
#5 C:\xampp\htdocs\warhammer\vendor\codeigniter4\framework\system\CodeIgniter.php(306): CodeIgniter\CodeIgniter->handleRequest(NULL, Object(Config\Cache), false)
#6 C:\xampp\htdocs\warhammer\public\index.php(45): CodeIgniter\CodeIgniter->run()
#7 {main}
CRITICAL - 2020-05-31 17:38:28 --> You must set the database table to be used with your query.
#0 C:\xampp\htdocs\warhammer\vendor\codeigniter4\framework\system\Model.php(1190): CodeIgniter\Database\BaseConnection->table(NULL)
#1 C:\xampp\htdocs\warhammer\vendor\codeigniter4\framework\system\Model.php(1700): CodeIgniter\Model->builder()
#2 C:\xampp\htdocs\warhammer\app\Controllers\Chat.php(114): CodeIgniter\Model->__call('getTalentsCurre...', Array)
#3 C:\xampp\htdocs\warhammer\vendor\codeigniter4\framework\system\CodeIgniter.php(910): App\Controllers\Chat->awans()
#4 C:\xampp\htdocs\warhammer\vendor\codeigniter4\framework\system\CodeIgniter.php(398): CodeIgniter\CodeIgniter->runController(Object(App\Controllers\Chat))
#5 C:\xampp\htdocs\warhammer\vendor\codeigniter4\framework\system\CodeIgniter.php(306): CodeIgniter\CodeIgniter->handleRequest(NULL, Object(Config\Cache), false)
#6 C:\xampp\htdocs\warhammer\public\index.php(45): CodeIgniter\CodeIgniter->run()
#7 {main}
CRITICAL - 2020-05-31 17:39:18 --> Undefined index: aTalents
#0 C:\xampp\htdocs\warhammer\app\Controllers\Chat.php(119): CodeIgniter\Debug\Exceptions->errorHandler(8, 'Undefined index...', 'C:\\xampp\\htdocs...', 119, Array)
#1 C:\xampp\htdocs\warhammer\vendor\codeigniter4\framework\system\CodeIgniter.php(910): App\Controllers\Chat->awans()
#2 C:\xampp\htdocs\warhammer\vendor\codeigniter4\framework\system\CodeIgniter.php(398): CodeIgniter\CodeIgniter->runController(Object(App\Controllers\Chat))
#3 C:\xampp\htdocs\warhammer\vendor\codeigniter4\framework\system\CodeIgniter.php(306): CodeIgniter\CodeIgniter->handleRequest(NULL, Object(Config\Cache), false)
#4 C:\xampp\htdocs\warhammer\public\index.php(45): CodeIgniter\CodeIgniter->run()
#5 {main}
CRITICAL - 2020-05-31 17:40:06 --> You must set the database table to be used with your query.
#0 C:\xampp\htdocs\warhammer\vendor\codeigniter4\framework\system\Model.php(1190): CodeIgniter\Database\BaseConnection->table(NULL)
#1 C:\xampp\htdocs\warhammer\vendor\codeigniter4\framework\system\Model.php(1700): CodeIgniter\Model->builder()
#2 C:\xampp\htdocs\warhammer\app\Controllers\Chat.php(114): CodeIgniter\Model->__call('getTalentsCurre...', Array)
#3 C:\xampp\htdocs\warhammer\vendor\codeigniter4\framework\system\CodeIgniter.php(910): App\Controllers\Chat->awans()
#4 C:\xampp\htdocs\warhammer\vendor\codeigniter4\framework\system\CodeIgniter.php(398): CodeIgniter\CodeIgniter->runController(Object(App\Controllers\Chat))
#5 C:\xampp\htdocs\warhammer\vendor\codeigniter4\framework\system\CodeIgniter.php(306): CodeIgniter\CodeIgniter->handleRequest(NULL, Object(Config\Cache), false)
#6 C:\xampp\htdocs\warhammer\public\index.php(45): CodeIgniter\CodeIgniter->run()
#7 {main}
CRITICAL - 2020-05-31 17:53:31 --> Cannot add or update a child row: a foreign key constraint fails (`warhammer`.`w_bg_zd_current`, CONSTRAINT `w_bg_zd_current_ibfk_1` FOREIGN KEY (`NAME`) REFERENCES `w_umiejetnosci` (`ID`) ON DELETE CASCADE ON UPDATE CASCADE)
#0 C:\xampp\htdocs\warhammer\vendor\codeigniter4\framework\system\Database\MySQLi\Connection.php(330): mysqli->query('INSERT INTO `w_...')
#1 C:\xampp\htdocs\warhammer\vendor\codeigniter4\framework\system\Database\BaseConnection.php(738): CodeIgniter\Database\MySQLi\Connection->execute('INSERT INTO `w_...')
#2 C:\xampp\htdocs\warhammer\vendor\codeigniter4\framework\system\Database\BaseConnection.php(666): CodeIgniter\Database\BaseConnection->simpleQuery('INSERT INTO `w_...')
#3 C:\xampp\htdocs\warhammer\vendor\codeigniter4\framework\system\Database\BaseBuilder.php(2048): CodeIgniter\Database\BaseConnection->query('INSERT INTO `w_...', Array, false)
#4 C:\xampp\htdocs\warhammer\app\Models\ChatsModel.php(217): CodeIgniter\Database\BaseBuilder->insertBatch(Array)
#5 C:\xampp\htdocs\warhammer\app\Controllers\Chat.php(176): App\Models\ChatsModel->insertSorT(Array, 'zd')
#6 C:\xampp\htdocs\warhammer\app\Controllers\Chat.php(118): App\Controllers\Chat->awansLoop(Array, Array, 'zd')
#7 C:\xampp\htdocs\warhammer\vendor\codeigniter4\framework\system\CodeIgniter.php(910): App\Controllers\Chat->awans()
#8 C:\xampp\htdocs\warhammer\vendor\codeigniter4\framework\system\CodeIgniter.php(398): CodeIgniter\CodeIgniter->runController(Object(App\Controllers\Chat))
#9 C:\xampp\htdocs\warhammer\vendor\codeigniter4\framework\system\CodeIgniter.php(306): CodeIgniter\CodeIgniter->handleRequest(NULL, Object(Config\Cache), false)
#10 C:\xampp\htdocs\warhammer\public\index.php(45): CodeIgniter\CodeIgniter->run()
#11 {main}
CRITICAL - 2020-05-31 18:00:32 --> Table 'warhammer.w_zdolnoosci' doesn't exist
#0 C:\xampp\htdocs\warhammer\vendor\codeigniter4\framework\system\Database\MySQLi\Connection.php(330): mysqli->query('SELECT *\nFROM `...')
#1 C:\xampp\htdocs\warhammer\vendor\codeigniter4\framework\system\Database\BaseConnection.php(738): CodeIgniter\Database\MySQLi\Connection->execute('SELECT *\nFROM `...')
#2 C:\xampp\htdocs\warhammer\vendor\codeigniter4\framework\system\Database\BaseConnection.php(666): CodeIgniter\Database\BaseConnection->simpleQuery('SELECT *\nFROM `...')
#3 C:\xampp\htdocs\warhammer\vendor\codeigniter4\framework\system\Database\BaseBuilder.php(1819): CodeIgniter\Database\BaseConnection->query('SELECT *\nFROM `...', Array, false)
#4 C:\xampp\htdocs\warhammer\app\Models\ChatsModel.php(52): CodeIgniter\Database\BaseBuilder->get()
#5 C:\xampp\htdocs\warhammer\app\Controllers\Chat.php(55): App\Models\ChatsModel->getAvaibleSorT('15,25|31,40,44,...', 'zdolnoosci')
#6 C:\xampp\htdocs\warhammer\vendor\codeigniter4\framework\system\CodeIgniter.php(910): App\Controllers\Chat->index()
#7 C:\xampp\htdocs\warhammer\vendor\codeigniter4\framework\system\CodeIgniter.php(398): CodeIgniter\CodeIgniter->runController(Object(App\Controllers\Chat))
#8 C:\xampp\htdocs\warhammer\vendor\codeigniter4\framework\system\CodeIgniter.php(306): CodeIgniter\CodeIgniter->handleRequest(NULL, Object(Config\Cache), false)
#9 C:\xampp\htdocs\warhammer\public\index.php(45): CodeIgniter\CodeIgniter->run()
#10 {main}
CRITICAL - 2020-05-31 18:02:19 --> Cannot add or update a child row: a foreign key constraint fails (`warhammer`.`w_bg_zd_current`, CONSTRAINT `w_bg_zd_current_ibfk_1` FOREIGN KEY (`NAME`) REFERENCES `w_umiejetnosci` (`ID`) ON DELETE CASCADE ON UPDATE CASCADE)
#0 C:\xampp\htdocs\warhammer\vendor\codeigniter4\framework\system\Database\MySQLi\Connection.php(330): mysqli->query('INSERT INTO `w_...')
#1 C:\xampp\htdocs\warhammer\vendor\codeigniter4\framework\system\Database\BaseConnection.php(738): CodeIgniter\Database\MySQLi\Connection->execute('INSERT INTO `w_...')
#2 C:\xampp\htdocs\warhammer\vendor\codeigniter4\framework\system\Database\BaseConnection.php(666): CodeIgniter\Database\BaseConnection->simpleQuery('INSERT INTO `w_...')
#3 C:\xampp\htdocs\warhammer\vendor\codeigniter4\framework\system\Database\BaseBuilder.php(2048): CodeIgniter\Database\BaseConnection->query('INSERT INTO `w_...', Array, false)
#4 C:\xampp\htdocs\warhammer\app\Models\ChatsModel.php(217): CodeIgniter\Database\BaseBuilder->insertBatch(Array)
#5 C:\xampp\htdocs\warhammer\app\Controllers\Chat.php(180): App\Models\ChatsModel->insertSorT(Array, 'zd')
#6 C:\xampp\htdocs\warhammer\app\Controllers\Chat.php(122): App\Controllers\Chat->awansLoop(Array, Array, 'zd')
#7 C:\xampp\htdocs\warhammer\vendor\codeigniter4\framework\system\CodeIgniter.php(910): App\Controllers\Chat->awans()
#8 C:\xampp\htdocs\warhammer\vendor\codeigniter4\framework\system\CodeIgniter.php(398): CodeIgniter\CodeIgniter->runController(Object(App\Controllers\Chat))
#9 C:\xampp\htdocs\warhammer\vendor\codeigniter4\framework\system\CodeIgniter.php(306): CodeIgniter\CodeIgniter->handleRequest(NULL, Object(Config\Cache), false)
#10 C:\xampp\htdocs\warhammer\public\index.php(45): CodeIgniter\CodeIgniter->run()
#11 {main}
CRITICAL - 2020-05-31 18:02:33 --> Cannot add or update a child row: a foreign key constraint fails (`warhammer`.`w_bg_zd_current`, CONSTRAINT `w_bg_zd_current_ibfk_1` FOREIGN KEY (`NAME`) REFERENCES `w_umiejetnosci` (`ID`) ON DELETE CASCADE ON UPDATE CASCADE)
#0 C:\xampp\htdocs\warhammer\vendor\codeigniter4\framework\system\Database\MySQLi\Connection.php(330): mysqli->query('INSERT INTO `w_...')
#1 C:\xampp\htdocs\warhammer\vendor\codeigniter4\framework\system\Database\BaseConnection.php(738): CodeIgniter\Database\MySQLi\Connection->execute('INSERT INTO `w_...')
#2 C:\xampp\htdocs\warhammer\vendor\codeigniter4\framework\system\Database\BaseConnection.php(666): CodeIgniter\Database\BaseConnection->simpleQuery('INSERT INTO `w_...')
#3 C:\xampp\htdocs\warhammer\vendor\codeigniter4\framework\system\Database\BaseBuilder.php(2048): CodeIgniter\Database\BaseConnection->query('INSERT INTO `w_...', Array, false)
#4 C:\xampp\htdocs\warhammer\app\Models\ChatsModel.php(217): CodeIgniter\Database\BaseBuilder->insertBatch(Array)
#5 C:\xampp\htdocs\warhammer\app\Controllers\Chat.php(180): App\Models\ChatsModel->insertSorT(Array, 'zd')
#6 C:\xampp\htdocs\warhammer\app\Controllers\Chat.php(122): App\Controllers\Chat->awansLoop(Array, Array, 'zd')
#7 C:\xampp\htdocs\warhammer\vendor\codeigniter4\framework\system\CodeIgniter.php(910): App\Controllers\Chat->awans()
#8 C:\xampp\htdocs\warhammer\vendor\codeigniter4\framework\system\CodeIgniter.php(398): CodeIgniter\CodeIgniter->runController(Object(App\Controllers\Chat))
#9 C:\xampp\htdocs\warhammer\vendor\codeigniter4\framework\system\CodeIgniter.php(306): CodeIgniter\CodeIgniter->handleRequest(NULL, Object(Config\Cache), false)
#10 C:\xampp\htdocs\warhammer\public\index.php(45): CodeIgniter\CodeIgniter->run()
#11 {main}
CRITICAL - 2020-05-31 18:04:23 --> Cannot add or update a child row: a foreign key constraint fails (`warhammer`.`w_bg_zd_current`, CONSTRAINT `w_bg_zd_current_ibfk_1` FOREIGN KEY (`NAME`) REFERENCES `w_umiejetnosci` (`ID`) ON DELETE CASCADE ON UPDATE CASCADE)
#0 C:\xampp\htdocs\warhammer\vendor\codeigniter4\framework\system\Database\MySQLi\Connection.php(330): mysqli->query('INSERT INTO `w_...')
#1 C:\xampp\htdocs\warhammer\vendor\codeigniter4\framework\system\Database\BaseConnection.php(738): CodeIgniter\Database\MySQLi\Connection->execute('INSERT INTO `w_...')
#2 C:\xampp\htdocs\warhammer\vendor\codeigniter4\framework\system\Database\BaseConnection.php(666): CodeIgniter\Database\BaseConnection->simpleQuery('INSERT INTO `w_...')
#3 C:\xampp\htdocs\warhammer\vendor\codeigniter4\framework\system\Database\BaseBuilder.php(2048): CodeIgniter\Database\BaseConnection->query('INSERT INTO `w_...', Array, false)
#4 C:\xampp\htdocs\warhammer\app\Models\ChatsModel.php(217): CodeIgniter\Database\BaseBuilder->insertBatch(Array)
#5 C:\xampp\htdocs\warhammer\app\Controllers\Chat.php(180): App\Models\ChatsModel->insertSorT(Array, 'zd')
#6 C:\xampp\htdocs\warhammer\app\Controllers\Chat.php(122): App\Controllers\Chat->awansLoop(Array, Array, 'zd')
#7 C:\xampp\htdocs\warhammer\vendor\codeigniter4\framework\system\CodeIgniter.php(910): App\Controllers\Chat->awans()
#8 C:\xampp\htdocs\warhammer\vendor\codeigniter4\framework\system\CodeIgniter.php(398): CodeIgniter\CodeIgniter->runController(Object(App\Controllers\Chat))
#9 C:\xampp\htdocs\warhammer\vendor\codeigniter4\framework\system\CodeIgniter.php(306): CodeIgniter\CodeIgniter->handleRequest(NULL, Object(Config\Cache), false)
#10 C:\xampp\htdocs\warhammer\public\index.php(45): CodeIgniter\CodeIgniter->run()
#11 {main}
CRITICAL - 2020-05-31 18:06:10 --> Cannot add or update a child row: a foreign key constraint fails (`warhammer`.`w_bg_zd_current`, CONSTRAINT `w_bg_zd_current_ibfk_1` FOREIGN KEY (`NAME`) REFERENCES `w_umiejetnosci` (`ID`) ON DELETE CASCADE ON UPDATE CASCADE)
#0 C:\xampp\htdocs\warhammer\vendor\codeigniter4\framework\system\Database\MySQLi\Connection.php(330): mysqli->query('INSERT INTO `w_...')
#1 C:\xampp\htdocs\warhammer\vendor\codeigniter4\framework\system\Database\BaseConnection.php(738): CodeIgniter\Database\MySQLi\Connection->execute('INSERT INTO `w_...')
#2 C:\xampp\htdocs\warhammer\vendor\codeigniter4\framework\system\Database\BaseConnection.php(666): CodeIgniter\Database\BaseConnection->simpleQuery('INSERT INTO `w_...')
#3 C:\xampp\htdocs\warhammer\vendor\codeigniter4\framework\system\Database\BaseBuilder.php(2048): CodeIgniter\Database\BaseConnection->query('INSERT INTO `w_...', Array, false)
#4 C:\xampp\htdocs\warhammer\app\Models\ChatsModel.php(217): CodeIgniter\Database\BaseBuilder->insertBatch(Array)
#5 C:\xampp\htdocs\warhammer\app\Controllers\Chat.php(180): App\Models\ChatsModel->insertSorT(Array, 'zd')
#6 C:\xampp\htdocs\warhammer\app\Controllers\Chat.php(122): App\Controllers\Chat->awansLoop(Array, Array, 'zd')
#7 C:\xampp\htdocs\warhammer\vendor\codeigniter4\framework\system\CodeIgniter.php(910): App\Controllers\Chat->awans()
#8 C:\xampp\htdocs\warhammer\vendor\codeigniter4\framework\system\CodeIgniter.php(398): CodeIgniter\CodeIgniter->runController(Object(App\Controllers\Chat))
#9 C:\xampp\htdocs\warhammer\vendor\codeigniter4\framework\system\CodeIgniter.php(306): CodeIgniter\CodeIgniter->handleRequest(NULL, Object(Config\Cache), false)
#10 C:\xampp\htdocs\warhammer\public\index.php(45): CodeIgniter\CodeIgniter->run()
#11 {main}
CRITICAL - 2020-05-31 18:07:18 --> Out of range value for column 'ID' at row 5
#0 C:\xampp\htdocs\warhammer\vendor\codeigniter4\framework\system\Database\MySQLi\Connection.php(330): mysqli->query('INSERT INTO `w_...')
#1 C:\xampp\htdocs\warhammer\vendor\codeigniter4\framework\system\Database\BaseConnection.php(738): CodeIgniter\Database\MySQLi\Connection->execute('INSERT INTO `w_...')
#2 C:\xampp\htdocs\warhammer\vendor\codeigniter4\framework\system\Database\BaseConnection.php(666): CodeIgniter\Database\BaseConnection->simpleQuery('INSERT INTO `w_...')
#3 C:\xampp\htdocs\warhammer\vendor\codeigniter4\framework\system\Database\BaseBuilder.php(2048): CodeIgniter\Database\BaseConnection->query('INSERT INTO `w_...', Array, false)
#4 C:\xampp\htdocs\warhammer\app\Models\ChatsModel.php(217): CodeIgniter\Database\BaseBuilder->insertBatch(Array)
#5 C:\xampp\htdocs\warhammer\app\Controllers\Chat.php(180): App\Models\ChatsModel->insertSorT(Array, 'zd')
#6 C:\xampp\htdocs\warhammer\app\Controllers\Chat.php(122): App\Controllers\Chat->awansLoop(Array, Array, 'zd')
#7 C:\xampp\htdocs\warhammer\vendor\codeigniter4\framework\system\CodeIgniter.php(910): App\Controllers\Chat->awans()
#8 C:\xampp\htdocs\warhammer\vendor\codeigniter4\framework\system\CodeIgniter.php(398): CodeIgniter\CodeIgniter->runController(Object(App\Controllers\Chat))
#9 C:\xampp\htdocs\warhammer\vendor\codeigniter4\framework\system\CodeIgniter.php(306): CodeIgniter\CodeIgniter->handleRequest(NULL, Object(Config\Cache), false)
#10 C:\xampp\htdocs\warhammer\public\index.php(45): CodeIgniter\CodeIgniter->run()
#11 {main}
CRITICAL - 2020-05-31 18:07:18 --> Uncaught CodeIgniter\HTTP\Exceptions\HTTPException: Unknown HTTP status code provided with no message: 167 in C:\xampp\htdocs\warhammer\vendor\codeigniter4\framework\system\HTTP\Exceptions\HTTPException.php:180
Stack trace:
#0 C:\xampp\htdocs\warhammer\vendor\codeigniter4\framework\system\HTTP\Response.php(320): CodeIgniter\HTTP\Exceptions\HTTPException::forUnkownStatusCode(167)
#1 C:\xampp\htdocs\warhammer\vendor\codeigniter4\framework\system\Debug\Exceptions.php(159): CodeIgniter\HTTP\Response->setStatusCode(167)
#2 [internal function]: CodeIgniter\Debug\Exceptions->exceptionHandler(Object(mysqli_sql_exception))
#3 {main}
  thrown
#0 [internal function]: CodeIgniter\Debug\Exceptions->shutdownHandler()
#1 {main}
CRITICAL - 2020-05-31 18:07:55 --> Out of range value for column 'ID' at row 1
#0 C:\xampp\htdocs\warhammer\vendor\codeigniter4\framework\system\Database\MySQLi\Connection.php(330): mysqli->query('INSERT INTO `w_...')
#1 C:\xampp\htdocs\warhammer\vendor\codeigniter4\framework\system\Database\BaseConnection.php(738): CodeIgniter\Database\MySQLi\Connection->execute('INSERT INTO `w_...')
#2 C:\xampp\htdocs\warhammer\vendor\codeigniter4\framework\system\Database\BaseConnection.php(666): CodeIgniter\Database\BaseConnection->simpleQuery('INSERT INTO `w_...')
#3 C:\xampp\htdocs\warhammer\vendor\codeigniter4\framework\system\Database\BaseBuilder.php(2048): CodeIgniter\Database\BaseConnection->query('INSERT INTO `w_...', Array, false)
#4 C:\xampp\htdocs\warhammer\app\Models\ChatsModel.php(217): CodeIgniter\Database\BaseBuilder->insertBatch(Array)
#5 C:\xampp\htdocs\warhammer\app\Controllers\Chat.php(180): App\Models\ChatsModel->insertSorT(Array, 'zd')
#6 C:\xampp\htdocs\warhammer\app\Controllers\Chat.php(122): App\Controllers\Chat->awansLoop(Array, Array, 'zd')
#7 C:\xampp\htdocs\warhammer\vendor\codeigniter4\framework\system\CodeIgniter.php(910): App\Controllers\Chat->awans()
#8 C:\xampp\htdocs\warhammer\vendor\codeigniter4\framework\system\CodeIgniter.php(398): CodeIgniter\CodeIgniter->runController(Object(App\Controllers\Chat))
#9 C:\xampp\htdocs\warhammer\vendor\codeigniter4\framework\system\CodeIgniter.php(306): CodeIgniter\CodeIgniter->handleRequest(NULL, Object(Config\Cache), false)
#10 C:\xampp\htdocs\warhammer\public\index.php(45): CodeIgniter\CodeIgniter->run()
#11 {main}
CRITICAL - 2020-05-31 18:07:55 --> Uncaught CodeIgniter\HTTP\Exceptions\HTTPException: Unknown HTTP status code provided with no message: 167 in C:\xampp\htdocs\warhammer\vendor\codeigniter4\framework\system\HTTP\Exceptions\HTTPException.php:180
Stack trace:
#0 C:\xampp\htdocs\warhammer\vendor\codeigniter4\framework\system\HTTP\Response.php(320): CodeIgniter\HTTP\Exceptions\HTTPException::forUnkownStatusCode(167)
#1 C:\xampp\htdocs\warhammer\vendor\codeigniter4\framework\system\Debug\Exceptions.php(159): CodeIgniter\HTTP\Response->setStatusCode(167)
#2 [internal function]: CodeIgniter\Debug\Exceptions->exceptionHandler(Object(mysqli_sql_exception))
#3 {main}
  thrown
#0 [internal function]: CodeIgniter\Debug\Exceptions->shutdownHandler()
#1 {main}
CRITICAL - 2020-05-31 18:08:23 --> Out of range value for column 'ID' at row 1
#0 C:\xampp\htdocs\warhammer\vendor\codeigniter4\framework\system\Database\MySQLi\Connection.php(330): mysqli->query('INSERT INTO `w_...')
#1 C:\xampp\htdocs\warhammer\vendor\codeigniter4\framework\system\Database\BaseConnection.php(738): CodeIgniter\Database\MySQLi\Connection->execute('INSERT INTO `w_...')
#2 C:\xampp\htdocs\warhammer\vendor\codeigniter4\framework\system\Database\BaseConnection.php(666): CodeIgniter\Database\BaseConnection->simpleQuery('INSERT INTO `w_...')
#3 C:\xampp\htdocs\warhammer\vendor\codeigniter4\framework\system\Database\BaseBuilder.php(2048): CodeIgniter\Database\BaseConnection->query('INSERT INTO `w_...', Array, false)
#4 C:\xampp\htdocs\warhammer\app\Models\ChatsModel.php(217): CodeIgniter\Database\BaseBuilder->insertBatch(Array)
#5 C:\xampp\htdocs\warhammer\app\Controllers\Chat.php(180): App\Models\ChatsModel->insertSorT(Array, 'zd')
#6 C:\xampp\htdocs\warhammer\app\Controllers\Chat.php(122): App\Controllers\Chat->awansLoop(Array, Array, 'zd')
#7 C:\xampp\htdocs\warhammer\vendor\codeigniter4\framework\system\CodeIgniter.php(910): App\Controllers\Chat->awans()
#8 C:\xampp\htdocs\warhammer\vendor\codeigniter4\framework\system\CodeIgniter.php(398): CodeIgniter\CodeIgniter->runController(Object(App\Controllers\Chat))
#9 C:\xampp\htdocs\warhammer\vendor\codeigniter4\framework\system\CodeIgniter.php(306): CodeIgniter\CodeIgniter->handleRequest(NULL, Object(Config\Cache), false)
#10 C:\xampp\htdocs\warhammer\public\index.php(45): CodeIgniter\CodeIgniter->run()
#11 {main}
CRITICAL - 2020-05-31 18:08:23 --> Uncaught CodeIgniter\HTTP\Exceptions\HTTPException: Unknown HTTP status code provided with no message: 167 in C:\xampp\htdocs\warhammer\vendor\codeigniter4\framework\system\HTTP\Exceptions\HTTPException.php:180
Stack trace:
#0 C:\xampp\htdocs\warhammer\vendor\codeigniter4\framework\system\HTTP\Response.php(320): CodeIgniter\HTTP\Exceptions\HTTPException::forUnkownStatusCode(167)
#1 C:\xampp\htdocs\warhammer\vendor\codeigniter4\framework\system\Debug\Exceptions.php(159): CodeIgniter\HTTP\Response->setStatusCode(167)
#2 [internal function]: CodeIgniter\Debug\Exceptions->exceptionHandler(Object(mysqli_sql_exception))
#3 {main}
  thrown
#0 [internal function]: CodeIgniter\Debug\Exceptions->shutdownHandler()
#1 {main}
CRITICAL - 2020-05-31 18:08:37 --> Out of range value for column 'ID' at row 1
#0 C:\xampp\htdocs\warhammer\vendor\codeigniter4\framework\system\Database\MySQLi\Connection.php(330): mysqli->query('INSERT INTO `w_...')
#1 C:\xampp\htdocs\warhammer\vendor\codeigniter4\framework\system\Database\BaseConnection.php(738): CodeIgniter\Database\MySQLi\Connection->execute('INSERT INTO `w_...')
#2 C:\xampp\htdocs\warhammer\vendor\codeigniter4\framework\system\Database\BaseConnection.php(666): CodeIgniter\Database\BaseConnection->simpleQuery('INSERT INTO `w_...')
#3 C:\xampp\htdocs\warhammer\vendor\codeigniter4\framework\system\Database\BaseBuilder.php(2048): CodeIgniter\Database\BaseConnection->query('INSERT INTO `w_...', Array, false)
#4 C:\xampp\htdocs\warhammer\app\Models\ChatsModel.php(217): CodeIgniter\Database\BaseBuilder->insertBatch(Array)
#5 C:\xampp\htdocs\warhammer\app\Controllers\Chat.php(180): App\Models\ChatsModel->insertSorT(Array, 'zd')
#6 C:\xampp\htdocs\warhammer\app\Controllers\Chat.php(122): App\Controllers\Chat->awansLoop(Array, Array, 'zd')
#7 C:\xampp\htdocs\warhammer\vendor\codeigniter4\framework\system\CodeIgniter.php(910): App\Controllers\Chat->awans()
#8 C:\xampp\htdocs\warhammer\vendor\codeigniter4\framework\system\CodeIgniter.php(398): CodeIgniter\CodeIgniter->runController(Object(App\Controllers\Chat))
#9 C:\xampp\htdocs\warhammer\vendor\codeigniter4\framework\system\CodeIgniter.php(306): CodeIgniter\CodeIgniter->handleRequest(NULL, Object(Config\Cache), false)
#10 C:\xampp\htdocs\warhammer\public\index.php(45): CodeIgniter\CodeIgniter->run()
#11 {main}
CRITICAL - 2020-05-31 18:08:37 --> Uncaught CodeIgniter\HTTP\Exceptions\HTTPException: Unknown HTTP status code provided with no message: 167 in C:\xampp\htdocs\warhammer\vendor\codeigniter4\framework\system\HTTP\Exceptions\HTTPException.php:180
Stack trace:
#0 C:\xampp\htdocs\warhammer\vendor\codeigniter4\framework\system\HTTP\Response.php(320): CodeIgniter\HTTP\Exceptions\HTTPException::forUnkownStatusCode(167)
#1 C:\xampp\htdocs\warhammer\vendor\codeigniter4\framework\system\Debug\Exceptions.php(159): CodeIgniter\HTTP\Response->setStatusCode(167)
#2 [internal function]: CodeIgniter\Debug\Exceptions->exceptionHandler(Object(mysqli_sql_exception))
#3 {main}
  thrown
#0 [internal function]: CodeIgniter\Debug\Exceptions->shutdownHandler()
#1 {main}
CRITICAL - 2020-05-31 18:11:48 --> Out of range value for column 'ID' at row 1
#0 C:\xampp\htdocs\warhammer\vendor\codeigniter4\framework\system\Database\MySQLi\Connection.php(330): mysqli->query('INSERT INTO `w_...')
#1 C:\xampp\htdocs\warhammer\vendor\codeigniter4\framework\system\Database\BaseConnection.php(738): CodeIgniter\Database\MySQLi\Connection->execute('INSERT INTO `w_...')
#2 C:\xampp\htdocs\warhammer\vendor\codeigniter4\framework\system\Database\BaseConnection.php(666): CodeIgniter\Database\BaseConnection->simpleQuery('INSERT INTO `w_...')
#3 C:\xampp\htdocs\warhammer\vendor\codeigniter4\framework\system\Database\BaseBuilder.php(2048): CodeIgniter\Database\BaseConnection->query('INSERT INTO `w_...', Array, false)
#4 C:\xampp\htdocs\warhammer\app\Models\ChatsModel.php(217): CodeIgniter\Database\BaseBuilder->insertBatch(Array)
#5 C:\xampp\htdocs\warhammer\app\Controllers\Chat.php(181): App\Models\ChatsModel->insertSorT(Array, 'zd')
#6 C:\xampp\htdocs\warhammer\app\Controllers\Chat.php(122): App\Controllers\Chat->awansLoop(Array, Array, 'zd')
#7 C:\xampp\htdocs\warhammer\vendor\codeigniter4\framework\system\CodeIgniter.php(910): App\Controllers\Chat->awans()
#8 C:\xampp\htdocs\warhammer\vendor\codeigniter4\framework\system\CodeIgniter.php(398): CodeIgniter\CodeIgniter->runController(Object(App\Controllers\Chat))
#9 C:\xampp\htdocs\warhammer\vendor\codeigniter4\framework\system\CodeIgniter.php(306): CodeIgniter\CodeIgniter->handleRequest(NULL, Object(Config\Cache), false)
#10 C:\xampp\htdocs\warhammer\public\index.php(45): CodeIgniter\CodeIgniter->run()
#11 {main}
CRITICAL - 2020-05-31 18:11:48 --> Uncaught CodeIgniter\HTTP\Exceptions\HTTPException: Unknown HTTP status code provided with no message: 167 in C:\xampp\htdocs\warhammer\vendor\codeigniter4\framework\system\HTTP\Exceptions\HTTPException.php:180
Stack trace:
#0 C:\xampp\htdocs\warhammer\vendor\codeigniter4\framework\system\HTTP\Response.php(320): CodeIgniter\HTTP\Exceptions\HTTPException::forUnkownStatusCode(167)
#1 C:\xampp\htdocs\warhammer\vendor\codeigniter4\framework\system\Debug\Exceptions.php(159): CodeIgniter\HTTP\Response->setStatusCode(167)
#2 [internal function]: CodeIgniter\Debug\Exceptions->exceptionHandler(Object(mysqli_sql_exception))
#3 {main}
  thrown
#0 [internal function]: CodeIgniter\Debug\Exceptions->shutdownHandler()
#1 {main}
CRITICAL - 2020-05-31 18:12:33 --> Out of range value for column 'ID' at row 1
#0 C:\xampp\htdocs\warhammer\vendor\codeigniter4\framework\system\Database\MySQLi\Connection.php(330): mysqli->query('INSERT INTO `w_...')
#1 C:\xampp\htdocs\warhammer\vendor\codeigniter4\framework\system\Database\BaseConnection.php(738): CodeIgniter\Database\MySQLi\Connection->execute('INSERT INTO `w_...')
#2 C:\xampp\htdocs\warhammer\vendor\codeigniter4\framework\system\Database\BaseConnection.php(666): CodeIgniter\Database\BaseConnection->simpleQuery('INSERT INTO `w_...')
#3 C:\xampp\htdocs\warhammer\vendor\codeigniter4\framework\system\Database\BaseBuilder.php(2048): CodeIgniter\Database\BaseConnection->query('INSERT INTO `w_...', Array, false)
#4 C:\xampp\htdocs\warhammer\app\Models\ChatsModel.php(217): CodeIgniter\Database\BaseBuilder->insertBatch(Array)
#5 C:\xampp\htdocs\warhammer\app\Controllers\Chat.php(181): App\Models\ChatsModel->insertSorT(Array, 'zd')
#6 C:\xampp\htdocs\warhammer\app\Controllers\Chat.php(122): App\Controllers\Chat->awansLoop(Array, Array, 'zd')
#7 C:\xampp\htdocs\warhammer\vendor\codeigniter4\framework\system\CodeIgniter.php(910): App\Controllers\Chat->awans()
#8 C:\xampp\htdocs\warhammer\vendor\codeigniter4\framework\system\CodeIgniter.php(398): CodeIgniter\CodeIgniter->runController(Object(App\Controllers\Chat))
#9 C:\xampp\htdocs\warhammer\vendor\codeigniter4\framework\system\CodeIgniter.php(306): CodeIgniter\CodeIgniter->handleRequest(NULL, Object(Config\Cache), false)
#10 C:\xampp\htdocs\warhammer\public\index.php(45): CodeIgniter\CodeIgniter->run()
#11 {main}
CRITICAL - 2020-05-31 18:12:33 --> Uncaught CodeIgniter\HTTP\Exceptions\HTTPException: Unknown HTTP status code provided with no message: 167 in C:\xampp\htdocs\warhammer\vendor\codeigniter4\framework\system\HTTP\Exceptions\HTTPException.php:180
Stack trace:
#0 C:\xampp\htdocs\warhammer\vendor\codeigniter4\framework\system\HTTP\Response.php(320): CodeIgniter\HTTP\Exceptions\HTTPException::forUnkownStatusCode(167)
#1 C:\xampp\htdocs\warhammer\vendor\codeigniter4\framework\system\Debug\Exceptions.php(159): CodeIgniter\HTTP\Response->setStatusCode(167)
#2 [internal function]: CodeIgniter\Debug\Exceptions->exceptionHandler(Object(mysqli_sql_exception))
#3 {main}
  thrown
#0 [internal function]: CodeIgniter\Debug\Exceptions->shutdownHandler()
#1 {main}
CRITICAL - 2020-05-31 18:12:35 --> Out of range value for column 'ID' at row 1
#0 C:\xampp\htdocs\warhammer\vendor\codeigniter4\framework\system\Database\MySQLi\Connection.php(330): mysqli->query('INSERT INTO `w_...')
#1 C:\xampp\htdocs\warhammer\vendor\codeigniter4\framework\system\Database\BaseConnection.php(738): CodeIgniter\Database\MySQLi\Connection->execute('INSERT INTO `w_...')
#2 C:\xampp\htdocs\warhammer\vendor\codeigniter4\framework\system\Database\BaseConnection.php(666): CodeIgniter\Database\BaseConnection->simpleQuery('INSERT INTO `w_...')
#3 C:\xampp\htdocs\warhammer\vendor\codeigniter4\framework\system\Database\BaseBuilder.php(2048): CodeIgniter\Database\BaseConnection->query('INSERT INTO `w_...', Array, false)
#4 C:\xampp\htdocs\warhammer\app\Models\ChatsModel.php(217): CodeIgniter\Database\BaseBuilder->insertBatch(Array)
#5 C:\xampp\htdocs\warhammer\app\Controllers\Chat.php(181): App\Models\ChatsModel->insertSorT(Array, 'zd')
#6 C:\xampp\htdocs\warhammer\app\Controllers\Chat.php(122): App\Controllers\Chat->awansLoop(Array, Array, 'zd')
#7 C:\xampp\htdocs\warhammer\vendor\codeigniter4\framework\system\CodeIgniter.php(910): App\Controllers\Chat->awans()
#8 C:\xampp\htdocs\warhammer\vendor\codeigniter4\framework\system\CodeIgniter.php(398): CodeIgniter\CodeIgniter->runController(Object(App\Controllers\Chat))
#9 C:\xampp\htdocs\warhammer\vendor\codeigniter4\framework\system\CodeIgniter.php(306): CodeIgniter\CodeIgniter->handleRequest(NULL, Object(Config\Cache), false)
#10 C:\xampp\htdocs\warhammer\public\index.php(45): CodeIgniter\CodeIgniter->run()
#11 {main}
CRITICAL - 2020-05-31 18:12:35 --> Uncaught CodeIgniter\HTTP\Exceptions\HTTPException: Unknown HTTP status code provided with no message: 167 in C:\xampp\htdocs\warhammer\vendor\codeigniter4\framework\system\HTTP\Exceptions\HTTPException.php:180
Stack trace:
#0 C:\xampp\htdocs\warhammer\vendor\codeigniter4\framework\system\HTTP\Response.php(320): CodeIgniter\HTTP\Exceptions\HTTPException::forUnkownStatusCode(167)
#1 C:\xampp\htdocs\warhammer\vendor\codeigniter4\framework\system\Debug\Exceptions.php(159): CodeIgniter\HTTP\Response->setStatusCode(167)
#2 [internal function]: CodeIgniter\Debug\Exceptions->exceptionHandler(Object(mysqli_sql_exception))
#3 {main}
  thrown
#0 [internal function]: CodeIgniter\Debug\Exceptions->shutdownHandler()
#1 {main}
CRITICAL - 2020-05-31 18:56:59 --> Table 'warhammer.w_um_bronspecjalna' doesn't exist
#0 C:\xampp\htdocs\warhammer\vendor\codeigniter4\framework\system\Database\MySQLi\Connection.php(330): mysqli->query('SELECT *\nFROM `...')
#1 C:\xampp\htdocs\warhammer\vendor\codeigniter4\framework\system\Database\BaseConnection.php(738): CodeIgniter\Database\MySQLi\Connection->execute('SELECT *\nFROM `...')
#2 C:\xampp\htdocs\warhammer\vendor\codeigniter4\framework\system\Database\BaseConnection.php(666): CodeIgniter\Database\BaseConnection->simpleQuery('SELECT *\nFROM `...')
#3 C:\xampp\htdocs\warhammer\vendor\codeigniter4\framework\system\Database\BaseBuilder.php(1819): CodeIgniter\Database\BaseConnection->query('SELECT *\nFROM `...', Array, false)
#4 C:\xampp\htdocs\warhammer\app\Models\ChatsModel.php(28): CodeIgniter\Database\BaseBuilder->get()
#5 C:\xampp\htdocs\warhammer\app\Controllers\Chat.php(86): App\Models\ChatsModel->getSkillsDetails('w_um_bronspecja...')
#6 C:\xampp\htdocs\warhammer\vendor\codeigniter4\framework\system\CodeIgniter.php(910): App\Controllers\Chat->rozne()
#7 C:\xampp\htdocs\warhammer\vendor\codeigniter4\framework\system\CodeIgniter.php(398): CodeIgniter\CodeIgniter->runController(Object(App\Controllers\Chat))
#8 C:\xampp\htdocs\warhammer\vendor\codeigniter4\framework\system\CodeIgniter.php(306): CodeIgniter\CodeIgniter->handleRequest(NULL, Object(Config\Cache), false)
#9 C:\xampp\htdocs\warhammer\public\index.php(45): CodeIgniter\CodeIgniter->run()
#10 {main}
CRITICAL - 2020-05-31 18:58:08 --> Table 'warhammer.w_um_bronspecjalna' doesn't exist
#0 C:\xampp\htdocs\warhammer\vendor\codeigniter4\framework\system\Database\MySQLi\Connection.php(330): mysqli->query('SELECT *\nFROM `...')
#1 C:\xampp\htdocs\warhammer\vendor\codeigniter4\framework\system\Database\BaseConnection.php(738): CodeIgniter\Database\MySQLi\Connection->execute('SELECT *\nFROM `...')
#2 C:\xampp\htdocs\warhammer\vendor\codeigniter4\framework\system\Database\BaseConnection.php(666): CodeIgniter\Database\BaseConnection->simpleQuery('SELECT *\nFROM `...')
#3 C:\xampp\htdocs\warhammer\vendor\codeigniter4\framework\system\Database\BaseBuilder.php(1819): CodeIgniter\Database\BaseConnection->query('SELECT *\nFROM `...', Array, false)
#4 C:\xampp\htdocs\warhammer\app\Models\ChatsModel.php(28): CodeIgniter\Database\BaseBuilder->get()
#5 C:\xampp\htdocs\warhammer\app\Controllers\Chat.php(86): App\Models\ChatsModel->getSkillsDetails('w_um_bronspecja...')
#6 C:\xampp\htdocs\warhammer\vendor\codeigniter4\framework\system\CodeIgniter.php(910): App\Controllers\Chat->rozne()
#7 C:\xampp\htdocs\warhammer\vendor\codeigniter4\framework\system\CodeIgniter.php(398): CodeIgniter\CodeIgniter->runController(Object(App\Controllers\Chat))
#8 C:\xampp\htdocs\warhammer\vendor\codeigniter4\framework\system\CodeIgniter.php(306): CodeIgniter\CodeIgniter->handleRequest(NULL, Object(Config\Cache), false)
#9 C:\xampp\htdocs\warhammer\public\index.php(45): CodeIgniter\CodeIgniter->run()
#10 {main}
