CRITICAL - 2020-06-15 10:51:14 --> A non-numeric value encountered
#0 C:\xampp\htdocs\warhammer\app\Models\ChatsModel.php(78): CodeIgniter\Debug\Exceptions->errorHandler(2, 'A non-numeric v...', 'C:\\xampp\\htdocs...', 78, Array)
#1 C:\xampp\htdocs\warhammer\app\Controllers\Chat.php(55): App\Models\ChatsModel->getAvaibleSorT('bijatyka, gro\xC5\xBA...', 'zdolnosci')
#2 C:\xampp\htdocs\warhammer\vendor\codeigniter4\framework\system\CodeIgniter.php(910): App\Controllers\Chat->index()
#3 C:\xampp\htdocs\warhammer\vendor\codeigniter4\framework\system\CodeIgniter.php(398): CodeIgniter\CodeIgniter->runController(Object(App\Controllers\Chat))
#4 C:\xampp\htdocs\warhammer\vendor\codeigniter4\framework\system\CodeIgniter.php(306): CodeIgniter\CodeIgniter->handleRequest(NULL, Object(Config\Cache), false)
#5 C:\xampp\htdocs\warhammer\public\index.php(45): CodeIgniter\CodeIgniter->run()
#6 {main}
CRITICAL - 2020-06-15 10:51:19 --> A non-numeric value encountered
#0 C:\xampp\htdocs\warhammer\app\Models\ChatsModel.php(78): CodeIgniter\Debug\Exceptions->errorHandler(2, 'A non-numeric v...', 'C:\\xampp\\htdocs...', 78, Array)
#1 C:\xampp\htdocs\warhammer\app\Controllers\Chat.php(55): App\Models\ChatsModel->getAvaibleSorT('bijatyka, gro\xC5\xBA...', 'zdolnosci')
#2 C:\xampp\htdocs\warhammer\vendor\codeigniter4\framework\system\CodeIgniter.php(910): App\Controllers\Chat->index()
#3 C:\xampp\htdocs\warhammer\vendor\codeigniter4\framework\system\CodeIgniter.php(398): CodeIgniter\CodeIgniter->runController(Object(App\Controllers\Chat))
#4 C:\xampp\htdocs\warhammer\vendor\codeigniter4\framework\system\CodeIgniter.php(306): CodeIgniter\CodeIgniter->handleRequest(NULL, Object(Config\Cache), false)
#5 C:\xampp\htdocs\warhammer\public\index.php(45): CodeIgniter\CodeIgniter->run()
#6 {main}
CRITICAL - 2020-06-15 10:51:22 --> A non-numeric value encountered
#0 C:\xampp\htdocs\warhammer\app\Models\ChatsModel.php(78): CodeIgniter\Debug\Exceptions->errorHandler(2, 'A non-numeric v...', 'C:\\xampp\\htdocs...', 78, Array)
#1 C:\xampp\htdocs\warhammer\app\Controllers\Chat.php(55): App\Models\ChatsModel->getAvaibleSorT('bijatyka, gro\xC5\xBA...', 'zdolnosci')
#2 C:\xampp\htdocs\warhammer\vendor\codeigniter4\framework\system\CodeIgniter.php(910): App\Controllers\Chat->index()
#3 C:\xampp\htdocs\warhammer\vendor\codeigniter4\framework\system\CodeIgniter.php(398): CodeIgniter\CodeIgniter->runController(Object(App\Controllers\Chat))
#4 C:\xampp\htdocs\warhammer\vendor\codeigniter4\framework\system\CodeIgniter.php(306): CodeIgniter\CodeIgniter->handleRequest(NULL, Object(Config\Cache), false)
#5 C:\xampp\htdocs\warhammer\public\index.php(45): CodeIgniter\CodeIgniter->run()
#6 {main}
CRITICAL - 2020-06-15 10:51:23 --> A non-numeric value encountered
#0 C:\xampp\htdocs\warhammer\app\Models\ChatsModel.php(78): CodeIgniter\Debug\Exceptions->errorHandler(2, 'A non-numeric v...', 'C:\\xampp\\htdocs...', 78, Array)
#1 C:\xampp\htdocs\warhammer\app\Controllers\Chat.php(55): App\Models\ChatsModel->getAvaibleSorT('bijatyka, gro\xC5\xBA...', 'zdolnosci')
#2 C:\xampp\htdocs\warhammer\vendor\codeigniter4\framework\system\CodeIgniter.php(910): App\Controllers\Chat->index()
#3 C:\xampp\htdocs\warhammer\vendor\codeigniter4\framework\system\CodeIgniter.php(398): CodeIgniter\CodeIgniter->runController(Object(App\Controllers\Chat))
#4 C:\xampp\htdocs\warhammer\vendor\codeigniter4\framework\system\CodeIgniter.php(306): CodeIgniter\CodeIgniter->handleRequest(NULL, Object(Config\Cache), false)
#5 C:\xampp\htdocs\warhammer\public\index.php(45): CodeIgniter\CodeIgniter->run()
#6 {main}
CRITICAL - 2020-06-15 10:51:27 --> A non-numeric value encountered
#0 C:\xampp\htdocs\warhammer\app\Models\ChatsModel.php(78): CodeIgniter\Debug\Exceptions->errorHandler(2, 'A non-numeric v...', 'C:\\xampp\\htdocs...', 78, Array)
#1 C:\xampp\htdocs\warhammer\app\Controllers\Chat.php(55): App\Models\ChatsModel->getAvaibleSorT('bijatyka, gro\xC5\xBA...', 'zdolnosci')
#2 C:\xampp\htdocs\warhammer\vendor\codeigniter4\framework\system\CodeIgniter.php(910): App\Controllers\Chat->index()
#3 C:\xampp\htdocs\warhammer\vendor\codeigniter4\framework\system\CodeIgniter.php(398): CodeIgniter\CodeIgniter->runController(Object(App\Controllers\Chat))
#4 C:\xampp\htdocs\warhammer\vendor\codeigniter4\framework\system\CodeIgniter.php(306): CodeIgniter\CodeIgniter->handleRequest(NULL, Object(Config\Cache), false)
#5 C:\xampp\htdocs\warhammer\public\index.php(45): CodeIgniter\CodeIgniter->run()
#6 {main}
CRITICAL - 2020-06-15 10:51:37 --> A non-numeric value encountered
#0 C:\xampp\htdocs\warhammer\app\Models\ChatsModel.php(78): CodeIgniter\Debug\Exceptions->errorHandler(2, 'A non-numeric v...', 'C:\\xampp\\htdocs...', 78, Array)
#1 C:\xampp\htdocs\warhammer\app\Controllers\Chat.php(55): App\Models\ChatsModel->getAvaibleSorT('bijatyka, gro\xC5\xBA...', 'zdolnosci')
#2 C:\xampp\htdocs\warhammer\vendor\codeigniter4\framework\system\CodeIgniter.php(910): App\Controllers\Chat->index()
#3 C:\xampp\htdocs\warhammer\vendor\codeigniter4\framework\system\CodeIgniter.php(398): CodeIgniter\CodeIgniter->runController(Object(App\Controllers\Chat))
#4 C:\xampp\htdocs\warhammer\vendor\codeigniter4\framework\system\CodeIgniter.php(306): CodeIgniter\CodeIgniter->handleRequest(NULL, Object(Config\Cache), false)
#5 C:\xampp\htdocs\warhammer\public\index.php(45): CodeIgniter\CodeIgniter->run()
#6 {main}
CRITICAL - 2020-06-15 10:51:37 --> A non-numeric value encountered
#0 C:\xampp\htdocs\warhammer\app\Models\ChatsModel.php(78): CodeIgniter\Debug\Exceptions->errorHandler(2, 'A non-numeric v...', 'C:\\xampp\\htdocs...', 78, Array)
#1 C:\xampp\htdocs\warhammer\app\Controllers\Chat.php(55): App\Models\ChatsModel->getAvaibleSorT('bijatyka, gro\xC5\xBA...', 'zdolnosci')
#2 C:\xampp\htdocs\warhammer\vendor\codeigniter4\framework\system\CodeIgniter.php(910): App\Controllers\Chat->index()
#3 C:\xampp\htdocs\warhammer\vendor\codeigniter4\framework\system\CodeIgniter.php(398): CodeIgniter\CodeIgniter->runController(Object(App\Controllers\Chat))
#4 C:\xampp\htdocs\warhammer\vendor\codeigniter4\framework\system\CodeIgniter.php(306): CodeIgniter\CodeIgniter->handleRequest(NULL, Object(Config\Cache), false)
#5 C:\xampp\htdocs\warhammer\public\index.php(45): CodeIgniter\CodeIgniter->run()
#6 {main}
CRITICAL - 2020-06-15 10:52:40 --> Table 'warhammer.w_um_39' doesn't exist
#0 C:\xampp\htdocs\warhammer\vendor\codeigniter4\framework\system\Database\MySQLi\Connection.php(330): mysqli->query('SELECT *\nFROM `...')
#1 C:\xampp\htdocs\warhammer\vendor\codeigniter4\framework\system\Database\BaseConnection.php(738): CodeIgniter\Database\MySQLi\Connection->execute('SELECT *\nFROM `...')
#2 C:\xampp\htdocs\warhammer\vendor\codeigniter4\framework\system\Database\BaseConnection.php(666): CodeIgniter\Database\BaseConnection->simpleQuery('SELECT *\nFROM `...')
#3 C:\xampp\htdocs\warhammer\vendor\codeigniter4\framework\system\Database\BaseBuilder.php(1819): CodeIgniter\Database\BaseConnection->query('SELECT *\nFROM `...', Array, false)
#4 C:\xampp\htdocs\warhammer\app\Models\ChatsModel.php(107): CodeIgniter\Database\BaseBuilder->get()
#5 C:\xampp\htdocs\warhammer\app\Controllers\Chat.php(54): App\Models\ChatsModel->getAvaibleSorT('5,19,29,31,32,3...', 'umiejetnosci')
#6 C:\xampp\htdocs\warhammer\vendor\codeigniter4\framework\system\CodeIgniter.php(910): App\Controllers\Chat->index()
#7 C:\xampp\htdocs\warhammer\vendor\codeigniter4\framework\system\CodeIgniter.php(398): CodeIgniter\CodeIgniter->runController(Object(App\Controllers\Chat))
#8 C:\xampp\htdocs\warhammer\vendor\codeigniter4\framework\system\CodeIgniter.php(306): CodeIgniter\CodeIgniter->handleRequest(NULL, Object(Config\Cache), false)
#9 C:\xampp\htdocs\warhammer\public\index.php(45): CodeIgniter\CodeIgniter->run()
#10 {main}
CRITICAL - 2020-06-15 10:52:41 --> Table 'warhammer.w_um_39' doesn't exist
#0 C:\xampp\htdocs\warhammer\vendor\codeigniter4\framework\system\Database\MySQLi\Connection.php(330): mysqli->query('SELECT *\nFROM `...')
#1 C:\xampp\htdocs\warhammer\vendor\codeigniter4\framework\system\Database\BaseConnection.php(738): CodeIgniter\Database\MySQLi\Connection->execute('SELECT *\nFROM `...')
#2 C:\xampp\htdocs\warhammer\vendor\codeigniter4\framework\system\Database\BaseConnection.php(666): CodeIgniter\Database\BaseConnection->simpleQuery('SELECT *\nFROM `...')
#3 C:\xampp\htdocs\warhammer\vendor\codeigniter4\framework\system\Database\BaseBuilder.php(1819): CodeIgniter\Database\BaseConnection->query('SELECT *\nFROM `...', Array, false)
#4 C:\xampp\htdocs\warhammer\app\Models\ChatsModel.php(107): CodeIgniter\Database\BaseBuilder->get()
#5 C:\xampp\htdocs\warhammer\app\Controllers\Chat.php(54): App\Models\ChatsModel->getAvaibleSorT('5,19,29,31,32,3...', 'umiejetnosci')
#6 C:\xampp\htdocs\warhammer\vendor\codeigniter4\framework\system\CodeIgniter.php(910): App\Controllers\Chat->index()
#7 C:\xampp\htdocs\warhammer\vendor\codeigniter4\framework\system\CodeIgniter.php(398): CodeIgniter\CodeIgniter->runController(Object(App\Controllers\Chat))
#8 C:\xampp\htdocs\warhammer\vendor\codeigniter4\framework\system\CodeIgniter.php(306): CodeIgniter\CodeIgniter->handleRequest(NULL, Object(Config\Cache), false)
#9 C:\xampp\htdocs\warhammer\public\index.php(45): CodeIgniter\CodeIgniter->run()
#10 {main}
CRITICAL - 2020-06-15 10:53:14 --> A non-numeric value encountered
#0 C:\xampp\htdocs\warhammer\app\Models\ChatsModel.php(78): CodeIgniter\Debug\Exceptions->errorHandler(2, 'A non-numeric v...', 'C:\\xampp\\htdocs...', 78, Array)
#1 C:\xampp\htdocs\warhammer\app\Controllers\Chat.php(55): App\Models\ChatsModel->getAvaibleSorT('bijatyka, gro\xC5\xBA...', 'zdolnosci')
#2 C:\xampp\htdocs\warhammer\vendor\codeigniter4\framework\system\CodeIgniter.php(910): App\Controllers\Chat->index()
#3 C:\xampp\htdocs\warhammer\vendor\codeigniter4\framework\system\CodeIgniter.php(398): CodeIgniter\CodeIgniter->runController(Object(App\Controllers\Chat))
#4 C:\xampp\htdocs\warhammer\vendor\codeigniter4\framework\system\CodeIgniter.php(306): CodeIgniter\CodeIgniter->handleRequest(NULL, Object(Config\Cache), false)
#5 C:\xampp\htdocs\warhammer\public\index.php(45): CodeIgniter\CodeIgniter->run()
#6 {main}
CRITICAL - 2020-06-15 11:05:17 --> Undefined index: NAME
#0 C:\xampp\htdocs\warhammer\app\Views\chat.php(398): CodeIgniter\Debug\Exceptions->errorHandler(8, 'Undefined index...', 'C:\\xampp\\htdocs...', 398, Array)
#1 C:\xampp\htdocs\warhammer\vendor\codeigniter4\framework\system\View\View.php(236): include('C:\\xampp\\htdocs...')
#2 C:\xampp\htdocs\warhammer\vendor\codeigniter4\framework\system\Common.php(1071): CodeIgniter\View\View->render('chat', Array, true)
#3 C:\xampp\htdocs\warhammer\app\Controllers\Chat.php(76): view('chat', Array)
#4 C:\xampp\htdocs\warhammer\vendor\codeigniter4\framework\system\CodeIgniter.php(910): App\Controllers\Chat->index()
#5 C:\xampp\htdocs\warhammer\vendor\codeigniter4\framework\system\CodeIgniter.php(398): CodeIgniter\CodeIgniter->runController(Object(App\Controllers\Chat))
#6 C:\xampp\htdocs\warhammer\vendor\codeigniter4\framework\system\CodeIgniter.php(306): CodeIgniter\CodeIgniter->handleRequest(NULL, Object(Config\Cache), false)
#7 C:\xampp\htdocs\warhammer\public\index.php(45): CodeIgniter\CodeIgniter->run()
#8 {main}
CRITICAL - 2020-06-15 11:05:44 --> Undefined index: allMySkills
#0 C:\xampp\htdocs\warhammer\app\Controllers\Chat.php(66): CodeIgniter\Debug\Exceptions->errorHandler(8, 'Undefined index...', 'C:\\xampp\\htdocs...', 66, Array)
#1 C:\xampp\htdocs\warhammer\vendor\codeigniter4\framework\system\CodeIgniter.php(910): App\Controllers\Chat->index()
#2 C:\xampp\htdocs\warhammer\vendor\codeigniter4\framework\system\CodeIgniter.php(398): CodeIgniter\CodeIgniter->runController(Object(App\Controllers\Chat))
#3 C:\xampp\htdocs\warhammer\vendor\codeigniter4\framework\system\CodeIgniter.php(306): CodeIgniter\CodeIgniter->handleRequest(NULL, Object(Config\Cache), false)
#4 C:\xampp\htdocs\warhammer\public\index.php(45): CodeIgniter\CodeIgniter->run()
#5 {main}
CRITICAL - 2020-06-15 11:12:41 --> Undefined variable: skills
#0 C:\xampp\htdocs\warhammer\app\Controllers\Chat.php(69): CodeIgniter\Debug\Exceptions->errorHandler(8, 'Undefined varia...', 'C:\\xampp\\htdocs...', 69, Array)
#1 C:\xampp\htdocs\warhammer\vendor\codeigniter4\framework\system\CodeIgniter.php(910): App\Controllers\Chat->index()
#2 C:\xampp\htdocs\warhammer\vendor\codeigniter4\framework\system\CodeIgniter.php(398): CodeIgniter\CodeIgniter->runController(Object(App\Controllers\Chat))
#3 C:\xampp\htdocs\warhammer\vendor\codeigniter4\framework\system\CodeIgniter.php(306): CodeIgniter\CodeIgniter->handleRequest(NULL, Object(Config\Cache), false)
#4 C:\xampp\htdocs\warhammer\public\index.php(45): CodeIgniter\CodeIgniter->run()
#5 {main}
CRITICAL - 2020-06-15 11:33:59 --> Undefined offset: -1
#0 C:\xampp\htdocs\warhammer\app\Views\chat.php(201): CodeIgniter\Debug\Exceptions->errorHandler(8, 'Undefined offse...', 'C:\\xampp\\htdocs...', 201, Array)
#1 C:\xampp\htdocs\warhammer\vendor\codeigniter4\framework\system\View\View.php(236): include('C:\\xampp\\htdocs...')
#2 C:\xampp\htdocs\warhammer\vendor\codeigniter4\framework\system\Common.php(1071): CodeIgniter\View\View->render('chat', Array, true)
#3 C:\xampp\htdocs\warhammer\app\Controllers\Chat.php(75): view('chat', Array)
#4 C:\xampp\htdocs\warhammer\vendor\codeigniter4\framework\system\CodeIgniter.php(910): App\Controllers\Chat->index()
#5 C:\xampp\htdocs\warhammer\vendor\codeigniter4\framework\system\CodeIgniter.php(398): CodeIgniter\CodeIgniter->runController(Object(App\Controllers\Chat))
#6 C:\xampp\htdocs\warhammer\vendor\codeigniter4\framework\system\CodeIgniter.php(306): CodeIgniter\CodeIgniter->handleRequest(NULL, Object(Config\Cache), false)
#7 C:\xampp\htdocs\warhammer\public\index.php(45): CodeIgniter\CodeIgniter->run()
#8 {main}
CRITICAL - 2020-06-15 11:54:24 --> A non-numeric value encountered
#0 C:\xampp\htdocs\warhammer\app\Models\ChatsModel.php(78): CodeIgniter\Debug\Exceptions->errorHandler(2, 'A non-numeric v...', 'C:\\xampp\\htdocs...', 78, Array)
#1 C:\xampp\htdocs\warhammer\app\Controllers\Chat.php(55): App\Models\ChatsModel->getAvaibleSorT('bijatyka, gro\xC5\xBA...', 'zdolnosci')
#2 C:\xampp\htdocs\warhammer\vendor\codeigniter4\framework\system\CodeIgniter.php(910): App\Controllers\Chat->index()
#3 C:\xampp\htdocs\warhammer\vendor\codeigniter4\framework\system\CodeIgniter.php(398): CodeIgniter\CodeIgniter->runController(Object(App\Controllers\Chat))
#4 C:\xampp\htdocs\warhammer\vendor\codeigniter4\framework\system\CodeIgniter.php(306): CodeIgniter\CodeIgniter->handleRequest(NULL, Object(Config\Cache), false)
#5 C:\xampp\htdocs\warhammer\public\index.php(45): CodeIgniter\CodeIgniter->run()
#6 {main}
CRITICAL - 2020-06-15 11:54:51 --> A non-numeric value encountered
#0 C:\xampp\htdocs\warhammer\app\Models\ChatsModel.php(78): CodeIgniter\Debug\Exceptions->errorHandler(2, 'A non-numeric v...', 'C:\\xampp\\htdocs...', 78, Array)
#1 C:\xampp\htdocs\warhammer\app\Controllers\Chat.php(55): App\Models\ChatsModel->getAvaibleSorT('bijatyka, gro\xC5\xBA...', 'zdolnosci')
#2 C:\xampp\htdocs\warhammer\vendor\codeigniter4\framework\system\CodeIgniter.php(910): App\Controllers\Chat->index()
#3 C:\xampp\htdocs\warhammer\vendor\codeigniter4\framework\system\CodeIgniter.php(398): CodeIgniter\CodeIgniter->runController(Object(App\Controllers\Chat))
#4 C:\xampp\htdocs\warhammer\vendor\codeigniter4\framework\system\CodeIgniter.php(306): CodeIgniter\CodeIgniter->handleRequest(NULL, Object(Config\Cache), false)
#5 C:\xampp\htdocs\warhammer\public\index.php(45): CodeIgniter\CodeIgniter->run()
#6 {main}
CRITICAL - 2020-06-15 11:54:53 --> A non-numeric value encountered
#0 C:\xampp\htdocs\warhammer\app\Models\ChatsModel.php(78): CodeIgniter\Debug\Exceptions->errorHandler(2, 'A non-numeric v...', 'C:\\xampp\\htdocs...', 78, Array)
#1 C:\xampp\htdocs\warhammer\app\Controllers\Chat.php(55): App\Models\ChatsModel->getAvaibleSorT('bijatyka, gro\xC5\xBA...', 'zdolnosci')
#2 C:\xampp\htdocs\warhammer\vendor\codeigniter4\framework\system\CodeIgniter.php(910): App\Controllers\Chat->index()
#3 C:\xampp\htdocs\warhammer\vendor\codeigniter4\framework\system\CodeIgniter.php(398): CodeIgniter\CodeIgniter->runController(Object(App\Controllers\Chat))
#4 C:\xampp\htdocs\warhammer\vendor\codeigniter4\framework\system\CodeIgniter.php(306): CodeIgniter\CodeIgniter->handleRequest(NULL, Object(Config\Cache), false)
#5 C:\xampp\htdocs\warhammer\public\index.php(45): CodeIgniter\CodeIgniter->run()
#6 {main}
CRITICAL - 2020-06-15 11:55:02 --> A non-numeric value encountered
#0 C:\xampp\htdocs\warhammer\app\Models\ChatsModel.php(78): CodeIgniter\Debug\Exceptions->errorHandler(2, 'A non-numeric v...', 'C:\\xampp\\htdocs...', 78, Array)
#1 C:\xampp\htdocs\warhammer\app\Controllers\Chat.php(55): App\Models\ChatsModel->getAvaibleSorT('bijatyka, gro\xC5\xBA...', 'zdolnosci')
#2 C:\xampp\htdocs\warhammer\vendor\codeigniter4\framework\system\CodeIgniter.php(910): App\Controllers\Chat->index()
#3 C:\xampp\htdocs\warhammer\vendor\codeigniter4\framework\system\CodeIgniter.php(398): CodeIgniter\CodeIgniter->runController(Object(App\Controllers\Chat))
#4 C:\xampp\htdocs\warhammer\vendor\codeigniter4\framework\system\CodeIgniter.php(306): CodeIgniter\CodeIgniter->handleRequest(NULL, Object(Config\Cache), false)
#5 C:\xampp\htdocs\warhammer\public\index.php(45): CodeIgniter\CodeIgniter->run()
#6 {main}
CRITICAL - 2020-06-15 11:57:24 --> Array to string conversion
#0 C:\xampp\htdocs\warhammer\app\Models\ChatsModel.php(78): CodeIgniter\Debug\Exceptions->errorHandler(8, 'Array to string...', 'C:\\xampp\\htdocs...', 78, Array)
#1 C:\xampp\htdocs\warhammer\app\Controllers\Chat.php(54): App\Models\ChatsModel->getAvaibleSorT('5,19,29,31,32,3...', 'umiejetnosci')
#2 C:\xampp\htdocs\warhammer\vendor\codeigniter4\framework\system\CodeIgniter.php(910): App\Controllers\Chat->index()
#3 C:\xampp\htdocs\warhammer\vendor\codeigniter4\framework\system\CodeIgniter.php(398): CodeIgniter\CodeIgniter->runController(Object(App\Controllers\Chat))
#4 C:\xampp\htdocs\warhammer\vendor\codeigniter4\framework\system\CodeIgniter.php(306): CodeIgniter\CodeIgniter->handleRequest(NULL, Object(Config\Cache), false)
#5 C:\xampp\htdocs\warhammer\public\index.php(45): CodeIgniter\CodeIgniter->run()
#6 {main}
CRITICAL - 2020-06-15 11:57:46 --> You must set the database table to be used with your query.
#0 C:\xampp\htdocs\warhammer\vendor\codeigniter4\framework\system\Model.php(1190): CodeIgniter\Database\BaseConnection->table(NULL)
#1 C:\xampp\htdocs\warhammer\vendor\codeigniter4\framework\system\Model.php(1700): CodeIgniter\Model->builder()
#2 C:\xampp\htdocs\warhammer\app\Models\ChatsModel.php(78): CodeIgniter\Model->__call('printr', Array)
#3 C:\xampp\htdocs\warhammer\app\Controllers\Chat.php(54): App\Models\ChatsModel->getAvaibleSorT('5,19,29,31,32,3...', 'umiejetnosci')
#4 C:\xampp\htdocs\warhammer\vendor\codeigniter4\framework\system\CodeIgniter.php(910): App\Controllers\Chat->index()
#5 C:\xampp\htdocs\warhammer\vendor\codeigniter4\framework\system\CodeIgniter.php(398): CodeIgniter\CodeIgniter->runController(Object(App\Controllers\Chat))
#6 C:\xampp\htdocs\warhammer\vendor\codeigniter4\framework\system\CodeIgniter.php(306): CodeIgniter\CodeIgniter->handleRequest(NULL, Object(Config\Cache), false)
#7 C:\xampp\htdocs\warhammer\public\index.php(45): CodeIgniter\CodeIgniter->run()
#8 {main}
CRITICAL - 2020-06-15 11:59:09 --> A non-numeric value encountered
#0 C:\xampp\htdocs\warhammer\app\Models\ChatsModel.php(79): CodeIgniter\Debug\Exceptions->errorHandler(2, 'A non-numeric v...', 'C:\\xampp\\htdocs...', 79, Array)
#1 C:\xampp\htdocs\warhammer\app\Controllers\Chat.php(55): App\Models\ChatsModel->getAvaibleSorT('bijatyka, gro\xC5\xBA...', 'zdolnosci')
#2 C:\xampp\htdocs\warhammer\vendor\codeigniter4\framework\system\CodeIgniter.php(910): App\Controllers\Chat->index()
#3 C:\xampp\htdocs\warhammer\vendor\codeigniter4\framework\system\CodeIgniter.php(398): CodeIgniter\CodeIgniter->runController(Object(App\Controllers\Chat))
#4 C:\xampp\htdocs\warhammer\vendor\codeigniter4\framework\system\CodeIgniter.php(306): CodeIgniter\CodeIgniter->handleRequest(NULL, Object(Config\Cache), false)
#5 C:\xampp\htdocs\warhammer\public\index.php(45): CodeIgniter\CodeIgniter->run()
#6 {main}
CRITICAL - 2020-06-15 12:01:40 --> A non-numeric value encountered
#0 C:\xampp\htdocs\warhammer\app\Models\ChatsModel.php(79): CodeIgniter\Debug\Exceptions->errorHandler(2, 'A non-numeric v...', 'C:\\xampp\\htdocs...', 79, Array)
#1 C:\xampp\htdocs\warhammer\app\Controllers\Chat.php(55): App\Models\ChatsModel->getAvaibleSorT('artylerzysta,br...', 'zdolnosci')
#2 C:\xampp\htdocs\warhammer\vendor\codeigniter4\framework\system\CodeIgniter.php(910): App\Controllers\Chat->index()
#3 C:\xampp\htdocs\warhammer\vendor\codeigniter4\framework\system\CodeIgniter.php(398): CodeIgniter\CodeIgniter->runController(Object(App\Controllers\Chat))
#4 C:\xampp\htdocs\warhammer\vendor\codeigniter4\framework\system\CodeIgniter.php(306): CodeIgniter\CodeIgniter->handleRequest(NULL, Object(Config\Cache), false)
#5 C:\xampp\htdocs\warhammer\public\index.php(45): CodeIgniter\CodeIgniter->run()
#6 {main}
CRITICAL - 2020-06-15 12:03:20 --> A non-numeric value encountered
#0 C:\xampp\htdocs\warhammer\app\Models\ChatsModel.php(79): CodeIgniter\Debug\Exceptions->errorHandler(2, 'A non-numeric v...', 'C:\\xampp\\htdocs...', 79, Array)
#1 C:\xampp\htdocs\warhammer\app\Controllers\Chat.php(55): App\Models\ChatsModel->getAvaibleSorT('artylerzysta,br...', 'zdolnosci')
#2 C:\xampp\htdocs\warhammer\vendor\codeigniter4\framework\system\CodeIgniter.php(910): App\Controllers\Chat->index()
#3 C:\xampp\htdocs\warhammer\vendor\codeigniter4\framework\system\CodeIgniter.php(398): CodeIgniter\CodeIgniter->runController(Object(App\Controllers\Chat))
#4 C:\xampp\htdocs\warhammer\vendor\codeigniter4\framework\system\CodeIgniter.php(306): CodeIgniter\CodeIgniter->handleRequest(NULL, Object(Config\Cache), false)
#5 C:\xampp\htdocs\warhammer\public\index.php(45): CodeIgniter\CodeIgniter->run()
#6 {main}
CRITICAL - 2020-06-15 12:09:24 --> Table 'warhammer.w_um_bronspecjalna' doesn't exist
#0 C:\xampp\htdocs\warhammer\vendor\codeigniter4\framework\system\Database\MySQLi\Connection.php(330): mysqli->query('SELECT *\nFROM `...')
#1 C:\xampp\htdocs\warhammer\vendor\codeigniter4\framework\system\Database\BaseConnection.php(738): CodeIgniter\Database\MySQLi\Connection->execute('SELECT *\nFROM `...')
#2 C:\xampp\htdocs\warhammer\vendor\codeigniter4\framework\system\Database\BaseConnection.php(666): CodeIgniter\Database\BaseConnection->simpleQuery('SELECT *\nFROM `...')
#3 C:\xampp\htdocs\warhammer\vendor\codeigniter4\framework\system\Database\BaseBuilder.php(1819): CodeIgniter\Database\BaseConnection->query('SELECT *\nFROM `...', Array, false)
#4 C:\xampp\htdocs\warhammer\app\Models\ChatsModel.php(108): CodeIgniter\Database\BaseBuilder->get()
#5 C:\xampp\htdocs\warhammer\app\Controllers\Chat.php(55): App\Models\ChatsModel->getAvaibleSorT('1,9,11(12),11(6...', 'zdolnosci')
#6 C:\xampp\htdocs\warhammer\vendor\codeigniter4\framework\system\CodeIgniter.php(910): App\Controllers\Chat->index()
#7 C:\xampp\htdocs\warhammer\vendor\codeigniter4\framework\system\CodeIgniter.php(398): CodeIgniter\CodeIgniter->runController(Object(App\Controllers\Chat))
#8 C:\xampp\htdocs\warhammer\vendor\codeigniter4\framework\system\CodeIgniter.php(306): CodeIgniter\CodeIgniter->handleRequest(NULL, Object(Config\Cache), false)
#9 C:\xampp\htdocs\warhammer\public\index.php(45): CodeIgniter\CodeIgniter->run()
#10 {main}
CRITICAL - 2020-06-15 12:10:02 --> Table 'warhammer.w_um_bronspecjalna' doesn't exist
#0 C:\xampp\htdocs\warhammer\vendor\codeigniter4\framework\system\Database\MySQLi\Connection.php(330): mysqli->query('SELECT *\nFROM `...')
#1 C:\xampp\htdocs\warhammer\vendor\codeigniter4\framework\system\Database\BaseConnection.php(738): CodeIgniter\Database\MySQLi\Connection->execute('SELECT *\nFROM `...')
#2 C:\xampp\htdocs\warhammer\vendor\codeigniter4\framework\system\Database\BaseConnection.php(666): CodeIgniter\Database\BaseConnection->simpleQuery('SELECT *\nFROM `...')
#3 C:\xampp\htdocs\warhammer\vendor\codeigniter4\framework\system\Database\BaseBuilder.php(1819): CodeIgniter\Database\BaseConnection->query('SELECT *\nFROM `...', Array, false)
#4 C:\xampp\htdocs\warhammer\app\Models\ChatsModel.php(108): CodeIgniter\Database\BaseBuilder->get()
#5 C:\xampp\htdocs\warhammer\app\Controllers\Chat.php(55): App\Models\ChatsModel->getAvaibleSorT('1,9,11(12),11(6...', 'zdolnosci')
#6 C:\xampp\htdocs\warhammer\vendor\codeigniter4\framework\system\CodeIgniter.php(910): App\Controllers\Chat->index()
#7 C:\xampp\htdocs\warhammer\vendor\codeigniter4\framework\system\CodeIgniter.php(398): CodeIgniter\CodeIgniter->runController(Object(App\Controllers\Chat))
#8 C:\xampp\htdocs\warhammer\vendor\codeigniter4\framework\system\CodeIgniter.php(306): CodeIgniter\CodeIgniter->handleRequest(NULL, Object(Config\Cache), false)
#9 C:\xampp\htdocs\warhammer\public\index.php(45): CodeIgniter\CodeIgniter->run()
#10 {main}
CRITICAL - 2020-06-15 12:10:03 --> Table 'warhammer.w_um_bronspecjalna' doesn't exist
#0 C:\xampp\htdocs\warhammer\vendor\codeigniter4\framework\system\Database\MySQLi\Connection.php(330): mysqli->query('SELECT *\nFROM `...')
#1 C:\xampp\htdocs\warhammer\vendor\codeigniter4\framework\system\Database\BaseConnection.php(738): CodeIgniter\Database\MySQLi\Connection->execute('SELECT *\nFROM `...')
#2 C:\xampp\htdocs\warhammer\vendor\codeigniter4\framework\system\Database\BaseConnection.php(666): CodeIgniter\Database\BaseConnection->simpleQuery('SELECT *\nFROM `...')
#3 C:\xampp\htdocs\warhammer\vendor\codeigniter4\framework\system\Database\BaseBuilder.php(1819): CodeIgniter\Database\BaseConnection->query('SELECT *\nFROM `...', Array, false)
#4 C:\xampp\htdocs\warhammer\app\Models\ChatsModel.php(108): CodeIgniter\Database\BaseBuilder->get()
#5 C:\xampp\htdocs\warhammer\app\Controllers\Chat.php(55): App\Models\ChatsModel->getAvaibleSorT('1,9,11(12),11(6...', 'zdolnosci')
#6 C:\xampp\htdocs\warhammer\vendor\codeigniter4\framework\system\CodeIgniter.php(910): App\Controllers\Chat->index()
#7 C:\xampp\htdocs\warhammer\vendor\codeigniter4\framework\system\CodeIgniter.php(398): CodeIgniter\CodeIgniter->runController(Object(App\Controllers\Chat))
#8 C:\xampp\htdocs\warhammer\vendor\codeigniter4\framework\system\CodeIgniter.php(306): CodeIgniter\CodeIgniter->handleRequest(NULL, Object(Config\Cache), false)
#9 C:\xampp\htdocs\warhammer\public\index.php(45): CodeIgniter\CodeIgniter->run()
#10 {main}
CRITICAL - 2020-06-15 12:10:14 --> Table 'warhammer.w_um_bronspecjalna' doesn't exist
#0 C:\xampp\htdocs\warhammer\vendor\codeigniter4\framework\system\Database\MySQLi\Connection.php(330): mysqli->query('SELECT *\nFROM `...')
#1 C:\xampp\htdocs\warhammer\vendor\codeigniter4\framework\system\Database\BaseConnection.php(738): CodeIgniter\Database\MySQLi\Connection->execute('SELECT *\nFROM `...')
#2 C:\xampp\htdocs\warhammer\vendor\codeigniter4\framework\system\Database\BaseConnection.php(666): CodeIgniter\Database\BaseConnection->simpleQuery('SELECT *\nFROM `...')
#3 C:\xampp\htdocs\warhammer\vendor\codeigniter4\framework\system\Database\BaseBuilder.php(1819): CodeIgniter\Database\BaseConnection->query('SELECT *\nFROM `...', Array, false)
#4 C:\xampp\htdocs\warhammer\app\Models\ChatsModel.php(108): CodeIgniter\Database\BaseBuilder->get()
#5 C:\xampp\htdocs\warhammer\app\Controllers\Chat.php(55): App\Models\ChatsModel->getAvaibleSorT('1,9,11(12),11(6...', 'zdolnosci')
#6 C:\xampp\htdocs\warhammer\vendor\codeigniter4\framework\system\CodeIgniter.php(910): App\Controllers\Chat->index()
#7 C:\xampp\htdocs\warhammer\vendor\codeigniter4\framework\system\CodeIgniter.php(398): CodeIgniter\CodeIgniter->runController(Object(App\Controllers\Chat))
#8 C:\xampp\htdocs\warhammer\vendor\codeigniter4\framework\system\CodeIgniter.php(306): CodeIgniter\CodeIgniter->handleRequest(NULL, Object(Config\Cache), false)
#9 C:\xampp\htdocs\warhammer\public\index.php(45): CodeIgniter\CodeIgniter->run()
#10 {main}
CRITICAL - 2020-06-15 13:28:02 --> Too few arguments to function App\Models\ChatsModel::getSorTCurrent(), 1 passed in C:\xampp\htdocs\warhammer\app\Controllers\Chat.php on line 120 and exactly 2 expected
#0 C:\xampp\htdocs\warhammer\app\Controllers\Chat.php(120): App\Models\ChatsModel->getSorTCurrent('um')
#1 C:\xampp\htdocs\warhammer\vendor\codeigniter4\framework\system\CodeIgniter.php(910): App\Controllers\Chat->awans()
#2 C:\xampp\htdocs\warhammer\vendor\codeigniter4\framework\system\CodeIgniter.php(398): CodeIgniter\CodeIgniter->runController(Object(App\Controllers\Chat))
#3 C:\xampp\htdocs\warhammer\vendor\codeigniter4\framework\system\CodeIgniter.php(306): CodeIgniter\CodeIgniter->handleRequest(NULL, Object(Config\Cache), false)
#4 C:\xampp\htdocs\warhammer\public\index.php(45): CodeIgniter\CodeIgniter->run()
#5 {main}
CRITICAL - 2020-06-15 13:28:52 --> Too few arguments to function App\Models\ChatsModel::getSorTCurrent(), 1 passed in C:\xampp\htdocs\warhammer\app\Controllers\Chat.php on line 120 and exactly 2 expected
#0 C:\xampp\htdocs\warhammer\app\Controllers\Chat.php(120): App\Models\ChatsModel->getSorTCurrent('um')
#1 C:\xampp\htdocs\warhammer\vendor\codeigniter4\framework\system\CodeIgniter.php(910): App\Controllers\Chat->awans()
#2 C:\xampp\htdocs\warhammer\vendor\codeigniter4\framework\system\CodeIgniter.php(398): CodeIgniter\CodeIgniter->runController(Object(App\Controllers\Chat))
#3 C:\xampp\htdocs\warhammer\vendor\codeigniter4\framework\system\CodeIgniter.php(306): CodeIgniter\CodeIgniter->handleRequest(NULL, Object(Config\Cache), false)
#4 C:\xampp\htdocs\warhammer\public\index.php(45): CodeIgniter\CodeIgniter->run()
#5 {main}
CRITICAL - 2020-06-15 13:29:47 --> Too few arguments to function App\Models\ChatsModel::getSorTCurrent(), 1 passed in C:\xampp\htdocs\warhammer\app\Controllers\Chat.php on line 120 and exactly 2 expected
#0 C:\xampp\htdocs\warhammer\app\Controllers\Chat.php(120): App\Models\ChatsModel->getSorTCurrent('um')
#1 C:\xampp\htdocs\warhammer\vendor\codeigniter4\framework\system\CodeIgniter.php(910): App\Controllers\Chat->awans()
#2 C:\xampp\htdocs\warhammer\vendor\codeigniter4\framework\system\CodeIgniter.php(398): CodeIgniter\CodeIgniter->runController(Object(App\Controllers\Chat))
#3 C:\xampp\htdocs\warhammer\vendor\codeigniter4\framework\system\CodeIgniter.php(306): CodeIgniter\CodeIgniter->handleRequest(NULL, Object(Config\Cache), false)
#4 C:\xampp\htdocs\warhammer\public\index.php(45): CodeIgniter\CodeIgniter->run()
#5 {main}
CRITICAL - 2020-06-15 13:31:48 --> Too few arguments to function App\Models\ChatsModel::getSorTCurrent(), 1 passed in C:\xampp\htdocs\warhammer\app\Controllers\Chat.php on line 120 and exactly 2 expected
#0 C:\xampp\htdocs\warhammer\app\Controllers\Chat.php(120): App\Models\ChatsModel->getSorTCurrent('um')
#1 C:\xampp\htdocs\warhammer\vendor\codeigniter4\framework\system\CodeIgniter.php(910): App\Controllers\Chat->awans()
#2 C:\xampp\htdocs\warhammer\vendor\codeigniter4\framework\system\CodeIgniter.php(398): CodeIgniter\CodeIgniter->runController(Object(App\Controllers\Chat))
#3 C:\xampp\htdocs\warhammer\vendor\codeigniter4\framework\system\CodeIgniter.php(306): CodeIgniter\CodeIgniter->handleRequest(NULL, Object(Config\Cache), false)
#4 C:\xampp\htdocs\warhammer\public\index.php(45): CodeIgniter\CodeIgniter->run()
#5 {main}
CRITICAL - 2020-06-15 13:33:16 --> Too few arguments to function App\Models\ChatsModel::getSorTCurrent(), 1 passed in C:\xampp\htdocs\warhammer\app\Controllers\Chat.php on line 120 and exactly 2 expected
#0 C:\xampp\htdocs\warhammer\app\Controllers\Chat.php(120): App\Models\ChatsModel->getSorTCurrent('um')
#1 C:\xampp\htdocs\warhammer\vendor\codeigniter4\framework\system\CodeIgniter.php(910): App\Controllers\Chat->awans()
#2 C:\xampp\htdocs\warhammer\vendor\codeigniter4\framework\system\CodeIgniter.php(398): CodeIgniter\CodeIgniter->runController(Object(App\Controllers\Chat))
#3 C:\xampp\htdocs\warhammer\vendor\codeigniter4\framework\system\CodeIgniter.php(306): CodeIgniter\CodeIgniter->handleRequest(NULL, Object(Config\Cache), false)
#4 C:\xampp\htdocs\warhammer\public\index.php(45): CodeIgniter\CodeIgniter->run()
#5 {main}
CRITICAL - 2020-06-15 13:33:17 --> Too few arguments to function App\Models\ChatsModel::getSorTCurrent(), 1 passed in C:\xampp\htdocs\warhammer\app\Controllers\Chat.php on line 120 and exactly 2 expected
#0 C:\xampp\htdocs\warhammer\app\Controllers\Chat.php(120): App\Models\ChatsModel->getSorTCurrent('um')
#1 C:\xampp\htdocs\warhammer\vendor\codeigniter4\framework\system\CodeIgniter.php(910): App\Controllers\Chat->awans()
#2 C:\xampp\htdocs\warhammer\vendor\codeigniter4\framework\system\CodeIgniter.php(398): CodeIgniter\CodeIgniter->runController(Object(App\Controllers\Chat))
#3 C:\xampp\htdocs\warhammer\vendor\codeigniter4\framework\system\CodeIgniter.php(306): CodeIgniter\CodeIgniter->handleRequest(NULL, Object(Config\Cache), false)
#4 C:\xampp\htdocs\warhammer\public\index.php(45): CodeIgniter\CodeIgniter->run()
#5 {main}
CRITICAL - 2020-06-15 13:33:30 --> Too few arguments to function App\Models\ChatsModel::getSorTCurrent(), 1 passed in C:\xampp\htdocs\warhammer\app\Controllers\Chat.php on line 120 and exactly 2 expected
#0 C:\xampp\htdocs\warhammer\app\Controllers\Chat.php(120): App\Models\ChatsModel->getSorTCurrent('um')
#1 C:\xampp\htdocs\warhammer\vendor\codeigniter4\framework\system\CodeIgniter.php(910): App\Controllers\Chat->awans()
#2 C:\xampp\htdocs\warhammer\vendor\codeigniter4\framework\system\CodeIgniter.php(398): CodeIgniter\CodeIgniter->runController(Object(App\Controllers\Chat))
#3 C:\xampp\htdocs\warhammer\vendor\codeigniter4\framework\system\CodeIgniter.php(306): CodeIgniter\CodeIgniter->handleRequest(NULL, Object(Config\Cache), false)
#4 C:\xampp\htdocs\warhammer\public\index.php(45): CodeIgniter\CodeIgniter->run()
#5 {main}
CRITICAL - 2020-06-15 13:34:05 --> Too few arguments to function App\Models\ChatsModel::getSorTCurrent(), 1 passed in C:\xampp\htdocs\warhammer\app\Controllers\Chat.php on line 120 and exactly 2 expected
#0 C:\xampp\htdocs\warhammer\app\Controllers\Chat.php(120): App\Models\ChatsModel->getSorTCurrent('um')
#1 C:\xampp\htdocs\warhammer\vendor\codeigniter4\framework\system\CodeIgniter.php(910): App\Controllers\Chat->awans()
#2 C:\xampp\htdocs\warhammer\vendor\codeigniter4\framework\system\CodeIgniter.php(398): CodeIgniter\CodeIgniter->runController(Object(App\Controllers\Chat))
#3 C:\xampp\htdocs\warhammer\vendor\codeigniter4\framework\system\CodeIgniter.php(306): CodeIgniter\CodeIgniter->handleRequest(NULL, Object(Config\Cache), false)
#4 C:\xampp\htdocs\warhammer\public\index.php(45): CodeIgniter\CodeIgniter->run()
#5 {main}
CRITICAL - 2020-06-15 13:34:13 --> Too few arguments to function App\Models\ChatsModel::getSorTCurrent(), 1 passed in C:\xampp\htdocs\warhammer\app\Controllers\Chat.php on line 120 and exactly 2 expected
#0 C:\xampp\htdocs\warhammer\app\Controllers\Chat.php(120): App\Models\ChatsModel->getSorTCurrent('um')
#1 C:\xampp\htdocs\warhammer\vendor\codeigniter4\framework\system\CodeIgniter.php(910): App\Controllers\Chat->awans()
#2 C:\xampp\htdocs\warhammer\vendor\codeigniter4\framework\system\CodeIgniter.php(398): CodeIgniter\CodeIgniter->runController(Object(App\Controllers\Chat))
#3 C:\xampp\htdocs\warhammer\vendor\codeigniter4\framework\system\CodeIgniter.php(306): CodeIgniter\CodeIgniter->handleRequest(NULL, Object(Config\Cache), false)
#4 C:\xampp\htdocs\warhammer\public\index.php(45): CodeIgniter\CodeIgniter->run()
#5 {main}
CRITICAL - 2020-06-15 13:35:09 --> Too few arguments to function App\Models\ChatsModel::getSorTCurrent(), 1 passed in C:\xampp\htdocs\warhammer\app\Controllers\Chat.php on line 120 and exactly 2 expected
#0 C:\xampp\htdocs\warhammer\app\Controllers\Chat.php(120): App\Models\ChatsModel->getSorTCurrent('um')
#1 C:\xampp\htdocs\warhammer\vendor\codeigniter4\framework\system\CodeIgniter.php(910): App\Controllers\Chat->awans()
#2 C:\xampp\htdocs\warhammer\vendor\codeigniter4\framework\system\CodeIgniter.php(398): CodeIgniter\CodeIgniter->runController(Object(App\Controllers\Chat))
#3 C:\xampp\htdocs\warhammer\vendor\codeigniter4\framework\system\CodeIgniter.php(306): CodeIgniter\CodeIgniter->handleRequest(NULL, Object(Config\Cache), false)
#4 C:\xampp\htdocs\warhammer\public\index.php(45): CodeIgniter\CodeIgniter->run()
#5 {main}
CRITICAL - 2020-06-15 13:35:25 --> Too few arguments to function App\Models\ChatsModel::getSorTCurrent(), 1 passed in C:\xampp\htdocs\warhammer\app\Controllers\Chat.php on line 120 and exactly 2 expected
#0 C:\xampp\htdocs\warhammer\app\Controllers\Chat.php(120): App\Models\ChatsModel->getSorTCurrent('um')
#1 C:\xampp\htdocs\warhammer\vendor\codeigniter4\framework\system\CodeIgniter.php(910): App\Controllers\Chat->awans()
#2 C:\xampp\htdocs\warhammer\vendor\codeigniter4\framework\system\CodeIgniter.php(398): CodeIgniter\CodeIgniter->runController(Object(App\Controllers\Chat))
#3 C:\xampp\htdocs\warhammer\vendor\codeigniter4\framework\system\CodeIgniter.php(306): CodeIgniter\CodeIgniter->handleRequest(NULL, Object(Config\Cache), false)
#4 C:\xampp\htdocs\warhammer\public\index.php(45): CodeIgniter\CodeIgniter->run()
#5 {main}
CRITICAL - 2020-06-15 13:35:37 --> Too few arguments to function App\Models\ChatsModel::getSorTCurrent(), 1 passed in C:\xampp\htdocs\warhammer\app\Controllers\Chat.php on line 120 and exactly 2 expected
#0 C:\xampp\htdocs\warhammer\app\Controllers\Chat.php(120): App\Models\ChatsModel->getSorTCurrent('um')
#1 C:\xampp\htdocs\warhammer\vendor\codeigniter4\framework\system\CodeIgniter.php(910): App\Controllers\Chat->awans()
#2 C:\xampp\htdocs\warhammer\vendor\codeigniter4\framework\system\CodeIgniter.php(398): CodeIgniter\CodeIgniter->runController(Object(App\Controllers\Chat))
#3 C:\xampp\htdocs\warhammer\vendor\codeigniter4\framework\system\CodeIgniter.php(306): CodeIgniter\CodeIgniter->handleRequest(NULL, Object(Config\Cache), false)
#4 C:\xampp\htdocs\warhammer\public\index.php(45): CodeIgniter\CodeIgniter->run()
#5 {main}
CRITICAL - 2020-06-15 13:35:39 --> Too few arguments to function App\Models\ChatsModel::getSorTCurrent(), 1 passed in C:\xampp\htdocs\warhammer\app\Controllers\Chat.php on line 120 and exactly 2 expected
#0 C:\xampp\htdocs\warhammer\app\Controllers\Chat.php(120): App\Models\ChatsModel->getSorTCurrent('um')
#1 C:\xampp\htdocs\warhammer\vendor\codeigniter4\framework\system\CodeIgniter.php(910): App\Controllers\Chat->awans()
#2 C:\xampp\htdocs\warhammer\vendor\codeigniter4\framework\system\CodeIgniter.php(398): CodeIgniter\CodeIgniter->runController(Object(App\Controllers\Chat))
#3 C:\xampp\htdocs\warhammer\vendor\codeigniter4\framework\system\CodeIgniter.php(306): CodeIgniter\CodeIgniter->handleRequest(NULL, Object(Config\Cache), false)
#4 C:\xampp\htdocs\warhammer\public\index.php(45): CodeIgniter\CodeIgniter->run()
#5 {main}
CRITICAL - 2020-06-15 13:35:54 --> Too few arguments to function App\Models\ChatsModel::getSorTCurrent(), 1 passed in C:\xampp\htdocs\warhammer\app\Controllers\Chat.php on line 120 and exactly 2 expected
#0 C:\xampp\htdocs\warhammer\app\Controllers\Chat.php(120): App\Models\ChatsModel->getSorTCurrent('um')
#1 C:\xampp\htdocs\warhammer\vendor\codeigniter4\framework\system\CodeIgniter.php(910): App\Controllers\Chat->awans()
#2 C:\xampp\htdocs\warhammer\vendor\codeigniter4\framework\system\CodeIgniter.php(398): CodeIgniter\CodeIgniter->runController(Object(App\Controllers\Chat))
#3 C:\xampp\htdocs\warhammer\vendor\codeigniter4\framework\system\CodeIgniter.php(306): CodeIgniter\CodeIgniter->handleRequest(NULL, Object(Config\Cache), false)
#4 C:\xampp\htdocs\warhammer\public\index.php(45): CodeIgniter\CodeIgniter->run()
#5 {main}
CRITICAL - 2020-06-15 13:35:55 --> Too few arguments to function App\Models\ChatsModel::getSorTCurrent(), 1 passed in C:\xampp\htdocs\warhammer\app\Controllers\Chat.php on line 120 and exactly 2 expected
#0 C:\xampp\htdocs\warhammer\app\Controllers\Chat.php(120): App\Models\ChatsModel->getSorTCurrent('um')
#1 C:\xampp\htdocs\warhammer\vendor\codeigniter4\framework\system\CodeIgniter.php(910): App\Controllers\Chat->awans()
#2 C:\xampp\htdocs\warhammer\vendor\codeigniter4\framework\system\CodeIgniter.php(398): CodeIgniter\CodeIgniter->runController(Object(App\Controllers\Chat))
#3 C:\xampp\htdocs\warhammer\vendor\codeigniter4\framework\system\CodeIgniter.php(306): CodeIgniter\CodeIgniter->handleRequest(NULL, Object(Config\Cache), false)
#4 C:\xampp\htdocs\warhammer\public\index.php(45): CodeIgniter\CodeIgniter->run()
#5 {main}
