CRITICAL - 2020-10-19 15:03:19 --> Undefined variable: outputTbl
#0 C:\xampp\htdocs\warhammer\app\Models\ChatsModel.php(376): CodeIgniter\Debug\Exceptions->errorHandler(8, 'Undefined varia...', 'C:\\xampp\\htdocs...', 376, Array)
#1 C:\xampp\htdocs\warhammer\app\Controllers\Chat.php(335): App\Models\ChatsModel->getInvBG()
#2 C:\xampp\htdocs\warhammer\vendor\codeigniter4\framework\system\CodeIgniter.php(918): App\Controllers\Chat->inventory()
#3 C:\xampp\htdocs\warhammer\vendor\codeigniter4\framework\system\CodeIgniter.php(404): CodeIgniter\CodeIgniter->runController(Object(App\Controllers\Chat))
#4 C:\xampp\htdocs\warhammer\vendor\codeigniter4\framework\system\CodeIgniter.php(312): CodeIgniter\CodeIgniter->handleRequest(NULL, Object(Config\Cache), false)
#5 C:\xampp\htdocs\warhammer\public\index.php(45): CodeIgniter\CodeIgniter->run()
#6 {main}
CRITICAL - 2020-10-19 15:03:19 --> Undefined variable: outputTbl
#0 C:\xampp\htdocs\warhammer\app\Models\ChatsModel.php(376): CodeIgniter\Debug\Exceptions->errorHandler(8, 'Undefined varia...', 'C:\\xampp\\htdocs...', 376, Array)
#1 C:\xampp\htdocs\warhammer\app\Controllers\Chat.php(335): App\Models\ChatsModel->getInvBG()
#2 C:\xampp\htdocs\warhammer\vendor\codeigniter4\framework\system\CodeIgniter.php(918): App\Controllers\Chat->inventory()
#3 C:\xampp\htdocs\warhammer\vendor\codeigniter4\framework\system\CodeIgniter.php(404): CodeIgniter\CodeIgniter->runController(Object(App\Controllers\Chat))
#4 C:\xampp\htdocs\warhammer\vendor\codeigniter4\framework\system\CodeIgniter.php(312): CodeIgniter\CodeIgniter->handleRequest(NULL, Object(Config\Cache), false)
#5 C:\xampp\htdocs\warhammer\public\index.php(45): CodeIgniter\CodeIgniter->run()
#6 {main}
CRITICAL - 2020-10-19 15:03:19 --> Undefined variable: outputTbl
#0 C:\xampp\htdocs\warhammer\app\Models\ChatsModel.php(376): CodeIgniter\Debug\Exceptions->errorHandler(8, 'Undefined varia...', 'C:\\xampp\\htdocs...', 376, Array)
#1 C:\xampp\htdocs\warhammer\app\Controllers\Chat.php(335): App\Models\ChatsModel->getInvBG()
#2 C:\xampp\htdocs\warhammer\vendor\codeigniter4\framework\system\CodeIgniter.php(918): App\Controllers\Chat->inventory()
#3 C:\xampp\htdocs\warhammer\vendor\codeigniter4\framework\system\CodeIgniter.php(404): CodeIgniter\CodeIgniter->runController(Object(App\Controllers\Chat))
#4 C:\xampp\htdocs\warhammer\vendor\codeigniter4\framework\system\CodeIgniter.php(312): CodeIgniter\CodeIgniter->handleRequest(NULL, Object(Config\Cache), false)
#5 C:\xampp\htdocs\warhammer\public\index.php(45): CodeIgniter\CodeIgniter->run()
#6 {main}
CRITICAL - 2020-10-19 15:03:19 --> Undefined variable: outputTbl
#0 C:\xampp\htdocs\warhammer\app\Models\ChatsModel.php(376): CodeIgniter\Debug\Exceptions->errorHandler(8, 'Undefined varia...', 'C:\\xampp\\htdocs...', 376, Array)
#1 C:\xampp\htdocs\warhammer\app\Controllers\Chat.php(335): App\Models\ChatsModel->getInvBG()
#2 C:\xampp\htdocs\warhammer\vendor\codeigniter4\framework\system\CodeIgniter.php(918): App\Controllers\Chat->inventory()
#3 C:\xampp\htdocs\warhammer\vendor\codeigniter4\framework\system\CodeIgniter.php(404): CodeIgniter\CodeIgniter->runController(Object(App\Controllers\Chat))
#4 C:\xampp\htdocs\warhammer\vendor\codeigniter4\framework\system\CodeIgniter.php(312): CodeIgniter\CodeIgniter->handleRequest(NULL, Object(Config\Cache), false)
#5 C:\xampp\htdocs\warhammer\public\index.php(45): CodeIgniter\CodeIgniter->run()
#6 {main}
CRITICAL - 2020-10-19 15:03:19 --> Undefined variable: outputTbl
#0 C:\xampp\htdocs\warhammer\app\Models\ChatsModel.php(376): CodeIgniter\Debug\Exceptions->errorHandler(8, 'Undefined varia...', 'C:\\xampp\\htdocs...', 376, Array)
#1 C:\xampp\htdocs\warhammer\app\Controllers\Chat.php(335): App\Models\ChatsModel->getInvBG()
#2 C:\xampp\htdocs\warhammer\vendor\codeigniter4\framework\system\CodeIgniter.php(918): App\Controllers\Chat->inventory()
#3 C:\xampp\htdocs\warhammer\vendor\codeigniter4\framework\system\CodeIgniter.php(404): CodeIgniter\CodeIgniter->runController(Object(App\Controllers\Chat))
#4 C:\xampp\htdocs\warhammer\vendor\codeigniter4\framework\system\CodeIgniter.php(312): CodeIgniter\CodeIgniter->handleRequest(NULL, Object(Config\Cache), false)
#5 C:\xampp\htdocs\warhammer\public\index.php(45): CodeIgniter\CodeIgniter->run()
#6 {main}
CRITICAL - 2020-10-19 15:03:19 --> Undefined variable: outputTbl
#0 C:\xampp\htdocs\warhammer\app\Models\ChatsModel.php(376): CodeIgniter\Debug\Exceptions->errorHandler(8, 'Undefined varia...', 'C:\\xampp\\htdocs...', 376, Array)
#1 C:\xampp\htdocs\warhammer\app\Controllers\Chat.php(335): App\Models\ChatsModel->getInvBG()
#2 C:\xampp\htdocs\warhammer\vendor\codeigniter4\framework\system\CodeIgniter.php(918): App\Controllers\Chat->inventory()
#3 C:\xampp\htdocs\warhammer\vendor\codeigniter4\framework\system\CodeIgniter.php(404): CodeIgniter\CodeIgniter->runController(Object(App\Controllers\Chat))
#4 C:\xampp\htdocs\warhammer\vendor\codeigniter4\framework\system\CodeIgniter.php(312): CodeIgniter\CodeIgniter->handleRequest(NULL, Object(Config\Cache), false)
#5 C:\xampp\htdocs\warhammer\public\index.php(45): CodeIgniter\CodeIgniter->run()
#6 {main}
CRITICAL - 2020-10-19 15:03:19 --> Undefined variable: outputTbl
#0 C:\xampp\htdocs\warhammer\app\Models\ChatsModel.php(376): CodeIgniter\Debug\Exceptions->errorHandler(8, 'Undefined varia...', 'C:\\xampp\\htdocs...', 376, Array)
#1 C:\xampp\htdocs\warhammer\app\Controllers\Chat.php(335): App\Models\ChatsModel->getInvBG()
#2 C:\xampp\htdocs\warhammer\vendor\codeigniter4\framework\system\CodeIgniter.php(918): App\Controllers\Chat->inventory()
#3 C:\xampp\htdocs\warhammer\vendor\codeigniter4\framework\system\CodeIgniter.php(404): CodeIgniter\CodeIgniter->runController(Object(App\Controllers\Chat))
#4 C:\xampp\htdocs\warhammer\vendor\codeigniter4\framework\system\CodeIgniter.php(312): CodeIgniter\CodeIgniter->handleRequest(NULL, Object(Config\Cache), false)
#5 C:\xampp\htdocs\warhammer\public\index.php(45): CodeIgniter\CodeIgniter->run()
#6 {main}
CRITICAL - 2020-10-19 15:03:19 --> Undefined variable: outputTbl
#0 C:\xampp\htdocs\warhammer\app\Models\ChatsModel.php(376): CodeIgniter\Debug\Exceptions->errorHandler(8, 'Undefined varia...', 'C:\\xampp\\htdocs...', 376, Array)
#1 C:\xampp\htdocs\warhammer\app\Controllers\Chat.php(335): App\Models\ChatsModel->getInvBG()
#2 C:\xampp\htdocs\warhammer\vendor\codeigniter4\framework\system\CodeIgniter.php(918): App\Controllers\Chat->inventory()
#3 C:\xampp\htdocs\warhammer\vendor\codeigniter4\framework\system\CodeIgniter.php(404): CodeIgniter\CodeIgniter->runController(Object(App\Controllers\Chat))
#4 C:\xampp\htdocs\warhammer\vendor\codeigniter4\framework\system\CodeIgniter.php(312): CodeIgniter\CodeIgniter->handleRequest(NULL, Object(Config\Cache), false)
#5 C:\xampp\htdocs\warhammer\public\index.php(45): CodeIgniter\CodeIgniter->run()
#6 {main}
CRITICAL - 2020-10-19 15:03:19 --> Undefined variable: outputTbl
#0 C:\xampp\htdocs\warhammer\app\Models\ChatsModel.php(376): CodeIgniter\Debug\Exceptions->errorHandler(8, 'Undefined varia...', 'C:\\xampp\\htdocs...', 376, Array)
#1 C:\xampp\htdocs\warhammer\app\Controllers\Chat.php(335): App\Models\ChatsModel->getInvBG()
#2 C:\xampp\htdocs\warhammer\vendor\codeigniter4\framework\system\CodeIgniter.php(918): App\Controllers\Chat->inventory()
#3 C:\xampp\htdocs\warhammer\vendor\codeigniter4\framework\system\CodeIgniter.php(404): CodeIgniter\CodeIgniter->runController(Object(App\Controllers\Chat))
#4 C:\xampp\htdocs\warhammer\vendor\codeigniter4\framework\system\CodeIgniter.php(312): CodeIgniter\CodeIgniter->handleRequest(NULL, Object(Config\Cache), false)
#5 C:\xampp\htdocs\warhammer\public\index.php(45): CodeIgniter\CodeIgniter->run()
#6 {main}
CRITICAL - 2020-10-19 15:03:19 --> Undefined variable: outputTbl
#0 C:\xampp\htdocs\warhammer\app\Models\ChatsModel.php(376): CodeIgniter\Debug\Exceptions->errorHandler(8, 'Undefined varia...', 'C:\\xampp\\htdocs...', 376, Array)
#1 C:\xampp\htdocs\warhammer\app\Controllers\Chat.php(335): App\Models\ChatsModel->getInvBG()
#2 C:\xampp\htdocs\warhammer\vendor\codeigniter4\framework\system\CodeIgniter.php(918): App\Controllers\Chat->inventory()
#3 C:\xampp\htdocs\warhammer\vendor\codeigniter4\framework\system\CodeIgniter.php(404): CodeIgniter\CodeIgniter->runController(Object(App\Controllers\Chat))
#4 C:\xampp\htdocs\warhammer\vendor\codeigniter4\framework\system\CodeIgniter.php(312): CodeIgniter\CodeIgniter->handleRequest(NULL, Object(Config\Cache), false)
#5 C:\xampp\htdocs\warhammer\public\index.php(45): CodeIgniter\CodeIgniter->run()
#6 {main}
CRITICAL - 2020-10-19 15:03:19 --> Undefined variable: outputTbl
#0 C:\xampp\htdocs\warhammer\app\Models\ChatsModel.php(376): CodeIgniter\Debug\Exceptions->errorHandler(8, 'Undefined varia...', 'C:\\xampp\\htdocs...', 376, Array)
#1 C:\xampp\htdocs\warhammer\app\Controllers\Chat.php(335): App\Models\ChatsModel->getInvBG()
#2 C:\xampp\htdocs\warhammer\vendor\codeigniter4\framework\system\CodeIgniter.php(918): App\Controllers\Chat->inventory()
#3 C:\xampp\htdocs\warhammer\vendor\codeigniter4\framework\system\CodeIgniter.php(404): CodeIgniter\CodeIgniter->runController(Object(App\Controllers\Chat))
#4 C:\xampp\htdocs\warhammer\vendor\codeigniter4\framework\system\CodeIgniter.php(312): CodeIgniter\CodeIgniter->handleRequest(NULL, Object(Config\Cache), false)
#5 C:\xampp\htdocs\warhammer\public\index.php(45): CodeIgniter\CodeIgniter->run()
#6 {main}
CRITICAL - 2020-10-19 15:03:19 --> Undefined variable: outputTbl
#0 C:\xampp\htdocs\warhammer\app\Models\ChatsModel.php(376): CodeIgniter\Debug\Exceptions->errorHandler(8, 'Undefined varia...', 'C:\\xampp\\htdocs...', 376, Array)
#1 C:\xampp\htdocs\warhammer\app\Controllers\Chat.php(335): App\Models\ChatsModel->getInvBG()
#2 C:\xampp\htdocs\warhammer\vendor\codeigniter4\framework\system\CodeIgniter.php(918): App\Controllers\Chat->inventory()
#3 C:\xampp\htdocs\warhammer\vendor\codeigniter4\framework\system\CodeIgniter.php(404): CodeIgniter\CodeIgniter->runController(Object(App\Controllers\Chat))
#4 C:\xampp\htdocs\warhammer\vendor\codeigniter4\framework\system\CodeIgniter.php(312): CodeIgniter\CodeIgniter->handleRequest(NULL, Object(Config\Cache), false)
#5 C:\xampp\htdocs\warhammer\public\index.php(45): CodeIgniter\CodeIgniter->run()
#6 {main}
CRITICAL - 2020-10-19 18:32:27 --> Undefined variable: outputTbl
#0 C:\xampp\htdocs\warhammer\app\Models\ChatsModel.php(376): CodeIgniter\Debug\Exceptions->errorHandler(8, 'Undefined varia...', 'C:\\xampp\\htdocs...', 376, Array)
#1 C:\xampp\htdocs\warhammer\app\Controllers\Chat.php(335): App\Models\ChatsModel->getInvBG()
#2 C:\xampp\htdocs\warhammer\vendor\codeigniter4\framework\system\CodeIgniter.php(918): App\Controllers\Chat->inventory()
#3 C:\xampp\htdocs\warhammer\vendor\codeigniter4\framework\system\CodeIgniter.php(404): CodeIgniter\CodeIgniter->runController(Object(App\Controllers\Chat))
#4 C:\xampp\htdocs\warhammer\vendor\codeigniter4\framework\system\CodeIgniter.php(312): CodeIgniter\CodeIgniter->handleRequest(NULL, Object(Config\Cache), false)
#5 C:\xampp\htdocs\warhammer\public\index.php(45): CodeIgniter\CodeIgniter->run()
#6 {main}
CRITICAL - 2020-10-19 18:32:27 --> Undefined variable: outputTbl
#0 C:\xampp\htdocs\warhammer\app\Models\ChatsModel.php(376): CodeIgniter\Debug\Exceptions->errorHandler(8, 'Undefined varia...', 'C:\\xampp\\htdocs...', 376, Array)
#1 C:\xampp\htdocs\warhammer\app\Controllers\Chat.php(335): App\Models\ChatsModel->getInvBG()
#2 C:\xampp\htdocs\warhammer\vendor\codeigniter4\framework\system\CodeIgniter.php(918): App\Controllers\Chat->inventory()
#3 C:\xampp\htdocs\warhammer\vendor\codeigniter4\framework\system\CodeIgniter.php(404): CodeIgniter\CodeIgniter->runController(Object(App\Controllers\Chat))
#4 C:\xampp\htdocs\warhammer\vendor\codeigniter4\framework\system\CodeIgniter.php(312): CodeIgniter\CodeIgniter->handleRequest(NULL, Object(Config\Cache), false)
#5 C:\xampp\htdocs\warhammer\public\index.php(45): CodeIgniter\CodeIgniter->run()
#6 {main}
CRITICAL - 2020-10-19 18:32:27 --> Undefined variable: outputTbl
#0 C:\xampp\htdocs\warhammer\app\Models\ChatsModel.php(376): CodeIgniter\Debug\Exceptions->errorHandler(8, 'Undefined varia...', 'C:\\xampp\\htdocs...', 376, Array)
#1 C:\xampp\htdocs\warhammer\app\Controllers\Chat.php(335): App\Models\ChatsModel->getInvBG()
#2 C:\xampp\htdocs\warhammer\vendor\codeigniter4\framework\system\CodeIgniter.php(918): App\Controllers\Chat->inventory()
#3 C:\xampp\htdocs\warhammer\vendor\codeigniter4\framework\system\CodeIgniter.php(404): CodeIgniter\CodeIgniter->runController(Object(App\Controllers\Chat))
#4 C:\xampp\htdocs\warhammer\vendor\codeigniter4\framework\system\CodeIgniter.php(312): CodeIgniter\CodeIgniter->handleRequest(NULL, Object(Config\Cache), false)
#5 C:\xampp\htdocs\warhammer\public\index.php(45): CodeIgniter\CodeIgniter->run()
#6 {main}
CRITICAL - 2020-10-19 18:32:27 --> Undefined variable: outputTbl
#0 C:\xampp\htdocs\warhammer\app\Models\ChatsModel.php(376): CodeIgniter\Debug\Exceptions->errorHandler(8, 'Undefined varia...', 'C:\\xampp\\htdocs...', 376, Array)
#1 C:\xampp\htdocs\warhammer\app\Controllers\Chat.php(335): App\Models\ChatsModel->getInvBG()
#2 C:\xampp\htdocs\warhammer\vendor\codeigniter4\framework\system\CodeIgniter.php(918): App\Controllers\Chat->inventory()
#3 C:\xampp\htdocs\warhammer\vendor\codeigniter4\framework\system\CodeIgniter.php(404): CodeIgniter\CodeIgniter->runController(Object(App\Controllers\Chat))
#4 C:\xampp\htdocs\warhammer\vendor\codeigniter4\framework\system\CodeIgniter.php(312): CodeIgniter\CodeIgniter->handleRequest(NULL, Object(Config\Cache), false)
#5 C:\xampp\htdocs\warhammer\public\index.php(45): CodeIgniter\CodeIgniter->run()
#6 {main}
CRITICAL - 2020-10-19 18:32:27 --> Undefined variable: outputTbl
#0 C:\xampp\htdocs\warhammer\app\Models\ChatsModel.php(376): CodeIgniter\Debug\Exceptions->errorHandler(8, 'Undefined varia...', 'C:\\xampp\\htdocs...', 376, Array)
#1 C:\xampp\htdocs\warhammer\app\Controllers\Chat.php(335): App\Models\ChatsModel->getInvBG()
#2 C:\xampp\htdocs\warhammer\vendor\codeigniter4\framework\system\CodeIgniter.php(918): App\Controllers\Chat->inventory()
#3 C:\xampp\htdocs\warhammer\vendor\codeigniter4\framework\system\CodeIgniter.php(404): CodeIgniter\CodeIgniter->runController(Object(App\Controllers\Chat))
#4 C:\xampp\htdocs\warhammer\vendor\codeigniter4\framework\system\CodeIgniter.php(312): CodeIgniter\CodeIgniter->handleRequest(NULL, Object(Config\Cache), false)
#5 C:\xampp\htdocs\warhammer\public\index.php(45): CodeIgniter\CodeIgniter->run()
#6 {main}
CRITICAL - 2020-10-19 18:32:27 --> Undefined variable: outputTbl
#0 C:\xampp\htdocs\warhammer\app\Models\ChatsModel.php(376): CodeIgniter\Debug\Exceptions->errorHandler(8, 'Undefined varia...', 'C:\\xampp\\htdocs...', 376, Array)
#1 C:\xampp\htdocs\warhammer\app\Controllers\Chat.php(335): App\Models\ChatsModel->getInvBG()
#2 C:\xampp\htdocs\warhammer\vendor\codeigniter4\framework\system\CodeIgniter.php(918): App\Controllers\Chat->inventory()
#3 C:\xampp\htdocs\warhammer\vendor\codeigniter4\framework\system\CodeIgniter.php(404): CodeIgniter\CodeIgniter->runController(Object(App\Controllers\Chat))
#4 C:\xampp\htdocs\warhammer\vendor\codeigniter4\framework\system\CodeIgniter.php(312): CodeIgniter\CodeIgniter->handleRequest(NULL, Object(Config\Cache), false)
#5 C:\xampp\htdocs\warhammer\public\index.php(45): CodeIgniter\CodeIgniter->run()
#6 {main}
CRITICAL - 2020-10-19 18:44:50 --> Undefined variable: outputTbl
#0 C:\xampp\htdocs\warhammer\app\Models\ChatsModel.php(376): CodeIgniter\Debug\Exceptions->errorHandler(8, 'Undefined varia...', 'C:\\xampp\\htdocs...', 376, Array)
#1 C:\xampp\htdocs\warhammer\app\Controllers\Chat.php(335): App\Models\ChatsModel->getInvBG()
#2 C:\xampp\htdocs\warhammer\vendor\codeigniter4\framework\system\CodeIgniter.php(918): App\Controllers\Chat->inventory()
#3 C:\xampp\htdocs\warhammer\vendor\codeigniter4\framework\system\CodeIgniter.php(404): CodeIgniter\CodeIgniter->runController(Object(App\Controllers\Chat))
#4 C:\xampp\htdocs\warhammer\vendor\codeigniter4\framework\system\CodeIgniter.php(312): CodeIgniter\CodeIgniter->handleRequest(NULL, Object(Config\Cache), false)
#5 C:\xampp\htdocs\warhammer\public\index.php(45): CodeIgniter\CodeIgniter->run()
#6 {main}
CRITICAL - 2020-10-19 18:44:50 --> Undefined variable: outputTbl
#0 C:\xampp\htdocs\warhammer\app\Models\ChatsModel.php(376): CodeIgniter\Debug\Exceptions->errorHandler(8, 'Undefined varia...', 'C:\\xampp\\htdocs...', 376, Array)
#1 C:\xampp\htdocs\warhammer\app\Controllers\Chat.php(335): App\Models\ChatsModel->getInvBG()
#2 C:\xampp\htdocs\warhammer\vendor\codeigniter4\framework\system\CodeIgniter.php(918): App\Controllers\Chat->inventory()
#3 C:\xampp\htdocs\warhammer\vendor\codeigniter4\framework\system\CodeIgniter.php(404): CodeIgniter\CodeIgniter->runController(Object(App\Controllers\Chat))
#4 C:\xampp\htdocs\warhammer\vendor\codeigniter4\framework\system\CodeIgniter.php(312): CodeIgniter\CodeIgniter->handleRequest(NULL, Object(Config\Cache), false)
#5 C:\xampp\htdocs\warhammer\public\index.php(45): CodeIgniter\CodeIgniter->run()
#6 {main}
CRITICAL - 2020-10-19 18:44:50 --> Undefined variable: outputTbl
#0 C:\xampp\htdocs\warhammer\app\Models\ChatsModel.php(376): CodeIgniter\Debug\Exceptions->errorHandler(8, 'Undefined varia...', 'C:\\xampp\\htdocs...', 376, Array)
#1 C:\xampp\htdocs\warhammer\app\Controllers\Chat.php(335): App\Models\ChatsModel->getInvBG()
#2 C:\xampp\htdocs\warhammer\vendor\codeigniter4\framework\system\CodeIgniter.php(918): App\Controllers\Chat->inventory()
#3 C:\xampp\htdocs\warhammer\vendor\codeigniter4\framework\system\CodeIgniter.php(404): CodeIgniter\CodeIgniter->runController(Object(App\Controllers\Chat))
#4 C:\xampp\htdocs\warhammer\vendor\codeigniter4\framework\system\CodeIgniter.php(312): CodeIgniter\CodeIgniter->handleRequest(NULL, Object(Config\Cache), false)
#5 C:\xampp\htdocs\warhammer\public\index.php(45): CodeIgniter\CodeIgniter->run()
#6 {main}
CRITICAL - 2020-10-19 18:44:50 --> Undefined variable: outputTbl
#0 C:\xampp\htdocs\warhammer\app\Models\ChatsModel.php(376): CodeIgniter\Debug\Exceptions->errorHandler(8, 'Undefined varia...', 'C:\\xampp\\htdocs...', 376, Array)
#1 C:\xampp\htdocs\warhammer\app\Controllers\Chat.php(335): App\Models\ChatsModel->getInvBG()
#2 C:\xampp\htdocs\warhammer\vendor\codeigniter4\framework\system\CodeIgniter.php(918): App\Controllers\Chat->inventory()
#3 C:\xampp\htdocs\warhammer\vendor\codeigniter4\framework\system\CodeIgniter.php(404): CodeIgniter\CodeIgniter->runController(Object(App\Controllers\Chat))
#4 C:\xampp\htdocs\warhammer\vendor\codeigniter4\framework\system\CodeIgniter.php(312): CodeIgniter\CodeIgniter->handleRequest(NULL, Object(Config\Cache), false)
#5 C:\xampp\htdocs\warhammer\public\index.php(45): CodeIgniter\CodeIgniter->run()
#6 {main}
CRITICAL - 2020-10-19 18:44:50 --> Undefined variable: outputTbl
#0 C:\xampp\htdocs\warhammer\app\Models\ChatsModel.php(376): CodeIgniter\Debug\Exceptions->errorHandler(8, 'Undefined varia...', 'C:\\xampp\\htdocs...', 376, Array)
#1 C:\xampp\htdocs\warhammer\app\Controllers\Chat.php(335): App\Models\ChatsModel->getInvBG()
#2 C:\xampp\htdocs\warhammer\vendor\codeigniter4\framework\system\CodeIgniter.php(918): App\Controllers\Chat->inventory()
#3 C:\xampp\htdocs\warhammer\vendor\codeigniter4\framework\system\CodeIgniter.php(404): CodeIgniter\CodeIgniter->runController(Object(App\Controllers\Chat))
#4 C:\xampp\htdocs\warhammer\vendor\codeigniter4\framework\system\CodeIgniter.php(312): CodeIgniter\CodeIgniter->handleRequest(NULL, Object(Config\Cache), false)
#5 C:\xampp\htdocs\warhammer\public\index.php(45): CodeIgniter\CodeIgniter->run()
#6 {main}
CRITICAL - 2020-10-19 18:44:50 --> Undefined variable: outputTbl
#0 C:\xampp\htdocs\warhammer\app\Models\ChatsModel.php(376): CodeIgniter\Debug\Exceptions->errorHandler(8, 'Undefined varia...', 'C:\\xampp\\htdocs...', 376, Array)
#1 C:\xampp\htdocs\warhammer\app\Controllers\Chat.php(335): App\Models\ChatsModel->getInvBG()
#2 C:\xampp\htdocs\warhammer\vendor\codeigniter4\framework\system\CodeIgniter.php(918): App\Controllers\Chat->inventory()
#3 C:\xampp\htdocs\warhammer\vendor\codeigniter4\framework\system\CodeIgniter.php(404): CodeIgniter\CodeIgniter->runController(Object(App\Controllers\Chat))
#4 C:\xampp\htdocs\warhammer\vendor\codeigniter4\framework\system\CodeIgniter.php(312): CodeIgniter\CodeIgniter->handleRequest(NULL, Object(Config\Cache), false)
#5 C:\xampp\htdocs\warhammer\public\index.php(45): CodeIgniter\CodeIgniter->run()
#6 {main}
CRITICAL - 2020-10-19 18:44:55 --> Undefined variable: outputTbl
#0 C:\xampp\htdocs\warhammer\app\Models\ChatsModel.php(376): CodeIgniter\Debug\Exceptions->errorHandler(8, 'Undefined varia...', 'C:\\xampp\\htdocs...', 376, Array)
#1 C:\xampp\htdocs\warhammer\app\Controllers\Chat.php(335): App\Models\ChatsModel->getInvBG()
#2 C:\xampp\htdocs\warhammer\vendor\codeigniter4\framework\system\CodeIgniter.php(918): App\Controllers\Chat->inventory()
#3 C:\xampp\htdocs\warhammer\vendor\codeigniter4\framework\system\CodeIgniter.php(404): CodeIgniter\CodeIgniter->runController(Object(App\Controllers\Chat))
#4 C:\xampp\htdocs\warhammer\vendor\codeigniter4\framework\system\CodeIgniter.php(312): CodeIgniter\CodeIgniter->handleRequest(NULL, Object(Config\Cache), false)
#5 C:\xampp\htdocs\warhammer\public\index.php(45): CodeIgniter\CodeIgniter->run()
#6 {main}
CRITICAL - 2020-10-19 18:44:55 --> Undefined variable: outputTbl
#0 C:\xampp\htdocs\warhammer\app\Models\ChatsModel.php(376): CodeIgniter\Debug\Exceptions->errorHandler(8, 'Undefined varia...', 'C:\\xampp\\htdocs...', 376, Array)
#1 C:\xampp\htdocs\warhammer\app\Controllers\Chat.php(335): App\Models\ChatsModel->getInvBG()
#2 C:\xampp\htdocs\warhammer\vendor\codeigniter4\framework\system\CodeIgniter.php(918): App\Controllers\Chat->inventory()
#3 C:\xampp\htdocs\warhammer\vendor\codeigniter4\framework\system\CodeIgniter.php(404): CodeIgniter\CodeIgniter->runController(Object(App\Controllers\Chat))
#4 C:\xampp\htdocs\warhammer\vendor\codeigniter4\framework\system\CodeIgniter.php(312): CodeIgniter\CodeIgniter->handleRequest(NULL, Object(Config\Cache), false)
#5 C:\xampp\htdocs\warhammer\public\index.php(45): CodeIgniter\CodeIgniter->run()
#6 {main}
CRITICAL - 2020-10-19 18:44:55 --> Undefined variable: outputTbl
#0 C:\xampp\htdocs\warhammer\app\Models\ChatsModel.php(376): CodeIgniter\Debug\Exceptions->errorHandler(8, 'Undefined varia...', 'C:\\xampp\\htdocs...', 376, Array)
#1 C:\xampp\htdocs\warhammer\app\Controllers\Chat.php(335): App\Models\ChatsModel->getInvBG()
#2 C:\xampp\htdocs\warhammer\vendor\codeigniter4\framework\system\CodeIgniter.php(918): App\Controllers\Chat->inventory()
#3 C:\xampp\htdocs\warhammer\vendor\codeigniter4\framework\system\CodeIgniter.php(404): CodeIgniter\CodeIgniter->runController(Object(App\Controllers\Chat))
#4 C:\xampp\htdocs\warhammer\vendor\codeigniter4\framework\system\CodeIgniter.php(312): CodeIgniter\CodeIgniter->handleRequest(NULL, Object(Config\Cache), false)
#5 C:\xampp\htdocs\warhammer\public\index.php(45): CodeIgniter\CodeIgniter->run()
#6 {main}
CRITICAL - 2020-10-19 18:44:55 --> Undefined variable: outputTbl
#0 C:\xampp\htdocs\warhammer\app\Models\ChatsModel.php(376): CodeIgniter\Debug\Exceptions->errorHandler(8, 'Undefined varia...', 'C:\\xampp\\htdocs...', 376, Array)
#1 C:\xampp\htdocs\warhammer\app\Controllers\Chat.php(335): App\Models\ChatsModel->getInvBG()
#2 C:\xampp\htdocs\warhammer\vendor\codeigniter4\framework\system\CodeIgniter.php(918): App\Controllers\Chat->inventory()
#3 C:\xampp\htdocs\warhammer\vendor\codeigniter4\framework\system\CodeIgniter.php(404): CodeIgniter\CodeIgniter->runController(Object(App\Controllers\Chat))
#4 C:\xampp\htdocs\warhammer\vendor\codeigniter4\framework\system\CodeIgniter.php(312): CodeIgniter\CodeIgniter->handleRequest(NULL, Object(Config\Cache), false)
#5 C:\xampp\htdocs\warhammer\public\index.php(45): CodeIgniter\CodeIgniter->run()
#6 {main}
CRITICAL - 2020-10-19 18:44:55 --> Undefined variable: outputTbl
#0 C:\xampp\htdocs\warhammer\app\Models\ChatsModel.php(376): CodeIgniter\Debug\Exceptions->errorHandler(8, 'Undefined varia...', 'C:\\xampp\\htdocs...', 376, Array)
#1 C:\xampp\htdocs\warhammer\app\Controllers\Chat.php(335): App\Models\ChatsModel->getInvBG()
#2 C:\xampp\htdocs\warhammer\vendor\codeigniter4\framework\system\CodeIgniter.php(918): App\Controllers\Chat->inventory()
#3 C:\xampp\htdocs\warhammer\vendor\codeigniter4\framework\system\CodeIgniter.php(404): CodeIgniter\CodeIgniter->runController(Object(App\Controllers\Chat))
#4 C:\xampp\htdocs\warhammer\vendor\codeigniter4\framework\system\CodeIgniter.php(312): CodeIgniter\CodeIgniter->handleRequest(NULL, Object(Config\Cache), false)
#5 C:\xampp\htdocs\warhammer\public\index.php(45): CodeIgniter\CodeIgniter->run()
#6 {main}
CRITICAL - 2020-10-19 18:44:55 --> Undefined variable: outputTbl
#0 C:\xampp\htdocs\warhammer\app\Models\ChatsModel.php(376): CodeIgniter\Debug\Exceptions->errorHandler(8, 'Undefined varia...', 'C:\\xampp\\htdocs...', 376, Array)
#1 C:\xampp\htdocs\warhammer\app\Controllers\Chat.php(335): App\Models\ChatsModel->getInvBG()
#2 C:\xampp\htdocs\warhammer\vendor\codeigniter4\framework\system\CodeIgniter.php(918): App\Controllers\Chat->inventory()
#3 C:\xampp\htdocs\warhammer\vendor\codeigniter4\framework\system\CodeIgniter.php(404): CodeIgniter\CodeIgniter->runController(Object(App\Controllers\Chat))
#4 C:\xampp\htdocs\warhammer\vendor\codeigniter4\framework\system\CodeIgniter.php(312): CodeIgniter\CodeIgniter->handleRequest(NULL, Object(Config\Cache), false)
#5 C:\xampp\htdocs\warhammer\public\index.php(45): CodeIgniter\CodeIgniter->run()
#6 {main}
CRITICAL - 2020-10-19 18:44:55 --> Undefined variable: outputTbl
#0 C:\xampp\htdocs\warhammer\app\Models\ChatsModel.php(376): CodeIgniter\Debug\Exceptions->errorHandler(8, 'Undefined varia...', 'C:\\xampp\\htdocs...', 376, Array)
#1 C:\xampp\htdocs\warhammer\app\Controllers\Chat.php(335): App\Models\ChatsModel->getInvBG()
#2 C:\xampp\htdocs\warhammer\vendor\codeigniter4\framework\system\CodeIgniter.php(918): App\Controllers\Chat->inventory()
#3 C:\xampp\htdocs\warhammer\vendor\codeigniter4\framework\system\CodeIgniter.php(404): CodeIgniter\CodeIgniter->runController(Object(App\Controllers\Chat))
#4 C:\xampp\htdocs\warhammer\vendor\codeigniter4\framework\system\CodeIgniter.php(312): CodeIgniter\CodeIgniter->handleRequest(NULL, Object(Config\Cache), false)
#5 C:\xampp\htdocs\warhammer\public\index.php(45): CodeIgniter\CodeIgniter->run()
#6 {main}
CRITICAL - 2020-10-19 18:44:55 --> Undefined variable: outputTbl
#0 C:\xampp\htdocs\warhammer\app\Models\ChatsModel.php(376): CodeIgniter\Debug\Exceptions->errorHandler(8, 'Undefined varia...', 'C:\\xampp\\htdocs...', 376, Array)
#1 C:\xampp\htdocs\warhammer\app\Controllers\Chat.php(335): App\Models\ChatsModel->getInvBG()
#2 C:\xampp\htdocs\warhammer\vendor\codeigniter4\framework\system\CodeIgniter.php(918): App\Controllers\Chat->inventory()
#3 C:\xampp\htdocs\warhammer\vendor\codeigniter4\framework\system\CodeIgniter.php(404): CodeIgniter\CodeIgniter->runController(Object(App\Controllers\Chat))
#4 C:\xampp\htdocs\warhammer\vendor\codeigniter4\framework\system\CodeIgniter.php(312): CodeIgniter\CodeIgniter->handleRequest(NULL, Object(Config\Cache), false)
#5 C:\xampp\htdocs\warhammer\public\index.php(45): CodeIgniter\CodeIgniter->run()
#6 {main}
CRITICAL - 2020-10-19 18:44:55 --> Undefined variable: outputTbl
#0 C:\xampp\htdocs\warhammer\app\Models\ChatsModel.php(376): CodeIgniter\Debug\Exceptions->errorHandler(8, 'Undefined varia...', 'C:\\xampp\\htdocs...', 376, Array)
#1 C:\xampp\htdocs\warhammer\app\Controllers\Chat.php(335): App\Models\ChatsModel->getInvBG()
#2 C:\xampp\htdocs\warhammer\vendor\codeigniter4\framework\system\CodeIgniter.php(918): App\Controllers\Chat->inventory()
#3 C:\xampp\htdocs\warhammer\vendor\codeigniter4\framework\system\CodeIgniter.php(404): CodeIgniter\CodeIgniter->runController(Object(App\Controllers\Chat))
#4 C:\xampp\htdocs\warhammer\vendor\codeigniter4\framework\system\CodeIgniter.php(312): CodeIgniter\CodeIgniter->handleRequest(NULL, Object(Config\Cache), false)
#5 C:\xampp\htdocs\warhammer\public\index.php(45): CodeIgniter\CodeIgniter->run()
#6 {main}
CRITICAL - 2020-10-19 18:44:55 --> Undefined variable: outputTbl
#0 C:\xampp\htdocs\warhammer\app\Models\ChatsModel.php(376): CodeIgniter\Debug\Exceptions->errorHandler(8, 'Undefined varia...', 'C:\\xampp\\htdocs...', 376, Array)
#1 C:\xampp\htdocs\warhammer\app\Controllers\Chat.php(335): App\Models\ChatsModel->getInvBG()
#2 C:\xampp\htdocs\warhammer\vendor\codeigniter4\framework\system\CodeIgniter.php(918): App\Controllers\Chat->inventory()
#3 C:\xampp\htdocs\warhammer\vendor\codeigniter4\framework\system\CodeIgniter.php(404): CodeIgniter\CodeIgniter->runController(Object(App\Controllers\Chat))
#4 C:\xampp\htdocs\warhammer\vendor\codeigniter4\framework\system\CodeIgniter.php(312): CodeIgniter\CodeIgniter->handleRequest(NULL, Object(Config\Cache), false)
#5 C:\xampp\htdocs\warhammer\public\index.php(45): CodeIgniter\CodeIgniter->run()
#6 {main}
CRITICAL - 2020-10-19 18:44:55 --> Undefined variable: outputTbl
#0 C:\xampp\htdocs\warhammer\app\Models\ChatsModel.php(376): CodeIgniter\Debug\Exceptions->errorHandler(8, 'Undefined varia...', 'C:\\xampp\\htdocs...', 376, Array)
#1 C:\xampp\htdocs\warhammer\app\Controllers\Chat.php(335): App\Models\ChatsModel->getInvBG()
#2 C:\xampp\htdocs\warhammer\vendor\codeigniter4\framework\system\CodeIgniter.php(918): App\Controllers\Chat->inventory()
#3 C:\xampp\htdocs\warhammer\vendor\codeigniter4\framework\system\CodeIgniter.php(404): CodeIgniter\CodeIgniter->runController(Object(App\Controllers\Chat))
#4 C:\xampp\htdocs\warhammer\vendor\codeigniter4\framework\system\CodeIgniter.php(312): CodeIgniter\CodeIgniter->handleRequest(NULL, Object(Config\Cache), false)
#5 C:\xampp\htdocs\warhammer\public\index.php(45): CodeIgniter\CodeIgniter->run()
#6 {main}
CRITICAL - 2020-10-19 18:44:55 --> Undefined variable: outputTbl
#0 C:\xampp\htdocs\warhammer\app\Models\ChatsModel.php(376): CodeIgniter\Debug\Exceptions->errorHandler(8, 'Undefined varia...', 'C:\\xampp\\htdocs...', 376, Array)
#1 C:\xampp\htdocs\warhammer\app\Controllers\Chat.php(335): App\Models\ChatsModel->getInvBG()
#2 C:\xampp\htdocs\warhammer\vendor\codeigniter4\framework\system\CodeIgniter.php(918): App\Controllers\Chat->inventory()
#3 C:\xampp\htdocs\warhammer\vendor\codeigniter4\framework\system\CodeIgniter.php(404): CodeIgniter\CodeIgniter->runController(Object(App\Controllers\Chat))
#4 C:\xampp\htdocs\warhammer\vendor\codeigniter4\framework\system\CodeIgniter.php(312): CodeIgniter\CodeIgniter->handleRequest(NULL, Object(Config\Cache), false)
#5 C:\xampp\htdocs\warhammer\public\index.php(45): CodeIgniter\CodeIgniter->run()
#6 {main}
CRITICAL - 2020-10-19 22:03:07 --> Undefined variable: outputTbl
#0 C:\xampp\htdocs\warhammer\app\Models\ChatsModel.php(376): CodeIgniter\Debug\Exceptions->errorHandler(8, 'Undefined varia...', 'C:\\xampp\\htdocs...', 376, Array)
#1 C:\xampp\htdocs\warhammer\app\Controllers\Chat.php(335): App\Models\ChatsModel->getInvBG()
#2 C:\xampp\htdocs\warhammer\vendor\codeigniter4\framework\system\CodeIgniter.php(918): App\Controllers\Chat->inventory()
#3 C:\xampp\htdocs\warhammer\vendor\codeigniter4\framework\system\CodeIgniter.php(404): CodeIgniter\CodeIgniter->runController(Object(App\Controllers\Chat))
#4 C:\xampp\htdocs\warhammer\vendor\codeigniter4\framework\system\CodeIgniter.php(312): CodeIgniter\CodeIgniter->handleRequest(NULL, Object(Config\Cache), false)
#5 C:\xampp\htdocs\warhammer\public\index.php(45): CodeIgniter\CodeIgniter->run()
#6 {main}
CRITICAL - 2020-10-19 22:03:07 --> Undefined variable: outputTbl
#0 C:\xampp\htdocs\warhammer\app\Models\ChatsModel.php(376): CodeIgniter\Debug\Exceptions->errorHandler(8, 'Undefined varia...', 'C:\\xampp\\htdocs...', 376, Array)
#1 C:\xampp\htdocs\warhammer\app\Controllers\Chat.php(335): App\Models\ChatsModel->getInvBG()
#2 C:\xampp\htdocs\warhammer\vendor\codeigniter4\framework\system\CodeIgniter.php(918): App\Controllers\Chat->inventory()
#3 C:\xampp\htdocs\warhammer\vendor\codeigniter4\framework\system\CodeIgniter.php(404): CodeIgniter\CodeIgniter->runController(Object(App\Controllers\Chat))
#4 C:\xampp\htdocs\warhammer\vendor\codeigniter4\framework\system\CodeIgniter.php(312): CodeIgniter\CodeIgniter->handleRequest(NULL, Object(Config\Cache), false)
#5 C:\xampp\htdocs\warhammer\public\index.php(45): CodeIgniter\CodeIgniter->run()
#6 {main}
CRITICAL - 2020-10-19 22:03:07 --> Undefined variable: outputTbl
#0 C:\xampp\htdocs\warhammer\app\Models\ChatsModel.php(376): CodeIgniter\Debug\Exceptions->errorHandler(8, 'Undefined varia...', 'C:\\xampp\\htdocs...', 376, Array)
#1 C:\xampp\htdocs\warhammer\app\Controllers\Chat.php(335): App\Models\ChatsModel->getInvBG()
#2 C:\xampp\htdocs\warhammer\vendor\codeigniter4\framework\system\CodeIgniter.php(918): App\Controllers\Chat->inventory()
#3 C:\xampp\htdocs\warhammer\vendor\codeigniter4\framework\system\CodeIgniter.php(404): CodeIgniter\CodeIgniter->runController(Object(App\Controllers\Chat))
#4 C:\xampp\htdocs\warhammer\vendor\codeigniter4\framework\system\CodeIgniter.php(312): CodeIgniter\CodeIgniter->handleRequest(NULL, Object(Config\Cache), false)
#5 C:\xampp\htdocs\warhammer\public\index.php(45): CodeIgniter\CodeIgniter->run()
#6 {main}
CRITICAL - 2020-10-19 22:03:07 --> Undefined variable: outputTbl
#0 C:\xampp\htdocs\warhammer\app\Models\ChatsModel.php(376): CodeIgniter\Debug\Exceptions->errorHandler(8, 'Undefined varia...', 'C:\\xampp\\htdocs...', 376, Array)
#1 C:\xampp\htdocs\warhammer\app\Controllers\Chat.php(335): App\Models\ChatsModel->getInvBG()
#2 C:\xampp\htdocs\warhammer\vendor\codeigniter4\framework\system\CodeIgniter.php(918): App\Controllers\Chat->inventory()
#3 C:\xampp\htdocs\warhammer\vendor\codeigniter4\framework\system\CodeIgniter.php(404): CodeIgniter\CodeIgniter->runController(Object(App\Controllers\Chat))
#4 C:\xampp\htdocs\warhammer\vendor\codeigniter4\framework\system\CodeIgniter.php(312): CodeIgniter\CodeIgniter->handleRequest(NULL, Object(Config\Cache), false)
#5 C:\xampp\htdocs\warhammer\public\index.php(45): CodeIgniter\CodeIgniter->run()
#6 {main}
CRITICAL - 2020-10-19 22:03:07 --> Undefined variable: outputTbl
#0 C:\xampp\htdocs\warhammer\app\Models\ChatsModel.php(376): CodeIgniter\Debug\Exceptions->errorHandler(8, 'Undefined varia...', 'C:\\xampp\\htdocs...', 376, Array)
#1 C:\xampp\htdocs\warhammer\app\Controllers\Chat.php(335): App\Models\ChatsModel->getInvBG()
#2 C:\xampp\htdocs\warhammer\vendor\codeigniter4\framework\system\CodeIgniter.php(918): App\Controllers\Chat->inventory()
#3 C:\xampp\htdocs\warhammer\vendor\codeigniter4\framework\system\CodeIgniter.php(404): CodeIgniter\CodeIgniter->runController(Object(App\Controllers\Chat))
#4 C:\xampp\htdocs\warhammer\vendor\codeigniter4\framework\system\CodeIgniter.php(312): CodeIgniter\CodeIgniter->handleRequest(NULL, Object(Config\Cache), false)
#5 C:\xampp\htdocs\warhammer\public\index.php(45): CodeIgniter\CodeIgniter->run()
#6 {main}
CRITICAL - 2020-10-19 22:03:07 --> Undefined variable: outputTbl
#0 C:\xampp\htdocs\warhammer\app\Models\ChatsModel.php(376): CodeIgniter\Debug\Exceptions->errorHandler(8, 'Undefined varia...', 'C:\\xampp\\htdocs...', 376, Array)
#1 C:\xampp\htdocs\warhammer\app\Controllers\Chat.php(335): App\Models\ChatsModel->getInvBG()
#2 C:\xampp\htdocs\warhammer\vendor\codeigniter4\framework\system\CodeIgniter.php(918): App\Controllers\Chat->inventory()
#3 C:\xampp\htdocs\warhammer\vendor\codeigniter4\framework\system\CodeIgniter.php(404): CodeIgniter\CodeIgniter->runController(Object(App\Controllers\Chat))
#4 C:\xampp\htdocs\warhammer\vendor\codeigniter4\framework\system\CodeIgniter.php(312): CodeIgniter\CodeIgniter->handleRequest(NULL, Object(Config\Cache), false)
#5 C:\xampp\htdocs\warhammer\public\index.php(45): CodeIgniter\CodeIgniter->run()
#6 {main}
